Vivado Simulator v2022.2
Copyright 1986-1999, 2001-2022 Xilinx, Inc. All Rights Reserved.
Running: /tools/Xilinx/Vivado/2022.2/bin/unwrapped/lnx64.o/xelab xil_defaultlib.apatb_multiplier_top glbl -Oenable_linking_all_libraries -prj multiplier.prj -L smartconnect_v1_0 -L axi_protocol_checker_v1_1_12 -L axi_protocol_checker_v1_1_13 -L axis_protocol_checker_v1_1_11 -L axis_protocol_checker_v1_1_12 -L xil_defaultlib -L unisims_ver -L xpm -L floating_point_v7_0_20 -L floating_point_v7_1_15 --lib ieee_proposed=./ieee_proposed -s multiplier 
Multi-threading is on. Using 2 slave threads.
WARNING: [XSIM 43-3431] One or more environment variables have been detected which affect the operation of the C compiler. These are typically not set in standard installations and are not tested by Xilinx, however they may be appropriate for your system, so the flow will attempt to continue.  If errors occur, try running xelab with the "-mt off -v 1" switches to see more information from the C compiler. The following environment variables have been detected:
INFO: [VRFC 10-2263] Analyzing SystemVerilog file "/home/blackbox/Desktop/Systolic-Matrix-Multiplier/solution/sim/verilog/glbl.v" into library work
INFO: [VRFC 10-311] analyzing module glbl
INFO: [VRFC 10-2263] Analyzing SystemVerilog file "/home/blackbox/Desktop/Systolic-Matrix-Multiplier/solution/sim/verilog/multiplier.autotb.v" into library xil_defaultlib
INFO: [VRFC 10-311] analyzing module apatb_multiplier_top
INFO: [VRFC 10-2263] Analyzing SystemVerilog file "/home/blackbox/Desktop/Systolic-Matrix-Multiplier/solution/sim/verilog/multiplier_multiplier_Pipeline_1.v" into library xil_defaultlib
INFO: [VRFC 10-311] analyzing module multiplier_multiplier_Pipeline_1
INFO: [VRFC 10-2263] Analyzing SystemVerilog file "/home/blackbox/Desktop/Systolic-Matrix-Multiplier/solution/sim/verilog/multiplier_localB_RAM_AUTO_1R1W.v" into library xil_defaultlib
INFO: [VRFC 10-311] analyzing module multiplier_localB_RAM_AUTO_1R1W
INFO: [VRFC 10-2263] Analyzing SystemVerilog file "/home/blackbox/Desktop/Systolic-Matrix-Multiplier/solution/sim/verilog/multiplier_mux_83_32_1_1.v" into library xil_defaultlib
INFO: [VRFC 10-311] analyzing module multiplier_mux_83_32_1_1
INFO: [VRFC 10-2263] Analyzing SystemVerilog file "/home/blackbox/Desktop/Systolic-Matrix-Multiplier/solution/sim/verilog/multiplier_multiplier_Pipeline_VITIS_LOOP_142_3.v" into library xil_defaultlib
INFO: [VRFC 10-311] analyzing module multiplier_multiplier_Pipeline_VITIS_LOOP_142_3
INFO: [VRFC 10-2263] Analyzing SystemVerilog file "/home/blackbox/Desktop/Systolic-Matrix-Multiplier/solution/sim/verilog/multiplier_multiplier_Pipeline_2.v" into library xil_defaultlib
INFO: [VRFC 10-311] analyzing module multiplier_multiplier_Pipeline_2
INFO: [VRFC 10-2263] Analyzing SystemVerilog file "/home/blackbox/Desktop/Systolic-Matrix-Multiplier/solution/sim/verilog/multiplier_multiplier_Pipeline_5.v" into library xil_defaultlib
INFO: [VRFC 10-311] analyzing module multiplier_multiplier_Pipeline_5
INFO: [VRFC 10-2263] Analyzing SystemVerilog file "/home/blackbox/Desktop/Systolic-Matrix-Multiplier/solution/sim/verilog/multiplier_localA_RAM_AUTO_1R1W.v" into library xil_defaultlib
INFO: [VRFC 10-311] analyzing module multiplier_localA_RAM_AUTO_1R1W
INFO: [VRFC 10-2263] Analyzing SystemVerilog file "/home/blackbox/Desktop/Systolic-Matrix-Multiplier/solution/sim/verilog/AESL_axi_master_gmem2.v" into library xil_defaultlib
INFO: [VRFC 10-311] analyzing module AESL_axi_master_gmem2
INFO: [VRFC 10-2263] Analyzing SystemVerilog file "/home/blackbox/Desktop/Systolic-Matrix-Multiplier/solution/sim/verilog/multiplier_gmem2_m_axi.v" into library xil_defaultlib
INFO: [VRFC 10-311] analyzing module multiplier_gmem2_m_axi
INFO: [VRFC 10-311] analyzing module multiplier_gmem2_m_axi_load
INFO: [VRFC 10-311] analyzing module multiplier_gmem2_m_axi_store
INFO: [VRFC 10-311] analyzing module multiplier_gmem2_m_axi_read
INFO: [VRFC 10-311] analyzing module multiplier_gmem2_m_axi_write
INFO: [VRFC 10-311] analyzing module multiplier_gmem2_m_axi_throttle
INFO: [VRFC 10-311] analyzing module multiplier_gmem2_m_axi_reg_slice
INFO: [VRFC 10-311] analyzing module multiplier_gmem2_m_axi_fifo
INFO: [VRFC 10-311] analyzing module multiplier_gmem2_m_axi_srl
INFO: [VRFC 10-311] analyzing module multiplier_gmem2_m_axi_mem
INFO: [VRFC 10-2263] Analyzing SystemVerilog file "/home/blackbox/Desktop/Systolic-Matrix-Multiplier/solution/sim/verilog/multiplier_multiplier_Pipeline_VITIS_LOOP_31_1.v" into library xil_defaultlib
INFO: [VRFC 10-311] analyzing module multiplier_multiplier_Pipeline_VITIS_LOOP_31_1
INFO: [VRFC 10-2263] Analyzing SystemVerilog file "/home/blackbox/Desktop/Systolic-Matrix-Multiplier/solution/sim/verilog/AESL_axi_master_gmem3.v" into library xil_defaultlib
INFO: [VRFC 10-311] analyzing module AESL_axi_master_gmem3
INFO: [VRFC 10-2263] Analyzing SystemVerilog file "/home/blackbox/Desktop/Systolic-Matrix-Multiplier/solution/sim/verilog/multiplier_flow_control_loop_pipe_sequential_init.v" into library xil_defaultlib
INFO: [VRFC 10-311] analyzing module multiplier_flow_control_loop_pipe_sequential_init
INFO: [VRFC 10-2263] Analyzing SystemVerilog file "/home/blackbox/Desktop/Systolic-Matrix-Multiplier/solution/sim/verilog/multiplier_gmem1_m_axi.v" into library xil_defaultlib
INFO: [VRFC 10-311] analyzing module multiplier_gmem1_m_axi
INFO: [VRFC 10-311] analyzing module multiplier_gmem1_m_axi_load
INFO: [VRFC 10-311] analyzing module multiplier_gmem1_m_axi_store
INFO: [VRFC 10-311] analyzing module multiplier_gmem1_m_axi_read
INFO: [VRFC 10-311] analyzing module multiplier_gmem1_m_axi_write
INFO: [VRFC 10-311] analyzing module multiplier_gmem1_m_axi_throttle
INFO: [VRFC 10-311] analyzing module multiplier_gmem1_m_axi_reg_slice
INFO: [VRFC 10-311] analyzing module multiplier_gmem1_m_axi_fifo
INFO: [VRFC 10-311] analyzing module multiplier_gmem1_m_axi_srl
INFO: [VRFC 10-311] analyzing module multiplier_gmem1_m_axi_mem
INFO: [VRFC 10-2263] Analyzing SystemVerilog file "/home/blackbox/Desktop/Systolic-Matrix-Multiplier/solution/sim/verilog/multiplier_multiplier_Pipeline_systolic1.v" into library xil_defaultlib
INFO: [VRFC 10-311] analyzing module multiplier_multiplier_Pipeline_systolic1
INFO: [VRFC 10-2263] Analyzing SystemVerilog file "/home/blackbox/Desktop/Systolic-Matrix-Multiplier/solution/sim/verilog/AESL_axi_master_gmem1.v" into library xil_defaultlib
INFO: [VRFC 10-311] analyzing module AESL_axi_master_gmem1
INFO: [VRFC 10-2263] Analyzing SystemVerilog file "/home/blackbox/Desktop/Systolic-Matrix-Multiplier/solution/sim/verilog/multiplier_multiplier_Pipeline_6.v" into library xil_defaultlib
INFO: [VRFC 10-311] analyzing module multiplier_multiplier_Pipeline_6
INFO: [VRFC 10-2263] Analyzing SystemVerilog file "/home/blackbox/Desktop/Systolic-Matrix-Multiplier/solution/sim/verilog/multiplier_control_s_axi.v" into library xil_defaultlib
INFO: [VRFC 10-311] analyzing module multiplier_control_s_axi
INFO: [VRFC 10-2263] Analyzing SystemVerilog file "/home/blackbox/Desktop/Systolic-Matrix-Multiplier/solution/sim/verilog/multiplier_gmem3_m_axi.v" into library xil_defaultlib
INFO: [VRFC 10-311] analyzing module multiplier_gmem3_m_axi
INFO: [VRFC 10-311] analyzing module multiplier_gmem3_m_axi_load
INFO: [VRFC 10-311] analyzing module multiplier_gmem3_m_axi_store
INFO: [VRFC 10-311] analyzing module multiplier_gmem3_m_axi_read
INFO: [VRFC 10-311] analyzing module multiplier_gmem3_m_axi_write
INFO: [VRFC 10-311] analyzing module multiplier_gmem3_m_axi_throttle
INFO: [VRFC 10-311] analyzing module multiplier_gmem3_m_axi_reg_slice
INFO: [VRFC 10-311] analyzing module multiplier_gmem3_m_axi_fifo
INFO: [VRFC 10-311] analyzing module multiplier_gmem3_m_axi_srl
INFO: [VRFC 10-311] analyzing module multiplier_gmem3_m_axi_mem
INFO: [VRFC 10-2263] Analyzing SystemVerilog file "/home/blackbox/Desktop/Systolic-Matrix-Multiplier/solution/sim/verilog/AESL_axi_slave_control.v" into library xil_defaultlib
INFO: [VRFC 10-311] analyzing module AESL_axi_slave_control
INFO: [VRFC 10-2263] Analyzing SystemVerilog file "/home/blackbox/Desktop/Systolic-Matrix-Multiplier/solution/sim/verilog/multiplier_mul_32s_32s_32_1_1.v" into library xil_defaultlib
INFO: [VRFC 10-311] analyzing module multiplier_mul_32s_32s_32_1_1
INFO: [VRFC 10-2263] Analyzing SystemVerilog file "/home/blackbox/Desktop/Systolic-Matrix-Multiplier/solution/sim/verilog/multiplier_multiplier_Pipeline_4.v" into library xil_defaultlib
INFO: [VRFC 10-311] analyzing module multiplier_multiplier_Pipeline_4
INFO: [VRFC 10-2263] Analyzing SystemVerilog file "/home/blackbox/Desktop/Systolic-Matrix-Multiplier/solution/sim/verilog/multiplier.v" into library xil_defaultlib
INFO: [VRFC 10-311] analyzing module multiplier
INFO: [VRFC 10-2263] Analyzing SystemVerilog file "/home/blackbox/Desktop/Systolic-Matrix-Multiplier/solution/sim/verilog/dataflow_monitor.sv" into library xil_defaultlib
INFO: [VRFC 10-311] analyzing module dataflow_monitor
Starting static elaboration
Pass Through NonSizing Optimizer
Completed static elaboration
Starting simulation data flow analysis
Completed simulation data flow analysis
Time Resolution for simulation is 1ps
Compiling package xil_defaultlib.$unit_dataflow_monitor_sv
Compiling module xil_defaultlib.multiplier_localA_RAM_AUTO_1R1W
Compiling module xil_defaultlib.multiplier_localB_RAM_AUTO_1R1W
Compiling module xil_defaultlib.multiplier_flow_control_loop_pip...
Compiling module xil_defaultlib.multiplier_multiplier_Pipeline_1
Compiling module xil_defaultlib.multiplier_multiplier_Pipeline_2
Compiling module xil_defaultlib.multiplier_multiplier_Pipeline_4
Compiling module xil_defaultlib.multiplier_multiplier_Pipeline_5
Compiling module xil_defaultlib.multiplier_multiplier_Pipeline_6
Compiling module xil_defaultlib.multiplier_multiplier_Pipeline_V...
Compiling module xil_defaultlib.multiplier_mul_32s_32s_32_1_1(NU...
Compiling module xil_defaultlib.multiplier_multiplier_Pipeline_s...
Compiling module xil_defaultlib.multiplier_mux_83_32_1_1(ID=1,di...
Compiling module xil_defaultlib.multiplier_multiplier_Pipeline_V...
Compiling module xil_defaultlib.multiplier_control_s_axi
Compiling module xil_defaultlib.multiplier_gmem1_m_axi_srl(DATA_...
Compiling module xil_defaultlib.multiplier_gmem1_m_axi_fifo(DATA...
Compiling module xil_defaultlib.multiplier_gmem1_m_axi_mem(MEM_S...
Compiling module xil_defaultlib.multiplier_gmem1_m_axi_fifo(MEM_...
Compiling module xil_defaultlib.multiplier_gmem1_m_axi_srl(DATA_...
Compiling module xil_defaultlib.multiplier_gmem1_m_axi_fifo(DATA...
Compiling module xil_defaultlib.multiplier_gmem1_m_axi_srl(DATA_...
Compiling module xil_defaultlib.multiplier_gmem1_m_axi_fifo(DATA...
Compiling module xil_defaultlib.multiplier_gmem1_m_axi_store(NUM...
Compiling module xil_defaultlib.multiplier_gmem1_m_axi_mem(MEM_S...
Compiling module xil_defaultlib.multiplier_gmem1_m_axi_fifo(MEM_...
Compiling module xil_defaultlib.multiplier_gmem1_m_axi_load(NUM_...
Compiling module xil_defaultlib.multiplier_gmem1_m_axi_reg_slice...
Compiling module xil_defaultlib.multiplier_gmem1_m_axi_srl(DATA_...
Compiling module xil_defaultlib.multiplier_gmem1_m_axi_fifo(DATA...
Compiling module xil_defaultlib.multiplier_gmem1_m_axi_reg_slice...
Compiling module xil_defaultlib.multiplier_gmem1_m_axi_srl(DATA_...
Compiling module xil_defaultlib.multiplier_gmem1_m_axi_fifo(DATA...
Compiling module xil_defaultlib.multiplier_gmem1_m_axi_srl(DATA_...
Compiling module xil_defaultlib.multiplier_gmem1_m_axi_fifo(DATA...
Compiling module xil_defaultlib.multiplier_gmem1_m_axi_throttle(...
Compiling module xil_defaultlib.multiplier_gmem1_m_axi_reg_slice...
Compiling module xil_defaultlib.multiplier_gmem1_m_axi_write(CON...
Compiling module xil_defaultlib.multiplier_gmem1_m_axi_reg_slice...
Compiling module xil_defaultlib.multiplier_gmem1_m_axi_read(C_US...
Compiling module xil_defaultlib.multiplier_gmem1_m_axi(CONSERVAT...
Compiling module xil_defaultlib.multiplier_gmem2_m_axi_srl(DATA_...
Compiling module xil_defaultlib.multiplier_gmem2_m_axi_fifo(DATA...
Compiling module xil_defaultlib.multiplier_gmem2_m_axi_mem(MEM_S...
Compiling module xil_defaultlib.multiplier_gmem2_m_axi_fifo(MEM_...
Compiling module xil_defaultlib.multiplier_gmem2_m_axi_srl(DATA_...
Compiling module xil_defaultlib.multiplier_gmem2_m_axi_fifo(DATA...
Compiling module xil_defaultlib.multiplier_gmem2_m_axi_srl(DATA_...
Compiling module xil_defaultlib.multiplier_gmem2_m_axi_fifo(DATA...
Compiling module xil_defaultlib.multiplier_gmem2_m_axi_store(NUM...
Compiling module xil_defaultlib.multiplier_gmem2_m_axi_mem(MEM_S...
Compiling module xil_defaultlib.multiplier_gmem2_m_axi_fifo(MEM_...
Compiling module xil_defaultlib.multiplier_gmem2_m_axi_load(NUM_...
Compiling module xil_defaultlib.multiplier_gmem2_m_axi_reg_slice...
Compiling module xil_defaultlib.multiplier_gmem2_m_axi_srl(DATA_...
Compiling module xil_defaultlib.multiplier_gmem2_m_axi_fifo(DATA...
Compiling module xil_defaultlib.multiplier_gmem2_m_axi_reg_slice...
Compiling module xil_defaultlib.multiplier_gmem2_m_axi_srl(DATA_...
Compiling module xil_defaultlib.multiplier_gmem2_m_axi_fifo(DATA...
Compiling module xil_defaultlib.multiplier_gmem2_m_axi_srl(DATA_...
Compiling module xil_defaultlib.multiplier_gmem2_m_axi_fifo(DATA...
Compiling module xil_defaultlib.multiplier_gmem2_m_axi_throttle(...
Compiling module xil_defaultlib.multiplier_gmem2_m_axi_reg_slice...
Compiling module xil_defaultlib.multiplier_gmem2_m_axi_write(CON...
Compiling module xil_defaultlib.multiplier_gmem2_m_axi_reg_slice...
Compiling module xil_defaultlib.multiplier_gmem2_m_axi_read(C_US...
Compiling module xil_defaultlib.multiplier_gmem2_m_axi(CONSERVAT...
Compiling module xil_defaultlib.multiplier_gmem3_m_axi_srl(DATA_...
Compiling module xil_defaultlib.multiplier_gmem3_m_axi_fifo(DATA...
Compiling module xil_defaultlib.multiplier_gmem3_m_axi_mem(MEM_S...
Compiling module xil_defaultlib.multiplier_gmem3_m_axi_fifo(MEM_...
Compiling module xil_defaultlib.multiplier_gmem3_m_axi_srl(DATA_...
Compiling module xil_defaultlib.multiplier_gmem3_m_axi_fifo(DATA...
Compiling module xil_defaultlib.multiplier_gmem3_m_axi_srl(DATA_...
Compiling module xil_defaultlib.multiplier_gmem3_m_axi_fifo(DATA...
Compiling module xil_defaultlib.multiplier_gmem3_m_axi_store(NUM...
Compiling module xil_defaultlib.multiplier_gmem3_m_axi_mem(MEM_S...
Compiling module xil_defaultlib.multiplier_gmem3_m_axi_fifo(MEM_...
Compiling module xil_defaultlib.multiplier_gmem3_m_axi_load(NUM_...
Compiling module xil_defaultlib.multiplier_gmem3_m_axi_reg_slice...
Compiling module xil_defaultlib.multiplier_gmem3_m_axi_srl(DATA_...
Compiling module xil_defaultlib.multiplier_gmem3_m_axi_fifo(DATA...
Compiling module xil_defaultlib.multiplier_gmem3_m_axi_reg_slice...
Compiling module xil_defaultlib.multiplier_gmem3_m_axi_srl(DATA_...
Compiling module xil_defaultlib.multiplier_gmem3_m_axi_fifo(DATA...
Compiling module xil_defaultlib.multiplier_gmem3_m_axi_srl(DATA_...
Compiling module xil_defaultlib.multiplier_gmem3_m_axi_fifo(DATA...
Compiling module xil_defaultlib.multiplier_gmem3_m_axi_throttle(...
Compiling module xil_defaultlib.multiplier_gmem3_m_axi_reg_slice...
Compiling module xil_defaultlib.multiplier_gmem3_m_axi_write(CON...
Compiling module xil_defaultlib.multiplier_gmem3_m_axi_reg_slice...
Compiling module xil_defaultlib.multiplier_gmem3_m_axi_read(C_US...
Compiling module xil_defaultlib.multiplier_gmem3_m_axi(CONSERVAT...
Compiling module xil_defaultlib.multiplier
Compiling module xil_defaultlib.AESL_axi_master_gmem1
Compiling module xil_defaultlib.AESL_axi_master_gmem2
Compiling module xil_defaultlib.AESL_axi_master_gmem3
Compiling module xil_defaultlib.AESL_axi_slave_control
Compiling module xil_defaultlib.nodf_module_intf
Compiling module xil_defaultlib.upc_loop_intf(FSM_WIDTH=1)
Compiling module xil_defaultlib.dataflow_monitor_1
Compiling module xil_defaultlib.apatb_multiplier_top
Compiling module work.glbl
Built simulation snapshot multiplier
