#-----------------------------------------------------------
# xsim v2022.2 (64-bit)
# SW Build 3671981 on Fri Oct 14 04:59:54 MDT 2022
# IP Build 3669848 on Fri Oct 14 08:30:02 MDT 2022
# Start of session at: Sun Jan 29 23:47:59 2023
# Process ID: 9252
# Current directory: /home/blackbox/Desktop/Systolic-Matrix-Multiplier/solution/sim/verilog
# Command line: xsim -mode tcl -source {xsim.dir/multiplier/xsim_script.tcl}
# Log file: /home/blackbox/Desktop/Systolic-Matrix-Multiplier/solution/sim/verilog/xsim.log
# Journal file: /home/blackbox/Desktop/Systolic-Matrix-Multiplier/solution/sim/verilog/xsim.jou
# Running On: InputBlackBoxOutput, OS: Linux, CPU Frequency: 3600.000 MHz, CPU Physical cores: 4, Host memory: 8221 MB
#-----------------------------------------------------------
source xsim.dir/multiplier/xsim_script.tcl
# xsim {multiplier} -autoloadwcfg -tclbatch {multiplier.tcl}
Time resolution is 1 ps
source multiplier.tcl
## run all
////////////////////////////////////////////////////////////////////////////////////
// Inter-Transaction Progress: Completed Transaction / Total Transaction
// Intra-Transaction Progress: Measured Latency / Latency Estimation * 100%
//
// RTL Simulation : "Inter-Transaction Progress" ["Intra-Transaction Progress"] @ "Simulation Time"
////////////////////////////////////////////////////////////////////////////////////
// RTL Simulation : 0 / 1 [0.00%] @ "155000"
// RTL Simulation : 1 / 1 [100.00%] @ "3385000"
////////////////////////////////////////////////////////////////////////////////////
$finish called at time : 3445 ns : File "/home/blackbox/Desktop/Systolic-Matrix-Multiplier/solution/sim/verilog/multiplier.autotb.v" Line 734
## quit
INFO: [Common 17-206] Exiting xsim at Sun Jan 29 23:48:06 2023...
