remark: Systolic-Matrix-Multiplier/design.cpp:66:13: Loop 'systolic2_load' is marked as complete unroll implied by the pipeline pragma
remark: Systolic-Matrix-Multiplier/design.cpp:69:17: Loop 'systolic3_load' is marked as complete unroll implied by the pipeline pragma
remark: Systolic-Matrix-Multiplier/design.cpp:103:13: Loop 'systolic2_compute' is marked as complete unroll implied by the pipeline pragma
remark: Systolic-Matrix-Multiplier/design.cpp:106:17: Loop 'systolic3_compute' is marked as complete unroll implied by the pipeline pragma
remark: Systolic-Matrix-Multiplier/design.cpp:130:13: Loop 'systolic2_shift' is marked as complete unroll implied by the pipeline pragma
remark: Systolic-Matrix-Multiplier/design.cpp:133:17: Loop 'systolic3_shift' is marked as complete unroll implied by the pipeline pragma
remark: Systolic-Matrix-Multiplier/design.cpp:11:0: Unrolling loop 'VITIS_LOOP_144_4' (Systolic-Matrix-Multiplier/design.cpp:144:31) in function 'multiplier': changing partial unrolling into complete unrolling since the unrolling factor (=8) is no less than the loop trip count (=8).
remark: Systolic-Matrix-Multiplier/design.cpp:11:0: Unrolling loop 'VITIS_LOOP_144_4' (Systolic-Matrix-Multiplier/design.cpp:144:31) in function 'multiplier' completely with a factor of 8
remark: Systolic-Matrix-Multiplier/design.cpp:11:0: Unrolling loop 'systolic2_load' (Systolic-Matrix-Multiplier/design.cpp:66:13) in function 'multiplier' completely with a factor of 8
remark: Systolic-Matrix-Multiplier/design.cpp:11:0: Unrolling loop 'systolic3_load' (Systolic-Matrix-Multiplier/design.cpp:69:17) in function 'multiplier' completely with a factor of 8
remark: Systolic-Matrix-Multiplier/design.cpp:11:0: Unrolling loop 'systolic3_load' (Systolic-Matrix-Multiplier/design.cpp:69:17) in function 'multiplier' completely with a factor of 8
remark: Systolic-Matrix-Multiplier/design.cpp:11:0: Unrolling loop 'systolic3_load' (Systolic-Matrix-Multiplier/design.cpp:69:17) in function 'multiplier' completely with a factor of 8
remark: Systolic-Matrix-Multiplier/design.cpp:11:0: Unrolling loop 'systolic3_load' (Systolic-Matrix-Multiplier/design.cpp:69:17) in function 'multiplier' completely with a factor of 8
remark: Systolic-Matrix-Multiplier/design.cpp:11:0: Unrolling loop 'systolic3_load' (Systolic-Matrix-Multiplier/design.cpp:69:17) in function 'multiplier' completely with a factor of 8
remark: Systolic-Matrix-Multiplier/design.cpp:11:0: Unrolling loop 'systolic3_load' (Systolic-Matrix-Multiplier/design.cpp:69:17) in function 'multiplier' completely with a factor of 8
remark: Systolic-Matrix-Multiplier/design.cpp:11:0: Unrolling loop 'systolic3_load' (Systolic-Matrix-Multiplier/design.cpp:69:17) in function 'multiplier' completely with a factor of 8
remark: Systolic-Matrix-Multiplier/design.cpp:11:0: Unrolling loop 'systolic3_load' (Systolic-Matrix-Multiplier/design.cpp:69:17) in function 'multiplier' completely with a factor of 8
remark: Systolic-Matrix-Multiplier/design.cpp:11:0: Unrolling loop 'systolic2_compute' (Systolic-Matrix-Multiplier/design.cpp:103:13) in function 'multiplier' completely with a factor of 8
remark: Systolic-Matrix-Multiplier/design.cpp:11:0: Unrolling loop 'systolic3_compute' (Systolic-Matrix-Multiplier/design.cpp:106:17) in function 'multiplier' completely with a factor of 8
remark: Systolic-Matrix-Multiplier/design.cpp:11:0: Unrolling loop 'systolic3_compute' (Systolic-Matrix-Multiplier/design.cpp:106:17) in function 'multiplier' completely with a factor of 8
remark: Systolic-Matrix-Multiplier/design.cpp:11:0: Unrolling loop 'systolic3_compute' (Systolic-Matrix-Multiplier/design.cpp:106:17) in function 'multiplier' completely with a factor of 8
remark: Systolic-Matrix-Multiplier/design.cpp:11:0: Unrolling loop 'systolic3_compute' (Systolic-Matrix-Multiplier/design.cpp:106:17) in function 'multiplier' completely with a factor of 8
remark: Systolic-Matrix-Multiplier/design.cpp:11:0: Unrolling loop 'systolic3_compute' (Systolic-Matrix-Multiplier/design.cpp:106:17) in function 'multiplier' completely with a factor of 8
remark: Systolic-Matrix-Multiplier/design.cpp:11:0: Unrolling loop 'systolic3_compute' (Systolic-Matrix-Multiplier/design.cpp:106:17) in function 'multiplier' completely with a factor of 8
remark: Systolic-Matrix-Multiplier/design.cpp:11:0: Unrolling loop 'systolic3_compute' (Systolic-Matrix-Multiplier/design.cpp:106:17) in function 'multiplier' completely with a factor of 8
remark: Systolic-Matrix-Multiplier/design.cpp:11:0: Unrolling loop 'systolic3_compute' (Systolic-Matrix-Multiplier/design.cpp:106:17) in function 'multiplier' completely with a factor of 8
remark: Systolic-Matrix-Multiplier/design.cpp:11:0: Unrolling loop 'systolic2_shift' (Systolic-Matrix-Multiplier/design.cpp:130:13) in function 'multiplier' completely with a factor of 8
remark: Systolic-Matrix-Multiplier/design.cpp:11:0: Unrolling loop 'systolic3_shift' (Systolic-Matrix-Multiplier/design.cpp:133:17) in function 'multiplier' completely with a factor of 8
remark: Systolic-Matrix-Multiplier/design.cpp:11:0: Unrolling loop 'systolic3_shift' (Systolic-Matrix-Multiplier/design.cpp:133:17) in function 'multiplier' completely with a factor of 8
remark: Systolic-Matrix-Multiplier/design.cpp:11:0: Unrolling loop 'systolic3_shift' (Systolic-Matrix-Multiplier/design.cpp:133:17) in function 'multiplier' completely with a factor of 8
remark: Systolic-Matrix-Multiplier/design.cpp:11:0: Unrolling loop 'systolic3_shift' (Systolic-Matrix-Multiplier/design.cpp:133:17) in function 'multiplier' completely with a factor of 8
remark: Systolic-Matrix-Multiplier/design.cpp:11:0: Unrolling loop 'systolic3_shift' (Systolic-Matrix-Multiplier/design.cpp:133:17) in function 'multiplier' completely with a factor of 8
remark: Systolic-Matrix-Multiplier/design.cpp:11:0: Unrolling loop 'systolic3_shift' (Systolic-Matrix-Multiplier/design.cpp:133:17) in function 'multiplier' completely with a factor of 8
remark: Systolic-Matrix-Multiplier/design.cpp:11:0: Unrolling loop 'systolic3_shift' (Systolic-Matrix-Multiplier/design.cpp:133:17) in function 'multiplier' completely with a factor of 8
remark: Systolic-Matrix-Multiplier/design.cpp:11:0: Unrolling loop 'systolic3_shift' (Systolic-Matrix-Multiplier/design.cpp:133:17) in function 'multiplier' completely with a factor of 8
remark: Systolic-Matrix-Multiplier/design.cpp:11:0: Unrolling loop 'VITIS_LOOP_33_2' (Systolic-Matrix-Multiplier/design.cpp:33:30) in function 'multiplier': changing partial unrolling into complete unrolling since the unrolling factor (=8) is no less than the loop trip count (=8).
remark: Systolic-Matrix-Multiplier/design.cpp:11:0: Unrolling loop 'VITIS_LOOP_33_2' (Systolic-Matrix-Multiplier/design.cpp:33:30) in function 'multiplier' completely with a factor of 8
remark: Systolic-Matrix-Multiplier/design.cpp:25:6: Applying array_partition to 'localA': Complete partitioning on dimension 1.
remark: Systolic-Matrix-Multiplier/design.cpp:27:6: Applying array_partition to 'localB': Complete partitioning on dimension 2.
remark: Systolic-Matrix-Multiplier/design.cpp:41:13: Applying array_partition to 'sysarrayA_ra': Complete partitioning on dimension 1. Complete partitioning on dimension 2.
remark: Systolic-Matrix-Multiplier/design.cpp:44:6: Applying array_partition to 'sysarrayB_ra': Complete partitioning on dimension 1. Complete partitioning on dimension 2.
remark: Systolic-Matrix-Multiplier/design.cpp:47:6: Applying array_partition to 'sysarrayA_rb': Complete partitioning on dimension 1. Complete partitioning on dimension 2.
remark: Systolic-Matrix-Multiplier/design.cpp:50:6: Applying array_partition to 'sysarrayB_rb': Complete partitioning on dimension 1. Complete partitioning on dimension 2.
remark: Systolic-Matrix-Multiplier/design.cpp:53:6: Applying array_partition to 'sysarrayC': Complete partitioning on dimension 1. Complete partitioning on dimension 2.
remark: Systolic-Matrix-Multiplier/design.cpp:31:19: Sequential read of length 64 has been inferred _XLX_SEP_ OldID=for.inc.load.22, for.inc.load.54, for.inc.load.56, for.inc.load.58, for.inc.load.60, for.inc.load.62, for.inc.load.64, for.inc.load.66,  _XLX_SEP_ vec_a2934seq vec_a gmem1 VITIS_LOOP_31_1 Systolic-Matrix-Multiplier/design.cpp:31:19 multiplier 
remark: Systolic-Matrix-Multiplier/design.cpp:31:19: Sequential read of length 64 has been inferred _XLX_SEP_ OldID=for.inc.load.69, for.inc.load.71, for.inc.load.73, for.inc.load.75, for.inc.load.77, for.inc.load.79, for.inc.load.81, arrayidx1021.7.exit.load.1,  _XLX_SEP_ vec_b2935seq vec_b gmem2 VITIS_LOOP_31_1 Systolic-Matrix-Multiplier/design.cpp:31:19 multiplier 
remark: Systolic-Matrix-Multiplier/design.cpp:142:27: Sequential write of length 64 has been inferred _XLX_SEP_ OldID=for.inc188.store.16, for.inc188.store.21, for.inc188.store.26, for.inc188.store.31, for.inc188.store.36, for.inc188.store.41, for.inc188.store.46, for.inc188.store.51,  _XLX_SEP_ result2936seq result gmem3 VITIS_LOOP_142_3 Systolic-Matrix-Multiplier/design.cpp:142:27 multiplier 
remark: Systolic-Matrix-Multiplier/design.cpp:142:27: Sequential write of 64 x 32bit words has been widened by 8: 8 x 256bit words _XLX_SEP_ OldID=result2936seq,  _XLX_SEP_ wseq result gmem3 VITIS_LOOP_142_3 Systolic-Matrix-Multiplier/design.cpp:142:27 multiplier 
remark: Systolic-Matrix-Multiplier/design.cpp:31:19: Sequential read of 64 x 32bit words has been widened by 8: 8 x 256bit words _XLX_SEP_ OldID=vec_a2934seq,  _XLX_SEP_ wseq2937 vec_a gmem1 VITIS_LOOP_31_1 Systolic-Matrix-Multiplier/design.cpp:31:19 multiplier 
remark: Systolic-Matrix-Multiplier/design.cpp:31:19: Sequential read of 64 x 32bit words has been widened by 8: 8 x 256bit words _XLX_SEP_ OldID=vec_b2935seq,  _XLX_SEP_ wseq2938 vec_b gmem2 VITIS_LOOP_31_1 Systolic-Matrix-Multiplier/design.cpp:31:19 multiplier 
remark: Systolic-Matrix-Multiplier/design.cpp:142:27: Sequential write of 8 x 256bit words has been widened by 2: 4 x 512bit words _XLX_SEP_ OldID=wseq,  _XLX_SEP_ wseq2939 result gmem3 VITIS_LOOP_142_3 Systolic-Matrix-Multiplier/design.cpp:142:27 multiplier 
remark: Systolic-Matrix-Multiplier/design.cpp:31:19: Sequential read of 8 x 256bit words has been widened by 2: 4 x 512bit words _XLX_SEP_ OldID=wseq2937,  _XLX_SEP_ wseq vec_a gmem1 VITIS_LOOP_31_1 Systolic-Matrix-Multiplier/design.cpp:31:19 multiplier 
remark: Systolic-Matrix-Multiplier/design.cpp:31:19: Sequential read of 8 x 256bit words has been widened by 2: 4 x 512bit words _XLX_SEP_ OldID=wseq2938,  _XLX_SEP_ wseq2941 vec_b gmem2 VITIS_LOOP_31_1 Systolic-Matrix-Multiplier/design.cpp:31:19 multiplier 
remark: Systolic-Matrix-Multiplier/design.cpp:31:19: Multiple burst reads of length 4 and bit width 512 has been inferred. These burst requests might be further partitioned into multiple requests during RTL generation, based on max_read_burst_length or max_write_burst_length settings. _XLX_SEP_ seq  gmem1 multiplier 
remark: Systolic-Matrix-Multiplier/design.cpp:31:19: Multiple burst reads of length 4 and bit width 512 has been inferred on bundle 'gmem1'. These burst requests might be further partitioned into multiple requests during RTL generation, based on max_read_burst_length or max_write_burst_length settings.
remark: Systolic-Matrix-Multiplier/design.cpp:31:19: Multiple burst reads of length 4 and bit width 512 has been inferred. These burst requests might be further partitioned into multiple requests during RTL generation, based on max_read_burst_length or max_write_burst_length settings. _XLX_SEP_ seq1  gmem2 multiplier 
remark: Systolic-Matrix-Multiplier/design.cpp:31:19: Multiple burst reads of length 4 and bit width 512 has been inferred on bundle 'gmem2'. These burst requests might be further partitioned into multiple requests during RTL generation, based on max_read_burst_length or max_write_burst_length settings.
remark: Systolic-Matrix-Multiplier/design.cpp:142:27: Multiple burst writes of length 4 and bit width 512 has been inferred. These burst requests might be further partitioned into multiple requests during RTL generation, based on max_read_burst_length or max_write_burst_length settings. _XLX_SEP_ seq2  gmem3 multiplier 
remark: Systolic-Matrix-Multiplier/design.cpp:142:27: Multiple burst writes of length 4 and bit width 512 has been inferred on bundle 'gmem3'. These burst requests might be further partitioned into multiple requests during RTL generation, based on max_read_burst_length or max_write_burst_length settings.
