/home/blackbox/Desktop/Systolic-Matrix-Multiplier/solution/csynth.tcl:17:9: warning: HLS pragma dump _XLX_SEP_ PragmaIsValid=1_XLX_SEP_ PragmaType=top_XLX_SEP_ PragmaContext=directive_XLX_SEP_ PragmaFunction=multiplier_XLX_SEP_ PragmaOptions=name=multiplier_XLX_SEP_ [-Wdump-hls-pragmas]
#pragma HLSDIRECTIVE TOP name=multiplier
        ^
Systolic-Matrix-Multiplier/design.cpp:14:9: warning: HLS pragma dump _XLX_SEP_ PragmaIsValid=1_XLX_SEP_ PragmaType=interface_XLX_SEP_ PragmaContext=_XLX_SEP_ PragmaFunction=multiplier_XLX_SEP_ PragmaOptions=m_axi port = vec_a offset = slave depth = 8 * 8 bundle = gmem1_XLX_SEP_ [-Wdump-hls-pragmas]
#pragma HLS INTERFACE m_axi port = vec_a offset = slave depth = 8 * 8 bundle = gmem1
        ^
Systolic-Matrix-Multiplier/design.cpp:15:9: warning: HLS pragma dump _XLX_SEP_ PragmaIsValid=1_XLX_SEP_ PragmaType=interface_XLX_SEP_ PragmaContext=_XLX_SEP_ PragmaFunction=multiplier_XLX_SEP_ PragmaOptions=m_axi port = vec_b offset = slave depth = 8 * 8 bundle = gmem2_XLX_SEP_ [-Wdump-hls-pragmas]
#pragma HLS INTERFACE m_axi port = vec_b offset = slave depth = 8 * 8 bundle = gmem2
        ^
Systolic-Matrix-Multiplier/design.cpp:16:9: warning: HLS pragma dump _XLX_SEP_ PragmaIsValid=1_XLX_SEP_ PragmaType=interface_XLX_SEP_ PragmaContext=_XLX_SEP_ PragmaFunction=multiplier_XLX_SEP_ PragmaOptions=m_axi port = result offset = slave depth = 1 bundle = gmem3_XLX_SEP_ [-Wdump-hls-pragmas]
#pragma HLS INTERFACE m_axi port = result offset = slave depth = 1 bundle = gmem3
        ^
Systolic-Matrix-Multiplier/design.cpp:18:9: warning: HLS pragma dump _XLX_SEP_ PragmaIsValid=1_XLX_SEP_ PragmaType=interface_XLX_SEP_ PragmaContext=_XLX_SEP_ PragmaFunction=multiplier_XLX_SEP_ PragmaOptions=s_axilite port = vec_a bundle = control_XLX_SEP_ [-Wdump-hls-pragmas]
#pragma HLS INTERFACE s_axilite port = vec_a bundle = control
        ^
Systolic-Matrix-Multiplier/design.cpp:19:9: warning: HLS pragma dump _XLX_SEP_ PragmaIsValid=1_XLX_SEP_ PragmaType=interface_XLX_SEP_ PragmaContext=_XLX_SEP_ PragmaFunction=multiplier_XLX_SEP_ PragmaOptions=s_axilite port = vec_b bundle = control_XLX_SEP_ [-Wdump-hls-pragmas]
#pragma HLS INTERFACE s_axilite port = vec_b bundle = control
        ^
Systolic-Matrix-Multiplier/design.cpp:20:9: warning: HLS pragma dump _XLX_SEP_ PragmaIsValid=1_XLX_SEP_ PragmaType=interface_XLX_SEP_ PragmaContext=_XLX_SEP_ PragmaFunction=multiplier_XLX_SEP_ PragmaOptions=s_axilite port = result bundle = control_XLX_SEP_ [-Wdump-hls-pragmas]
#pragma HLS INTERFACE s_axilite port = result bundle = control
        ^
Systolic-Matrix-Multiplier/design.cpp:21:9: warning: HLS pragma dump _XLX_SEP_ PragmaIsValid=1_XLX_SEP_ PragmaType=interface_XLX_SEP_ PragmaContext=_XLX_SEP_ PragmaFunction=multiplier_XLX_SEP_ PragmaOptions=s_axilite port = vector_len bundle = control_XLX_SEP_ [-Wdump-hls-pragmas]
#pragma HLS INTERFACE s_axilite port = vector_len bundle = control
        ^
Systolic-Matrix-Multiplier/design.cpp:22:9: warning: HLS pragma dump _XLX_SEP_ PragmaIsValid=1_XLX_SEP_ PragmaType=interface_XLX_SEP_ PragmaContext=_XLX_SEP_ PragmaFunction=multiplier_XLX_SEP_ PragmaOptions=s_axilite port = return bundle = control_XLX_SEP_ [-Wdump-hls-pragmas]
#pragma HLS INTERFACE s_axilite port = return bundle = control
        ^
Systolic-Matrix-Multiplier/design.cpp:26:9: warning: HLS pragma dump _XLX_SEP_ PragmaIsValid=1_XLX_SEP_ PragmaType=array_partition_XLX_SEP_ PragmaContext=_XLX_SEP_ PragmaFunction=multiplier_XLX_SEP_ PragmaOptions=variable = localA dim = 1 complete_XLX_SEP_ [-Wdump-hls-pragmas]
#pragma HLS ARRAY_PARTITION variable = localA dim = 1 complete
        ^
Systolic-Matrix-Multiplier/design.cpp:28:9: warning: HLS pragma dump _XLX_SEP_ PragmaIsValid=1_XLX_SEP_ PragmaType=array_partition_XLX_SEP_ PragmaContext=_XLX_SEP_ PragmaFunction=multiplier_XLX_SEP_ PragmaOptions=variable = localB dim = 2 complete_XLX_SEP_ [-Wdump-hls-pragmas]
#pragma HLS ARRAY_PARTITION variable = localB dim = 2 complete
        ^
Systolic-Matrix-Multiplier/design.cpp:35:9: warning: HLS pragma dump _XLX_SEP_ PragmaIsValid=1_XLX_SEP_ PragmaType=unroll_XLX_SEP_ PragmaContext=_XLX_SEP_ PragmaFunction=multiplier_XLX_SEP_ PragmaOptions=factor = 8_XLX_SEP_ [-Wdump-hls-pragmas]
#pragma HLS UNROLL factor = 8
        ^
Systolic-Matrix-Multiplier/design.cpp:42:9: warning: HLS pragma dump _XLX_SEP_ PragmaIsValid=1_XLX_SEP_ PragmaType=array_partition_XLX_SEP_ PragmaContext=_XLX_SEP_ PragmaFunction=multiplier_XLX_SEP_ PragmaOptions=variable = sysarrayA_ra dim = 0 complete_XLX_SEP_ [-Wdump-hls-pragmas]
#pragma HLS ARRAY_PARTITION variable = sysarrayA_ra dim = 0 complete
        ^
Systolic-Matrix-Multiplier/design.cpp:45:9: warning: HLS pragma dump _XLX_SEP_ PragmaIsValid=1_XLX_SEP_ PragmaType=array_partition_XLX_SEP_ PragmaContext=_XLX_SEP_ PragmaFunction=multiplier_XLX_SEP_ PragmaOptions=variable = sysarrayB_ra dim = 0 complete_XLX_SEP_ [-Wdump-hls-pragmas]
#pragma HLS ARRAY_PARTITION variable = sysarrayB_ra dim = 0 complete
        ^
Systolic-Matrix-Multiplier/design.cpp:48:9: warning: HLS pragma dump _XLX_SEP_ PragmaIsValid=1_XLX_SEP_ PragmaType=array_partition_XLX_SEP_ PragmaContext=_XLX_SEP_ PragmaFunction=multiplier_XLX_SEP_ PragmaOptions=variable = sysarrayA_rb dim = 0 complete_XLX_SEP_ [-Wdump-hls-pragmas]
#pragma HLS ARRAY_PARTITION variable = sysarrayA_rb dim = 0 complete
        ^
Systolic-Matrix-Multiplier/design.cpp:51:9: warning: HLS pragma dump _XLX_SEP_ PragmaIsValid=1_XLX_SEP_ PragmaType=array_partition_XLX_SEP_ PragmaContext=_XLX_SEP_ PragmaFunction=multiplier_XLX_SEP_ PragmaOptions=variable = sysarrayB_rb dim = 0 complete_XLX_SEP_ [-Wdump-hls-pragmas]
#pragma HLS ARRAY_PARTITION variable = sysarrayB_rb dim = 0 complete
        ^
Systolic-Matrix-Multiplier/design.cpp:54:9: warning: HLS pragma dump _XLX_SEP_ PragmaIsValid=1_XLX_SEP_ PragmaType=array_partition_XLX_SEP_ PragmaContext=_XLX_SEP_ PragmaFunction=multiplier_XLX_SEP_ PragmaOptions=variable = sysarrayC dim = 0 complete_XLX_SEP_ [-Wdump-hls-pragmas]
#pragma HLS ARRAY_PARTITION variable = sysarrayC dim = 0 complete
        ^
Systolic-Matrix-Multiplier/design.cpp:63:9: warning: HLS pragma dump _XLX_SEP_ PragmaIsValid=1_XLX_SEP_ PragmaType=pipeline_XLX_SEP_ PragmaContext=_XLX_SEP_ PragmaFunction=multiplier_XLX_SEP_ PragmaOptions=II = 1_XLX_SEP_ [-Wdump-hls-pragmas]
#pragma HLS PIPELINE II = 1
        ^
Systolic-Matrix-Multiplier/design.cpp:146:9: warning: HLS pragma dump _XLX_SEP_ PragmaIsValid=1_XLX_SEP_ PragmaType=unroll_XLX_SEP_ PragmaContext=_XLX_SEP_ PragmaFunction=multiplier_XLX_SEP_ PragmaOptions=factor = 8_XLX_SEP_ [-Wdump-hls-pragmas]
#pragma HLS UNROLL factor = 8
        ^
19 warnings generated.
