

================================================================
== Vitis HLS Report for 'multiplier_Pipeline_6'
================================================================
* Date:           Sun Jan 29 23:46:42 2023

* Version:        2022.2 (Build 3670227 on Oct 13 2022)
* Project:        Systolic-Matrix-Multiplier
* Solution:       solution (Vitis Kernel Flow Target)
* Product family: zynquplus
* Target device:  xck26-sfvc784-2LV-c


================================================================
== Performance Estimates
================================================================
+ Timing: 
    * Summary: 
    +--------+----------+----------+------------+
    |  Clock |  Target  | Estimated| Uncertainty|
    +--------+----------+----------+------------+
    |ap_clk  |  10.00 ns|  1.244 ns|     2.70 ns|
    +--------+----------+----------+------------+

+ Latency: 
    * Summary: 
    +---------+---------+----------+----------+-----+-----+---------+
    |  Latency (cycles) |  Latency (absolute) |  Interval | Pipeline|
    |   min   |   max   |    min   |    max   | min | max |   Type  |
    +---------+---------+----------+----------+-----+-----+---------+
    |       66|       66|  0.660 us|  0.660 us|   66|   66|       no|
    +---------+---------+----------+----------+-----+-----+---------+

    + Detail: 
        * Instance: 
        N/A

        * Loop: 
        +----------+---------+---------+----------+-----------+-----------+------+----------+
        |          |  Latency (cycles) | Iteration|  Initiation Interval  | Trip |          |
        | Loop Name|   min   |   max   |  Latency |  achieved |   target  | Count| Pipelined|
        +----------+---------+---------+----------+-----------+-----------+------+----------+
        |- Loop 1  |       64|       64|         1|          1|          1|    64|       yes|
        +----------+---------+---------+----------+-----------+-----------+------+----------+

============================================================
+ Verbose Summary: Synthesis Manager
============================================================
InlineROM: 1
ExposeGlobal: 0
============================================================
+ Verbose Summary: CDFG Model
============================================================
IsTopModel: 0
ResetActiveHigh: 1
IsCombinational: 0
IsDatapathOnly: 0
HasWiredReturn: 1
HasMFsm: 2
HasVarLatency: 1
IsPipeline: 0
IsRtlPipelined: 0
IsInstanceOverlapped: 0
IsDontTouch: 0
HasImplIP: 0
IsGatedGlobalClock: 0

+ Individual pipeline summary: 
  * Pipeline-0: initiation interval (II) = 1, depth = 1


============================================================
+ Verbose Summary: Schedule
============================================================
* Number of FSM states : 1
* Pipeline : 1
  Pipeline-0 : II = 1, D = 1, States = { 1 }
* Dataflow Pipeline: 0

* FSM state transitions: 
1 --> 

* FSM state operations: 

State 1 <SV = 0> <Delay = 1.24>
ST_1 : Operation 4 [1/1] (0.00ns)   --->   "%empty = alloca i32 1"   --->   Operation 4 'alloca' 'empty' <Predicate = true> <Delay = 0.00>
ST_1 : Operation 5 [1/1] (0.00ns)   --->   "%sysarrayC = alloca i32 1"   --->   Operation 5 'alloca' 'sysarrayC' <Predicate = true> <Delay = 0.00>
ST_1 : Operation 6 [1/1] (0.00ns)   --->   "%sysarrayC_1 = alloca i32 1"   --->   Operation 6 'alloca' 'sysarrayC_1' <Predicate = true> <Delay = 0.00>
ST_1 : Operation 7 [1/1] (0.00ns)   --->   "%sysarrayC_2 = alloca i32 1"   --->   Operation 7 'alloca' 'sysarrayC_2' <Predicate = true> <Delay = 0.00>
ST_1 : Operation 8 [1/1] (0.00ns)   --->   "%sysarrayC_3 = alloca i32 1"   --->   Operation 8 'alloca' 'sysarrayC_3' <Predicate = true> <Delay = 0.00>
ST_1 : Operation 9 [1/1] (0.00ns)   --->   "%sysarrayC_4 = alloca i32 1"   --->   Operation 9 'alloca' 'sysarrayC_4' <Predicate = true> <Delay = 0.00>
ST_1 : Operation 10 [1/1] (0.00ns)   --->   "%sysarrayC_5 = alloca i32 1"   --->   Operation 10 'alloca' 'sysarrayC_5' <Predicate = true> <Delay = 0.00>
ST_1 : Operation 11 [1/1] (0.00ns)   --->   "%sysarrayC_6 = alloca i32 1"   --->   Operation 11 'alloca' 'sysarrayC_6' <Predicate = true> <Delay = 0.00>
ST_1 : Operation 12 [1/1] (0.00ns)   --->   "%sysarrayC_7 = alloca i32 1"   --->   Operation 12 'alloca' 'sysarrayC_7' <Predicate = true> <Delay = 0.00>
ST_1 : Operation 13 [1/1] (0.00ns)   --->   "%sysarrayC_8 = alloca i32 1"   --->   Operation 13 'alloca' 'sysarrayC_8' <Predicate = true> <Delay = 0.00>
ST_1 : Operation 14 [1/1] (0.00ns)   --->   "%sysarrayC_9 = alloca i32 1"   --->   Operation 14 'alloca' 'sysarrayC_9' <Predicate = true> <Delay = 0.00>
ST_1 : Operation 15 [1/1] (0.00ns)   --->   "%sysarrayC_10 = alloca i32 1"   --->   Operation 15 'alloca' 'sysarrayC_10' <Predicate = true> <Delay = 0.00>
ST_1 : Operation 16 [1/1] (0.00ns)   --->   "%sysarrayC_11 = alloca i32 1"   --->   Operation 16 'alloca' 'sysarrayC_11' <Predicate = true> <Delay = 0.00>
ST_1 : Operation 17 [1/1] (0.00ns)   --->   "%sysarrayC_12 = alloca i32 1"   --->   Operation 17 'alloca' 'sysarrayC_12' <Predicate = true> <Delay = 0.00>
ST_1 : Operation 18 [1/1] (0.00ns)   --->   "%sysarrayC_13 = alloca i32 1"   --->   Operation 18 'alloca' 'sysarrayC_13' <Predicate = true> <Delay = 0.00>
ST_1 : Operation 19 [1/1] (0.00ns)   --->   "%sysarrayC_14 = alloca i32 1"   --->   Operation 19 'alloca' 'sysarrayC_14' <Predicate = true> <Delay = 0.00>
ST_1 : Operation 20 [1/1] (0.00ns)   --->   "%sysarrayC_15 = alloca i32 1"   --->   Operation 20 'alloca' 'sysarrayC_15' <Predicate = true> <Delay = 0.00>
ST_1 : Operation 21 [1/1] (0.00ns)   --->   "%sysarrayC_16 = alloca i32 1"   --->   Operation 21 'alloca' 'sysarrayC_16' <Predicate = true> <Delay = 0.00>
ST_1 : Operation 22 [1/1] (0.00ns)   --->   "%sysarrayC_17 = alloca i32 1"   --->   Operation 22 'alloca' 'sysarrayC_17' <Predicate = true> <Delay = 0.00>
ST_1 : Operation 23 [1/1] (0.00ns)   --->   "%sysarrayC_18 = alloca i32 1"   --->   Operation 23 'alloca' 'sysarrayC_18' <Predicate = true> <Delay = 0.00>
ST_1 : Operation 24 [1/1] (0.00ns)   --->   "%sysarrayC_19 = alloca i32 1"   --->   Operation 24 'alloca' 'sysarrayC_19' <Predicate = true> <Delay = 0.00>
ST_1 : Operation 25 [1/1] (0.00ns)   --->   "%sysarrayC_20 = alloca i32 1"   --->   Operation 25 'alloca' 'sysarrayC_20' <Predicate = true> <Delay = 0.00>
ST_1 : Operation 26 [1/1] (0.00ns)   --->   "%sysarrayC_21 = alloca i32 1"   --->   Operation 26 'alloca' 'sysarrayC_21' <Predicate = true> <Delay = 0.00>
ST_1 : Operation 27 [1/1] (0.00ns)   --->   "%sysarrayC_22 = alloca i32 1"   --->   Operation 27 'alloca' 'sysarrayC_22' <Predicate = true> <Delay = 0.00>
ST_1 : Operation 28 [1/1] (0.00ns)   --->   "%sysarrayC_23 = alloca i32 1"   --->   Operation 28 'alloca' 'sysarrayC_23' <Predicate = true> <Delay = 0.00>
ST_1 : Operation 29 [1/1] (0.00ns)   --->   "%sysarrayC_24 = alloca i32 1"   --->   Operation 29 'alloca' 'sysarrayC_24' <Predicate = true> <Delay = 0.00>
ST_1 : Operation 30 [1/1] (0.00ns)   --->   "%sysarrayC_25 = alloca i32 1"   --->   Operation 30 'alloca' 'sysarrayC_25' <Predicate = true> <Delay = 0.00>
ST_1 : Operation 31 [1/1] (0.00ns)   --->   "%sysarrayC_26 = alloca i32 1"   --->   Operation 31 'alloca' 'sysarrayC_26' <Predicate = true> <Delay = 0.00>
ST_1 : Operation 32 [1/1] (0.00ns)   --->   "%sysarrayC_27 = alloca i32 1"   --->   Operation 32 'alloca' 'sysarrayC_27' <Predicate = true> <Delay = 0.00>
ST_1 : Operation 33 [1/1] (0.00ns)   --->   "%sysarrayC_28 = alloca i32 1"   --->   Operation 33 'alloca' 'sysarrayC_28' <Predicate = true> <Delay = 0.00>
ST_1 : Operation 34 [1/1] (0.00ns)   --->   "%sysarrayC_29 = alloca i32 1"   --->   Operation 34 'alloca' 'sysarrayC_29' <Predicate = true> <Delay = 0.00>
ST_1 : Operation 35 [1/1] (0.00ns)   --->   "%sysarrayC_30 = alloca i32 1"   --->   Operation 35 'alloca' 'sysarrayC_30' <Predicate = true> <Delay = 0.00>
ST_1 : Operation 36 [1/1] (0.00ns)   --->   "%sysarrayC_31 = alloca i32 1"   --->   Operation 36 'alloca' 'sysarrayC_31' <Predicate = true> <Delay = 0.00>
ST_1 : Operation 37 [1/1] (0.00ns)   --->   "%sysarrayC_32 = alloca i32 1"   --->   Operation 37 'alloca' 'sysarrayC_32' <Predicate = true> <Delay = 0.00>
ST_1 : Operation 38 [1/1] (0.00ns)   --->   "%sysarrayC_33 = alloca i32 1"   --->   Operation 38 'alloca' 'sysarrayC_33' <Predicate = true> <Delay = 0.00>
ST_1 : Operation 39 [1/1] (0.00ns)   --->   "%sysarrayC_34 = alloca i32 1"   --->   Operation 39 'alloca' 'sysarrayC_34' <Predicate = true> <Delay = 0.00>
ST_1 : Operation 40 [1/1] (0.00ns)   --->   "%sysarrayC_35 = alloca i32 1"   --->   Operation 40 'alloca' 'sysarrayC_35' <Predicate = true> <Delay = 0.00>
ST_1 : Operation 41 [1/1] (0.00ns)   --->   "%sysarrayC_36 = alloca i32 1"   --->   Operation 41 'alloca' 'sysarrayC_36' <Predicate = true> <Delay = 0.00>
ST_1 : Operation 42 [1/1] (0.00ns)   --->   "%sysarrayC_37 = alloca i32 1"   --->   Operation 42 'alloca' 'sysarrayC_37' <Predicate = true> <Delay = 0.00>
ST_1 : Operation 43 [1/1] (0.00ns)   --->   "%sysarrayC_38 = alloca i32 1"   --->   Operation 43 'alloca' 'sysarrayC_38' <Predicate = true> <Delay = 0.00>
ST_1 : Operation 44 [1/1] (0.00ns)   --->   "%sysarrayC_39 = alloca i32 1"   --->   Operation 44 'alloca' 'sysarrayC_39' <Predicate = true> <Delay = 0.00>
ST_1 : Operation 45 [1/1] (0.00ns)   --->   "%sysarrayC_40 = alloca i32 1"   --->   Operation 45 'alloca' 'sysarrayC_40' <Predicate = true> <Delay = 0.00>
ST_1 : Operation 46 [1/1] (0.00ns)   --->   "%sysarrayC_41 = alloca i32 1"   --->   Operation 46 'alloca' 'sysarrayC_41' <Predicate = true> <Delay = 0.00>
ST_1 : Operation 47 [1/1] (0.00ns)   --->   "%sysarrayC_42 = alloca i32 1"   --->   Operation 47 'alloca' 'sysarrayC_42' <Predicate = true> <Delay = 0.00>
ST_1 : Operation 48 [1/1] (0.00ns)   --->   "%sysarrayC_43 = alloca i32 1"   --->   Operation 48 'alloca' 'sysarrayC_43' <Predicate = true> <Delay = 0.00>
ST_1 : Operation 49 [1/1] (0.00ns)   --->   "%sysarrayC_44 = alloca i32 1"   --->   Operation 49 'alloca' 'sysarrayC_44' <Predicate = true> <Delay = 0.00>
ST_1 : Operation 50 [1/1] (0.00ns)   --->   "%sysarrayC_45 = alloca i32 1"   --->   Operation 50 'alloca' 'sysarrayC_45' <Predicate = true> <Delay = 0.00>
ST_1 : Operation 51 [1/1] (0.00ns)   --->   "%sysarrayC_46 = alloca i32 1"   --->   Operation 51 'alloca' 'sysarrayC_46' <Predicate = true> <Delay = 0.00>
ST_1 : Operation 52 [1/1] (0.00ns)   --->   "%sysarrayC_47 = alloca i32 1"   --->   Operation 52 'alloca' 'sysarrayC_47' <Predicate = true> <Delay = 0.00>
ST_1 : Operation 53 [1/1] (0.00ns)   --->   "%sysarrayC_48 = alloca i32 1"   --->   Operation 53 'alloca' 'sysarrayC_48' <Predicate = true> <Delay = 0.00>
ST_1 : Operation 54 [1/1] (0.00ns)   --->   "%sysarrayC_49 = alloca i32 1"   --->   Operation 54 'alloca' 'sysarrayC_49' <Predicate = true> <Delay = 0.00>
ST_1 : Operation 55 [1/1] (0.00ns)   --->   "%sysarrayC_50 = alloca i32 1"   --->   Operation 55 'alloca' 'sysarrayC_50' <Predicate = true> <Delay = 0.00>
ST_1 : Operation 56 [1/1] (0.00ns)   --->   "%sysarrayC_51 = alloca i32 1"   --->   Operation 56 'alloca' 'sysarrayC_51' <Predicate = true> <Delay = 0.00>
ST_1 : Operation 57 [1/1] (0.00ns)   --->   "%sysarrayC_52 = alloca i32 1"   --->   Operation 57 'alloca' 'sysarrayC_52' <Predicate = true> <Delay = 0.00>
ST_1 : Operation 58 [1/1] (0.00ns)   --->   "%sysarrayC_53 = alloca i32 1"   --->   Operation 58 'alloca' 'sysarrayC_53' <Predicate = true> <Delay = 0.00>
ST_1 : Operation 59 [1/1] (0.00ns)   --->   "%sysarrayC_54 = alloca i32 1"   --->   Operation 59 'alloca' 'sysarrayC_54' <Predicate = true> <Delay = 0.00>
ST_1 : Operation 60 [1/1] (0.00ns)   --->   "%sysarrayC_55 = alloca i32 1"   --->   Operation 60 'alloca' 'sysarrayC_55' <Predicate = true> <Delay = 0.00>
ST_1 : Operation 61 [1/1] (0.00ns)   --->   "%sysarrayC_56 = alloca i32 1"   --->   Operation 61 'alloca' 'sysarrayC_56' <Predicate = true> <Delay = 0.00>
ST_1 : Operation 62 [1/1] (0.00ns)   --->   "%sysarrayC_57 = alloca i32 1"   --->   Operation 62 'alloca' 'sysarrayC_57' <Predicate = true> <Delay = 0.00>
ST_1 : Operation 63 [1/1] (0.00ns)   --->   "%sysarrayC_58 = alloca i32 1"   --->   Operation 63 'alloca' 'sysarrayC_58' <Predicate = true> <Delay = 0.00>
ST_1 : Operation 64 [1/1] (0.00ns)   --->   "%sysarrayC_59 = alloca i32 1"   --->   Operation 64 'alloca' 'sysarrayC_59' <Predicate = true> <Delay = 0.00>
ST_1 : Operation 65 [1/1] (0.00ns)   --->   "%sysarrayC_60 = alloca i32 1"   --->   Operation 65 'alloca' 'sysarrayC_60' <Predicate = true> <Delay = 0.00>
ST_1 : Operation 66 [1/1] (0.00ns)   --->   "%sysarrayC_61 = alloca i32 1"   --->   Operation 66 'alloca' 'sysarrayC_61' <Predicate = true> <Delay = 0.00>
ST_1 : Operation 67 [1/1] (0.00ns)   --->   "%sysarrayC_62 = alloca i32 1"   --->   Operation 67 'alloca' 'sysarrayC_62' <Predicate = true> <Delay = 0.00>
ST_1 : Operation 68 [1/1] (0.00ns)   --->   "%sysarrayC_63 = alloca i32 1"   --->   Operation 68 'alloca' 'sysarrayC_63' <Predicate = true> <Delay = 0.00>
ST_1 : Operation 69 [1/1] (0.42ns)   --->   "%store_ln0 = store i7 0, i7 %empty"   --->   Operation 69 'store' 'store_ln0' <Predicate = true> <Delay = 0.42>
ST_1 : Operation 70 [1/1] (0.00ns)   --->   "%br_ln0 = br void %memset.loop"   --->   Operation 70 'br' 'br_ln0' <Predicate = true> <Delay = 0.00>
ST_1 : Operation 71 [1/1] (0.00ns)   --->   "%p_load = load i7 %empty"   --->   Operation 71 'load' 'p_load' <Predicate = true> <Delay = 0.00>
ST_1 : Operation 72 [1/1] (0.00ns)   --->   "%specpipeline_ln0 = specpipeline void @_ssdm_op_SpecPipeline, i32 4294967295, i32 0, i32 1, i32 0, void @p_str"   --->   Operation 72 'specpipeline' 'specpipeline_ln0' <Predicate = true> <Delay = 0.00>
ST_1 : Operation 73 [1/1] (0.81ns)   --->   "%exitcond110570 = icmp_eq  i7 %p_load, i7 64"   --->   Operation 73 'icmp' 'exitcond110570' <Predicate = true> <Delay = 0.81> <CoreInst = "Cmp">   --->   Core 9 'Cmp' <Latency = 0> <II = 1> <Delay = 0.81> <FuncUnit> <Opcode : 'icmp'> <InPorts = 2> <OutPorts = 1>
ST_1 : Operation 74 [1/1] (0.00ns)   --->   "%empty_99 = speclooptripcount i32 @_ssdm_op_SpecLoopTripCount, i64 64, i64 64, i64 64"   --->   Operation 74 'speclooptripcount' 'empty_99' <Predicate = true> <Delay = 0.00>
ST_1 : Operation 75 [1/1] (0.77ns)   --->   "%empty_100 = add i7 %p_load, i7 1"   --->   Operation 75 'add' 'empty_100' <Predicate = true> <Delay = 0.77> <CoreInst = "Adder">   --->   Core 1 'Adder' <Latency = 0> <II = 1> <Delay = 0.77> <FuncUnit> <Opcode : 'add' 'sub'> <InPorts = 2> <OutPorts = 1>
ST_1 : Operation 76 [1/1] (0.00ns)   --->   "%br_ln0 = br i1 %exitcond110570, void %memset.loop.split, void %for.body35.preheader.exitStub"   --->   Operation 76 'br' 'br_ln0' <Predicate = true> <Delay = 0.00>
ST_1 : Operation 77 [1/1] (0.00ns)   --->   "%p_cast7 = partselect i3 @_ssdm_op_PartSelect.i3.i7.i32.i32, i7 %p_load, i32 3, i32 5"   --->   Operation 77 'partselect' 'p_cast7' <Predicate = (!exitcond110570)> <Delay = 0.00>
ST_1 : Operation 78 [1/1] (0.00ns)   --->   "%empty_101 = trunc i7 %p_load"   --->   Operation 78 'trunc' 'empty_101' <Predicate = (!exitcond110570)> <Delay = 0.00>
ST_1 : Operation 79 [1/1] (0.44ns)   --->   "%switch_ln0 = switch i3 %p_cast7, void %.case.71879, i3 0, void %.case.01872, i3 1, void %.case.11873, i3 2, void %.case.21874, i3 3, void %.case.31875, i3 4, void %.case.41876, i3 5, void %.case.51877, i3 6, void %.case.61878"   --->   Operation 79 'switch' 'switch_ln0' <Predicate = (!exitcond110570)> <Delay = 0.44>
ST_1 : Operation 80 [1/1] (0.44ns)   --->   "%switch_ln0 = switch i3 %empty_101, void %.case.71949, i3 0, void %.case.61878..exit1871_crit_edge2, i3 1, void %.case.11943, i3 2, void %.case.21944, i3 3, void %.case.31945, i3 4, void %.case.41946, i3 5, void %.case.51947, i3 6, void %.case.61878..exit1871_crit_edge"   --->   Operation 80 'switch' 'switch_ln0' <Predicate = (!exitcond110570 & p_cast7 == 6)> <Delay = 0.44>
ST_1 : Operation 81 [1/1] (0.00ns)   --->   "%store_ln0 = store i32 0, i32 %sysarrayC_54"   --->   Operation 81 'store' 'store_ln0' <Predicate = (!exitcond110570 & p_cast7 == 6 & empty_101 == 6)> <Delay = 0.00>
ST_1 : Operation 82 [1/1] (0.00ns)   --->   "%br_ln0 = br void %.exit1871"   --->   Operation 82 'br' 'br_ln0' <Predicate = (!exitcond110570 & p_cast7 == 6 & empty_101 == 6)> <Delay = 0.00>
ST_1 : Operation 83 [1/1] (0.00ns)   --->   "%store_ln0 = store i32 0, i32 %sysarrayC_53"   --->   Operation 83 'store' 'store_ln0' <Predicate = (!exitcond110570 & p_cast7 == 6 & empty_101 == 5)> <Delay = 0.00>
ST_1 : Operation 84 [1/1] (0.00ns)   --->   "%br_ln0 = br void %.exit1871"   --->   Operation 84 'br' 'br_ln0' <Predicate = (!exitcond110570 & p_cast7 == 6 & empty_101 == 5)> <Delay = 0.00>
ST_1 : Operation 85 [1/1] (0.00ns)   --->   "%store_ln0 = store i32 0, i32 %sysarrayC_52"   --->   Operation 85 'store' 'store_ln0' <Predicate = (!exitcond110570 & p_cast7 == 6 & empty_101 == 4)> <Delay = 0.00>
ST_1 : Operation 86 [1/1] (0.00ns)   --->   "%br_ln0 = br void %.exit1871"   --->   Operation 86 'br' 'br_ln0' <Predicate = (!exitcond110570 & p_cast7 == 6 & empty_101 == 4)> <Delay = 0.00>
ST_1 : Operation 87 [1/1] (0.00ns)   --->   "%store_ln0 = store i32 0, i32 %sysarrayC_51"   --->   Operation 87 'store' 'store_ln0' <Predicate = (!exitcond110570 & p_cast7 == 6 & empty_101 == 3)> <Delay = 0.00>
ST_1 : Operation 88 [1/1] (0.00ns)   --->   "%br_ln0 = br void %.exit1871"   --->   Operation 88 'br' 'br_ln0' <Predicate = (!exitcond110570 & p_cast7 == 6 & empty_101 == 3)> <Delay = 0.00>
ST_1 : Operation 89 [1/1] (0.00ns)   --->   "%store_ln0 = store i32 0, i32 %sysarrayC_50"   --->   Operation 89 'store' 'store_ln0' <Predicate = (!exitcond110570 & p_cast7 == 6 & empty_101 == 2)> <Delay = 0.00>
ST_1 : Operation 90 [1/1] (0.00ns)   --->   "%br_ln0 = br void %.exit1871"   --->   Operation 90 'br' 'br_ln0' <Predicate = (!exitcond110570 & p_cast7 == 6 & empty_101 == 2)> <Delay = 0.00>
ST_1 : Operation 91 [1/1] (0.00ns)   --->   "%store_ln0 = store i32 0, i32 %sysarrayC_49"   --->   Operation 91 'store' 'store_ln0' <Predicate = (!exitcond110570 & p_cast7 == 6 & empty_101 == 1)> <Delay = 0.00>
ST_1 : Operation 92 [1/1] (0.00ns)   --->   "%br_ln0 = br void %.exit1871"   --->   Operation 92 'br' 'br_ln0' <Predicate = (!exitcond110570 & p_cast7 == 6 & empty_101 == 1)> <Delay = 0.00>
ST_1 : Operation 93 [1/1] (0.00ns)   --->   "%store_ln0 = store i32 0, i32 %sysarrayC_48"   --->   Operation 93 'store' 'store_ln0' <Predicate = (!exitcond110570 & p_cast7 == 6 & empty_101 == 0)> <Delay = 0.00>
ST_1 : Operation 94 [1/1] (0.00ns)   --->   "%br_ln0 = br void %.exit1871"   --->   Operation 94 'br' 'br_ln0' <Predicate = (!exitcond110570 & p_cast7 == 6 & empty_101 == 0)> <Delay = 0.00>
ST_1 : Operation 95 [1/1] (0.00ns)   --->   "%store_ln0 = store i32 0, i32 %sysarrayC_55"   --->   Operation 95 'store' 'store_ln0' <Predicate = (!exitcond110570 & p_cast7 == 6 & empty_101 == 7)> <Delay = 0.00>
ST_1 : Operation 96 [1/1] (0.00ns)   --->   "%br_ln0 = br void %.exit1871"   --->   Operation 96 'br' 'br_ln0' <Predicate = (!exitcond110570 & p_cast7 == 6 & empty_101 == 7)> <Delay = 0.00>
ST_1 : Operation 97 [1/1] (0.44ns)   --->   "%switch_ln0 = switch i3 %empty_101, void %.case.71939, i3 0, void %.case.51877..exit1871_crit_edge3, i3 1, void %.case.11933, i3 2, void %.case.21934, i3 3, void %.case.31935, i3 4, void %.case.41936, i3 5, void %.case.51937, i3 6, void %.case.51877..exit1871_crit_edge"   --->   Operation 97 'switch' 'switch_ln0' <Predicate = (!exitcond110570 & p_cast7 == 5)> <Delay = 0.44>
ST_1 : Operation 98 [1/1] (0.00ns)   --->   "%store_ln0 = store i32 0, i32 %sysarrayC_46"   --->   Operation 98 'store' 'store_ln0' <Predicate = (!exitcond110570 & p_cast7 == 5 & empty_101 == 6)> <Delay = 0.00>
ST_1 : Operation 99 [1/1] (0.00ns)   --->   "%br_ln0 = br void %.exit1871"   --->   Operation 99 'br' 'br_ln0' <Predicate = (!exitcond110570 & p_cast7 == 5 & empty_101 == 6)> <Delay = 0.00>
ST_1 : Operation 100 [1/1] (0.00ns)   --->   "%store_ln0 = store i32 0, i32 %sysarrayC_45"   --->   Operation 100 'store' 'store_ln0' <Predicate = (!exitcond110570 & p_cast7 == 5 & empty_101 == 5)> <Delay = 0.00>
ST_1 : Operation 101 [1/1] (0.00ns)   --->   "%br_ln0 = br void %.exit1871"   --->   Operation 101 'br' 'br_ln0' <Predicate = (!exitcond110570 & p_cast7 == 5 & empty_101 == 5)> <Delay = 0.00>
ST_1 : Operation 102 [1/1] (0.00ns)   --->   "%store_ln0 = store i32 0, i32 %sysarrayC_44"   --->   Operation 102 'store' 'store_ln0' <Predicate = (!exitcond110570 & p_cast7 == 5 & empty_101 == 4)> <Delay = 0.00>
ST_1 : Operation 103 [1/1] (0.00ns)   --->   "%br_ln0 = br void %.exit1871"   --->   Operation 103 'br' 'br_ln0' <Predicate = (!exitcond110570 & p_cast7 == 5 & empty_101 == 4)> <Delay = 0.00>
ST_1 : Operation 104 [1/1] (0.00ns)   --->   "%store_ln0 = store i32 0, i32 %sysarrayC_43"   --->   Operation 104 'store' 'store_ln0' <Predicate = (!exitcond110570 & p_cast7 == 5 & empty_101 == 3)> <Delay = 0.00>
ST_1 : Operation 105 [1/1] (0.00ns)   --->   "%br_ln0 = br void %.exit1871"   --->   Operation 105 'br' 'br_ln0' <Predicate = (!exitcond110570 & p_cast7 == 5 & empty_101 == 3)> <Delay = 0.00>
ST_1 : Operation 106 [1/1] (0.00ns)   --->   "%store_ln0 = store i32 0, i32 %sysarrayC_42"   --->   Operation 106 'store' 'store_ln0' <Predicate = (!exitcond110570 & p_cast7 == 5 & empty_101 == 2)> <Delay = 0.00>
ST_1 : Operation 107 [1/1] (0.00ns)   --->   "%br_ln0 = br void %.exit1871"   --->   Operation 107 'br' 'br_ln0' <Predicate = (!exitcond110570 & p_cast7 == 5 & empty_101 == 2)> <Delay = 0.00>
ST_1 : Operation 108 [1/1] (0.00ns)   --->   "%store_ln0 = store i32 0, i32 %sysarrayC_41"   --->   Operation 108 'store' 'store_ln0' <Predicate = (!exitcond110570 & p_cast7 == 5 & empty_101 == 1)> <Delay = 0.00>
ST_1 : Operation 109 [1/1] (0.00ns)   --->   "%br_ln0 = br void %.exit1871"   --->   Operation 109 'br' 'br_ln0' <Predicate = (!exitcond110570 & p_cast7 == 5 & empty_101 == 1)> <Delay = 0.00>
ST_1 : Operation 110 [1/1] (0.00ns)   --->   "%store_ln0 = store i32 0, i32 %sysarrayC_40"   --->   Operation 110 'store' 'store_ln0' <Predicate = (!exitcond110570 & p_cast7 == 5 & empty_101 == 0)> <Delay = 0.00>
ST_1 : Operation 111 [1/1] (0.00ns)   --->   "%br_ln0 = br void %.exit1871"   --->   Operation 111 'br' 'br_ln0' <Predicate = (!exitcond110570 & p_cast7 == 5 & empty_101 == 0)> <Delay = 0.00>
ST_1 : Operation 112 [1/1] (0.00ns)   --->   "%store_ln0 = store i32 0, i32 %sysarrayC_47"   --->   Operation 112 'store' 'store_ln0' <Predicate = (!exitcond110570 & p_cast7 == 5 & empty_101 == 7)> <Delay = 0.00>
ST_1 : Operation 113 [1/1] (0.00ns)   --->   "%br_ln0 = br void %.exit1871"   --->   Operation 113 'br' 'br_ln0' <Predicate = (!exitcond110570 & p_cast7 == 5 & empty_101 == 7)> <Delay = 0.00>
ST_1 : Operation 114 [1/1] (0.44ns)   --->   "%switch_ln0 = switch i3 %empty_101, void %.case.71929, i3 0, void %.case.41876..exit1871_crit_edge4, i3 1, void %.case.11923, i3 2, void %.case.21924, i3 3, void %.case.31925, i3 4, void %.case.41926, i3 5, void %.case.51927, i3 6, void %.case.41876..exit1871_crit_edge"   --->   Operation 114 'switch' 'switch_ln0' <Predicate = (!exitcond110570 & p_cast7 == 4)> <Delay = 0.44>
ST_1 : Operation 115 [1/1] (0.00ns)   --->   "%store_ln0 = store i32 0, i32 %sysarrayC_38"   --->   Operation 115 'store' 'store_ln0' <Predicate = (!exitcond110570 & p_cast7 == 4 & empty_101 == 6)> <Delay = 0.00>
ST_1 : Operation 116 [1/1] (0.00ns)   --->   "%br_ln0 = br void %.exit1871"   --->   Operation 116 'br' 'br_ln0' <Predicate = (!exitcond110570 & p_cast7 == 4 & empty_101 == 6)> <Delay = 0.00>
ST_1 : Operation 117 [1/1] (0.00ns)   --->   "%store_ln0 = store i32 0, i32 %sysarrayC_37"   --->   Operation 117 'store' 'store_ln0' <Predicate = (!exitcond110570 & p_cast7 == 4 & empty_101 == 5)> <Delay = 0.00>
ST_1 : Operation 118 [1/1] (0.00ns)   --->   "%br_ln0 = br void %.exit1871"   --->   Operation 118 'br' 'br_ln0' <Predicate = (!exitcond110570 & p_cast7 == 4 & empty_101 == 5)> <Delay = 0.00>
ST_1 : Operation 119 [1/1] (0.00ns)   --->   "%store_ln0 = store i32 0, i32 %sysarrayC_36"   --->   Operation 119 'store' 'store_ln0' <Predicate = (!exitcond110570 & p_cast7 == 4 & empty_101 == 4)> <Delay = 0.00>
ST_1 : Operation 120 [1/1] (0.00ns)   --->   "%br_ln0 = br void %.exit1871"   --->   Operation 120 'br' 'br_ln0' <Predicate = (!exitcond110570 & p_cast7 == 4 & empty_101 == 4)> <Delay = 0.00>
ST_1 : Operation 121 [1/1] (0.00ns)   --->   "%store_ln0 = store i32 0, i32 %sysarrayC_35"   --->   Operation 121 'store' 'store_ln0' <Predicate = (!exitcond110570 & p_cast7 == 4 & empty_101 == 3)> <Delay = 0.00>
ST_1 : Operation 122 [1/1] (0.00ns)   --->   "%br_ln0 = br void %.exit1871"   --->   Operation 122 'br' 'br_ln0' <Predicate = (!exitcond110570 & p_cast7 == 4 & empty_101 == 3)> <Delay = 0.00>
ST_1 : Operation 123 [1/1] (0.00ns)   --->   "%store_ln0 = store i32 0, i32 %sysarrayC_34"   --->   Operation 123 'store' 'store_ln0' <Predicate = (!exitcond110570 & p_cast7 == 4 & empty_101 == 2)> <Delay = 0.00>
ST_1 : Operation 124 [1/1] (0.00ns)   --->   "%br_ln0 = br void %.exit1871"   --->   Operation 124 'br' 'br_ln0' <Predicate = (!exitcond110570 & p_cast7 == 4 & empty_101 == 2)> <Delay = 0.00>
ST_1 : Operation 125 [1/1] (0.00ns)   --->   "%store_ln0 = store i32 0, i32 %sysarrayC_33"   --->   Operation 125 'store' 'store_ln0' <Predicate = (!exitcond110570 & p_cast7 == 4 & empty_101 == 1)> <Delay = 0.00>
ST_1 : Operation 126 [1/1] (0.00ns)   --->   "%br_ln0 = br void %.exit1871"   --->   Operation 126 'br' 'br_ln0' <Predicate = (!exitcond110570 & p_cast7 == 4 & empty_101 == 1)> <Delay = 0.00>
ST_1 : Operation 127 [1/1] (0.00ns)   --->   "%store_ln0 = store i32 0, i32 %sysarrayC_32"   --->   Operation 127 'store' 'store_ln0' <Predicate = (!exitcond110570 & p_cast7 == 4 & empty_101 == 0)> <Delay = 0.00>
ST_1 : Operation 128 [1/1] (0.00ns)   --->   "%br_ln0 = br void %.exit1871"   --->   Operation 128 'br' 'br_ln0' <Predicate = (!exitcond110570 & p_cast7 == 4 & empty_101 == 0)> <Delay = 0.00>
ST_1 : Operation 129 [1/1] (0.00ns)   --->   "%store_ln0 = store i32 0, i32 %sysarrayC_39"   --->   Operation 129 'store' 'store_ln0' <Predicate = (!exitcond110570 & p_cast7 == 4 & empty_101 == 7)> <Delay = 0.00>
ST_1 : Operation 130 [1/1] (0.00ns)   --->   "%br_ln0 = br void %.exit1871"   --->   Operation 130 'br' 'br_ln0' <Predicate = (!exitcond110570 & p_cast7 == 4 & empty_101 == 7)> <Delay = 0.00>
ST_1 : Operation 131 [1/1] (0.44ns)   --->   "%switch_ln0 = switch i3 %empty_101, void %.case.71919, i3 0, void %.case.31875..exit1871_crit_edge5, i3 1, void %.case.11913, i3 2, void %.case.21914, i3 3, void %.case.31915, i3 4, void %.case.41916, i3 5, void %.case.51917, i3 6, void %.case.31875..exit1871_crit_edge"   --->   Operation 131 'switch' 'switch_ln0' <Predicate = (!exitcond110570 & p_cast7 == 3)> <Delay = 0.44>
ST_1 : Operation 132 [1/1] (0.00ns)   --->   "%store_ln0 = store i32 0, i32 %sysarrayC_30"   --->   Operation 132 'store' 'store_ln0' <Predicate = (!exitcond110570 & p_cast7 == 3 & empty_101 == 6)> <Delay = 0.00>
ST_1 : Operation 133 [1/1] (0.00ns)   --->   "%br_ln0 = br void %.exit1871"   --->   Operation 133 'br' 'br_ln0' <Predicate = (!exitcond110570 & p_cast7 == 3 & empty_101 == 6)> <Delay = 0.00>
ST_1 : Operation 134 [1/1] (0.00ns)   --->   "%store_ln0 = store i32 0, i32 %sysarrayC_29"   --->   Operation 134 'store' 'store_ln0' <Predicate = (!exitcond110570 & p_cast7 == 3 & empty_101 == 5)> <Delay = 0.00>
ST_1 : Operation 135 [1/1] (0.00ns)   --->   "%br_ln0 = br void %.exit1871"   --->   Operation 135 'br' 'br_ln0' <Predicate = (!exitcond110570 & p_cast7 == 3 & empty_101 == 5)> <Delay = 0.00>
ST_1 : Operation 136 [1/1] (0.00ns)   --->   "%store_ln0 = store i32 0, i32 %sysarrayC_28"   --->   Operation 136 'store' 'store_ln0' <Predicate = (!exitcond110570 & p_cast7 == 3 & empty_101 == 4)> <Delay = 0.00>
ST_1 : Operation 137 [1/1] (0.00ns)   --->   "%br_ln0 = br void %.exit1871"   --->   Operation 137 'br' 'br_ln0' <Predicate = (!exitcond110570 & p_cast7 == 3 & empty_101 == 4)> <Delay = 0.00>
ST_1 : Operation 138 [1/1] (0.00ns)   --->   "%store_ln0 = store i32 0, i32 %sysarrayC_27"   --->   Operation 138 'store' 'store_ln0' <Predicate = (!exitcond110570 & p_cast7 == 3 & empty_101 == 3)> <Delay = 0.00>
ST_1 : Operation 139 [1/1] (0.00ns)   --->   "%br_ln0 = br void %.exit1871"   --->   Operation 139 'br' 'br_ln0' <Predicate = (!exitcond110570 & p_cast7 == 3 & empty_101 == 3)> <Delay = 0.00>
ST_1 : Operation 140 [1/1] (0.00ns)   --->   "%store_ln0 = store i32 0, i32 %sysarrayC_26"   --->   Operation 140 'store' 'store_ln0' <Predicate = (!exitcond110570 & p_cast7 == 3 & empty_101 == 2)> <Delay = 0.00>
ST_1 : Operation 141 [1/1] (0.00ns)   --->   "%br_ln0 = br void %.exit1871"   --->   Operation 141 'br' 'br_ln0' <Predicate = (!exitcond110570 & p_cast7 == 3 & empty_101 == 2)> <Delay = 0.00>
ST_1 : Operation 142 [1/1] (0.00ns)   --->   "%store_ln0 = store i32 0, i32 %sysarrayC_25"   --->   Operation 142 'store' 'store_ln0' <Predicate = (!exitcond110570 & p_cast7 == 3 & empty_101 == 1)> <Delay = 0.00>
ST_1 : Operation 143 [1/1] (0.00ns)   --->   "%br_ln0 = br void %.exit1871"   --->   Operation 143 'br' 'br_ln0' <Predicate = (!exitcond110570 & p_cast7 == 3 & empty_101 == 1)> <Delay = 0.00>
ST_1 : Operation 144 [1/1] (0.00ns)   --->   "%store_ln0 = store i32 0, i32 %sysarrayC_24"   --->   Operation 144 'store' 'store_ln0' <Predicate = (!exitcond110570 & p_cast7 == 3 & empty_101 == 0)> <Delay = 0.00>
ST_1 : Operation 145 [1/1] (0.00ns)   --->   "%br_ln0 = br void %.exit1871"   --->   Operation 145 'br' 'br_ln0' <Predicate = (!exitcond110570 & p_cast7 == 3 & empty_101 == 0)> <Delay = 0.00>
ST_1 : Operation 146 [1/1] (0.00ns)   --->   "%store_ln0 = store i32 0, i32 %sysarrayC_31"   --->   Operation 146 'store' 'store_ln0' <Predicate = (!exitcond110570 & p_cast7 == 3 & empty_101 == 7)> <Delay = 0.00>
ST_1 : Operation 147 [1/1] (0.00ns)   --->   "%br_ln0 = br void %.exit1871"   --->   Operation 147 'br' 'br_ln0' <Predicate = (!exitcond110570 & p_cast7 == 3 & empty_101 == 7)> <Delay = 0.00>
ST_1 : Operation 148 [1/1] (0.44ns)   --->   "%switch_ln0 = switch i3 %empty_101, void %.case.71909, i3 0, void %.case.21874..exit1871_crit_edge6, i3 1, void %.case.11903, i3 2, void %.case.21904, i3 3, void %.case.31905, i3 4, void %.case.41906, i3 5, void %.case.51907, i3 6, void %.case.21874..exit1871_crit_edge"   --->   Operation 148 'switch' 'switch_ln0' <Predicate = (!exitcond110570 & p_cast7 == 2)> <Delay = 0.44>
ST_1 : Operation 149 [1/1] (0.00ns)   --->   "%store_ln0 = store i32 0, i32 %sysarrayC_22"   --->   Operation 149 'store' 'store_ln0' <Predicate = (!exitcond110570 & p_cast7 == 2 & empty_101 == 6)> <Delay = 0.00>
ST_1 : Operation 150 [1/1] (0.00ns)   --->   "%br_ln0 = br void %.exit1871"   --->   Operation 150 'br' 'br_ln0' <Predicate = (!exitcond110570 & p_cast7 == 2 & empty_101 == 6)> <Delay = 0.00>
ST_1 : Operation 151 [1/1] (0.00ns)   --->   "%store_ln0 = store i32 0, i32 %sysarrayC_21"   --->   Operation 151 'store' 'store_ln0' <Predicate = (!exitcond110570 & p_cast7 == 2 & empty_101 == 5)> <Delay = 0.00>
ST_1 : Operation 152 [1/1] (0.00ns)   --->   "%br_ln0 = br void %.exit1871"   --->   Operation 152 'br' 'br_ln0' <Predicate = (!exitcond110570 & p_cast7 == 2 & empty_101 == 5)> <Delay = 0.00>
ST_1 : Operation 153 [1/1] (0.00ns)   --->   "%store_ln0 = store i32 0, i32 %sysarrayC_20"   --->   Operation 153 'store' 'store_ln0' <Predicate = (!exitcond110570 & p_cast7 == 2 & empty_101 == 4)> <Delay = 0.00>
ST_1 : Operation 154 [1/1] (0.00ns)   --->   "%br_ln0 = br void %.exit1871"   --->   Operation 154 'br' 'br_ln0' <Predicate = (!exitcond110570 & p_cast7 == 2 & empty_101 == 4)> <Delay = 0.00>
ST_1 : Operation 155 [1/1] (0.00ns)   --->   "%store_ln0 = store i32 0, i32 %sysarrayC_19"   --->   Operation 155 'store' 'store_ln0' <Predicate = (!exitcond110570 & p_cast7 == 2 & empty_101 == 3)> <Delay = 0.00>
ST_1 : Operation 156 [1/1] (0.00ns)   --->   "%br_ln0 = br void %.exit1871"   --->   Operation 156 'br' 'br_ln0' <Predicate = (!exitcond110570 & p_cast7 == 2 & empty_101 == 3)> <Delay = 0.00>
ST_1 : Operation 157 [1/1] (0.00ns)   --->   "%store_ln0 = store i32 0, i32 %sysarrayC_18"   --->   Operation 157 'store' 'store_ln0' <Predicate = (!exitcond110570 & p_cast7 == 2 & empty_101 == 2)> <Delay = 0.00>
ST_1 : Operation 158 [1/1] (0.00ns)   --->   "%br_ln0 = br void %.exit1871"   --->   Operation 158 'br' 'br_ln0' <Predicate = (!exitcond110570 & p_cast7 == 2 & empty_101 == 2)> <Delay = 0.00>
ST_1 : Operation 159 [1/1] (0.00ns)   --->   "%store_ln0 = store i32 0, i32 %sysarrayC_17"   --->   Operation 159 'store' 'store_ln0' <Predicate = (!exitcond110570 & p_cast7 == 2 & empty_101 == 1)> <Delay = 0.00>
ST_1 : Operation 160 [1/1] (0.00ns)   --->   "%br_ln0 = br void %.exit1871"   --->   Operation 160 'br' 'br_ln0' <Predicate = (!exitcond110570 & p_cast7 == 2 & empty_101 == 1)> <Delay = 0.00>
ST_1 : Operation 161 [1/1] (0.00ns)   --->   "%store_ln0 = store i32 0, i32 %sysarrayC_16"   --->   Operation 161 'store' 'store_ln0' <Predicate = (!exitcond110570 & p_cast7 == 2 & empty_101 == 0)> <Delay = 0.00>
ST_1 : Operation 162 [1/1] (0.00ns)   --->   "%br_ln0 = br void %.exit1871"   --->   Operation 162 'br' 'br_ln0' <Predicate = (!exitcond110570 & p_cast7 == 2 & empty_101 == 0)> <Delay = 0.00>
ST_1 : Operation 163 [1/1] (0.00ns)   --->   "%store_ln0 = store i32 0, i32 %sysarrayC_23"   --->   Operation 163 'store' 'store_ln0' <Predicate = (!exitcond110570 & p_cast7 == 2 & empty_101 == 7)> <Delay = 0.00>
ST_1 : Operation 164 [1/1] (0.00ns)   --->   "%br_ln0 = br void %.exit1871"   --->   Operation 164 'br' 'br_ln0' <Predicate = (!exitcond110570 & p_cast7 == 2 & empty_101 == 7)> <Delay = 0.00>
ST_1 : Operation 165 [1/1] (0.44ns)   --->   "%switch_ln0 = switch i3 %empty_101, void %.case.71899, i3 0, void %.case.11873..exit1871_crit_edge7, i3 1, void %.case.11893, i3 2, void %.case.21894, i3 3, void %.case.31895, i3 4, void %.case.41896, i3 5, void %.case.51897, i3 6, void %.case.11873..exit1871_crit_edge"   --->   Operation 165 'switch' 'switch_ln0' <Predicate = (!exitcond110570 & p_cast7 == 1)> <Delay = 0.44>
ST_1 : Operation 166 [1/1] (0.00ns)   --->   "%store_ln0 = store i32 0, i32 %sysarrayC_14"   --->   Operation 166 'store' 'store_ln0' <Predicate = (!exitcond110570 & p_cast7 == 1 & empty_101 == 6)> <Delay = 0.00>
ST_1 : Operation 167 [1/1] (0.00ns)   --->   "%br_ln0 = br void %.exit1871"   --->   Operation 167 'br' 'br_ln0' <Predicate = (!exitcond110570 & p_cast7 == 1 & empty_101 == 6)> <Delay = 0.00>
ST_1 : Operation 168 [1/1] (0.00ns)   --->   "%store_ln0 = store i32 0, i32 %sysarrayC_13"   --->   Operation 168 'store' 'store_ln0' <Predicate = (!exitcond110570 & p_cast7 == 1 & empty_101 == 5)> <Delay = 0.00>
ST_1 : Operation 169 [1/1] (0.00ns)   --->   "%br_ln0 = br void %.exit1871"   --->   Operation 169 'br' 'br_ln0' <Predicate = (!exitcond110570 & p_cast7 == 1 & empty_101 == 5)> <Delay = 0.00>
ST_1 : Operation 170 [1/1] (0.00ns)   --->   "%store_ln0 = store i32 0, i32 %sysarrayC_12"   --->   Operation 170 'store' 'store_ln0' <Predicate = (!exitcond110570 & p_cast7 == 1 & empty_101 == 4)> <Delay = 0.00>
ST_1 : Operation 171 [1/1] (0.00ns)   --->   "%br_ln0 = br void %.exit1871"   --->   Operation 171 'br' 'br_ln0' <Predicate = (!exitcond110570 & p_cast7 == 1 & empty_101 == 4)> <Delay = 0.00>
ST_1 : Operation 172 [1/1] (0.00ns)   --->   "%store_ln0 = store i32 0, i32 %sysarrayC_11"   --->   Operation 172 'store' 'store_ln0' <Predicate = (!exitcond110570 & p_cast7 == 1 & empty_101 == 3)> <Delay = 0.00>
ST_1 : Operation 173 [1/1] (0.00ns)   --->   "%br_ln0 = br void %.exit1871"   --->   Operation 173 'br' 'br_ln0' <Predicate = (!exitcond110570 & p_cast7 == 1 & empty_101 == 3)> <Delay = 0.00>
ST_1 : Operation 174 [1/1] (0.00ns)   --->   "%store_ln0 = store i32 0, i32 %sysarrayC_10"   --->   Operation 174 'store' 'store_ln0' <Predicate = (!exitcond110570 & p_cast7 == 1 & empty_101 == 2)> <Delay = 0.00>
ST_1 : Operation 175 [1/1] (0.00ns)   --->   "%br_ln0 = br void %.exit1871"   --->   Operation 175 'br' 'br_ln0' <Predicate = (!exitcond110570 & p_cast7 == 1 & empty_101 == 2)> <Delay = 0.00>
ST_1 : Operation 176 [1/1] (0.00ns)   --->   "%store_ln0 = store i32 0, i32 %sysarrayC_9"   --->   Operation 176 'store' 'store_ln0' <Predicate = (!exitcond110570 & p_cast7 == 1 & empty_101 == 1)> <Delay = 0.00>
ST_1 : Operation 177 [1/1] (0.00ns)   --->   "%br_ln0 = br void %.exit1871"   --->   Operation 177 'br' 'br_ln0' <Predicate = (!exitcond110570 & p_cast7 == 1 & empty_101 == 1)> <Delay = 0.00>
ST_1 : Operation 178 [1/1] (0.00ns)   --->   "%store_ln0 = store i32 0, i32 %sysarrayC_8"   --->   Operation 178 'store' 'store_ln0' <Predicate = (!exitcond110570 & p_cast7 == 1 & empty_101 == 0)> <Delay = 0.00>
ST_1 : Operation 179 [1/1] (0.00ns)   --->   "%br_ln0 = br void %.exit1871"   --->   Operation 179 'br' 'br_ln0' <Predicate = (!exitcond110570 & p_cast7 == 1 & empty_101 == 0)> <Delay = 0.00>
ST_1 : Operation 180 [1/1] (0.00ns)   --->   "%store_ln0 = store i32 0, i32 %sysarrayC_15"   --->   Operation 180 'store' 'store_ln0' <Predicate = (!exitcond110570 & p_cast7 == 1 & empty_101 == 7)> <Delay = 0.00>
ST_1 : Operation 181 [1/1] (0.00ns)   --->   "%br_ln0 = br void %.exit1871"   --->   Operation 181 'br' 'br_ln0' <Predicate = (!exitcond110570 & p_cast7 == 1 & empty_101 == 7)> <Delay = 0.00>
ST_1 : Operation 182 [1/1] (0.44ns)   --->   "%switch_ln0 = switch i3 %empty_101, void %.case.71889, i3 0, void %.case.01872..exit1871_crit_edge8, i3 1, void %.case.11883, i3 2, void %.case.21884, i3 3, void %.case.31885, i3 4, void %.case.41886, i3 5, void %.case.51887, i3 6, void %.case.01872..exit1871_crit_edge"   --->   Operation 182 'switch' 'switch_ln0' <Predicate = (!exitcond110570 & p_cast7 == 0)> <Delay = 0.44>
ST_1 : Operation 183 [1/1] (0.00ns)   --->   "%store_ln0 = store i32 0, i32 %sysarrayC_6"   --->   Operation 183 'store' 'store_ln0' <Predicate = (!exitcond110570 & p_cast7 == 0 & empty_101 == 6)> <Delay = 0.00>
ST_1 : Operation 184 [1/1] (0.00ns)   --->   "%br_ln0 = br void %.exit1871"   --->   Operation 184 'br' 'br_ln0' <Predicate = (!exitcond110570 & p_cast7 == 0 & empty_101 == 6)> <Delay = 0.00>
ST_1 : Operation 185 [1/1] (0.00ns)   --->   "%store_ln0 = store i32 0, i32 %sysarrayC_5"   --->   Operation 185 'store' 'store_ln0' <Predicate = (!exitcond110570 & p_cast7 == 0 & empty_101 == 5)> <Delay = 0.00>
ST_1 : Operation 186 [1/1] (0.00ns)   --->   "%br_ln0 = br void %.exit1871"   --->   Operation 186 'br' 'br_ln0' <Predicate = (!exitcond110570 & p_cast7 == 0 & empty_101 == 5)> <Delay = 0.00>
ST_1 : Operation 187 [1/1] (0.00ns)   --->   "%store_ln0 = store i32 0, i32 %sysarrayC_4"   --->   Operation 187 'store' 'store_ln0' <Predicate = (!exitcond110570 & p_cast7 == 0 & empty_101 == 4)> <Delay = 0.00>
ST_1 : Operation 188 [1/1] (0.00ns)   --->   "%br_ln0 = br void %.exit1871"   --->   Operation 188 'br' 'br_ln0' <Predicate = (!exitcond110570 & p_cast7 == 0 & empty_101 == 4)> <Delay = 0.00>
ST_1 : Operation 189 [1/1] (0.00ns)   --->   "%store_ln0 = store i32 0, i32 %sysarrayC_3"   --->   Operation 189 'store' 'store_ln0' <Predicate = (!exitcond110570 & p_cast7 == 0 & empty_101 == 3)> <Delay = 0.00>
ST_1 : Operation 190 [1/1] (0.00ns)   --->   "%br_ln0 = br void %.exit1871"   --->   Operation 190 'br' 'br_ln0' <Predicate = (!exitcond110570 & p_cast7 == 0 & empty_101 == 3)> <Delay = 0.00>
ST_1 : Operation 191 [1/1] (0.00ns)   --->   "%store_ln0 = store i32 0, i32 %sysarrayC_2"   --->   Operation 191 'store' 'store_ln0' <Predicate = (!exitcond110570 & p_cast7 == 0 & empty_101 == 2)> <Delay = 0.00>
ST_1 : Operation 192 [1/1] (0.00ns)   --->   "%br_ln0 = br void %.exit1871"   --->   Operation 192 'br' 'br_ln0' <Predicate = (!exitcond110570 & p_cast7 == 0 & empty_101 == 2)> <Delay = 0.00>
ST_1 : Operation 193 [1/1] (0.00ns)   --->   "%store_ln0 = store i32 0, i32 %sysarrayC_1"   --->   Operation 193 'store' 'store_ln0' <Predicate = (!exitcond110570 & p_cast7 == 0 & empty_101 == 1)> <Delay = 0.00>
ST_1 : Operation 194 [1/1] (0.00ns)   --->   "%br_ln0 = br void %.exit1871"   --->   Operation 194 'br' 'br_ln0' <Predicate = (!exitcond110570 & p_cast7 == 0 & empty_101 == 1)> <Delay = 0.00>
ST_1 : Operation 195 [1/1] (0.00ns)   --->   "%store_ln0 = store i32 0, i32 %sysarrayC"   --->   Operation 195 'store' 'store_ln0' <Predicate = (!exitcond110570 & p_cast7 == 0 & empty_101 == 0)> <Delay = 0.00>
ST_1 : Operation 196 [1/1] (0.00ns)   --->   "%br_ln0 = br void %.exit1871"   --->   Operation 196 'br' 'br_ln0' <Predicate = (!exitcond110570 & p_cast7 == 0 & empty_101 == 0)> <Delay = 0.00>
ST_1 : Operation 197 [1/1] (0.00ns)   --->   "%store_ln0 = store i32 0, i32 %sysarrayC_7"   --->   Operation 197 'store' 'store_ln0' <Predicate = (!exitcond110570 & p_cast7 == 0 & empty_101 == 7)> <Delay = 0.00>
ST_1 : Operation 198 [1/1] (0.00ns)   --->   "%br_ln0 = br void %.exit1871"   --->   Operation 198 'br' 'br_ln0' <Predicate = (!exitcond110570 & p_cast7 == 0 & empty_101 == 7)> <Delay = 0.00>
ST_1 : Operation 199 [1/1] (0.44ns)   --->   "%switch_ln0 = switch i3 %empty_101, void %.case.71959, i3 0, void %.case.71879..exit1871_crit_edge1, i3 1, void %.case.11953, i3 2, void %.case.21954, i3 3, void %.case.31955, i3 4, void %.case.41956, i3 5, void %.case.51957, i3 6, void %.case.71879..exit1871_crit_edge"   --->   Operation 199 'switch' 'switch_ln0' <Predicate = (!exitcond110570 & p_cast7 == 7)> <Delay = 0.44>
ST_1 : Operation 200 [1/1] (0.00ns)   --->   "%store_ln0 = store i32 0, i32 %sysarrayC_62"   --->   Operation 200 'store' 'store_ln0' <Predicate = (!exitcond110570 & p_cast7 == 7 & empty_101 == 6)> <Delay = 0.00>
ST_1 : Operation 201 [1/1] (0.00ns)   --->   "%br_ln0 = br void %.exit1871"   --->   Operation 201 'br' 'br_ln0' <Predicate = (!exitcond110570 & p_cast7 == 7 & empty_101 == 6)> <Delay = 0.00>
ST_1 : Operation 202 [1/1] (0.00ns)   --->   "%store_ln0 = store i32 0, i32 %sysarrayC_61"   --->   Operation 202 'store' 'store_ln0' <Predicate = (!exitcond110570 & p_cast7 == 7 & empty_101 == 5)> <Delay = 0.00>
ST_1 : Operation 203 [1/1] (0.00ns)   --->   "%br_ln0 = br void %.exit1871"   --->   Operation 203 'br' 'br_ln0' <Predicate = (!exitcond110570 & p_cast7 == 7 & empty_101 == 5)> <Delay = 0.00>
ST_1 : Operation 204 [1/1] (0.00ns)   --->   "%store_ln0 = store i32 0, i32 %sysarrayC_60"   --->   Operation 204 'store' 'store_ln0' <Predicate = (!exitcond110570 & p_cast7 == 7 & empty_101 == 4)> <Delay = 0.00>
ST_1 : Operation 205 [1/1] (0.00ns)   --->   "%br_ln0 = br void %.exit1871"   --->   Operation 205 'br' 'br_ln0' <Predicate = (!exitcond110570 & p_cast7 == 7 & empty_101 == 4)> <Delay = 0.00>
ST_1 : Operation 206 [1/1] (0.00ns)   --->   "%store_ln0 = store i32 0, i32 %sysarrayC_59"   --->   Operation 206 'store' 'store_ln0' <Predicate = (!exitcond110570 & p_cast7 == 7 & empty_101 == 3)> <Delay = 0.00>
ST_1 : Operation 207 [1/1] (0.00ns)   --->   "%br_ln0 = br void %.exit1871"   --->   Operation 207 'br' 'br_ln0' <Predicate = (!exitcond110570 & p_cast7 == 7 & empty_101 == 3)> <Delay = 0.00>
ST_1 : Operation 208 [1/1] (0.00ns)   --->   "%store_ln0 = store i32 0, i32 %sysarrayC_58"   --->   Operation 208 'store' 'store_ln0' <Predicate = (!exitcond110570 & p_cast7 == 7 & empty_101 == 2)> <Delay = 0.00>
ST_1 : Operation 209 [1/1] (0.00ns)   --->   "%br_ln0 = br void %.exit1871"   --->   Operation 209 'br' 'br_ln0' <Predicate = (!exitcond110570 & p_cast7 == 7 & empty_101 == 2)> <Delay = 0.00>
ST_1 : Operation 210 [1/1] (0.00ns)   --->   "%store_ln0 = store i32 0, i32 %sysarrayC_57"   --->   Operation 210 'store' 'store_ln0' <Predicate = (!exitcond110570 & p_cast7 == 7 & empty_101 == 1)> <Delay = 0.00>
ST_1 : Operation 211 [1/1] (0.00ns)   --->   "%br_ln0 = br void %.exit1871"   --->   Operation 211 'br' 'br_ln0' <Predicate = (!exitcond110570 & p_cast7 == 7 & empty_101 == 1)> <Delay = 0.00>
ST_1 : Operation 212 [1/1] (0.00ns)   --->   "%store_ln0 = store i32 0, i32 %sysarrayC_56"   --->   Operation 212 'store' 'store_ln0' <Predicate = (!exitcond110570 & p_cast7 == 7 & empty_101 == 0)> <Delay = 0.00>
ST_1 : Operation 213 [1/1] (0.00ns)   --->   "%br_ln0 = br void %.exit1871"   --->   Operation 213 'br' 'br_ln0' <Predicate = (!exitcond110570 & p_cast7 == 7 & empty_101 == 0)> <Delay = 0.00>
ST_1 : Operation 214 [1/1] (0.00ns)   --->   "%store_ln0 = store i32 0, i32 %sysarrayC_63"   --->   Operation 214 'store' 'store_ln0' <Predicate = (!exitcond110570 & p_cast7 == 7 & empty_101 == 7)> <Delay = 0.00>
ST_1 : Operation 215 [1/1] (0.00ns)   --->   "%br_ln0 = br void %.exit1871"   --->   Operation 215 'br' 'br_ln0' <Predicate = (!exitcond110570 & p_cast7 == 7 & empty_101 == 7)> <Delay = 0.00>
ST_1 : Operation 216 [1/1] (0.42ns)   --->   "%store_ln0 = store i7 %empty_100, i7 %empty"   --->   Operation 216 'store' 'store_ln0' <Predicate = (!exitcond110570)> <Delay = 0.42>
ST_1 : Operation 217 [1/1] (0.00ns)   --->   "%br_ln0 = br void %memset.loop"   --->   Operation 217 'br' 'br_ln0' <Predicate = (!exitcond110570)> <Delay = 0.00>
ST_1 : Operation 218 [1/1] (0.00ns)   --->   "%sysarrayC_load = load i32 %sysarrayC"   --->   Operation 218 'load' 'sysarrayC_load' <Predicate = (exitcond110570)> <Delay = 0.00>
ST_1 : Operation 219 [1/1] (0.00ns)   --->   "%sysarrayC_1_load = load i32 %sysarrayC_1"   --->   Operation 219 'load' 'sysarrayC_1_load' <Predicate = (exitcond110570)> <Delay = 0.00>
ST_1 : Operation 220 [1/1] (0.00ns)   --->   "%sysarrayC_2_load = load i32 %sysarrayC_2"   --->   Operation 220 'load' 'sysarrayC_2_load' <Predicate = (exitcond110570)> <Delay = 0.00>
ST_1 : Operation 221 [1/1] (0.00ns)   --->   "%sysarrayC_3_load = load i32 %sysarrayC_3"   --->   Operation 221 'load' 'sysarrayC_3_load' <Predicate = (exitcond110570)> <Delay = 0.00>
ST_1 : Operation 222 [1/1] (0.00ns)   --->   "%sysarrayC_4_load = load i32 %sysarrayC_4"   --->   Operation 222 'load' 'sysarrayC_4_load' <Predicate = (exitcond110570)> <Delay = 0.00>
ST_1 : Operation 223 [1/1] (0.00ns)   --->   "%sysarrayC_5_load = load i32 %sysarrayC_5"   --->   Operation 223 'load' 'sysarrayC_5_load' <Predicate = (exitcond110570)> <Delay = 0.00>
ST_1 : Operation 224 [1/1] (0.00ns)   --->   "%sysarrayC_6_load = load i32 %sysarrayC_6"   --->   Operation 224 'load' 'sysarrayC_6_load' <Predicate = (exitcond110570)> <Delay = 0.00>
ST_1 : Operation 225 [1/1] (0.00ns)   --->   "%sysarrayC_7_load = load i32 %sysarrayC_7"   --->   Operation 225 'load' 'sysarrayC_7_load' <Predicate = (exitcond110570)> <Delay = 0.00>
ST_1 : Operation 226 [1/1] (0.00ns)   --->   "%sysarrayC_8_load = load i32 %sysarrayC_8"   --->   Operation 226 'load' 'sysarrayC_8_load' <Predicate = (exitcond110570)> <Delay = 0.00>
ST_1 : Operation 227 [1/1] (0.00ns)   --->   "%sysarrayC_9_load = load i32 %sysarrayC_9"   --->   Operation 227 'load' 'sysarrayC_9_load' <Predicate = (exitcond110570)> <Delay = 0.00>
ST_1 : Operation 228 [1/1] (0.00ns)   --->   "%sysarrayC_10_load = load i32 %sysarrayC_10"   --->   Operation 228 'load' 'sysarrayC_10_load' <Predicate = (exitcond110570)> <Delay = 0.00>
ST_1 : Operation 229 [1/1] (0.00ns)   --->   "%sysarrayC_11_load = load i32 %sysarrayC_11"   --->   Operation 229 'load' 'sysarrayC_11_load' <Predicate = (exitcond110570)> <Delay = 0.00>
ST_1 : Operation 230 [1/1] (0.00ns)   --->   "%sysarrayC_12_load = load i32 %sysarrayC_12"   --->   Operation 230 'load' 'sysarrayC_12_load' <Predicate = (exitcond110570)> <Delay = 0.00>
ST_1 : Operation 231 [1/1] (0.00ns)   --->   "%sysarrayC_13_load = load i32 %sysarrayC_13"   --->   Operation 231 'load' 'sysarrayC_13_load' <Predicate = (exitcond110570)> <Delay = 0.00>
ST_1 : Operation 232 [1/1] (0.00ns)   --->   "%sysarrayC_14_load = load i32 %sysarrayC_14"   --->   Operation 232 'load' 'sysarrayC_14_load' <Predicate = (exitcond110570)> <Delay = 0.00>
ST_1 : Operation 233 [1/1] (0.00ns)   --->   "%sysarrayC_15_load = load i32 %sysarrayC_15"   --->   Operation 233 'load' 'sysarrayC_15_load' <Predicate = (exitcond110570)> <Delay = 0.00>
ST_1 : Operation 234 [1/1] (0.00ns)   --->   "%sysarrayC_16_load = load i32 %sysarrayC_16"   --->   Operation 234 'load' 'sysarrayC_16_load' <Predicate = (exitcond110570)> <Delay = 0.00>
ST_1 : Operation 235 [1/1] (0.00ns)   --->   "%sysarrayC_17_load = load i32 %sysarrayC_17"   --->   Operation 235 'load' 'sysarrayC_17_load' <Predicate = (exitcond110570)> <Delay = 0.00>
ST_1 : Operation 236 [1/1] (0.00ns)   --->   "%sysarrayC_18_load = load i32 %sysarrayC_18"   --->   Operation 236 'load' 'sysarrayC_18_load' <Predicate = (exitcond110570)> <Delay = 0.00>
ST_1 : Operation 237 [1/1] (0.00ns)   --->   "%sysarrayC_19_load = load i32 %sysarrayC_19"   --->   Operation 237 'load' 'sysarrayC_19_load' <Predicate = (exitcond110570)> <Delay = 0.00>
ST_1 : Operation 238 [1/1] (0.00ns)   --->   "%sysarrayC_20_load = load i32 %sysarrayC_20"   --->   Operation 238 'load' 'sysarrayC_20_load' <Predicate = (exitcond110570)> <Delay = 0.00>
ST_1 : Operation 239 [1/1] (0.00ns)   --->   "%sysarrayC_21_load = load i32 %sysarrayC_21"   --->   Operation 239 'load' 'sysarrayC_21_load' <Predicate = (exitcond110570)> <Delay = 0.00>
ST_1 : Operation 240 [1/1] (0.00ns)   --->   "%sysarrayC_22_load = load i32 %sysarrayC_22"   --->   Operation 240 'load' 'sysarrayC_22_load' <Predicate = (exitcond110570)> <Delay = 0.00>
ST_1 : Operation 241 [1/1] (0.00ns)   --->   "%sysarrayC_23_load = load i32 %sysarrayC_23"   --->   Operation 241 'load' 'sysarrayC_23_load' <Predicate = (exitcond110570)> <Delay = 0.00>
ST_1 : Operation 242 [1/1] (0.00ns)   --->   "%sysarrayC_24_load = load i32 %sysarrayC_24"   --->   Operation 242 'load' 'sysarrayC_24_load' <Predicate = (exitcond110570)> <Delay = 0.00>
ST_1 : Operation 243 [1/1] (0.00ns)   --->   "%sysarrayC_25_load = load i32 %sysarrayC_25"   --->   Operation 243 'load' 'sysarrayC_25_load' <Predicate = (exitcond110570)> <Delay = 0.00>
ST_1 : Operation 244 [1/1] (0.00ns)   --->   "%sysarrayC_26_load = load i32 %sysarrayC_26"   --->   Operation 244 'load' 'sysarrayC_26_load' <Predicate = (exitcond110570)> <Delay = 0.00>
ST_1 : Operation 245 [1/1] (0.00ns)   --->   "%sysarrayC_27_load = load i32 %sysarrayC_27"   --->   Operation 245 'load' 'sysarrayC_27_load' <Predicate = (exitcond110570)> <Delay = 0.00>
ST_1 : Operation 246 [1/1] (0.00ns)   --->   "%sysarrayC_28_load = load i32 %sysarrayC_28"   --->   Operation 246 'load' 'sysarrayC_28_load' <Predicate = (exitcond110570)> <Delay = 0.00>
ST_1 : Operation 247 [1/1] (0.00ns)   --->   "%sysarrayC_29_load = load i32 %sysarrayC_29"   --->   Operation 247 'load' 'sysarrayC_29_load' <Predicate = (exitcond110570)> <Delay = 0.00>
ST_1 : Operation 248 [1/1] (0.00ns)   --->   "%sysarrayC_30_load = load i32 %sysarrayC_30"   --->   Operation 248 'load' 'sysarrayC_30_load' <Predicate = (exitcond110570)> <Delay = 0.00>
ST_1 : Operation 249 [1/1] (0.00ns)   --->   "%sysarrayC_31_load = load i32 %sysarrayC_31"   --->   Operation 249 'load' 'sysarrayC_31_load' <Predicate = (exitcond110570)> <Delay = 0.00>
ST_1 : Operation 250 [1/1] (0.00ns)   --->   "%sysarrayC_32_load = load i32 %sysarrayC_32"   --->   Operation 250 'load' 'sysarrayC_32_load' <Predicate = (exitcond110570)> <Delay = 0.00>
ST_1 : Operation 251 [1/1] (0.00ns)   --->   "%sysarrayC_33_load = load i32 %sysarrayC_33"   --->   Operation 251 'load' 'sysarrayC_33_load' <Predicate = (exitcond110570)> <Delay = 0.00>
ST_1 : Operation 252 [1/1] (0.00ns)   --->   "%sysarrayC_34_load = load i32 %sysarrayC_34"   --->   Operation 252 'load' 'sysarrayC_34_load' <Predicate = (exitcond110570)> <Delay = 0.00>
ST_1 : Operation 253 [1/1] (0.00ns)   --->   "%sysarrayC_35_load = load i32 %sysarrayC_35"   --->   Operation 253 'load' 'sysarrayC_35_load' <Predicate = (exitcond110570)> <Delay = 0.00>
ST_1 : Operation 254 [1/1] (0.00ns)   --->   "%sysarrayC_36_load = load i32 %sysarrayC_36"   --->   Operation 254 'load' 'sysarrayC_36_load' <Predicate = (exitcond110570)> <Delay = 0.00>
ST_1 : Operation 255 [1/1] (0.00ns)   --->   "%sysarrayC_37_load = load i32 %sysarrayC_37"   --->   Operation 255 'load' 'sysarrayC_37_load' <Predicate = (exitcond110570)> <Delay = 0.00>
ST_1 : Operation 256 [1/1] (0.00ns)   --->   "%sysarrayC_38_load = load i32 %sysarrayC_38"   --->   Operation 256 'load' 'sysarrayC_38_load' <Predicate = (exitcond110570)> <Delay = 0.00>
ST_1 : Operation 257 [1/1] (0.00ns)   --->   "%sysarrayC_39_load = load i32 %sysarrayC_39"   --->   Operation 257 'load' 'sysarrayC_39_load' <Predicate = (exitcond110570)> <Delay = 0.00>
ST_1 : Operation 258 [1/1] (0.00ns)   --->   "%sysarrayC_40_load = load i32 %sysarrayC_40"   --->   Operation 258 'load' 'sysarrayC_40_load' <Predicate = (exitcond110570)> <Delay = 0.00>
ST_1 : Operation 259 [1/1] (0.00ns)   --->   "%sysarrayC_41_load = load i32 %sysarrayC_41"   --->   Operation 259 'load' 'sysarrayC_41_load' <Predicate = (exitcond110570)> <Delay = 0.00>
ST_1 : Operation 260 [1/1] (0.00ns)   --->   "%sysarrayC_42_load = load i32 %sysarrayC_42"   --->   Operation 260 'load' 'sysarrayC_42_load' <Predicate = (exitcond110570)> <Delay = 0.00>
ST_1 : Operation 261 [1/1] (0.00ns)   --->   "%sysarrayC_43_load = load i32 %sysarrayC_43"   --->   Operation 261 'load' 'sysarrayC_43_load' <Predicate = (exitcond110570)> <Delay = 0.00>
ST_1 : Operation 262 [1/1] (0.00ns)   --->   "%sysarrayC_44_load = load i32 %sysarrayC_44"   --->   Operation 262 'load' 'sysarrayC_44_load' <Predicate = (exitcond110570)> <Delay = 0.00>
ST_1 : Operation 263 [1/1] (0.00ns)   --->   "%sysarrayC_45_load = load i32 %sysarrayC_45"   --->   Operation 263 'load' 'sysarrayC_45_load' <Predicate = (exitcond110570)> <Delay = 0.00>
ST_1 : Operation 264 [1/1] (0.00ns)   --->   "%sysarrayC_46_load = load i32 %sysarrayC_46"   --->   Operation 264 'load' 'sysarrayC_46_load' <Predicate = (exitcond110570)> <Delay = 0.00>
ST_1 : Operation 265 [1/1] (0.00ns)   --->   "%sysarrayC_47_load = load i32 %sysarrayC_47"   --->   Operation 265 'load' 'sysarrayC_47_load' <Predicate = (exitcond110570)> <Delay = 0.00>
ST_1 : Operation 266 [1/1] (0.00ns)   --->   "%sysarrayC_48_load = load i32 %sysarrayC_48"   --->   Operation 266 'load' 'sysarrayC_48_load' <Predicate = (exitcond110570)> <Delay = 0.00>
ST_1 : Operation 267 [1/1] (0.00ns)   --->   "%sysarrayC_49_load = load i32 %sysarrayC_49"   --->   Operation 267 'load' 'sysarrayC_49_load' <Predicate = (exitcond110570)> <Delay = 0.00>
ST_1 : Operation 268 [1/1] (0.00ns)   --->   "%sysarrayC_50_load = load i32 %sysarrayC_50"   --->   Operation 268 'load' 'sysarrayC_50_load' <Predicate = (exitcond110570)> <Delay = 0.00>
ST_1 : Operation 269 [1/1] (0.00ns)   --->   "%sysarrayC_51_load = load i32 %sysarrayC_51"   --->   Operation 269 'load' 'sysarrayC_51_load' <Predicate = (exitcond110570)> <Delay = 0.00>
ST_1 : Operation 270 [1/1] (0.00ns)   --->   "%sysarrayC_52_load = load i32 %sysarrayC_52"   --->   Operation 270 'load' 'sysarrayC_52_load' <Predicate = (exitcond110570)> <Delay = 0.00>
ST_1 : Operation 271 [1/1] (0.00ns)   --->   "%sysarrayC_53_load = load i32 %sysarrayC_53"   --->   Operation 271 'load' 'sysarrayC_53_load' <Predicate = (exitcond110570)> <Delay = 0.00>
ST_1 : Operation 272 [1/1] (0.00ns)   --->   "%sysarrayC_54_load = load i32 %sysarrayC_54"   --->   Operation 272 'load' 'sysarrayC_54_load' <Predicate = (exitcond110570)> <Delay = 0.00>
ST_1 : Operation 273 [1/1] (0.00ns)   --->   "%sysarrayC_55_load = load i32 %sysarrayC_55"   --->   Operation 273 'load' 'sysarrayC_55_load' <Predicate = (exitcond110570)> <Delay = 0.00>
ST_1 : Operation 274 [1/1] (0.00ns)   --->   "%sysarrayC_56_load = load i32 %sysarrayC_56"   --->   Operation 274 'load' 'sysarrayC_56_load' <Predicate = (exitcond110570)> <Delay = 0.00>
ST_1 : Operation 275 [1/1] (0.00ns)   --->   "%sysarrayC_57_load = load i32 %sysarrayC_57"   --->   Operation 275 'load' 'sysarrayC_57_load' <Predicate = (exitcond110570)> <Delay = 0.00>
ST_1 : Operation 276 [1/1] (0.00ns)   --->   "%sysarrayC_58_load = load i32 %sysarrayC_58"   --->   Operation 276 'load' 'sysarrayC_58_load' <Predicate = (exitcond110570)> <Delay = 0.00>
ST_1 : Operation 277 [1/1] (0.00ns)   --->   "%sysarrayC_59_load = load i32 %sysarrayC_59"   --->   Operation 277 'load' 'sysarrayC_59_load' <Predicate = (exitcond110570)> <Delay = 0.00>
ST_1 : Operation 278 [1/1] (0.00ns)   --->   "%sysarrayC_60_load = load i32 %sysarrayC_60"   --->   Operation 278 'load' 'sysarrayC_60_load' <Predicate = (exitcond110570)> <Delay = 0.00>
ST_1 : Operation 279 [1/1] (0.00ns)   --->   "%sysarrayC_61_load = load i32 %sysarrayC_61"   --->   Operation 279 'load' 'sysarrayC_61_load' <Predicate = (exitcond110570)> <Delay = 0.00>
ST_1 : Operation 280 [1/1] (0.00ns)   --->   "%sysarrayC_62_load = load i32 %sysarrayC_62"   --->   Operation 280 'load' 'sysarrayC_62_load' <Predicate = (exitcond110570)> <Delay = 0.00>
ST_1 : Operation 281 [1/1] (0.00ns)   --->   "%sysarrayC_63_load = load i32 %sysarrayC_63"   --->   Operation 281 'load' 'sysarrayC_63_load' <Predicate = (exitcond110570)> <Delay = 0.00>
ST_1 : Operation 282 [1/1] (0.00ns)   --->   "%write_ln0 = write void @_ssdm_op_Write.ap_auto.i32P0A, i32 %sysarrayC_63_out, i32 %sysarrayC_63_load"   --->   Operation 282 'write' 'write_ln0' <Predicate = (exitcond110570)> <Delay = 0.00>
ST_1 : Operation 283 [1/1] (0.00ns)   --->   "%write_ln0 = write void @_ssdm_op_Write.ap_auto.i32P0A, i32 %sysarrayC_62_out, i32 %sysarrayC_62_load"   --->   Operation 283 'write' 'write_ln0' <Predicate = (exitcond110570)> <Delay = 0.00>
ST_1 : Operation 284 [1/1] (0.00ns)   --->   "%write_ln0 = write void @_ssdm_op_Write.ap_auto.i32P0A, i32 %sysarrayC_61_out, i32 %sysarrayC_61_load"   --->   Operation 284 'write' 'write_ln0' <Predicate = (exitcond110570)> <Delay = 0.00>
ST_1 : Operation 285 [1/1] (0.00ns)   --->   "%write_ln0 = write void @_ssdm_op_Write.ap_auto.i32P0A, i32 %sysarrayC_60_out, i32 %sysarrayC_60_load"   --->   Operation 285 'write' 'write_ln0' <Predicate = (exitcond110570)> <Delay = 0.00>
ST_1 : Operation 286 [1/1] (0.00ns)   --->   "%write_ln0 = write void @_ssdm_op_Write.ap_auto.i32P0A, i32 %sysarrayC_59_out, i32 %sysarrayC_59_load"   --->   Operation 286 'write' 'write_ln0' <Predicate = (exitcond110570)> <Delay = 0.00>
ST_1 : Operation 287 [1/1] (0.00ns)   --->   "%write_ln0 = write void @_ssdm_op_Write.ap_auto.i32P0A, i32 %sysarrayC_58_out, i32 %sysarrayC_58_load"   --->   Operation 287 'write' 'write_ln0' <Predicate = (exitcond110570)> <Delay = 0.00>
ST_1 : Operation 288 [1/1] (0.00ns)   --->   "%write_ln0 = write void @_ssdm_op_Write.ap_auto.i32P0A, i32 %sysarrayC_57_out, i32 %sysarrayC_57_load"   --->   Operation 288 'write' 'write_ln0' <Predicate = (exitcond110570)> <Delay = 0.00>
ST_1 : Operation 289 [1/1] (0.00ns)   --->   "%write_ln0 = write void @_ssdm_op_Write.ap_auto.i32P0A, i32 %sysarrayC_56_out, i32 %sysarrayC_56_load"   --->   Operation 289 'write' 'write_ln0' <Predicate = (exitcond110570)> <Delay = 0.00>
ST_1 : Operation 290 [1/1] (0.00ns)   --->   "%write_ln0 = write void @_ssdm_op_Write.ap_auto.i32P0A, i32 %sysarrayC_55_out, i32 %sysarrayC_55_load"   --->   Operation 290 'write' 'write_ln0' <Predicate = (exitcond110570)> <Delay = 0.00>
ST_1 : Operation 291 [1/1] (0.00ns)   --->   "%write_ln0 = write void @_ssdm_op_Write.ap_auto.i32P0A, i32 %sysarrayC_54_out, i32 %sysarrayC_54_load"   --->   Operation 291 'write' 'write_ln0' <Predicate = (exitcond110570)> <Delay = 0.00>
ST_1 : Operation 292 [1/1] (0.00ns)   --->   "%write_ln0 = write void @_ssdm_op_Write.ap_auto.i32P0A, i32 %sysarrayC_53_out, i32 %sysarrayC_53_load"   --->   Operation 292 'write' 'write_ln0' <Predicate = (exitcond110570)> <Delay = 0.00>
ST_1 : Operation 293 [1/1] (0.00ns)   --->   "%write_ln0 = write void @_ssdm_op_Write.ap_auto.i32P0A, i32 %sysarrayC_52_out, i32 %sysarrayC_52_load"   --->   Operation 293 'write' 'write_ln0' <Predicate = (exitcond110570)> <Delay = 0.00>
ST_1 : Operation 294 [1/1] (0.00ns)   --->   "%write_ln0 = write void @_ssdm_op_Write.ap_auto.i32P0A, i32 %sysarrayC_51_out, i32 %sysarrayC_51_load"   --->   Operation 294 'write' 'write_ln0' <Predicate = (exitcond110570)> <Delay = 0.00>
ST_1 : Operation 295 [1/1] (0.00ns)   --->   "%write_ln0 = write void @_ssdm_op_Write.ap_auto.i32P0A, i32 %sysarrayC_50_out, i32 %sysarrayC_50_load"   --->   Operation 295 'write' 'write_ln0' <Predicate = (exitcond110570)> <Delay = 0.00>
ST_1 : Operation 296 [1/1] (0.00ns)   --->   "%write_ln0 = write void @_ssdm_op_Write.ap_auto.i32P0A, i32 %sysarrayC_49_out, i32 %sysarrayC_49_load"   --->   Operation 296 'write' 'write_ln0' <Predicate = (exitcond110570)> <Delay = 0.00>
ST_1 : Operation 297 [1/1] (0.00ns)   --->   "%write_ln0 = write void @_ssdm_op_Write.ap_auto.i32P0A, i32 %sysarrayC_48_out, i32 %sysarrayC_48_load"   --->   Operation 297 'write' 'write_ln0' <Predicate = (exitcond110570)> <Delay = 0.00>
ST_1 : Operation 298 [1/1] (0.00ns)   --->   "%write_ln0 = write void @_ssdm_op_Write.ap_auto.i32P0A, i32 %sysarrayC_47_out, i32 %sysarrayC_47_load"   --->   Operation 298 'write' 'write_ln0' <Predicate = (exitcond110570)> <Delay = 0.00>
ST_1 : Operation 299 [1/1] (0.00ns)   --->   "%write_ln0 = write void @_ssdm_op_Write.ap_auto.i32P0A, i32 %sysarrayC_46_out, i32 %sysarrayC_46_load"   --->   Operation 299 'write' 'write_ln0' <Predicate = (exitcond110570)> <Delay = 0.00>
ST_1 : Operation 300 [1/1] (0.00ns)   --->   "%write_ln0 = write void @_ssdm_op_Write.ap_auto.i32P0A, i32 %sysarrayC_45_out, i32 %sysarrayC_45_load"   --->   Operation 300 'write' 'write_ln0' <Predicate = (exitcond110570)> <Delay = 0.00>
ST_1 : Operation 301 [1/1] (0.00ns)   --->   "%write_ln0 = write void @_ssdm_op_Write.ap_auto.i32P0A, i32 %sysarrayC_44_out, i32 %sysarrayC_44_load"   --->   Operation 301 'write' 'write_ln0' <Predicate = (exitcond110570)> <Delay = 0.00>
ST_1 : Operation 302 [1/1] (0.00ns)   --->   "%write_ln0 = write void @_ssdm_op_Write.ap_auto.i32P0A, i32 %sysarrayC_43_out, i32 %sysarrayC_43_load"   --->   Operation 302 'write' 'write_ln0' <Predicate = (exitcond110570)> <Delay = 0.00>
ST_1 : Operation 303 [1/1] (0.00ns)   --->   "%write_ln0 = write void @_ssdm_op_Write.ap_auto.i32P0A, i32 %sysarrayC_42_out, i32 %sysarrayC_42_load"   --->   Operation 303 'write' 'write_ln0' <Predicate = (exitcond110570)> <Delay = 0.00>
ST_1 : Operation 304 [1/1] (0.00ns)   --->   "%write_ln0 = write void @_ssdm_op_Write.ap_auto.i32P0A, i32 %sysarrayC_41_out, i32 %sysarrayC_41_load"   --->   Operation 304 'write' 'write_ln0' <Predicate = (exitcond110570)> <Delay = 0.00>
ST_1 : Operation 305 [1/1] (0.00ns)   --->   "%write_ln0 = write void @_ssdm_op_Write.ap_auto.i32P0A, i32 %sysarrayC_40_out, i32 %sysarrayC_40_load"   --->   Operation 305 'write' 'write_ln0' <Predicate = (exitcond110570)> <Delay = 0.00>
ST_1 : Operation 306 [1/1] (0.00ns)   --->   "%write_ln0 = write void @_ssdm_op_Write.ap_auto.i32P0A, i32 %sysarrayC_39_out, i32 %sysarrayC_39_load"   --->   Operation 306 'write' 'write_ln0' <Predicate = (exitcond110570)> <Delay = 0.00>
ST_1 : Operation 307 [1/1] (0.00ns)   --->   "%write_ln0 = write void @_ssdm_op_Write.ap_auto.i32P0A, i32 %sysarrayC_38_out, i32 %sysarrayC_38_load"   --->   Operation 307 'write' 'write_ln0' <Predicate = (exitcond110570)> <Delay = 0.00>
ST_1 : Operation 308 [1/1] (0.00ns)   --->   "%write_ln0 = write void @_ssdm_op_Write.ap_auto.i32P0A, i32 %sysarrayC_37_out, i32 %sysarrayC_37_load"   --->   Operation 308 'write' 'write_ln0' <Predicate = (exitcond110570)> <Delay = 0.00>
ST_1 : Operation 309 [1/1] (0.00ns)   --->   "%write_ln0 = write void @_ssdm_op_Write.ap_auto.i32P0A, i32 %sysarrayC_36_out, i32 %sysarrayC_36_load"   --->   Operation 309 'write' 'write_ln0' <Predicate = (exitcond110570)> <Delay = 0.00>
ST_1 : Operation 310 [1/1] (0.00ns)   --->   "%write_ln0 = write void @_ssdm_op_Write.ap_auto.i32P0A, i32 %sysarrayC_35_out, i32 %sysarrayC_35_load"   --->   Operation 310 'write' 'write_ln0' <Predicate = (exitcond110570)> <Delay = 0.00>
ST_1 : Operation 311 [1/1] (0.00ns)   --->   "%write_ln0 = write void @_ssdm_op_Write.ap_auto.i32P0A, i32 %sysarrayC_34_out, i32 %sysarrayC_34_load"   --->   Operation 311 'write' 'write_ln0' <Predicate = (exitcond110570)> <Delay = 0.00>
ST_1 : Operation 312 [1/1] (0.00ns)   --->   "%write_ln0 = write void @_ssdm_op_Write.ap_auto.i32P0A, i32 %sysarrayC_33_out, i32 %sysarrayC_33_load"   --->   Operation 312 'write' 'write_ln0' <Predicate = (exitcond110570)> <Delay = 0.00>
ST_1 : Operation 313 [1/1] (0.00ns)   --->   "%write_ln0 = write void @_ssdm_op_Write.ap_auto.i32P0A, i32 %sysarrayC_32_out, i32 %sysarrayC_32_load"   --->   Operation 313 'write' 'write_ln0' <Predicate = (exitcond110570)> <Delay = 0.00>
ST_1 : Operation 314 [1/1] (0.00ns)   --->   "%write_ln0 = write void @_ssdm_op_Write.ap_auto.i32P0A, i32 %sysarrayC_31_out, i32 %sysarrayC_31_load"   --->   Operation 314 'write' 'write_ln0' <Predicate = (exitcond110570)> <Delay = 0.00>
ST_1 : Operation 315 [1/1] (0.00ns)   --->   "%write_ln0 = write void @_ssdm_op_Write.ap_auto.i32P0A, i32 %sysarrayC_30_out, i32 %sysarrayC_30_load"   --->   Operation 315 'write' 'write_ln0' <Predicate = (exitcond110570)> <Delay = 0.00>
ST_1 : Operation 316 [1/1] (0.00ns)   --->   "%write_ln0 = write void @_ssdm_op_Write.ap_auto.i32P0A, i32 %sysarrayC_29_out, i32 %sysarrayC_29_load"   --->   Operation 316 'write' 'write_ln0' <Predicate = (exitcond110570)> <Delay = 0.00>
ST_1 : Operation 317 [1/1] (0.00ns)   --->   "%write_ln0 = write void @_ssdm_op_Write.ap_auto.i32P0A, i32 %sysarrayC_28_out, i32 %sysarrayC_28_load"   --->   Operation 317 'write' 'write_ln0' <Predicate = (exitcond110570)> <Delay = 0.00>
ST_1 : Operation 318 [1/1] (0.00ns)   --->   "%write_ln0 = write void @_ssdm_op_Write.ap_auto.i32P0A, i32 %sysarrayC_27_out, i32 %sysarrayC_27_load"   --->   Operation 318 'write' 'write_ln0' <Predicate = (exitcond110570)> <Delay = 0.00>
ST_1 : Operation 319 [1/1] (0.00ns)   --->   "%write_ln0 = write void @_ssdm_op_Write.ap_auto.i32P0A, i32 %sysarrayC_26_out, i32 %sysarrayC_26_load"   --->   Operation 319 'write' 'write_ln0' <Predicate = (exitcond110570)> <Delay = 0.00>
ST_1 : Operation 320 [1/1] (0.00ns)   --->   "%write_ln0 = write void @_ssdm_op_Write.ap_auto.i32P0A, i32 %sysarrayC_25_out, i32 %sysarrayC_25_load"   --->   Operation 320 'write' 'write_ln0' <Predicate = (exitcond110570)> <Delay = 0.00>
ST_1 : Operation 321 [1/1] (0.00ns)   --->   "%write_ln0 = write void @_ssdm_op_Write.ap_auto.i32P0A, i32 %sysarrayC_24_out, i32 %sysarrayC_24_load"   --->   Operation 321 'write' 'write_ln0' <Predicate = (exitcond110570)> <Delay = 0.00>
ST_1 : Operation 322 [1/1] (0.00ns)   --->   "%write_ln0 = write void @_ssdm_op_Write.ap_auto.i32P0A, i32 %sysarrayC_23_out, i32 %sysarrayC_23_load"   --->   Operation 322 'write' 'write_ln0' <Predicate = (exitcond110570)> <Delay = 0.00>
ST_1 : Operation 323 [1/1] (0.00ns)   --->   "%write_ln0 = write void @_ssdm_op_Write.ap_auto.i32P0A, i32 %sysarrayC_22_out, i32 %sysarrayC_22_load"   --->   Operation 323 'write' 'write_ln0' <Predicate = (exitcond110570)> <Delay = 0.00>
ST_1 : Operation 324 [1/1] (0.00ns)   --->   "%write_ln0 = write void @_ssdm_op_Write.ap_auto.i32P0A, i32 %sysarrayC_21_out, i32 %sysarrayC_21_load"   --->   Operation 324 'write' 'write_ln0' <Predicate = (exitcond110570)> <Delay = 0.00>
ST_1 : Operation 325 [1/1] (0.00ns)   --->   "%write_ln0 = write void @_ssdm_op_Write.ap_auto.i32P0A, i32 %sysarrayC_20_out, i32 %sysarrayC_20_load"   --->   Operation 325 'write' 'write_ln0' <Predicate = (exitcond110570)> <Delay = 0.00>
ST_1 : Operation 326 [1/1] (0.00ns)   --->   "%write_ln0 = write void @_ssdm_op_Write.ap_auto.i32P0A, i32 %sysarrayC_19_out, i32 %sysarrayC_19_load"   --->   Operation 326 'write' 'write_ln0' <Predicate = (exitcond110570)> <Delay = 0.00>
ST_1 : Operation 327 [1/1] (0.00ns)   --->   "%write_ln0 = write void @_ssdm_op_Write.ap_auto.i32P0A, i32 %sysarrayC_18_out, i32 %sysarrayC_18_load"   --->   Operation 327 'write' 'write_ln0' <Predicate = (exitcond110570)> <Delay = 0.00>
ST_1 : Operation 328 [1/1] (0.00ns)   --->   "%write_ln0 = write void @_ssdm_op_Write.ap_auto.i32P0A, i32 %sysarrayC_17_out, i32 %sysarrayC_17_load"   --->   Operation 328 'write' 'write_ln0' <Predicate = (exitcond110570)> <Delay = 0.00>
ST_1 : Operation 329 [1/1] (0.00ns)   --->   "%write_ln0 = write void @_ssdm_op_Write.ap_auto.i32P0A, i32 %sysarrayC_16_out, i32 %sysarrayC_16_load"   --->   Operation 329 'write' 'write_ln0' <Predicate = (exitcond110570)> <Delay = 0.00>
ST_1 : Operation 330 [1/1] (0.00ns)   --->   "%write_ln0 = write void @_ssdm_op_Write.ap_auto.i32P0A, i32 %sysarrayC_15_out, i32 %sysarrayC_15_load"   --->   Operation 330 'write' 'write_ln0' <Predicate = (exitcond110570)> <Delay = 0.00>
ST_1 : Operation 331 [1/1] (0.00ns)   --->   "%write_ln0 = write void @_ssdm_op_Write.ap_auto.i32P0A, i32 %sysarrayC_14_out, i32 %sysarrayC_14_load"   --->   Operation 331 'write' 'write_ln0' <Predicate = (exitcond110570)> <Delay = 0.00>
ST_1 : Operation 332 [1/1] (0.00ns)   --->   "%write_ln0 = write void @_ssdm_op_Write.ap_auto.i32P0A, i32 %sysarrayC_13_out, i32 %sysarrayC_13_load"   --->   Operation 332 'write' 'write_ln0' <Predicate = (exitcond110570)> <Delay = 0.00>
ST_1 : Operation 333 [1/1] (0.00ns)   --->   "%write_ln0 = write void @_ssdm_op_Write.ap_auto.i32P0A, i32 %sysarrayC_12_out, i32 %sysarrayC_12_load"   --->   Operation 333 'write' 'write_ln0' <Predicate = (exitcond110570)> <Delay = 0.00>
ST_1 : Operation 334 [1/1] (0.00ns)   --->   "%write_ln0 = write void @_ssdm_op_Write.ap_auto.i32P0A, i32 %sysarrayC_11_out, i32 %sysarrayC_11_load"   --->   Operation 334 'write' 'write_ln0' <Predicate = (exitcond110570)> <Delay = 0.00>
ST_1 : Operation 335 [1/1] (0.00ns)   --->   "%write_ln0 = write void @_ssdm_op_Write.ap_auto.i32P0A, i32 %sysarrayC_10_out, i32 %sysarrayC_10_load"   --->   Operation 335 'write' 'write_ln0' <Predicate = (exitcond110570)> <Delay = 0.00>
ST_1 : Operation 336 [1/1] (0.00ns)   --->   "%write_ln0 = write void @_ssdm_op_Write.ap_auto.i32P0A, i32 %sysarrayC_9_out, i32 %sysarrayC_9_load"   --->   Operation 336 'write' 'write_ln0' <Predicate = (exitcond110570)> <Delay = 0.00>
ST_1 : Operation 337 [1/1] (0.00ns)   --->   "%write_ln0 = write void @_ssdm_op_Write.ap_auto.i32P0A, i32 %sysarrayC_8_out, i32 %sysarrayC_8_load"   --->   Operation 337 'write' 'write_ln0' <Predicate = (exitcond110570)> <Delay = 0.00>
ST_1 : Operation 338 [1/1] (0.00ns)   --->   "%write_ln0 = write void @_ssdm_op_Write.ap_auto.i32P0A, i32 %sysarrayC_7_out, i32 %sysarrayC_7_load"   --->   Operation 338 'write' 'write_ln0' <Predicate = (exitcond110570)> <Delay = 0.00>
ST_1 : Operation 339 [1/1] (0.00ns)   --->   "%write_ln0 = write void @_ssdm_op_Write.ap_auto.i32P0A, i32 %sysarrayC_6_out, i32 %sysarrayC_6_load"   --->   Operation 339 'write' 'write_ln0' <Predicate = (exitcond110570)> <Delay = 0.00>
ST_1 : Operation 340 [1/1] (0.00ns)   --->   "%write_ln0 = write void @_ssdm_op_Write.ap_auto.i32P0A, i32 %sysarrayC_5_out, i32 %sysarrayC_5_load"   --->   Operation 340 'write' 'write_ln0' <Predicate = (exitcond110570)> <Delay = 0.00>
ST_1 : Operation 341 [1/1] (0.00ns)   --->   "%write_ln0 = write void @_ssdm_op_Write.ap_auto.i32P0A, i32 %sysarrayC_4_out, i32 %sysarrayC_4_load"   --->   Operation 341 'write' 'write_ln0' <Predicate = (exitcond110570)> <Delay = 0.00>
ST_1 : Operation 342 [1/1] (0.00ns)   --->   "%write_ln0 = write void @_ssdm_op_Write.ap_auto.i32P0A, i32 %sysarrayC_3_out, i32 %sysarrayC_3_load"   --->   Operation 342 'write' 'write_ln0' <Predicate = (exitcond110570)> <Delay = 0.00>
ST_1 : Operation 343 [1/1] (0.00ns)   --->   "%write_ln0 = write void @_ssdm_op_Write.ap_auto.i32P0A, i32 %sysarrayC_2_out, i32 %sysarrayC_2_load"   --->   Operation 343 'write' 'write_ln0' <Predicate = (exitcond110570)> <Delay = 0.00>
ST_1 : Operation 344 [1/1] (0.00ns)   --->   "%write_ln0 = write void @_ssdm_op_Write.ap_auto.i32P0A, i32 %sysarrayC_1_out, i32 %sysarrayC_1_load"   --->   Operation 344 'write' 'write_ln0' <Predicate = (exitcond110570)> <Delay = 0.00>
ST_1 : Operation 345 [1/1] (0.00ns)   --->   "%write_ln0 = write void @_ssdm_op_Write.ap_auto.i32P0A, i32 %sysarrayC_out, i32 %sysarrayC_load"   --->   Operation 345 'write' 'write_ln0' <Predicate = (exitcond110570)> <Delay = 0.00>
ST_1 : Operation 346 [1/1] (0.00ns)   --->   "%ret_ln0 = ret"   --->   Operation 346 'ret' 'ret_ln0' <Predicate = (exitcond110570)> <Delay = 0.00>


============================================================
+ Verbose Summary: Timing violations
============================================================
Target clock period: 10ns, clock uncertainty: 2.7ns.

 <State 1>: 1.24ns
The critical path consists of the following:
	'alloca' operation ('empty') [65]  (0 ns)
	'load' operation ('p_load') on local variable 'empty' [133]  (0 ns)
	'add' operation ('empty_100') [137]  (0.773 ns)
	'store' operation ('store_ln0') of variable 'empty_100' on local variable 'empty' [352]  (0.427 ns)
	blocking operation 0.044 ns on control path)


============================================================
+ Verbose Summary: Binding
============================================================
N/A
* FSMD analyzer results:
  - Output states:
 - Input state : 
  - Chain level:
	State 1


============================================================
+ Verbose Summary: Datapath Resource usage 
============================================================
N/A
