

================================================================
== Vitis HLS Report for 'multiplier_Pipeline_5'
================================================================
* Date:           Sun Jan 29 23:46:42 2023

* Version:        2022.2 (Build 3670227 on Oct 13 2022)
* Project:        Systolic-Matrix-Multiplier
* Solution:       solution (Vitis Kernel Flow Target)
* Product family: zynquplus
* Target device:  xck26-sfvc784-2LV-c


================================================================
== Performance Estimates
================================================================
+ Timing: 
    * Summary: 
    +--------+----------+----------+------------+
    |  Clock |  Target  | Estimated| Uncertainty|
    +--------+----------+----------+------------+
    |ap_clk  |  10.00 ns|  1.244 ns|     2.70 ns|
    +--------+----------+----------+------------+

+ Latency: 
    * Summary: 
    +---------+---------+----------+----------+-----+-----+---------+
    |  Latency (cycles) |  Latency (absolute) |  Interval | Pipeline|
    |   min   |   max   |    min   |    max   | min | max |   Type  |
    +---------+---------+----------+----------+-----+-----+---------+
    |       66|       66|  0.660 us|  0.660 us|   66|   66|       no|
    +---------+---------+----------+----------+-----+-----+---------+

    + Detail: 
        * Instance: 
        N/A

        * Loop: 
        +----------+---------+---------+----------+-----------+-----------+------+----------+
        |          |  Latency (cycles) | Iteration|  Initiation Interval  | Trip |          |
        | Loop Name|   min   |   max   |  Latency |  achieved |   target  | Count| Pipelined|
        +----------+---------+---------+----------+-----------+-----------+------+----------+
        |- Loop 1  |       64|       64|         1|          1|          1|    64|       yes|
        +----------+---------+---------+----------+-----------+-----------+------+----------+

============================================================
+ Verbose Summary: Synthesis Manager
============================================================
InlineROM: 1
ExposeGlobal: 0
============================================================
+ Verbose Summary: CDFG Model
============================================================
IsTopModel: 0
ResetActiveHigh: 1
IsCombinational: 0
IsDatapathOnly: 0
HasWiredReturn: 1
HasMFsm: 2
HasVarLatency: 1
IsPipeline: 0
IsRtlPipelined: 0
IsInstanceOverlapped: 0
IsDontTouch: 0
HasImplIP: 0
IsGatedGlobalClock: 0

+ Individual pipeline summary: 
  * Pipeline-0: initiation interval (II) = 1, depth = 1


============================================================
+ Verbose Summary: Schedule
============================================================
* Number of FSM states : 1
* Pipeline : 1
  Pipeline-0 : II = 1, D = 1, States = { 1 }
* Dataflow Pipeline: 0

* FSM state transitions: 
1 --> 

* FSM state operations: 

State 1 <SV = 0> <Delay = 1.24>
ST_1 : Operation 4 [1/1] (0.00ns)   --->   "%empty = alloca i32 1"   --->   Operation 4 'alloca' 'empty' <Predicate = true> <Delay = 0.00>
ST_1 : Operation 5 [1/1] (0.00ns)   --->   "%sysarrayB_rb = alloca i32 1"   --->   Operation 5 'alloca' 'sysarrayB_rb' <Predicate = true> <Delay = 0.00>
ST_1 : Operation 6 [1/1] (0.00ns)   --->   "%sysarrayB_rb_1 = alloca i32 1"   --->   Operation 6 'alloca' 'sysarrayB_rb_1' <Predicate = true> <Delay = 0.00>
ST_1 : Operation 7 [1/1] (0.00ns)   --->   "%sysarrayB_rb_2 = alloca i32 1"   --->   Operation 7 'alloca' 'sysarrayB_rb_2' <Predicate = true> <Delay = 0.00>
ST_1 : Operation 8 [1/1] (0.00ns)   --->   "%sysarrayB_rb_3 = alloca i32 1"   --->   Operation 8 'alloca' 'sysarrayB_rb_3' <Predicate = true> <Delay = 0.00>
ST_1 : Operation 9 [1/1] (0.00ns)   --->   "%sysarrayB_rb_4 = alloca i32 1"   --->   Operation 9 'alloca' 'sysarrayB_rb_4' <Predicate = true> <Delay = 0.00>
ST_1 : Operation 10 [1/1] (0.00ns)   --->   "%sysarrayB_rb_5 = alloca i32 1"   --->   Operation 10 'alloca' 'sysarrayB_rb_5' <Predicate = true> <Delay = 0.00>
ST_1 : Operation 11 [1/1] (0.00ns)   --->   "%sysarrayB_rb_6 = alloca i32 1"   --->   Operation 11 'alloca' 'sysarrayB_rb_6' <Predicate = true> <Delay = 0.00>
ST_1 : Operation 12 [1/1] (0.00ns)   --->   "%sysarrayB_rb_7 = alloca i32 1"   --->   Operation 12 'alloca' 'sysarrayB_rb_7' <Predicate = true> <Delay = 0.00>
ST_1 : Operation 13 [1/1] (0.00ns)   --->   "%sysarrayB_rb_8 = alloca i32 1"   --->   Operation 13 'alloca' 'sysarrayB_rb_8' <Predicate = true> <Delay = 0.00>
ST_1 : Operation 14 [1/1] (0.00ns)   --->   "%sysarrayB_rb_9 = alloca i32 1"   --->   Operation 14 'alloca' 'sysarrayB_rb_9' <Predicate = true> <Delay = 0.00>
ST_1 : Operation 15 [1/1] (0.00ns)   --->   "%sysarrayB_rb_10 = alloca i32 1"   --->   Operation 15 'alloca' 'sysarrayB_rb_10' <Predicate = true> <Delay = 0.00>
ST_1 : Operation 16 [1/1] (0.00ns)   --->   "%sysarrayB_rb_11 = alloca i32 1"   --->   Operation 16 'alloca' 'sysarrayB_rb_11' <Predicate = true> <Delay = 0.00>
ST_1 : Operation 17 [1/1] (0.00ns)   --->   "%sysarrayB_rb_12 = alloca i32 1"   --->   Operation 17 'alloca' 'sysarrayB_rb_12' <Predicate = true> <Delay = 0.00>
ST_1 : Operation 18 [1/1] (0.00ns)   --->   "%sysarrayB_rb_13 = alloca i32 1"   --->   Operation 18 'alloca' 'sysarrayB_rb_13' <Predicate = true> <Delay = 0.00>
ST_1 : Operation 19 [1/1] (0.00ns)   --->   "%sysarrayB_rb_14 = alloca i32 1"   --->   Operation 19 'alloca' 'sysarrayB_rb_14' <Predicate = true> <Delay = 0.00>
ST_1 : Operation 20 [1/1] (0.00ns)   --->   "%sysarrayB_rb_15 = alloca i32 1"   --->   Operation 20 'alloca' 'sysarrayB_rb_15' <Predicate = true> <Delay = 0.00>
ST_1 : Operation 21 [1/1] (0.00ns)   --->   "%sysarrayB_rb_16 = alloca i32 1"   --->   Operation 21 'alloca' 'sysarrayB_rb_16' <Predicate = true> <Delay = 0.00>
ST_1 : Operation 22 [1/1] (0.00ns)   --->   "%sysarrayB_rb_17 = alloca i32 1"   --->   Operation 22 'alloca' 'sysarrayB_rb_17' <Predicate = true> <Delay = 0.00>
ST_1 : Operation 23 [1/1] (0.00ns)   --->   "%sysarrayB_rb_18 = alloca i32 1"   --->   Operation 23 'alloca' 'sysarrayB_rb_18' <Predicate = true> <Delay = 0.00>
ST_1 : Operation 24 [1/1] (0.00ns)   --->   "%sysarrayB_rb_19 = alloca i32 1"   --->   Operation 24 'alloca' 'sysarrayB_rb_19' <Predicate = true> <Delay = 0.00>
ST_1 : Operation 25 [1/1] (0.00ns)   --->   "%sysarrayB_rb_20 = alloca i32 1"   --->   Operation 25 'alloca' 'sysarrayB_rb_20' <Predicate = true> <Delay = 0.00>
ST_1 : Operation 26 [1/1] (0.00ns)   --->   "%sysarrayB_rb_21 = alloca i32 1"   --->   Operation 26 'alloca' 'sysarrayB_rb_21' <Predicate = true> <Delay = 0.00>
ST_1 : Operation 27 [1/1] (0.00ns)   --->   "%sysarrayB_rb_22 = alloca i32 1"   --->   Operation 27 'alloca' 'sysarrayB_rb_22' <Predicate = true> <Delay = 0.00>
ST_1 : Operation 28 [1/1] (0.00ns)   --->   "%sysarrayB_rb_23 = alloca i32 1"   --->   Operation 28 'alloca' 'sysarrayB_rb_23' <Predicate = true> <Delay = 0.00>
ST_1 : Operation 29 [1/1] (0.00ns)   --->   "%sysarrayB_rb_24 = alloca i32 1"   --->   Operation 29 'alloca' 'sysarrayB_rb_24' <Predicate = true> <Delay = 0.00>
ST_1 : Operation 30 [1/1] (0.00ns)   --->   "%sysarrayB_rb_25 = alloca i32 1"   --->   Operation 30 'alloca' 'sysarrayB_rb_25' <Predicate = true> <Delay = 0.00>
ST_1 : Operation 31 [1/1] (0.00ns)   --->   "%sysarrayB_rb_26 = alloca i32 1"   --->   Operation 31 'alloca' 'sysarrayB_rb_26' <Predicate = true> <Delay = 0.00>
ST_1 : Operation 32 [1/1] (0.00ns)   --->   "%sysarrayB_rb_27 = alloca i32 1"   --->   Operation 32 'alloca' 'sysarrayB_rb_27' <Predicate = true> <Delay = 0.00>
ST_1 : Operation 33 [1/1] (0.00ns)   --->   "%sysarrayB_rb_28 = alloca i32 1"   --->   Operation 33 'alloca' 'sysarrayB_rb_28' <Predicate = true> <Delay = 0.00>
ST_1 : Operation 34 [1/1] (0.00ns)   --->   "%sysarrayB_rb_29 = alloca i32 1"   --->   Operation 34 'alloca' 'sysarrayB_rb_29' <Predicate = true> <Delay = 0.00>
ST_1 : Operation 35 [1/1] (0.00ns)   --->   "%sysarrayB_rb_30 = alloca i32 1"   --->   Operation 35 'alloca' 'sysarrayB_rb_30' <Predicate = true> <Delay = 0.00>
ST_1 : Operation 36 [1/1] (0.00ns)   --->   "%sysarrayB_rb_31 = alloca i32 1"   --->   Operation 36 'alloca' 'sysarrayB_rb_31' <Predicate = true> <Delay = 0.00>
ST_1 : Operation 37 [1/1] (0.00ns)   --->   "%sysarrayB_rb_32 = alloca i32 1"   --->   Operation 37 'alloca' 'sysarrayB_rb_32' <Predicate = true> <Delay = 0.00>
ST_1 : Operation 38 [1/1] (0.00ns)   --->   "%sysarrayB_rb_33 = alloca i32 1"   --->   Operation 38 'alloca' 'sysarrayB_rb_33' <Predicate = true> <Delay = 0.00>
ST_1 : Operation 39 [1/1] (0.00ns)   --->   "%sysarrayB_rb_34 = alloca i32 1"   --->   Operation 39 'alloca' 'sysarrayB_rb_34' <Predicate = true> <Delay = 0.00>
ST_1 : Operation 40 [1/1] (0.00ns)   --->   "%sysarrayB_rb_35 = alloca i32 1"   --->   Operation 40 'alloca' 'sysarrayB_rb_35' <Predicate = true> <Delay = 0.00>
ST_1 : Operation 41 [1/1] (0.00ns)   --->   "%sysarrayB_rb_36 = alloca i32 1"   --->   Operation 41 'alloca' 'sysarrayB_rb_36' <Predicate = true> <Delay = 0.00>
ST_1 : Operation 42 [1/1] (0.00ns)   --->   "%sysarrayB_rb_37 = alloca i32 1"   --->   Operation 42 'alloca' 'sysarrayB_rb_37' <Predicate = true> <Delay = 0.00>
ST_1 : Operation 43 [1/1] (0.00ns)   --->   "%sysarrayB_rb_38 = alloca i32 1"   --->   Operation 43 'alloca' 'sysarrayB_rb_38' <Predicate = true> <Delay = 0.00>
ST_1 : Operation 44 [1/1] (0.00ns)   --->   "%sysarrayB_rb_39 = alloca i32 1"   --->   Operation 44 'alloca' 'sysarrayB_rb_39' <Predicate = true> <Delay = 0.00>
ST_1 : Operation 45 [1/1] (0.00ns)   --->   "%sysarrayB_rb_40 = alloca i32 1"   --->   Operation 45 'alloca' 'sysarrayB_rb_40' <Predicate = true> <Delay = 0.00>
ST_1 : Operation 46 [1/1] (0.00ns)   --->   "%sysarrayB_rb_41 = alloca i32 1"   --->   Operation 46 'alloca' 'sysarrayB_rb_41' <Predicate = true> <Delay = 0.00>
ST_1 : Operation 47 [1/1] (0.00ns)   --->   "%sysarrayB_rb_42 = alloca i32 1"   --->   Operation 47 'alloca' 'sysarrayB_rb_42' <Predicate = true> <Delay = 0.00>
ST_1 : Operation 48 [1/1] (0.00ns)   --->   "%sysarrayB_rb_43 = alloca i32 1"   --->   Operation 48 'alloca' 'sysarrayB_rb_43' <Predicate = true> <Delay = 0.00>
ST_1 : Operation 49 [1/1] (0.00ns)   --->   "%sysarrayB_rb_44 = alloca i32 1"   --->   Operation 49 'alloca' 'sysarrayB_rb_44' <Predicate = true> <Delay = 0.00>
ST_1 : Operation 50 [1/1] (0.00ns)   --->   "%sysarrayB_rb_45 = alloca i32 1"   --->   Operation 50 'alloca' 'sysarrayB_rb_45' <Predicate = true> <Delay = 0.00>
ST_1 : Operation 51 [1/1] (0.00ns)   --->   "%sysarrayB_rb_46 = alloca i32 1"   --->   Operation 51 'alloca' 'sysarrayB_rb_46' <Predicate = true> <Delay = 0.00>
ST_1 : Operation 52 [1/1] (0.00ns)   --->   "%sysarrayB_rb_47 = alloca i32 1"   --->   Operation 52 'alloca' 'sysarrayB_rb_47' <Predicate = true> <Delay = 0.00>
ST_1 : Operation 53 [1/1] (0.00ns)   --->   "%sysarrayB_rb_48 = alloca i32 1"   --->   Operation 53 'alloca' 'sysarrayB_rb_48' <Predicate = true> <Delay = 0.00>
ST_1 : Operation 54 [1/1] (0.00ns)   --->   "%sysarrayB_rb_49 = alloca i32 1"   --->   Operation 54 'alloca' 'sysarrayB_rb_49' <Predicate = true> <Delay = 0.00>
ST_1 : Operation 55 [1/1] (0.00ns)   --->   "%sysarrayB_rb_50 = alloca i32 1"   --->   Operation 55 'alloca' 'sysarrayB_rb_50' <Predicate = true> <Delay = 0.00>
ST_1 : Operation 56 [1/1] (0.00ns)   --->   "%sysarrayB_rb_51 = alloca i32 1"   --->   Operation 56 'alloca' 'sysarrayB_rb_51' <Predicate = true> <Delay = 0.00>
ST_1 : Operation 57 [1/1] (0.00ns)   --->   "%sysarrayB_rb_52 = alloca i32 1"   --->   Operation 57 'alloca' 'sysarrayB_rb_52' <Predicate = true> <Delay = 0.00>
ST_1 : Operation 58 [1/1] (0.00ns)   --->   "%sysarrayB_rb_53 = alloca i32 1"   --->   Operation 58 'alloca' 'sysarrayB_rb_53' <Predicate = true> <Delay = 0.00>
ST_1 : Operation 59 [1/1] (0.00ns)   --->   "%sysarrayB_rb_54 = alloca i32 1"   --->   Operation 59 'alloca' 'sysarrayB_rb_54' <Predicate = true> <Delay = 0.00>
ST_1 : Operation 60 [1/1] (0.00ns)   --->   "%sysarrayB_rb_55 = alloca i32 1"   --->   Operation 60 'alloca' 'sysarrayB_rb_55' <Predicate = true> <Delay = 0.00>
ST_1 : Operation 61 [1/1] (0.00ns)   --->   "%sysarrayB_rb_56 = alloca i32 1"   --->   Operation 61 'alloca' 'sysarrayB_rb_56' <Predicate = true> <Delay = 0.00>
ST_1 : Operation 62 [1/1] (0.00ns)   --->   "%sysarrayB_rb_57 = alloca i32 1"   --->   Operation 62 'alloca' 'sysarrayB_rb_57' <Predicate = true> <Delay = 0.00>
ST_1 : Operation 63 [1/1] (0.00ns)   --->   "%sysarrayB_rb_58 = alloca i32 1"   --->   Operation 63 'alloca' 'sysarrayB_rb_58' <Predicate = true> <Delay = 0.00>
ST_1 : Operation 64 [1/1] (0.00ns)   --->   "%sysarrayB_rb_59 = alloca i32 1"   --->   Operation 64 'alloca' 'sysarrayB_rb_59' <Predicate = true> <Delay = 0.00>
ST_1 : Operation 65 [1/1] (0.00ns)   --->   "%sysarrayB_rb_60 = alloca i32 1"   --->   Operation 65 'alloca' 'sysarrayB_rb_60' <Predicate = true> <Delay = 0.00>
ST_1 : Operation 66 [1/1] (0.00ns)   --->   "%sysarrayB_rb_61 = alloca i32 1"   --->   Operation 66 'alloca' 'sysarrayB_rb_61' <Predicate = true> <Delay = 0.00>
ST_1 : Operation 67 [1/1] (0.00ns)   --->   "%sysarrayB_rb_62 = alloca i32 1"   --->   Operation 67 'alloca' 'sysarrayB_rb_62' <Predicate = true> <Delay = 0.00>
ST_1 : Operation 68 [1/1] (0.00ns)   --->   "%sysarrayB_rb_63 = alloca i32 1"   --->   Operation 68 'alloca' 'sysarrayB_rb_63' <Predicate = true> <Delay = 0.00>
ST_1 : Operation 69 [1/1] (0.42ns)   --->   "%store_ln0 = store i7 0, i7 %empty"   --->   Operation 69 'store' 'store_ln0' <Predicate = true> <Delay = 0.42>
ST_1 : Operation 70 [1/1] (0.00ns)   --->   "%br_ln0 = br void %memset.loop25"   --->   Operation 70 'br' 'br_ln0' <Predicate = true> <Delay = 0.00>
ST_1 : Operation 71 [1/1] (0.00ns)   --->   "%p_load = load i7 %empty"   --->   Operation 71 'load' 'p_load' <Predicate = true> <Delay = 0.00>
ST_1 : Operation 72 [1/1] (0.00ns)   --->   "%specpipeline_ln0 = specpipeline void @_ssdm_op_SpecPipeline, i32 4294967295, i32 0, i32 1, i32 0, void @p_str"   --->   Operation 72 'specpipeline' 'specpipeline_ln0' <Predicate = true> <Delay = 0.00>
ST_1 : Operation 73 [1/1] (0.81ns)   --->   "%exitcond110671 = icmp_eq  i7 %p_load, i7 64"   --->   Operation 73 'icmp' 'exitcond110671' <Predicate = true> <Delay = 0.81> <CoreInst = "Cmp">   --->   Core 9 'Cmp' <Latency = 0> <II = 1> <Delay = 0.81> <FuncUnit> <Opcode : 'icmp'> <InPorts = 2> <OutPorts = 1>
ST_1 : Operation 74 [1/1] (0.00ns)   --->   "%empty_102 = speclooptripcount i32 @_ssdm_op_SpecLoopTripCount, i64 64, i64 64, i64 64"   --->   Operation 74 'speclooptripcount' 'empty_102' <Predicate = true> <Delay = 0.00>
ST_1 : Operation 75 [1/1] (0.77ns)   --->   "%empty_103 = add i7 %p_load, i7 1"   --->   Operation 75 'add' 'empty_103' <Predicate = true> <Delay = 0.77> <CoreInst = "Adder">   --->   Core 1 'Adder' <Latency = 0> <II = 1> <Delay = 0.77> <FuncUnit> <Opcode : 'add' 'sub'> <InPorts = 2> <OutPorts = 1>
ST_1 : Operation 76 [1/1] (0.00ns)   --->   "%br_ln0 = br i1 %exitcond110671, void %memset.loop25.split, void %memset.loop.preheader.exitStub"   --->   Operation 76 'br' 'br_ln0' <Predicate = true> <Delay = 0.00>
ST_1 : Operation 77 [1/1] (0.00ns)   --->   "%p_cast5 = partselect i3 @_ssdm_op_PartSelect.i3.i7.i32.i32, i7 %p_load, i32 3, i32 5"   --->   Operation 77 'partselect' 'p_cast5' <Predicate = (!exitcond110671)> <Delay = 0.00>
ST_1 : Operation 78 [1/1] (0.00ns)   --->   "%empty_104 = trunc i7 %p_load"   --->   Operation 78 'trunc' 'empty_104' <Predicate = (!exitcond110671)> <Delay = 0.00>
ST_1 : Operation 79 [1/1] (0.44ns)   --->   "%switch_ln0 = switch i3 %p_cast5, void %.case.71726, i3 0, void %.case.01719, i3 1, void %.case.11720, i3 2, void %.case.21721, i3 3, void %.case.31722, i3 4, void %.case.41723, i3 5, void %.case.51724, i3 6, void %.case.61725"   --->   Operation 79 'switch' 'switch_ln0' <Predicate = (!exitcond110671)> <Delay = 0.44>
ST_1 : Operation 80 [1/1] (0.44ns)   --->   "%switch_ln0 = switch i3 %empty_104, void %.case.71796, i3 0, void %.case.61725..exit1718_crit_edge2, i3 1, void %.case.11790, i3 2, void %.case.21791, i3 3, void %.case.31792, i3 4, void %.case.41793, i3 5, void %.case.51794, i3 6, void %.case.61725..exit1718_crit_edge"   --->   Operation 80 'switch' 'switch_ln0' <Predicate = (!exitcond110671 & p_cast5 == 6)> <Delay = 0.44>
ST_1 : Operation 81 [1/1] (0.00ns)   --->   "%store_ln0 = store i32 0, i32 %sysarrayB_rb_54"   --->   Operation 81 'store' 'store_ln0' <Predicate = (!exitcond110671 & p_cast5 == 6 & empty_104 == 6)> <Delay = 0.00>
ST_1 : Operation 82 [1/1] (0.00ns)   --->   "%br_ln0 = br void %.exit1718"   --->   Operation 82 'br' 'br_ln0' <Predicate = (!exitcond110671 & p_cast5 == 6 & empty_104 == 6)> <Delay = 0.00>
ST_1 : Operation 83 [1/1] (0.00ns)   --->   "%store_ln0 = store i32 0, i32 %sysarrayB_rb_53"   --->   Operation 83 'store' 'store_ln0' <Predicate = (!exitcond110671 & p_cast5 == 6 & empty_104 == 5)> <Delay = 0.00>
ST_1 : Operation 84 [1/1] (0.00ns)   --->   "%br_ln0 = br void %.exit1718"   --->   Operation 84 'br' 'br_ln0' <Predicate = (!exitcond110671 & p_cast5 == 6 & empty_104 == 5)> <Delay = 0.00>
ST_1 : Operation 85 [1/1] (0.00ns)   --->   "%store_ln0 = store i32 0, i32 %sysarrayB_rb_52"   --->   Operation 85 'store' 'store_ln0' <Predicate = (!exitcond110671 & p_cast5 == 6 & empty_104 == 4)> <Delay = 0.00>
ST_1 : Operation 86 [1/1] (0.00ns)   --->   "%br_ln0 = br void %.exit1718"   --->   Operation 86 'br' 'br_ln0' <Predicate = (!exitcond110671 & p_cast5 == 6 & empty_104 == 4)> <Delay = 0.00>
ST_1 : Operation 87 [1/1] (0.00ns)   --->   "%store_ln0 = store i32 0, i32 %sysarrayB_rb_51"   --->   Operation 87 'store' 'store_ln0' <Predicate = (!exitcond110671 & p_cast5 == 6 & empty_104 == 3)> <Delay = 0.00>
ST_1 : Operation 88 [1/1] (0.00ns)   --->   "%br_ln0 = br void %.exit1718"   --->   Operation 88 'br' 'br_ln0' <Predicate = (!exitcond110671 & p_cast5 == 6 & empty_104 == 3)> <Delay = 0.00>
ST_1 : Operation 89 [1/1] (0.00ns)   --->   "%store_ln0 = store i32 0, i32 %sysarrayB_rb_50"   --->   Operation 89 'store' 'store_ln0' <Predicate = (!exitcond110671 & p_cast5 == 6 & empty_104 == 2)> <Delay = 0.00>
ST_1 : Operation 90 [1/1] (0.00ns)   --->   "%br_ln0 = br void %.exit1718"   --->   Operation 90 'br' 'br_ln0' <Predicate = (!exitcond110671 & p_cast5 == 6 & empty_104 == 2)> <Delay = 0.00>
ST_1 : Operation 91 [1/1] (0.00ns)   --->   "%store_ln0 = store i32 0, i32 %sysarrayB_rb_49"   --->   Operation 91 'store' 'store_ln0' <Predicate = (!exitcond110671 & p_cast5 == 6 & empty_104 == 1)> <Delay = 0.00>
ST_1 : Operation 92 [1/1] (0.00ns)   --->   "%br_ln0 = br void %.exit1718"   --->   Operation 92 'br' 'br_ln0' <Predicate = (!exitcond110671 & p_cast5 == 6 & empty_104 == 1)> <Delay = 0.00>
ST_1 : Operation 93 [1/1] (0.00ns)   --->   "%store_ln0 = store i32 0, i32 %sysarrayB_rb_48"   --->   Operation 93 'store' 'store_ln0' <Predicate = (!exitcond110671 & p_cast5 == 6 & empty_104 == 0)> <Delay = 0.00>
ST_1 : Operation 94 [1/1] (0.00ns)   --->   "%br_ln0 = br void %.exit1718"   --->   Operation 94 'br' 'br_ln0' <Predicate = (!exitcond110671 & p_cast5 == 6 & empty_104 == 0)> <Delay = 0.00>
ST_1 : Operation 95 [1/1] (0.00ns)   --->   "%store_ln0 = store i32 0, i32 %sysarrayB_rb_55"   --->   Operation 95 'store' 'store_ln0' <Predicate = (!exitcond110671 & p_cast5 == 6 & empty_104 == 7)> <Delay = 0.00>
ST_1 : Operation 96 [1/1] (0.00ns)   --->   "%br_ln0 = br void %.exit1718"   --->   Operation 96 'br' 'br_ln0' <Predicate = (!exitcond110671 & p_cast5 == 6 & empty_104 == 7)> <Delay = 0.00>
ST_1 : Operation 97 [1/1] (0.44ns)   --->   "%switch_ln0 = switch i3 %empty_104, void %.case.71786, i3 0, void %.case.51724..exit1718_crit_edge3, i3 1, void %.case.11780, i3 2, void %.case.21781, i3 3, void %.case.31782, i3 4, void %.case.41783, i3 5, void %.case.51784, i3 6, void %.case.51724..exit1718_crit_edge"   --->   Operation 97 'switch' 'switch_ln0' <Predicate = (!exitcond110671 & p_cast5 == 5)> <Delay = 0.44>
ST_1 : Operation 98 [1/1] (0.00ns)   --->   "%store_ln0 = store i32 0, i32 %sysarrayB_rb_46"   --->   Operation 98 'store' 'store_ln0' <Predicate = (!exitcond110671 & p_cast5 == 5 & empty_104 == 6)> <Delay = 0.00>
ST_1 : Operation 99 [1/1] (0.00ns)   --->   "%br_ln0 = br void %.exit1718"   --->   Operation 99 'br' 'br_ln0' <Predicate = (!exitcond110671 & p_cast5 == 5 & empty_104 == 6)> <Delay = 0.00>
ST_1 : Operation 100 [1/1] (0.00ns)   --->   "%store_ln0 = store i32 0, i32 %sysarrayB_rb_45"   --->   Operation 100 'store' 'store_ln0' <Predicate = (!exitcond110671 & p_cast5 == 5 & empty_104 == 5)> <Delay = 0.00>
ST_1 : Operation 101 [1/1] (0.00ns)   --->   "%br_ln0 = br void %.exit1718"   --->   Operation 101 'br' 'br_ln0' <Predicate = (!exitcond110671 & p_cast5 == 5 & empty_104 == 5)> <Delay = 0.00>
ST_1 : Operation 102 [1/1] (0.00ns)   --->   "%store_ln0 = store i32 0, i32 %sysarrayB_rb_44"   --->   Operation 102 'store' 'store_ln0' <Predicate = (!exitcond110671 & p_cast5 == 5 & empty_104 == 4)> <Delay = 0.00>
ST_1 : Operation 103 [1/1] (0.00ns)   --->   "%br_ln0 = br void %.exit1718"   --->   Operation 103 'br' 'br_ln0' <Predicate = (!exitcond110671 & p_cast5 == 5 & empty_104 == 4)> <Delay = 0.00>
ST_1 : Operation 104 [1/1] (0.00ns)   --->   "%store_ln0 = store i32 0, i32 %sysarrayB_rb_43"   --->   Operation 104 'store' 'store_ln0' <Predicate = (!exitcond110671 & p_cast5 == 5 & empty_104 == 3)> <Delay = 0.00>
ST_1 : Operation 105 [1/1] (0.00ns)   --->   "%br_ln0 = br void %.exit1718"   --->   Operation 105 'br' 'br_ln0' <Predicate = (!exitcond110671 & p_cast5 == 5 & empty_104 == 3)> <Delay = 0.00>
ST_1 : Operation 106 [1/1] (0.00ns)   --->   "%store_ln0 = store i32 0, i32 %sysarrayB_rb_42"   --->   Operation 106 'store' 'store_ln0' <Predicate = (!exitcond110671 & p_cast5 == 5 & empty_104 == 2)> <Delay = 0.00>
ST_1 : Operation 107 [1/1] (0.00ns)   --->   "%br_ln0 = br void %.exit1718"   --->   Operation 107 'br' 'br_ln0' <Predicate = (!exitcond110671 & p_cast5 == 5 & empty_104 == 2)> <Delay = 0.00>
ST_1 : Operation 108 [1/1] (0.00ns)   --->   "%store_ln0 = store i32 0, i32 %sysarrayB_rb_41"   --->   Operation 108 'store' 'store_ln0' <Predicate = (!exitcond110671 & p_cast5 == 5 & empty_104 == 1)> <Delay = 0.00>
ST_1 : Operation 109 [1/1] (0.00ns)   --->   "%br_ln0 = br void %.exit1718"   --->   Operation 109 'br' 'br_ln0' <Predicate = (!exitcond110671 & p_cast5 == 5 & empty_104 == 1)> <Delay = 0.00>
ST_1 : Operation 110 [1/1] (0.00ns)   --->   "%store_ln0 = store i32 0, i32 %sysarrayB_rb_40"   --->   Operation 110 'store' 'store_ln0' <Predicate = (!exitcond110671 & p_cast5 == 5 & empty_104 == 0)> <Delay = 0.00>
ST_1 : Operation 111 [1/1] (0.00ns)   --->   "%br_ln0 = br void %.exit1718"   --->   Operation 111 'br' 'br_ln0' <Predicate = (!exitcond110671 & p_cast5 == 5 & empty_104 == 0)> <Delay = 0.00>
ST_1 : Operation 112 [1/1] (0.00ns)   --->   "%store_ln0 = store i32 0, i32 %sysarrayB_rb_47"   --->   Operation 112 'store' 'store_ln0' <Predicate = (!exitcond110671 & p_cast5 == 5 & empty_104 == 7)> <Delay = 0.00>
ST_1 : Operation 113 [1/1] (0.00ns)   --->   "%br_ln0 = br void %.exit1718"   --->   Operation 113 'br' 'br_ln0' <Predicate = (!exitcond110671 & p_cast5 == 5 & empty_104 == 7)> <Delay = 0.00>
ST_1 : Operation 114 [1/1] (0.44ns)   --->   "%switch_ln0 = switch i3 %empty_104, void %.case.71776, i3 0, void %.case.41723..exit1718_crit_edge4, i3 1, void %.case.11770, i3 2, void %.case.21771, i3 3, void %.case.31772, i3 4, void %.case.41773, i3 5, void %.case.51774, i3 6, void %.case.41723..exit1718_crit_edge"   --->   Operation 114 'switch' 'switch_ln0' <Predicate = (!exitcond110671 & p_cast5 == 4)> <Delay = 0.44>
ST_1 : Operation 115 [1/1] (0.00ns)   --->   "%store_ln0 = store i32 0, i32 %sysarrayB_rb_38"   --->   Operation 115 'store' 'store_ln0' <Predicate = (!exitcond110671 & p_cast5 == 4 & empty_104 == 6)> <Delay = 0.00>
ST_1 : Operation 116 [1/1] (0.00ns)   --->   "%br_ln0 = br void %.exit1718"   --->   Operation 116 'br' 'br_ln0' <Predicate = (!exitcond110671 & p_cast5 == 4 & empty_104 == 6)> <Delay = 0.00>
ST_1 : Operation 117 [1/1] (0.00ns)   --->   "%store_ln0 = store i32 0, i32 %sysarrayB_rb_37"   --->   Operation 117 'store' 'store_ln0' <Predicate = (!exitcond110671 & p_cast5 == 4 & empty_104 == 5)> <Delay = 0.00>
ST_1 : Operation 118 [1/1] (0.00ns)   --->   "%br_ln0 = br void %.exit1718"   --->   Operation 118 'br' 'br_ln0' <Predicate = (!exitcond110671 & p_cast5 == 4 & empty_104 == 5)> <Delay = 0.00>
ST_1 : Operation 119 [1/1] (0.00ns)   --->   "%store_ln0 = store i32 0, i32 %sysarrayB_rb_36"   --->   Operation 119 'store' 'store_ln0' <Predicate = (!exitcond110671 & p_cast5 == 4 & empty_104 == 4)> <Delay = 0.00>
ST_1 : Operation 120 [1/1] (0.00ns)   --->   "%br_ln0 = br void %.exit1718"   --->   Operation 120 'br' 'br_ln0' <Predicate = (!exitcond110671 & p_cast5 == 4 & empty_104 == 4)> <Delay = 0.00>
ST_1 : Operation 121 [1/1] (0.00ns)   --->   "%store_ln0 = store i32 0, i32 %sysarrayB_rb_35"   --->   Operation 121 'store' 'store_ln0' <Predicate = (!exitcond110671 & p_cast5 == 4 & empty_104 == 3)> <Delay = 0.00>
ST_1 : Operation 122 [1/1] (0.00ns)   --->   "%br_ln0 = br void %.exit1718"   --->   Operation 122 'br' 'br_ln0' <Predicate = (!exitcond110671 & p_cast5 == 4 & empty_104 == 3)> <Delay = 0.00>
ST_1 : Operation 123 [1/1] (0.00ns)   --->   "%store_ln0 = store i32 0, i32 %sysarrayB_rb_34"   --->   Operation 123 'store' 'store_ln0' <Predicate = (!exitcond110671 & p_cast5 == 4 & empty_104 == 2)> <Delay = 0.00>
ST_1 : Operation 124 [1/1] (0.00ns)   --->   "%br_ln0 = br void %.exit1718"   --->   Operation 124 'br' 'br_ln0' <Predicate = (!exitcond110671 & p_cast5 == 4 & empty_104 == 2)> <Delay = 0.00>
ST_1 : Operation 125 [1/1] (0.00ns)   --->   "%store_ln0 = store i32 0, i32 %sysarrayB_rb_33"   --->   Operation 125 'store' 'store_ln0' <Predicate = (!exitcond110671 & p_cast5 == 4 & empty_104 == 1)> <Delay = 0.00>
ST_1 : Operation 126 [1/1] (0.00ns)   --->   "%br_ln0 = br void %.exit1718"   --->   Operation 126 'br' 'br_ln0' <Predicate = (!exitcond110671 & p_cast5 == 4 & empty_104 == 1)> <Delay = 0.00>
ST_1 : Operation 127 [1/1] (0.00ns)   --->   "%store_ln0 = store i32 0, i32 %sysarrayB_rb_32"   --->   Operation 127 'store' 'store_ln0' <Predicate = (!exitcond110671 & p_cast5 == 4 & empty_104 == 0)> <Delay = 0.00>
ST_1 : Operation 128 [1/1] (0.00ns)   --->   "%br_ln0 = br void %.exit1718"   --->   Operation 128 'br' 'br_ln0' <Predicate = (!exitcond110671 & p_cast5 == 4 & empty_104 == 0)> <Delay = 0.00>
ST_1 : Operation 129 [1/1] (0.00ns)   --->   "%store_ln0 = store i32 0, i32 %sysarrayB_rb_39"   --->   Operation 129 'store' 'store_ln0' <Predicate = (!exitcond110671 & p_cast5 == 4 & empty_104 == 7)> <Delay = 0.00>
ST_1 : Operation 130 [1/1] (0.00ns)   --->   "%br_ln0 = br void %.exit1718"   --->   Operation 130 'br' 'br_ln0' <Predicate = (!exitcond110671 & p_cast5 == 4 & empty_104 == 7)> <Delay = 0.00>
ST_1 : Operation 131 [1/1] (0.44ns)   --->   "%switch_ln0 = switch i3 %empty_104, void %.case.71766, i3 0, void %.case.31722..exit1718_crit_edge5, i3 1, void %.case.11760, i3 2, void %.case.21761, i3 3, void %.case.31762, i3 4, void %.case.41763, i3 5, void %.case.51764, i3 6, void %.case.31722..exit1718_crit_edge"   --->   Operation 131 'switch' 'switch_ln0' <Predicate = (!exitcond110671 & p_cast5 == 3)> <Delay = 0.44>
ST_1 : Operation 132 [1/1] (0.00ns)   --->   "%store_ln0 = store i32 0, i32 %sysarrayB_rb_30"   --->   Operation 132 'store' 'store_ln0' <Predicate = (!exitcond110671 & p_cast5 == 3 & empty_104 == 6)> <Delay = 0.00>
ST_1 : Operation 133 [1/1] (0.00ns)   --->   "%br_ln0 = br void %.exit1718"   --->   Operation 133 'br' 'br_ln0' <Predicate = (!exitcond110671 & p_cast5 == 3 & empty_104 == 6)> <Delay = 0.00>
ST_1 : Operation 134 [1/1] (0.00ns)   --->   "%store_ln0 = store i32 0, i32 %sysarrayB_rb_29"   --->   Operation 134 'store' 'store_ln0' <Predicate = (!exitcond110671 & p_cast5 == 3 & empty_104 == 5)> <Delay = 0.00>
ST_1 : Operation 135 [1/1] (0.00ns)   --->   "%br_ln0 = br void %.exit1718"   --->   Operation 135 'br' 'br_ln0' <Predicate = (!exitcond110671 & p_cast5 == 3 & empty_104 == 5)> <Delay = 0.00>
ST_1 : Operation 136 [1/1] (0.00ns)   --->   "%store_ln0 = store i32 0, i32 %sysarrayB_rb_28"   --->   Operation 136 'store' 'store_ln0' <Predicate = (!exitcond110671 & p_cast5 == 3 & empty_104 == 4)> <Delay = 0.00>
ST_1 : Operation 137 [1/1] (0.00ns)   --->   "%br_ln0 = br void %.exit1718"   --->   Operation 137 'br' 'br_ln0' <Predicate = (!exitcond110671 & p_cast5 == 3 & empty_104 == 4)> <Delay = 0.00>
ST_1 : Operation 138 [1/1] (0.00ns)   --->   "%store_ln0 = store i32 0, i32 %sysarrayB_rb_27"   --->   Operation 138 'store' 'store_ln0' <Predicate = (!exitcond110671 & p_cast5 == 3 & empty_104 == 3)> <Delay = 0.00>
ST_1 : Operation 139 [1/1] (0.00ns)   --->   "%br_ln0 = br void %.exit1718"   --->   Operation 139 'br' 'br_ln0' <Predicate = (!exitcond110671 & p_cast5 == 3 & empty_104 == 3)> <Delay = 0.00>
ST_1 : Operation 140 [1/1] (0.00ns)   --->   "%store_ln0 = store i32 0, i32 %sysarrayB_rb_26"   --->   Operation 140 'store' 'store_ln0' <Predicate = (!exitcond110671 & p_cast5 == 3 & empty_104 == 2)> <Delay = 0.00>
ST_1 : Operation 141 [1/1] (0.00ns)   --->   "%br_ln0 = br void %.exit1718"   --->   Operation 141 'br' 'br_ln0' <Predicate = (!exitcond110671 & p_cast5 == 3 & empty_104 == 2)> <Delay = 0.00>
ST_1 : Operation 142 [1/1] (0.00ns)   --->   "%store_ln0 = store i32 0, i32 %sysarrayB_rb_25"   --->   Operation 142 'store' 'store_ln0' <Predicate = (!exitcond110671 & p_cast5 == 3 & empty_104 == 1)> <Delay = 0.00>
ST_1 : Operation 143 [1/1] (0.00ns)   --->   "%br_ln0 = br void %.exit1718"   --->   Operation 143 'br' 'br_ln0' <Predicate = (!exitcond110671 & p_cast5 == 3 & empty_104 == 1)> <Delay = 0.00>
ST_1 : Operation 144 [1/1] (0.00ns)   --->   "%store_ln0 = store i32 0, i32 %sysarrayB_rb_24"   --->   Operation 144 'store' 'store_ln0' <Predicate = (!exitcond110671 & p_cast5 == 3 & empty_104 == 0)> <Delay = 0.00>
ST_1 : Operation 145 [1/1] (0.00ns)   --->   "%br_ln0 = br void %.exit1718"   --->   Operation 145 'br' 'br_ln0' <Predicate = (!exitcond110671 & p_cast5 == 3 & empty_104 == 0)> <Delay = 0.00>
ST_1 : Operation 146 [1/1] (0.00ns)   --->   "%store_ln0 = store i32 0, i32 %sysarrayB_rb_31"   --->   Operation 146 'store' 'store_ln0' <Predicate = (!exitcond110671 & p_cast5 == 3 & empty_104 == 7)> <Delay = 0.00>
ST_1 : Operation 147 [1/1] (0.00ns)   --->   "%br_ln0 = br void %.exit1718"   --->   Operation 147 'br' 'br_ln0' <Predicate = (!exitcond110671 & p_cast5 == 3 & empty_104 == 7)> <Delay = 0.00>
ST_1 : Operation 148 [1/1] (0.44ns)   --->   "%switch_ln0 = switch i3 %empty_104, void %.case.71756, i3 0, void %.case.21721..exit1718_crit_edge6, i3 1, void %.case.11750, i3 2, void %.case.21751, i3 3, void %.case.31752, i3 4, void %.case.41753, i3 5, void %.case.51754, i3 6, void %.case.21721..exit1718_crit_edge"   --->   Operation 148 'switch' 'switch_ln0' <Predicate = (!exitcond110671 & p_cast5 == 2)> <Delay = 0.44>
ST_1 : Operation 149 [1/1] (0.00ns)   --->   "%store_ln0 = store i32 0, i32 %sysarrayB_rb_22"   --->   Operation 149 'store' 'store_ln0' <Predicate = (!exitcond110671 & p_cast5 == 2 & empty_104 == 6)> <Delay = 0.00>
ST_1 : Operation 150 [1/1] (0.00ns)   --->   "%br_ln0 = br void %.exit1718"   --->   Operation 150 'br' 'br_ln0' <Predicate = (!exitcond110671 & p_cast5 == 2 & empty_104 == 6)> <Delay = 0.00>
ST_1 : Operation 151 [1/1] (0.00ns)   --->   "%store_ln0 = store i32 0, i32 %sysarrayB_rb_21"   --->   Operation 151 'store' 'store_ln0' <Predicate = (!exitcond110671 & p_cast5 == 2 & empty_104 == 5)> <Delay = 0.00>
ST_1 : Operation 152 [1/1] (0.00ns)   --->   "%br_ln0 = br void %.exit1718"   --->   Operation 152 'br' 'br_ln0' <Predicate = (!exitcond110671 & p_cast5 == 2 & empty_104 == 5)> <Delay = 0.00>
ST_1 : Operation 153 [1/1] (0.00ns)   --->   "%store_ln0 = store i32 0, i32 %sysarrayB_rb_20"   --->   Operation 153 'store' 'store_ln0' <Predicate = (!exitcond110671 & p_cast5 == 2 & empty_104 == 4)> <Delay = 0.00>
ST_1 : Operation 154 [1/1] (0.00ns)   --->   "%br_ln0 = br void %.exit1718"   --->   Operation 154 'br' 'br_ln0' <Predicate = (!exitcond110671 & p_cast5 == 2 & empty_104 == 4)> <Delay = 0.00>
ST_1 : Operation 155 [1/1] (0.00ns)   --->   "%store_ln0 = store i32 0, i32 %sysarrayB_rb_19"   --->   Operation 155 'store' 'store_ln0' <Predicate = (!exitcond110671 & p_cast5 == 2 & empty_104 == 3)> <Delay = 0.00>
ST_1 : Operation 156 [1/1] (0.00ns)   --->   "%br_ln0 = br void %.exit1718"   --->   Operation 156 'br' 'br_ln0' <Predicate = (!exitcond110671 & p_cast5 == 2 & empty_104 == 3)> <Delay = 0.00>
ST_1 : Operation 157 [1/1] (0.00ns)   --->   "%store_ln0 = store i32 0, i32 %sysarrayB_rb_18"   --->   Operation 157 'store' 'store_ln0' <Predicate = (!exitcond110671 & p_cast5 == 2 & empty_104 == 2)> <Delay = 0.00>
ST_1 : Operation 158 [1/1] (0.00ns)   --->   "%br_ln0 = br void %.exit1718"   --->   Operation 158 'br' 'br_ln0' <Predicate = (!exitcond110671 & p_cast5 == 2 & empty_104 == 2)> <Delay = 0.00>
ST_1 : Operation 159 [1/1] (0.00ns)   --->   "%store_ln0 = store i32 0, i32 %sysarrayB_rb_17"   --->   Operation 159 'store' 'store_ln0' <Predicate = (!exitcond110671 & p_cast5 == 2 & empty_104 == 1)> <Delay = 0.00>
ST_1 : Operation 160 [1/1] (0.00ns)   --->   "%br_ln0 = br void %.exit1718"   --->   Operation 160 'br' 'br_ln0' <Predicate = (!exitcond110671 & p_cast5 == 2 & empty_104 == 1)> <Delay = 0.00>
ST_1 : Operation 161 [1/1] (0.00ns)   --->   "%store_ln0 = store i32 0, i32 %sysarrayB_rb_16"   --->   Operation 161 'store' 'store_ln0' <Predicate = (!exitcond110671 & p_cast5 == 2 & empty_104 == 0)> <Delay = 0.00>
ST_1 : Operation 162 [1/1] (0.00ns)   --->   "%br_ln0 = br void %.exit1718"   --->   Operation 162 'br' 'br_ln0' <Predicate = (!exitcond110671 & p_cast5 == 2 & empty_104 == 0)> <Delay = 0.00>
ST_1 : Operation 163 [1/1] (0.00ns)   --->   "%store_ln0 = store i32 0, i32 %sysarrayB_rb_23"   --->   Operation 163 'store' 'store_ln0' <Predicate = (!exitcond110671 & p_cast5 == 2 & empty_104 == 7)> <Delay = 0.00>
ST_1 : Operation 164 [1/1] (0.00ns)   --->   "%br_ln0 = br void %.exit1718"   --->   Operation 164 'br' 'br_ln0' <Predicate = (!exitcond110671 & p_cast5 == 2 & empty_104 == 7)> <Delay = 0.00>
ST_1 : Operation 165 [1/1] (0.44ns)   --->   "%switch_ln0 = switch i3 %empty_104, void %.case.71746, i3 0, void %.case.11720..exit1718_crit_edge7, i3 1, void %.case.11740, i3 2, void %.case.21741, i3 3, void %.case.31742, i3 4, void %.case.41743, i3 5, void %.case.51744, i3 6, void %.case.11720..exit1718_crit_edge"   --->   Operation 165 'switch' 'switch_ln0' <Predicate = (!exitcond110671 & p_cast5 == 1)> <Delay = 0.44>
ST_1 : Operation 166 [1/1] (0.00ns)   --->   "%store_ln0 = store i32 0, i32 %sysarrayB_rb_14"   --->   Operation 166 'store' 'store_ln0' <Predicate = (!exitcond110671 & p_cast5 == 1 & empty_104 == 6)> <Delay = 0.00>
ST_1 : Operation 167 [1/1] (0.00ns)   --->   "%br_ln0 = br void %.exit1718"   --->   Operation 167 'br' 'br_ln0' <Predicate = (!exitcond110671 & p_cast5 == 1 & empty_104 == 6)> <Delay = 0.00>
ST_1 : Operation 168 [1/1] (0.00ns)   --->   "%store_ln0 = store i32 0, i32 %sysarrayB_rb_13"   --->   Operation 168 'store' 'store_ln0' <Predicate = (!exitcond110671 & p_cast5 == 1 & empty_104 == 5)> <Delay = 0.00>
ST_1 : Operation 169 [1/1] (0.00ns)   --->   "%br_ln0 = br void %.exit1718"   --->   Operation 169 'br' 'br_ln0' <Predicate = (!exitcond110671 & p_cast5 == 1 & empty_104 == 5)> <Delay = 0.00>
ST_1 : Operation 170 [1/1] (0.00ns)   --->   "%store_ln0 = store i32 0, i32 %sysarrayB_rb_12"   --->   Operation 170 'store' 'store_ln0' <Predicate = (!exitcond110671 & p_cast5 == 1 & empty_104 == 4)> <Delay = 0.00>
ST_1 : Operation 171 [1/1] (0.00ns)   --->   "%br_ln0 = br void %.exit1718"   --->   Operation 171 'br' 'br_ln0' <Predicate = (!exitcond110671 & p_cast5 == 1 & empty_104 == 4)> <Delay = 0.00>
ST_1 : Operation 172 [1/1] (0.00ns)   --->   "%store_ln0 = store i32 0, i32 %sysarrayB_rb_11"   --->   Operation 172 'store' 'store_ln0' <Predicate = (!exitcond110671 & p_cast5 == 1 & empty_104 == 3)> <Delay = 0.00>
ST_1 : Operation 173 [1/1] (0.00ns)   --->   "%br_ln0 = br void %.exit1718"   --->   Operation 173 'br' 'br_ln0' <Predicate = (!exitcond110671 & p_cast5 == 1 & empty_104 == 3)> <Delay = 0.00>
ST_1 : Operation 174 [1/1] (0.00ns)   --->   "%store_ln0 = store i32 0, i32 %sysarrayB_rb_10"   --->   Operation 174 'store' 'store_ln0' <Predicate = (!exitcond110671 & p_cast5 == 1 & empty_104 == 2)> <Delay = 0.00>
ST_1 : Operation 175 [1/1] (0.00ns)   --->   "%br_ln0 = br void %.exit1718"   --->   Operation 175 'br' 'br_ln0' <Predicate = (!exitcond110671 & p_cast5 == 1 & empty_104 == 2)> <Delay = 0.00>
ST_1 : Operation 176 [1/1] (0.00ns)   --->   "%store_ln0 = store i32 0, i32 %sysarrayB_rb_9"   --->   Operation 176 'store' 'store_ln0' <Predicate = (!exitcond110671 & p_cast5 == 1 & empty_104 == 1)> <Delay = 0.00>
ST_1 : Operation 177 [1/1] (0.00ns)   --->   "%br_ln0 = br void %.exit1718"   --->   Operation 177 'br' 'br_ln0' <Predicate = (!exitcond110671 & p_cast5 == 1 & empty_104 == 1)> <Delay = 0.00>
ST_1 : Operation 178 [1/1] (0.00ns)   --->   "%store_ln0 = store i32 0, i32 %sysarrayB_rb_8"   --->   Operation 178 'store' 'store_ln0' <Predicate = (!exitcond110671 & p_cast5 == 1 & empty_104 == 0)> <Delay = 0.00>
ST_1 : Operation 179 [1/1] (0.00ns)   --->   "%br_ln0 = br void %.exit1718"   --->   Operation 179 'br' 'br_ln0' <Predicate = (!exitcond110671 & p_cast5 == 1 & empty_104 == 0)> <Delay = 0.00>
ST_1 : Operation 180 [1/1] (0.00ns)   --->   "%store_ln0 = store i32 0, i32 %sysarrayB_rb_15"   --->   Operation 180 'store' 'store_ln0' <Predicate = (!exitcond110671 & p_cast5 == 1 & empty_104 == 7)> <Delay = 0.00>
ST_1 : Operation 181 [1/1] (0.00ns)   --->   "%br_ln0 = br void %.exit1718"   --->   Operation 181 'br' 'br_ln0' <Predicate = (!exitcond110671 & p_cast5 == 1 & empty_104 == 7)> <Delay = 0.00>
ST_1 : Operation 182 [1/1] (0.44ns)   --->   "%switch_ln0 = switch i3 %empty_104, void %.case.71736, i3 0, void %.case.01719..exit1718_crit_edge8, i3 1, void %.case.11730, i3 2, void %.case.21731, i3 3, void %.case.31732, i3 4, void %.case.41733, i3 5, void %.case.51734, i3 6, void %.case.01719..exit1718_crit_edge"   --->   Operation 182 'switch' 'switch_ln0' <Predicate = (!exitcond110671 & p_cast5 == 0)> <Delay = 0.44>
ST_1 : Operation 183 [1/1] (0.00ns)   --->   "%store_ln0 = store i32 0, i32 %sysarrayB_rb_6"   --->   Operation 183 'store' 'store_ln0' <Predicate = (!exitcond110671 & p_cast5 == 0 & empty_104 == 6)> <Delay = 0.00>
ST_1 : Operation 184 [1/1] (0.00ns)   --->   "%br_ln0 = br void %.exit1718"   --->   Operation 184 'br' 'br_ln0' <Predicate = (!exitcond110671 & p_cast5 == 0 & empty_104 == 6)> <Delay = 0.00>
ST_1 : Operation 185 [1/1] (0.00ns)   --->   "%store_ln0 = store i32 0, i32 %sysarrayB_rb_5"   --->   Operation 185 'store' 'store_ln0' <Predicate = (!exitcond110671 & p_cast5 == 0 & empty_104 == 5)> <Delay = 0.00>
ST_1 : Operation 186 [1/1] (0.00ns)   --->   "%br_ln0 = br void %.exit1718"   --->   Operation 186 'br' 'br_ln0' <Predicate = (!exitcond110671 & p_cast5 == 0 & empty_104 == 5)> <Delay = 0.00>
ST_1 : Operation 187 [1/1] (0.00ns)   --->   "%store_ln0 = store i32 0, i32 %sysarrayB_rb_4"   --->   Operation 187 'store' 'store_ln0' <Predicate = (!exitcond110671 & p_cast5 == 0 & empty_104 == 4)> <Delay = 0.00>
ST_1 : Operation 188 [1/1] (0.00ns)   --->   "%br_ln0 = br void %.exit1718"   --->   Operation 188 'br' 'br_ln0' <Predicate = (!exitcond110671 & p_cast5 == 0 & empty_104 == 4)> <Delay = 0.00>
ST_1 : Operation 189 [1/1] (0.00ns)   --->   "%store_ln0 = store i32 0, i32 %sysarrayB_rb_3"   --->   Operation 189 'store' 'store_ln0' <Predicate = (!exitcond110671 & p_cast5 == 0 & empty_104 == 3)> <Delay = 0.00>
ST_1 : Operation 190 [1/1] (0.00ns)   --->   "%br_ln0 = br void %.exit1718"   --->   Operation 190 'br' 'br_ln0' <Predicate = (!exitcond110671 & p_cast5 == 0 & empty_104 == 3)> <Delay = 0.00>
ST_1 : Operation 191 [1/1] (0.00ns)   --->   "%store_ln0 = store i32 0, i32 %sysarrayB_rb_2"   --->   Operation 191 'store' 'store_ln0' <Predicate = (!exitcond110671 & p_cast5 == 0 & empty_104 == 2)> <Delay = 0.00>
ST_1 : Operation 192 [1/1] (0.00ns)   --->   "%br_ln0 = br void %.exit1718"   --->   Operation 192 'br' 'br_ln0' <Predicate = (!exitcond110671 & p_cast5 == 0 & empty_104 == 2)> <Delay = 0.00>
ST_1 : Operation 193 [1/1] (0.00ns)   --->   "%store_ln0 = store i32 0, i32 %sysarrayB_rb_1"   --->   Operation 193 'store' 'store_ln0' <Predicate = (!exitcond110671 & p_cast5 == 0 & empty_104 == 1)> <Delay = 0.00>
ST_1 : Operation 194 [1/1] (0.00ns)   --->   "%br_ln0 = br void %.exit1718"   --->   Operation 194 'br' 'br_ln0' <Predicate = (!exitcond110671 & p_cast5 == 0 & empty_104 == 1)> <Delay = 0.00>
ST_1 : Operation 195 [1/1] (0.00ns)   --->   "%store_ln0 = store i32 0, i32 %sysarrayB_rb"   --->   Operation 195 'store' 'store_ln0' <Predicate = (!exitcond110671 & p_cast5 == 0 & empty_104 == 0)> <Delay = 0.00>
ST_1 : Operation 196 [1/1] (0.00ns)   --->   "%br_ln0 = br void %.exit1718"   --->   Operation 196 'br' 'br_ln0' <Predicate = (!exitcond110671 & p_cast5 == 0 & empty_104 == 0)> <Delay = 0.00>
ST_1 : Operation 197 [1/1] (0.00ns)   --->   "%store_ln0 = store i32 0, i32 %sysarrayB_rb_7"   --->   Operation 197 'store' 'store_ln0' <Predicate = (!exitcond110671 & p_cast5 == 0 & empty_104 == 7)> <Delay = 0.00>
ST_1 : Operation 198 [1/1] (0.00ns)   --->   "%br_ln0 = br void %.exit1718"   --->   Operation 198 'br' 'br_ln0' <Predicate = (!exitcond110671 & p_cast5 == 0 & empty_104 == 7)> <Delay = 0.00>
ST_1 : Operation 199 [1/1] (0.44ns)   --->   "%switch_ln0 = switch i3 %empty_104, void %.case.71806, i3 0, void %.case.71726..exit1718_crit_edge1, i3 1, void %.case.11800, i3 2, void %.case.21801, i3 3, void %.case.31802, i3 4, void %.case.41803, i3 5, void %.case.51804, i3 6, void %.case.71726..exit1718_crit_edge"   --->   Operation 199 'switch' 'switch_ln0' <Predicate = (!exitcond110671 & p_cast5 == 7)> <Delay = 0.44>
ST_1 : Operation 200 [1/1] (0.00ns)   --->   "%store_ln0 = store i32 0, i32 %sysarrayB_rb_62"   --->   Operation 200 'store' 'store_ln0' <Predicate = (!exitcond110671 & p_cast5 == 7 & empty_104 == 6)> <Delay = 0.00>
ST_1 : Operation 201 [1/1] (0.00ns)   --->   "%br_ln0 = br void %.exit1718"   --->   Operation 201 'br' 'br_ln0' <Predicate = (!exitcond110671 & p_cast5 == 7 & empty_104 == 6)> <Delay = 0.00>
ST_1 : Operation 202 [1/1] (0.00ns)   --->   "%store_ln0 = store i32 0, i32 %sysarrayB_rb_61"   --->   Operation 202 'store' 'store_ln0' <Predicate = (!exitcond110671 & p_cast5 == 7 & empty_104 == 5)> <Delay = 0.00>
ST_1 : Operation 203 [1/1] (0.00ns)   --->   "%br_ln0 = br void %.exit1718"   --->   Operation 203 'br' 'br_ln0' <Predicate = (!exitcond110671 & p_cast5 == 7 & empty_104 == 5)> <Delay = 0.00>
ST_1 : Operation 204 [1/1] (0.00ns)   --->   "%store_ln0 = store i32 0, i32 %sysarrayB_rb_60"   --->   Operation 204 'store' 'store_ln0' <Predicate = (!exitcond110671 & p_cast5 == 7 & empty_104 == 4)> <Delay = 0.00>
ST_1 : Operation 205 [1/1] (0.00ns)   --->   "%br_ln0 = br void %.exit1718"   --->   Operation 205 'br' 'br_ln0' <Predicate = (!exitcond110671 & p_cast5 == 7 & empty_104 == 4)> <Delay = 0.00>
ST_1 : Operation 206 [1/1] (0.00ns)   --->   "%store_ln0 = store i32 0, i32 %sysarrayB_rb_59"   --->   Operation 206 'store' 'store_ln0' <Predicate = (!exitcond110671 & p_cast5 == 7 & empty_104 == 3)> <Delay = 0.00>
ST_1 : Operation 207 [1/1] (0.00ns)   --->   "%br_ln0 = br void %.exit1718"   --->   Operation 207 'br' 'br_ln0' <Predicate = (!exitcond110671 & p_cast5 == 7 & empty_104 == 3)> <Delay = 0.00>
ST_1 : Operation 208 [1/1] (0.00ns)   --->   "%store_ln0 = store i32 0, i32 %sysarrayB_rb_58"   --->   Operation 208 'store' 'store_ln0' <Predicate = (!exitcond110671 & p_cast5 == 7 & empty_104 == 2)> <Delay = 0.00>
ST_1 : Operation 209 [1/1] (0.00ns)   --->   "%br_ln0 = br void %.exit1718"   --->   Operation 209 'br' 'br_ln0' <Predicate = (!exitcond110671 & p_cast5 == 7 & empty_104 == 2)> <Delay = 0.00>
ST_1 : Operation 210 [1/1] (0.00ns)   --->   "%store_ln0 = store i32 0, i32 %sysarrayB_rb_57"   --->   Operation 210 'store' 'store_ln0' <Predicate = (!exitcond110671 & p_cast5 == 7 & empty_104 == 1)> <Delay = 0.00>
ST_1 : Operation 211 [1/1] (0.00ns)   --->   "%br_ln0 = br void %.exit1718"   --->   Operation 211 'br' 'br_ln0' <Predicate = (!exitcond110671 & p_cast5 == 7 & empty_104 == 1)> <Delay = 0.00>
ST_1 : Operation 212 [1/1] (0.00ns)   --->   "%store_ln0 = store i32 0, i32 %sysarrayB_rb_56"   --->   Operation 212 'store' 'store_ln0' <Predicate = (!exitcond110671 & p_cast5 == 7 & empty_104 == 0)> <Delay = 0.00>
ST_1 : Operation 213 [1/1] (0.00ns)   --->   "%br_ln0 = br void %.exit1718"   --->   Operation 213 'br' 'br_ln0' <Predicate = (!exitcond110671 & p_cast5 == 7 & empty_104 == 0)> <Delay = 0.00>
ST_1 : Operation 214 [1/1] (0.00ns)   --->   "%store_ln0 = store i32 0, i32 %sysarrayB_rb_63"   --->   Operation 214 'store' 'store_ln0' <Predicate = (!exitcond110671 & p_cast5 == 7 & empty_104 == 7)> <Delay = 0.00>
ST_1 : Operation 215 [1/1] (0.00ns)   --->   "%br_ln0 = br void %.exit1718"   --->   Operation 215 'br' 'br_ln0' <Predicate = (!exitcond110671 & p_cast5 == 7 & empty_104 == 7)> <Delay = 0.00>
ST_1 : Operation 216 [1/1] (0.42ns)   --->   "%store_ln0 = store i7 %empty_103, i7 %empty"   --->   Operation 216 'store' 'store_ln0' <Predicate = (!exitcond110671)> <Delay = 0.42>
ST_1 : Operation 217 [1/1] (0.00ns)   --->   "%br_ln0 = br void %memset.loop25"   --->   Operation 217 'br' 'br_ln0' <Predicate = (!exitcond110671)> <Delay = 0.00>
ST_1 : Operation 218 [1/1] (0.00ns)   --->   "%sysarrayB_rb_load = load i32 %sysarrayB_rb"   --->   Operation 218 'load' 'sysarrayB_rb_load' <Predicate = (exitcond110671)> <Delay = 0.00>
ST_1 : Operation 219 [1/1] (0.00ns)   --->   "%sysarrayB_rb_1_load = load i32 %sysarrayB_rb_1"   --->   Operation 219 'load' 'sysarrayB_rb_1_load' <Predicate = (exitcond110671)> <Delay = 0.00>
ST_1 : Operation 220 [1/1] (0.00ns)   --->   "%sysarrayB_rb_2_load = load i32 %sysarrayB_rb_2"   --->   Operation 220 'load' 'sysarrayB_rb_2_load' <Predicate = (exitcond110671)> <Delay = 0.00>
ST_1 : Operation 221 [1/1] (0.00ns)   --->   "%sysarrayB_rb_3_load = load i32 %sysarrayB_rb_3"   --->   Operation 221 'load' 'sysarrayB_rb_3_load' <Predicate = (exitcond110671)> <Delay = 0.00>
ST_1 : Operation 222 [1/1] (0.00ns)   --->   "%sysarrayB_rb_4_load = load i32 %sysarrayB_rb_4"   --->   Operation 222 'load' 'sysarrayB_rb_4_load' <Predicate = (exitcond110671)> <Delay = 0.00>
ST_1 : Operation 223 [1/1] (0.00ns)   --->   "%sysarrayB_rb_5_load = load i32 %sysarrayB_rb_5"   --->   Operation 223 'load' 'sysarrayB_rb_5_load' <Predicate = (exitcond110671)> <Delay = 0.00>
ST_1 : Operation 224 [1/1] (0.00ns)   --->   "%sysarrayB_rb_6_load = load i32 %sysarrayB_rb_6"   --->   Operation 224 'load' 'sysarrayB_rb_6_load' <Predicate = (exitcond110671)> <Delay = 0.00>
ST_1 : Operation 225 [1/1] (0.00ns)   --->   "%sysarrayB_rb_7_load = load i32 %sysarrayB_rb_7"   --->   Operation 225 'load' 'sysarrayB_rb_7_load' <Predicate = (exitcond110671)> <Delay = 0.00>
ST_1 : Operation 226 [1/1] (0.00ns)   --->   "%sysarrayB_rb_8_load = load i32 %sysarrayB_rb_8"   --->   Operation 226 'load' 'sysarrayB_rb_8_load' <Predicate = (exitcond110671)> <Delay = 0.00>
ST_1 : Operation 227 [1/1] (0.00ns)   --->   "%sysarrayB_rb_9_load = load i32 %sysarrayB_rb_9"   --->   Operation 227 'load' 'sysarrayB_rb_9_load' <Predicate = (exitcond110671)> <Delay = 0.00>
ST_1 : Operation 228 [1/1] (0.00ns)   --->   "%sysarrayB_rb_10_load = load i32 %sysarrayB_rb_10"   --->   Operation 228 'load' 'sysarrayB_rb_10_load' <Predicate = (exitcond110671)> <Delay = 0.00>
ST_1 : Operation 229 [1/1] (0.00ns)   --->   "%sysarrayB_rb_11_load = load i32 %sysarrayB_rb_11"   --->   Operation 229 'load' 'sysarrayB_rb_11_load' <Predicate = (exitcond110671)> <Delay = 0.00>
ST_1 : Operation 230 [1/1] (0.00ns)   --->   "%sysarrayB_rb_12_load = load i32 %sysarrayB_rb_12"   --->   Operation 230 'load' 'sysarrayB_rb_12_load' <Predicate = (exitcond110671)> <Delay = 0.00>
ST_1 : Operation 231 [1/1] (0.00ns)   --->   "%sysarrayB_rb_13_load = load i32 %sysarrayB_rb_13"   --->   Operation 231 'load' 'sysarrayB_rb_13_load' <Predicate = (exitcond110671)> <Delay = 0.00>
ST_1 : Operation 232 [1/1] (0.00ns)   --->   "%sysarrayB_rb_14_load = load i32 %sysarrayB_rb_14"   --->   Operation 232 'load' 'sysarrayB_rb_14_load' <Predicate = (exitcond110671)> <Delay = 0.00>
ST_1 : Operation 233 [1/1] (0.00ns)   --->   "%sysarrayB_rb_15_load = load i32 %sysarrayB_rb_15"   --->   Operation 233 'load' 'sysarrayB_rb_15_load' <Predicate = (exitcond110671)> <Delay = 0.00>
ST_1 : Operation 234 [1/1] (0.00ns)   --->   "%sysarrayB_rb_16_load = load i32 %sysarrayB_rb_16"   --->   Operation 234 'load' 'sysarrayB_rb_16_load' <Predicate = (exitcond110671)> <Delay = 0.00>
ST_1 : Operation 235 [1/1] (0.00ns)   --->   "%sysarrayB_rb_17_load = load i32 %sysarrayB_rb_17"   --->   Operation 235 'load' 'sysarrayB_rb_17_load' <Predicate = (exitcond110671)> <Delay = 0.00>
ST_1 : Operation 236 [1/1] (0.00ns)   --->   "%sysarrayB_rb_18_load = load i32 %sysarrayB_rb_18"   --->   Operation 236 'load' 'sysarrayB_rb_18_load' <Predicate = (exitcond110671)> <Delay = 0.00>
ST_1 : Operation 237 [1/1] (0.00ns)   --->   "%sysarrayB_rb_19_load = load i32 %sysarrayB_rb_19"   --->   Operation 237 'load' 'sysarrayB_rb_19_load' <Predicate = (exitcond110671)> <Delay = 0.00>
ST_1 : Operation 238 [1/1] (0.00ns)   --->   "%sysarrayB_rb_20_load = load i32 %sysarrayB_rb_20"   --->   Operation 238 'load' 'sysarrayB_rb_20_load' <Predicate = (exitcond110671)> <Delay = 0.00>
ST_1 : Operation 239 [1/1] (0.00ns)   --->   "%sysarrayB_rb_21_load = load i32 %sysarrayB_rb_21"   --->   Operation 239 'load' 'sysarrayB_rb_21_load' <Predicate = (exitcond110671)> <Delay = 0.00>
ST_1 : Operation 240 [1/1] (0.00ns)   --->   "%sysarrayB_rb_22_load = load i32 %sysarrayB_rb_22"   --->   Operation 240 'load' 'sysarrayB_rb_22_load' <Predicate = (exitcond110671)> <Delay = 0.00>
ST_1 : Operation 241 [1/1] (0.00ns)   --->   "%sysarrayB_rb_23_load = load i32 %sysarrayB_rb_23"   --->   Operation 241 'load' 'sysarrayB_rb_23_load' <Predicate = (exitcond110671)> <Delay = 0.00>
ST_1 : Operation 242 [1/1] (0.00ns)   --->   "%sysarrayB_rb_24_load = load i32 %sysarrayB_rb_24"   --->   Operation 242 'load' 'sysarrayB_rb_24_load' <Predicate = (exitcond110671)> <Delay = 0.00>
ST_1 : Operation 243 [1/1] (0.00ns)   --->   "%sysarrayB_rb_25_load = load i32 %sysarrayB_rb_25"   --->   Operation 243 'load' 'sysarrayB_rb_25_load' <Predicate = (exitcond110671)> <Delay = 0.00>
ST_1 : Operation 244 [1/1] (0.00ns)   --->   "%sysarrayB_rb_26_load = load i32 %sysarrayB_rb_26"   --->   Operation 244 'load' 'sysarrayB_rb_26_load' <Predicate = (exitcond110671)> <Delay = 0.00>
ST_1 : Operation 245 [1/1] (0.00ns)   --->   "%sysarrayB_rb_27_load = load i32 %sysarrayB_rb_27"   --->   Operation 245 'load' 'sysarrayB_rb_27_load' <Predicate = (exitcond110671)> <Delay = 0.00>
ST_1 : Operation 246 [1/1] (0.00ns)   --->   "%sysarrayB_rb_28_load = load i32 %sysarrayB_rb_28"   --->   Operation 246 'load' 'sysarrayB_rb_28_load' <Predicate = (exitcond110671)> <Delay = 0.00>
ST_1 : Operation 247 [1/1] (0.00ns)   --->   "%sysarrayB_rb_29_load = load i32 %sysarrayB_rb_29"   --->   Operation 247 'load' 'sysarrayB_rb_29_load' <Predicate = (exitcond110671)> <Delay = 0.00>
ST_1 : Operation 248 [1/1] (0.00ns)   --->   "%sysarrayB_rb_30_load = load i32 %sysarrayB_rb_30"   --->   Operation 248 'load' 'sysarrayB_rb_30_load' <Predicate = (exitcond110671)> <Delay = 0.00>
ST_1 : Operation 249 [1/1] (0.00ns)   --->   "%sysarrayB_rb_31_load = load i32 %sysarrayB_rb_31"   --->   Operation 249 'load' 'sysarrayB_rb_31_load' <Predicate = (exitcond110671)> <Delay = 0.00>
ST_1 : Operation 250 [1/1] (0.00ns)   --->   "%sysarrayB_rb_32_load = load i32 %sysarrayB_rb_32"   --->   Operation 250 'load' 'sysarrayB_rb_32_load' <Predicate = (exitcond110671)> <Delay = 0.00>
ST_1 : Operation 251 [1/1] (0.00ns)   --->   "%sysarrayB_rb_33_load = load i32 %sysarrayB_rb_33"   --->   Operation 251 'load' 'sysarrayB_rb_33_load' <Predicate = (exitcond110671)> <Delay = 0.00>
ST_1 : Operation 252 [1/1] (0.00ns)   --->   "%sysarrayB_rb_34_load = load i32 %sysarrayB_rb_34"   --->   Operation 252 'load' 'sysarrayB_rb_34_load' <Predicate = (exitcond110671)> <Delay = 0.00>
ST_1 : Operation 253 [1/1] (0.00ns)   --->   "%sysarrayB_rb_35_load = load i32 %sysarrayB_rb_35"   --->   Operation 253 'load' 'sysarrayB_rb_35_load' <Predicate = (exitcond110671)> <Delay = 0.00>
ST_1 : Operation 254 [1/1] (0.00ns)   --->   "%sysarrayB_rb_36_load = load i32 %sysarrayB_rb_36"   --->   Operation 254 'load' 'sysarrayB_rb_36_load' <Predicate = (exitcond110671)> <Delay = 0.00>
ST_1 : Operation 255 [1/1] (0.00ns)   --->   "%sysarrayB_rb_37_load = load i32 %sysarrayB_rb_37"   --->   Operation 255 'load' 'sysarrayB_rb_37_load' <Predicate = (exitcond110671)> <Delay = 0.00>
ST_1 : Operation 256 [1/1] (0.00ns)   --->   "%sysarrayB_rb_38_load = load i32 %sysarrayB_rb_38"   --->   Operation 256 'load' 'sysarrayB_rb_38_load' <Predicate = (exitcond110671)> <Delay = 0.00>
ST_1 : Operation 257 [1/1] (0.00ns)   --->   "%sysarrayB_rb_39_load = load i32 %sysarrayB_rb_39"   --->   Operation 257 'load' 'sysarrayB_rb_39_load' <Predicate = (exitcond110671)> <Delay = 0.00>
ST_1 : Operation 258 [1/1] (0.00ns)   --->   "%sysarrayB_rb_40_load = load i32 %sysarrayB_rb_40"   --->   Operation 258 'load' 'sysarrayB_rb_40_load' <Predicate = (exitcond110671)> <Delay = 0.00>
ST_1 : Operation 259 [1/1] (0.00ns)   --->   "%sysarrayB_rb_41_load = load i32 %sysarrayB_rb_41"   --->   Operation 259 'load' 'sysarrayB_rb_41_load' <Predicate = (exitcond110671)> <Delay = 0.00>
ST_1 : Operation 260 [1/1] (0.00ns)   --->   "%sysarrayB_rb_42_load = load i32 %sysarrayB_rb_42"   --->   Operation 260 'load' 'sysarrayB_rb_42_load' <Predicate = (exitcond110671)> <Delay = 0.00>
ST_1 : Operation 261 [1/1] (0.00ns)   --->   "%sysarrayB_rb_43_load = load i32 %sysarrayB_rb_43"   --->   Operation 261 'load' 'sysarrayB_rb_43_load' <Predicate = (exitcond110671)> <Delay = 0.00>
ST_1 : Operation 262 [1/1] (0.00ns)   --->   "%sysarrayB_rb_44_load = load i32 %sysarrayB_rb_44"   --->   Operation 262 'load' 'sysarrayB_rb_44_load' <Predicate = (exitcond110671)> <Delay = 0.00>
ST_1 : Operation 263 [1/1] (0.00ns)   --->   "%sysarrayB_rb_45_load = load i32 %sysarrayB_rb_45"   --->   Operation 263 'load' 'sysarrayB_rb_45_load' <Predicate = (exitcond110671)> <Delay = 0.00>
ST_1 : Operation 264 [1/1] (0.00ns)   --->   "%sysarrayB_rb_46_load = load i32 %sysarrayB_rb_46"   --->   Operation 264 'load' 'sysarrayB_rb_46_load' <Predicate = (exitcond110671)> <Delay = 0.00>
ST_1 : Operation 265 [1/1] (0.00ns)   --->   "%sysarrayB_rb_47_load = load i32 %sysarrayB_rb_47"   --->   Operation 265 'load' 'sysarrayB_rb_47_load' <Predicate = (exitcond110671)> <Delay = 0.00>
ST_1 : Operation 266 [1/1] (0.00ns)   --->   "%sysarrayB_rb_48_load = load i32 %sysarrayB_rb_48"   --->   Operation 266 'load' 'sysarrayB_rb_48_load' <Predicate = (exitcond110671)> <Delay = 0.00>
ST_1 : Operation 267 [1/1] (0.00ns)   --->   "%sysarrayB_rb_49_load = load i32 %sysarrayB_rb_49"   --->   Operation 267 'load' 'sysarrayB_rb_49_load' <Predicate = (exitcond110671)> <Delay = 0.00>
ST_1 : Operation 268 [1/1] (0.00ns)   --->   "%sysarrayB_rb_50_load = load i32 %sysarrayB_rb_50"   --->   Operation 268 'load' 'sysarrayB_rb_50_load' <Predicate = (exitcond110671)> <Delay = 0.00>
ST_1 : Operation 269 [1/1] (0.00ns)   --->   "%sysarrayB_rb_51_load = load i32 %sysarrayB_rb_51"   --->   Operation 269 'load' 'sysarrayB_rb_51_load' <Predicate = (exitcond110671)> <Delay = 0.00>
ST_1 : Operation 270 [1/1] (0.00ns)   --->   "%sysarrayB_rb_52_load = load i32 %sysarrayB_rb_52"   --->   Operation 270 'load' 'sysarrayB_rb_52_load' <Predicate = (exitcond110671)> <Delay = 0.00>
ST_1 : Operation 271 [1/1] (0.00ns)   --->   "%sysarrayB_rb_53_load = load i32 %sysarrayB_rb_53"   --->   Operation 271 'load' 'sysarrayB_rb_53_load' <Predicate = (exitcond110671)> <Delay = 0.00>
ST_1 : Operation 272 [1/1] (0.00ns)   --->   "%sysarrayB_rb_54_load = load i32 %sysarrayB_rb_54"   --->   Operation 272 'load' 'sysarrayB_rb_54_load' <Predicate = (exitcond110671)> <Delay = 0.00>
ST_1 : Operation 273 [1/1] (0.00ns)   --->   "%sysarrayB_rb_55_load = load i32 %sysarrayB_rb_55"   --->   Operation 273 'load' 'sysarrayB_rb_55_load' <Predicate = (exitcond110671)> <Delay = 0.00>
ST_1 : Operation 274 [1/1] (0.00ns)   --->   "%sysarrayB_rb_56_load = load i32 %sysarrayB_rb_56"   --->   Operation 274 'load' 'sysarrayB_rb_56_load' <Predicate = (exitcond110671)> <Delay = 0.00>
ST_1 : Operation 275 [1/1] (0.00ns)   --->   "%sysarrayB_rb_57_load = load i32 %sysarrayB_rb_57"   --->   Operation 275 'load' 'sysarrayB_rb_57_load' <Predicate = (exitcond110671)> <Delay = 0.00>
ST_1 : Operation 276 [1/1] (0.00ns)   --->   "%sysarrayB_rb_58_load = load i32 %sysarrayB_rb_58"   --->   Operation 276 'load' 'sysarrayB_rb_58_load' <Predicate = (exitcond110671)> <Delay = 0.00>
ST_1 : Operation 277 [1/1] (0.00ns)   --->   "%sysarrayB_rb_59_load = load i32 %sysarrayB_rb_59"   --->   Operation 277 'load' 'sysarrayB_rb_59_load' <Predicate = (exitcond110671)> <Delay = 0.00>
ST_1 : Operation 278 [1/1] (0.00ns)   --->   "%sysarrayB_rb_60_load = load i32 %sysarrayB_rb_60"   --->   Operation 278 'load' 'sysarrayB_rb_60_load' <Predicate = (exitcond110671)> <Delay = 0.00>
ST_1 : Operation 279 [1/1] (0.00ns)   --->   "%sysarrayB_rb_61_load = load i32 %sysarrayB_rb_61"   --->   Operation 279 'load' 'sysarrayB_rb_61_load' <Predicate = (exitcond110671)> <Delay = 0.00>
ST_1 : Operation 280 [1/1] (0.00ns)   --->   "%sysarrayB_rb_62_load = load i32 %sysarrayB_rb_62"   --->   Operation 280 'load' 'sysarrayB_rb_62_load' <Predicate = (exitcond110671)> <Delay = 0.00>
ST_1 : Operation 281 [1/1] (0.00ns)   --->   "%sysarrayB_rb_63_load = load i32 %sysarrayB_rb_63"   --->   Operation 281 'load' 'sysarrayB_rb_63_load' <Predicate = (exitcond110671)> <Delay = 0.00>
ST_1 : Operation 282 [1/1] (0.00ns)   --->   "%write_ln0 = write void @_ssdm_op_Write.ap_auto.i32P0A, i32 %sysarrayB_rb_63_out, i32 %sysarrayB_rb_63_load"   --->   Operation 282 'write' 'write_ln0' <Predicate = (exitcond110671)> <Delay = 0.00>
ST_1 : Operation 283 [1/1] (0.00ns)   --->   "%write_ln0 = write void @_ssdm_op_Write.ap_auto.i32P0A, i32 %sysarrayB_rb_62_out, i32 %sysarrayB_rb_62_load"   --->   Operation 283 'write' 'write_ln0' <Predicate = (exitcond110671)> <Delay = 0.00>
ST_1 : Operation 284 [1/1] (0.00ns)   --->   "%write_ln0 = write void @_ssdm_op_Write.ap_auto.i32P0A, i32 %sysarrayB_rb_61_out, i32 %sysarrayB_rb_61_load"   --->   Operation 284 'write' 'write_ln0' <Predicate = (exitcond110671)> <Delay = 0.00>
ST_1 : Operation 285 [1/1] (0.00ns)   --->   "%write_ln0 = write void @_ssdm_op_Write.ap_auto.i32P0A, i32 %sysarrayB_rb_60_out, i32 %sysarrayB_rb_60_load"   --->   Operation 285 'write' 'write_ln0' <Predicate = (exitcond110671)> <Delay = 0.00>
ST_1 : Operation 286 [1/1] (0.00ns)   --->   "%write_ln0 = write void @_ssdm_op_Write.ap_auto.i32P0A, i32 %sysarrayB_rb_59_out, i32 %sysarrayB_rb_59_load"   --->   Operation 286 'write' 'write_ln0' <Predicate = (exitcond110671)> <Delay = 0.00>
ST_1 : Operation 287 [1/1] (0.00ns)   --->   "%write_ln0 = write void @_ssdm_op_Write.ap_auto.i32P0A, i32 %sysarrayB_rb_58_out, i32 %sysarrayB_rb_58_load"   --->   Operation 287 'write' 'write_ln0' <Predicate = (exitcond110671)> <Delay = 0.00>
ST_1 : Operation 288 [1/1] (0.00ns)   --->   "%write_ln0 = write void @_ssdm_op_Write.ap_auto.i32P0A, i32 %sysarrayB_rb_57_out, i32 %sysarrayB_rb_57_load"   --->   Operation 288 'write' 'write_ln0' <Predicate = (exitcond110671)> <Delay = 0.00>
ST_1 : Operation 289 [1/1] (0.00ns)   --->   "%write_ln0 = write void @_ssdm_op_Write.ap_auto.i32P0A, i32 %sysarrayB_rb_56_out, i32 %sysarrayB_rb_56_load"   --->   Operation 289 'write' 'write_ln0' <Predicate = (exitcond110671)> <Delay = 0.00>
ST_1 : Operation 290 [1/1] (0.00ns)   --->   "%write_ln0 = write void @_ssdm_op_Write.ap_auto.i32P0A, i32 %sysarrayB_rb_55_out, i32 %sysarrayB_rb_55_load"   --->   Operation 290 'write' 'write_ln0' <Predicate = (exitcond110671)> <Delay = 0.00>
ST_1 : Operation 291 [1/1] (0.00ns)   --->   "%write_ln0 = write void @_ssdm_op_Write.ap_auto.i32P0A, i32 %sysarrayB_rb_54_out, i32 %sysarrayB_rb_54_load"   --->   Operation 291 'write' 'write_ln0' <Predicate = (exitcond110671)> <Delay = 0.00>
ST_1 : Operation 292 [1/1] (0.00ns)   --->   "%write_ln0 = write void @_ssdm_op_Write.ap_auto.i32P0A, i32 %sysarrayB_rb_53_out, i32 %sysarrayB_rb_53_load"   --->   Operation 292 'write' 'write_ln0' <Predicate = (exitcond110671)> <Delay = 0.00>
ST_1 : Operation 293 [1/1] (0.00ns)   --->   "%write_ln0 = write void @_ssdm_op_Write.ap_auto.i32P0A, i32 %sysarrayB_rb_52_out, i32 %sysarrayB_rb_52_load"   --->   Operation 293 'write' 'write_ln0' <Predicate = (exitcond110671)> <Delay = 0.00>
ST_1 : Operation 294 [1/1] (0.00ns)   --->   "%write_ln0 = write void @_ssdm_op_Write.ap_auto.i32P0A, i32 %sysarrayB_rb_51_out, i32 %sysarrayB_rb_51_load"   --->   Operation 294 'write' 'write_ln0' <Predicate = (exitcond110671)> <Delay = 0.00>
ST_1 : Operation 295 [1/1] (0.00ns)   --->   "%write_ln0 = write void @_ssdm_op_Write.ap_auto.i32P0A, i32 %sysarrayB_rb_50_out, i32 %sysarrayB_rb_50_load"   --->   Operation 295 'write' 'write_ln0' <Predicate = (exitcond110671)> <Delay = 0.00>
ST_1 : Operation 296 [1/1] (0.00ns)   --->   "%write_ln0 = write void @_ssdm_op_Write.ap_auto.i32P0A, i32 %sysarrayB_rb_49_out, i32 %sysarrayB_rb_49_load"   --->   Operation 296 'write' 'write_ln0' <Predicate = (exitcond110671)> <Delay = 0.00>
ST_1 : Operation 297 [1/1] (0.00ns)   --->   "%write_ln0 = write void @_ssdm_op_Write.ap_auto.i32P0A, i32 %sysarrayB_rb_48_out, i32 %sysarrayB_rb_48_load"   --->   Operation 297 'write' 'write_ln0' <Predicate = (exitcond110671)> <Delay = 0.00>
ST_1 : Operation 298 [1/1] (0.00ns)   --->   "%write_ln0 = write void @_ssdm_op_Write.ap_auto.i32P0A, i32 %sysarrayB_rb_47_out, i32 %sysarrayB_rb_47_load"   --->   Operation 298 'write' 'write_ln0' <Predicate = (exitcond110671)> <Delay = 0.00>
ST_1 : Operation 299 [1/1] (0.00ns)   --->   "%write_ln0 = write void @_ssdm_op_Write.ap_auto.i32P0A, i32 %sysarrayB_rb_46_out, i32 %sysarrayB_rb_46_load"   --->   Operation 299 'write' 'write_ln0' <Predicate = (exitcond110671)> <Delay = 0.00>
ST_1 : Operation 300 [1/1] (0.00ns)   --->   "%write_ln0 = write void @_ssdm_op_Write.ap_auto.i32P0A, i32 %sysarrayB_rb_45_out, i32 %sysarrayB_rb_45_load"   --->   Operation 300 'write' 'write_ln0' <Predicate = (exitcond110671)> <Delay = 0.00>
ST_1 : Operation 301 [1/1] (0.00ns)   --->   "%write_ln0 = write void @_ssdm_op_Write.ap_auto.i32P0A, i32 %sysarrayB_rb_44_out, i32 %sysarrayB_rb_44_load"   --->   Operation 301 'write' 'write_ln0' <Predicate = (exitcond110671)> <Delay = 0.00>
ST_1 : Operation 302 [1/1] (0.00ns)   --->   "%write_ln0 = write void @_ssdm_op_Write.ap_auto.i32P0A, i32 %sysarrayB_rb_43_out, i32 %sysarrayB_rb_43_load"   --->   Operation 302 'write' 'write_ln0' <Predicate = (exitcond110671)> <Delay = 0.00>
ST_1 : Operation 303 [1/1] (0.00ns)   --->   "%write_ln0 = write void @_ssdm_op_Write.ap_auto.i32P0A, i32 %sysarrayB_rb_42_out, i32 %sysarrayB_rb_42_load"   --->   Operation 303 'write' 'write_ln0' <Predicate = (exitcond110671)> <Delay = 0.00>
ST_1 : Operation 304 [1/1] (0.00ns)   --->   "%write_ln0 = write void @_ssdm_op_Write.ap_auto.i32P0A, i32 %sysarrayB_rb_41_out, i32 %sysarrayB_rb_41_load"   --->   Operation 304 'write' 'write_ln0' <Predicate = (exitcond110671)> <Delay = 0.00>
ST_1 : Operation 305 [1/1] (0.00ns)   --->   "%write_ln0 = write void @_ssdm_op_Write.ap_auto.i32P0A, i32 %sysarrayB_rb_40_out, i32 %sysarrayB_rb_40_load"   --->   Operation 305 'write' 'write_ln0' <Predicate = (exitcond110671)> <Delay = 0.00>
ST_1 : Operation 306 [1/1] (0.00ns)   --->   "%write_ln0 = write void @_ssdm_op_Write.ap_auto.i32P0A, i32 %sysarrayB_rb_39_out, i32 %sysarrayB_rb_39_load"   --->   Operation 306 'write' 'write_ln0' <Predicate = (exitcond110671)> <Delay = 0.00>
ST_1 : Operation 307 [1/1] (0.00ns)   --->   "%write_ln0 = write void @_ssdm_op_Write.ap_auto.i32P0A, i32 %sysarrayB_rb_38_out, i32 %sysarrayB_rb_38_load"   --->   Operation 307 'write' 'write_ln0' <Predicate = (exitcond110671)> <Delay = 0.00>
ST_1 : Operation 308 [1/1] (0.00ns)   --->   "%write_ln0 = write void @_ssdm_op_Write.ap_auto.i32P0A, i32 %sysarrayB_rb_37_out, i32 %sysarrayB_rb_37_load"   --->   Operation 308 'write' 'write_ln0' <Predicate = (exitcond110671)> <Delay = 0.00>
ST_1 : Operation 309 [1/1] (0.00ns)   --->   "%write_ln0 = write void @_ssdm_op_Write.ap_auto.i32P0A, i32 %sysarrayB_rb_36_out, i32 %sysarrayB_rb_36_load"   --->   Operation 309 'write' 'write_ln0' <Predicate = (exitcond110671)> <Delay = 0.00>
ST_1 : Operation 310 [1/1] (0.00ns)   --->   "%write_ln0 = write void @_ssdm_op_Write.ap_auto.i32P0A, i32 %sysarrayB_rb_35_out, i32 %sysarrayB_rb_35_load"   --->   Operation 310 'write' 'write_ln0' <Predicate = (exitcond110671)> <Delay = 0.00>
ST_1 : Operation 311 [1/1] (0.00ns)   --->   "%write_ln0 = write void @_ssdm_op_Write.ap_auto.i32P0A, i32 %sysarrayB_rb_34_out, i32 %sysarrayB_rb_34_load"   --->   Operation 311 'write' 'write_ln0' <Predicate = (exitcond110671)> <Delay = 0.00>
ST_1 : Operation 312 [1/1] (0.00ns)   --->   "%write_ln0 = write void @_ssdm_op_Write.ap_auto.i32P0A, i32 %sysarrayB_rb_33_out, i32 %sysarrayB_rb_33_load"   --->   Operation 312 'write' 'write_ln0' <Predicate = (exitcond110671)> <Delay = 0.00>
ST_1 : Operation 313 [1/1] (0.00ns)   --->   "%write_ln0 = write void @_ssdm_op_Write.ap_auto.i32P0A, i32 %sysarrayB_rb_32_out, i32 %sysarrayB_rb_32_load"   --->   Operation 313 'write' 'write_ln0' <Predicate = (exitcond110671)> <Delay = 0.00>
ST_1 : Operation 314 [1/1] (0.00ns)   --->   "%write_ln0 = write void @_ssdm_op_Write.ap_auto.i32P0A, i32 %sysarrayB_rb_31_out, i32 %sysarrayB_rb_31_load"   --->   Operation 314 'write' 'write_ln0' <Predicate = (exitcond110671)> <Delay = 0.00>
ST_1 : Operation 315 [1/1] (0.00ns)   --->   "%write_ln0 = write void @_ssdm_op_Write.ap_auto.i32P0A, i32 %sysarrayB_rb_30_out, i32 %sysarrayB_rb_30_load"   --->   Operation 315 'write' 'write_ln0' <Predicate = (exitcond110671)> <Delay = 0.00>
ST_1 : Operation 316 [1/1] (0.00ns)   --->   "%write_ln0 = write void @_ssdm_op_Write.ap_auto.i32P0A, i32 %sysarrayB_rb_29_out, i32 %sysarrayB_rb_29_load"   --->   Operation 316 'write' 'write_ln0' <Predicate = (exitcond110671)> <Delay = 0.00>
ST_1 : Operation 317 [1/1] (0.00ns)   --->   "%write_ln0 = write void @_ssdm_op_Write.ap_auto.i32P0A, i32 %sysarrayB_rb_28_out, i32 %sysarrayB_rb_28_load"   --->   Operation 317 'write' 'write_ln0' <Predicate = (exitcond110671)> <Delay = 0.00>
ST_1 : Operation 318 [1/1] (0.00ns)   --->   "%write_ln0 = write void @_ssdm_op_Write.ap_auto.i32P0A, i32 %sysarrayB_rb_27_out, i32 %sysarrayB_rb_27_load"   --->   Operation 318 'write' 'write_ln0' <Predicate = (exitcond110671)> <Delay = 0.00>
ST_1 : Operation 319 [1/1] (0.00ns)   --->   "%write_ln0 = write void @_ssdm_op_Write.ap_auto.i32P0A, i32 %sysarrayB_rb_26_out, i32 %sysarrayB_rb_26_load"   --->   Operation 319 'write' 'write_ln0' <Predicate = (exitcond110671)> <Delay = 0.00>
ST_1 : Operation 320 [1/1] (0.00ns)   --->   "%write_ln0 = write void @_ssdm_op_Write.ap_auto.i32P0A, i32 %sysarrayB_rb_25_out, i32 %sysarrayB_rb_25_load"   --->   Operation 320 'write' 'write_ln0' <Predicate = (exitcond110671)> <Delay = 0.00>
ST_1 : Operation 321 [1/1] (0.00ns)   --->   "%write_ln0 = write void @_ssdm_op_Write.ap_auto.i32P0A, i32 %sysarrayB_rb_24_out, i32 %sysarrayB_rb_24_load"   --->   Operation 321 'write' 'write_ln0' <Predicate = (exitcond110671)> <Delay = 0.00>
ST_1 : Operation 322 [1/1] (0.00ns)   --->   "%write_ln0 = write void @_ssdm_op_Write.ap_auto.i32P0A, i32 %sysarrayB_rb_23_out, i32 %sysarrayB_rb_23_load"   --->   Operation 322 'write' 'write_ln0' <Predicate = (exitcond110671)> <Delay = 0.00>
ST_1 : Operation 323 [1/1] (0.00ns)   --->   "%write_ln0 = write void @_ssdm_op_Write.ap_auto.i32P0A, i32 %sysarrayB_rb_22_out, i32 %sysarrayB_rb_22_load"   --->   Operation 323 'write' 'write_ln0' <Predicate = (exitcond110671)> <Delay = 0.00>
ST_1 : Operation 324 [1/1] (0.00ns)   --->   "%write_ln0 = write void @_ssdm_op_Write.ap_auto.i32P0A, i32 %sysarrayB_rb_21_out, i32 %sysarrayB_rb_21_load"   --->   Operation 324 'write' 'write_ln0' <Predicate = (exitcond110671)> <Delay = 0.00>
ST_1 : Operation 325 [1/1] (0.00ns)   --->   "%write_ln0 = write void @_ssdm_op_Write.ap_auto.i32P0A, i32 %sysarrayB_rb_20_out, i32 %sysarrayB_rb_20_load"   --->   Operation 325 'write' 'write_ln0' <Predicate = (exitcond110671)> <Delay = 0.00>
ST_1 : Operation 326 [1/1] (0.00ns)   --->   "%write_ln0 = write void @_ssdm_op_Write.ap_auto.i32P0A, i32 %sysarrayB_rb_19_out, i32 %sysarrayB_rb_19_load"   --->   Operation 326 'write' 'write_ln0' <Predicate = (exitcond110671)> <Delay = 0.00>
ST_1 : Operation 327 [1/1] (0.00ns)   --->   "%write_ln0 = write void @_ssdm_op_Write.ap_auto.i32P0A, i32 %sysarrayB_rb_18_out, i32 %sysarrayB_rb_18_load"   --->   Operation 327 'write' 'write_ln0' <Predicate = (exitcond110671)> <Delay = 0.00>
ST_1 : Operation 328 [1/1] (0.00ns)   --->   "%write_ln0 = write void @_ssdm_op_Write.ap_auto.i32P0A, i32 %sysarrayB_rb_17_out, i32 %sysarrayB_rb_17_load"   --->   Operation 328 'write' 'write_ln0' <Predicate = (exitcond110671)> <Delay = 0.00>
ST_1 : Operation 329 [1/1] (0.00ns)   --->   "%write_ln0 = write void @_ssdm_op_Write.ap_auto.i32P0A, i32 %sysarrayB_rb_16_out, i32 %sysarrayB_rb_16_load"   --->   Operation 329 'write' 'write_ln0' <Predicate = (exitcond110671)> <Delay = 0.00>
ST_1 : Operation 330 [1/1] (0.00ns)   --->   "%write_ln0 = write void @_ssdm_op_Write.ap_auto.i32P0A, i32 %sysarrayB_rb_15_out, i32 %sysarrayB_rb_15_load"   --->   Operation 330 'write' 'write_ln0' <Predicate = (exitcond110671)> <Delay = 0.00>
ST_1 : Operation 331 [1/1] (0.00ns)   --->   "%write_ln0 = write void @_ssdm_op_Write.ap_auto.i32P0A, i32 %sysarrayB_rb_14_out, i32 %sysarrayB_rb_14_load"   --->   Operation 331 'write' 'write_ln0' <Predicate = (exitcond110671)> <Delay = 0.00>
ST_1 : Operation 332 [1/1] (0.00ns)   --->   "%write_ln0 = write void @_ssdm_op_Write.ap_auto.i32P0A, i32 %sysarrayB_rb_13_out, i32 %sysarrayB_rb_13_load"   --->   Operation 332 'write' 'write_ln0' <Predicate = (exitcond110671)> <Delay = 0.00>
ST_1 : Operation 333 [1/1] (0.00ns)   --->   "%write_ln0 = write void @_ssdm_op_Write.ap_auto.i32P0A, i32 %sysarrayB_rb_12_out, i32 %sysarrayB_rb_12_load"   --->   Operation 333 'write' 'write_ln0' <Predicate = (exitcond110671)> <Delay = 0.00>
ST_1 : Operation 334 [1/1] (0.00ns)   --->   "%write_ln0 = write void @_ssdm_op_Write.ap_auto.i32P0A, i32 %sysarrayB_rb_11_out, i32 %sysarrayB_rb_11_load"   --->   Operation 334 'write' 'write_ln0' <Predicate = (exitcond110671)> <Delay = 0.00>
ST_1 : Operation 335 [1/1] (0.00ns)   --->   "%write_ln0 = write void @_ssdm_op_Write.ap_auto.i32P0A, i32 %sysarrayB_rb_10_out, i32 %sysarrayB_rb_10_load"   --->   Operation 335 'write' 'write_ln0' <Predicate = (exitcond110671)> <Delay = 0.00>
ST_1 : Operation 336 [1/1] (0.00ns)   --->   "%write_ln0 = write void @_ssdm_op_Write.ap_auto.i32P0A, i32 %sysarrayB_rb_9_out, i32 %sysarrayB_rb_9_load"   --->   Operation 336 'write' 'write_ln0' <Predicate = (exitcond110671)> <Delay = 0.00>
ST_1 : Operation 337 [1/1] (0.00ns)   --->   "%write_ln0 = write void @_ssdm_op_Write.ap_auto.i32P0A, i32 %sysarrayB_rb_8_out, i32 %sysarrayB_rb_8_load"   --->   Operation 337 'write' 'write_ln0' <Predicate = (exitcond110671)> <Delay = 0.00>
ST_1 : Operation 338 [1/1] (0.00ns)   --->   "%write_ln0 = write void @_ssdm_op_Write.ap_auto.i32P0A, i32 %sysarrayB_rb_7_out, i32 %sysarrayB_rb_7_load"   --->   Operation 338 'write' 'write_ln0' <Predicate = (exitcond110671)> <Delay = 0.00>
ST_1 : Operation 339 [1/1] (0.00ns)   --->   "%write_ln0 = write void @_ssdm_op_Write.ap_auto.i32P0A, i32 %sysarrayB_rb_6_out, i32 %sysarrayB_rb_6_load"   --->   Operation 339 'write' 'write_ln0' <Predicate = (exitcond110671)> <Delay = 0.00>
ST_1 : Operation 340 [1/1] (0.00ns)   --->   "%write_ln0 = write void @_ssdm_op_Write.ap_auto.i32P0A, i32 %sysarrayB_rb_5_out, i32 %sysarrayB_rb_5_load"   --->   Operation 340 'write' 'write_ln0' <Predicate = (exitcond110671)> <Delay = 0.00>
ST_1 : Operation 341 [1/1] (0.00ns)   --->   "%write_ln0 = write void @_ssdm_op_Write.ap_auto.i32P0A, i32 %sysarrayB_rb_4_out, i32 %sysarrayB_rb_4_load"   --->   Operation 341 'write' 'write_ln0' <Predicate = (exitcond110671)> <Delay = 0.00>
ST_1 : Operation 342 [1/1] (0.00ns)   --->   "%write_ln0 = write void @_ssdm_op_Write.ap_auto.i32P0A, i32 %sysarrayB_rb_3_out, i32 %sysarrayB_rb_3_load"   --->   Operation 342 'write' 'write_ln0' <Predicate = (exitcond110671)> <Delay = 0.00>
ST_1 : Operation 343 [1/1] (0.00ns)   --->   "%write_ln0 = write void @_ssdm_op_Write.ap_auto.i32P0A, i32 %sysarrayB_rb_2_out, i32 %sysarrayB_rb_2_load"   --->   Operation 343 'write' 'write_ln0' <Predicate = (exitcond110671)> <Delay = 0.00>
ST_1 : Operation 344 [1/1] (0.00ns)   --->   "%write_ln0 = write void @_ssdm_op_Write.ap_auto.i32P0A, i32 %sysarrayB_rb_1_out, i32 %sysarrayB_rb_1_load"   --->   Operation 344 'write' 'write_ln0' <Predicate = (exitcond110671)> <Delay = 0.00>
ST_1 : Operation 345 [1/1] (0.00ns)   --->   "%write_ln0 = write void @_ssdm_op_Write.ap_auto.i32P0A, i32 %sysarrayB_rb_out, i32 %sysarrayB_rb_load"   --->   Operation 345 'write' 'write_ln0' <Predicate = (exitcond110671)> <Delay = 0.00>
ST_1 : Operation 346 [1/1] (0.00ns)   --->   "%ret_ln0 = ret"   --->   Operation 346 'ret' 'ret_ln0' <Predicate = (exitcond110671)> <Delay = 0.00>


============================================================
+ Verbose Summary: Timing violations
============================================================
Target clock period: 10ns, clock uncertainty: 2.7ns.

 <State 1>: 1.24ns
The critical path consists of the following:
	'alloca' operation ('empty') [65]  (0 ns)
	'load' operation ('p_load') on local variable 'empty' [133]  (0 ns)
	'add' operation ('empty_103') [137]  (0.773 ns)
	'store' operation ('store_ln0') of variable 'empty_103' on local variable 'empty' [352]  (0.427 ns)
	blocking operation 0.044 ns on control path)


============================================================
+ Verbose Summary: Binding
============================================================
N/A
* FSMD analyzer results:
  - Output states:
 - Input state : 
  - Chain level:
	State 1


============================================================
+ Verbose Summary: Datapath Resource usage 
============================================================
N/A
