

================================================================
== Vitis HLS Report for 'multiplier_Pipeline_2'
================================================================
* Date:           Sun Jan 29 23:46:41 2023

* Version:        2022.2 (Build 3670227 on Oct 13 2022)
* Project:        Systolic-Matrix-Multiplier
* Solution:       solution (Vitis Kernel Flow Target)
* Product family: zynquplus
* Target device:  xck26-sfvc784-2LV-c


================================================================
== Performance Estimates
================================================================
+ Timing: 
    * Summary: 
    +--------+----------+----------+------------+
    |  Clock |  Target  | Estimated| Uncertainty|
    +--------+----------+----------+------------+
    |ap_clk  |  10.00 ns|  1.494 ns|     2.70 ns|
    +--------+----------+----------+------------+

+ Latency: 
    * Summary: 
    +---------+---------+----------+----------+-----+-----+---------+
    |  Latency (cycles) |  Latency (absolute) |  Interval | Pipeline|
    |   min   |   max   |    min   |    max   | min | max |   Type  |
    +---------+---------+----------+----------+-----+-----+---------+
    |       66|       66|  0.660 us|  0.660 us|   66|   66|       no|
    +---------+---------+----------+----------+-----+-----+---------+

    + Detail: 
        * Instance: 
        N/A

        * Loop: 
        +----------+---------+---------+----------+-----------+-----------+------+----------+
        |          |  Latency (cycles) | Iteration|  Initiation Interval  | Trip |          |
        | Loop Name|   min   |   max   |  Latency |  achieved |   target  | Count| Pipelined|
        +----------+---------+---------+----------+-----------+-----------+------+----------+
        |- Loop 1  |       64|       64|         1|          1|          1|    64|       yes|
        +----------+---------+---------+----------+-----------+-----------+------+----------+

============================================================
+ Verbose Summary: Synthesis Manager
============================================================
InlineROM: 1
ExposeGlobal: 0
============================================================
+ Verbose Summary: CDFG Model
============================================================
IsTopModel: 0
ResetActiveHigh: 1
IsCombinational: 0
IsDatapathOnly: 0
HasWiredReturn: 1
HasMFsm: 2
HasVarLatency: 1
IsPipeline: 0
IsRtlPipelined: 0
IsInstanceOverlapped: 0
IsDontTouch: 0
HasImplIP: 0
IsGatedGlobalClock: 0

+ Individual pipeline summary: 
  * Pipeline-0: initiation interval (II) = 1, depth = 1


============================================================
+ Verbose Summary: Schedule
============================================================
* Number of FSM states : 1
* Pipeline : 1
  Pipeline-0 : II = 1, D = 1, States = { 1 }
* Dataflow Pipeline: 0

* FSM state transitions: 
1 --> 

* FSM state operations: 

State 1 <SV = 0> <Delay = 1.49>
ST_1 : Operation 4 [1/1] (0.00ns)   --->   "%empty = alloca i32 1"   --->   Operation 4 'alloca' 'empty' <Predicate = true> <Delay = 0.00>
ST_1 : Operation 5 [1/1] (0.42ns)   --->   "%store_ln0 = store i7 0, i7 %empty"   --->   Operation 5 'store' 'store_ln0' <Predicate = true> <Delay = 0.42>
ST_1 : Operation 6 [1/1] (0.00ns)   --->   "%br_ln0 = br void %memset.loop33"   --->   Operation 6 'br' 'br_ln0' <Predicate = true> <Delay = 0.00>
ST_1 : Operation 7 [1/1] (0.00ns)   --->   "%p_load = load i7 %empty"   --->   Operation 7 'load' 'p_load' <Predicate = true> <Delay = 0.00>
ST_1 : Operation 8 [1/1] (0.00ns)   --->   "%specpipeline_ln0 = specpipeline void @_ssdm_op_SpecPipeline, i32 4294967295, i32 0, i32 1, i32 0, void @p_str"   --->   Operation 8 'specpipeline' 'specpipeline_ln0' <Predicate = true> <Delay = 0.00>
ST_1 : Operation 9 [1/1] (0.81ns)   --->   "%exitcond111374 = icmp_eq  i7 %p_load, i7 64"   --->   Operation 9 'icmp' 'exitcond111374' <Predicate = true> <Delay = 0.81> <CoreInst = "Cmp">   --->   Core 9 'Cmp' <Latency = 0> <II = 1> <Delay = 0.81> <FuncUnit> <Opcode : 'icmp'> <InPorts = 2> <OutPorts = 1>
ST_1 : Operation 10 [1/1] (0.00ns)   --->   "%empty_108 = speclooptripcount i32 @_ssdm_op_SpecLoopTripCount, i64 64, i64 64, i64 64"   --->   Operation 10 'speclooptripcount' 'empty_108' <Predicate = true> <Delay = 0.00>
ST_1 : Operation 11 [1/1] (0.77ns)   --->   "%empty_109 = add i7 %p_load, i7 1"   --->   Operation 11 'add' 'empty_109' <Predicate = true> <Delay = 0.77> <CoreInst = "Adder">   --->   Core 1 'Adder' <Latency = 0> <II = 1> <Delay = 0.77> <FuncUnit> <Opcode : 'add' 'sub'> <InPorts = 2> <OutPorts = 1>
ST_1 : Operation 12 [1/1] (0.00ns)   --->   "%br_ln0 = br i1 %exitcond111374, void %memset.loop33.split, void %split32.exitStub"   --->   Operation 12 'br' 'br_ln0' <Predicate = true> <Delay = 0.00>
ST_1 : Operation 13 [1/1] (0.00ns)   --->   "%tmp_8 = partselect i3 @_ssdm_op_PartSelect.i3.i7.i32.i32, i7 %p_load, i32 3, i32 5"   --->   Operation 13 'partselect' 'tmp_8' <Predicate = (!exitcond111374)> <Delay = 0.00>
ST_1 : Operation 14 [1/1] (0.00ns)   --->   "%p_cast294 = zext i3 %tmp_8"   --->   Operation 14 'zext' 'p_cast294' <Predicate = (!exitcond111374)> <Delay = 0.00>
ST_1 : Operation 15 [1/1] (0.00ns)   --->   "%localB_addr = getelementptr i32 %localB, i64 0, i64 %p_cast294"   --->   Operation 15 'getelementptr' 'localB_addr' <Predicate = (!exitcond111374)> <Delay = 0.00>
ST_1 : Operation 16 [1/1] (0.00ns)   --->   "%localB_1_addr = getelementptr i32 %localB_1, i64 0, i64 %p_cast294"   --->   Operation 16 'getelementptr' 'localB_1_addr' <Predicate = (!exitcond111374)> <Delay = 0.00>
ST_1 : Operation 17 [1/1] (0.00ns)   --->   "%localB_2_addr = getelementptr i32 %localB_2, i64 0, i64 %p_cast294"   --->   Operation 17 'getelementptr' 'localB_2_addr' <Predicate = (!exitcond111374)> <Delay = 0.00>
ST_1 : Operation 18 [1/1] (0.00ns)   --->   "%localB_3_addr = getelementptr i32 %localB_3, i64 0, i64 %p_cast294"   --->   Operation 18 'getelementptr' 'localB_3_addr' <Predicate = (!exitcond111374)> <Delay = 0.00>
ST_1 : Operation 19 [1/1] (0.00ns)   --->   "%localB_4_addr = getelementptr i32 %localB_4, i64 0, i64 %p_cast294"   --->   Operation 19 'getelementptr' 'localB_4_addr' <Predicate = (!exitcond111374)> <Delay = 0.00>
ST_1 : Operation 20 [1/1] (0.00ns)   --->   "%localB_5_addr = getelementptr i32 %localB_5, i64 0, i64 %p_cast294"   --->   Operation 20 'getelementptr' 'localB_5_addr' <Predicate = (!exitcond111374)> <Delay = 0.00>
ST_1 : Operation 21 [1/1] (0.00ns)   --->   "%localB_6_addr = getelementptr i32 %localB_6, i64 0, i64 %p_cast294"   --->   Operation 21 'getelementptr' 'localB_6_addr' <Predicate = (!exitcond111374)> <Delay = 0.00>
ST_1 : Operation 22 [1/1] (0.00ns)   --->   "%localB_7_addr = getelementptr i32 %localB_7, i64 0, i64 %p_cast294"   --->   Operation 22 'getelementptr' 'localB_7_addr' <Predicate = (!exitcond111374)> <Delay = 0.00>
ST_1 : Operation 23 [1/1] (0.00ns)   --->   "%empty_110 = trunc i7 %p_load"   --->   Operation 23 'trunc' 'empty_110' <Predicate = (!exitcond111374)> <Delay = 0.00>
ST_1 : Operation 24 [1/1] (0.44ns)   --->   "%switch_ln0 = switch i3 %empty_110, void %.case.71258, i3 0, void %.case.01251, i3 1, void %.case.11252, i3 2, void %.case.21253, i3 3, void %.case.31254, i3 4, void %.case.41255, i3 5, void %.case.51256, i3 6, void %.case.61257"   --->   Operation 24 'switch' 'switch_ln0' <Predicate = (!exitcond111374)> <Delay = 0.44>
ST_1 : Operation 25 [1/1] (0.67ns)   --->   "%store_ln0 = store i32 0, i3 %localB_6_addr"   --->   Operation 25 'store' 'store_ln0' <Predicate = (!exitcond111374 & empty_110 == 6)> <Delay = 0.67> <CoreInst = "RAM">   --->   Core 83 'RAM' <Latency = 1> <II = 1> <Delay = 0.67> <Storage> <Opcode : 'load' 'store'> <Ports = 2> <Width = 32> <Depth = 8> <RAM>
ST_1 : Operation 26 [1/1] (0.00ns)   --->   "%br_ln0 = br void %.exit1250"   --->   Operation 26 'br' 'br_ln0' <Predicate = (!exitcond111374 & empty_110 == 6)> <Delay = 0.00>
ST_1 : Operation 27 [1/1] (0.67ns)   --->   "%store_ln0 = store i32 0, i3 %localB_5_addr"   --->   Operation 27 'store' 'store_ln0' <Predicate = (!exitcond111374 & empty_110 == 5)> <Delay = 0.67> <CoreInst = "RAM">   --->   Core 83 'RAM' <Latency = 1> <II = 1> <Delay = 0.67> <Storage> <Opcode : 'load' 'store'> <Ports = 2> <Width = 32> <Depth = 8> <RAM>
ST_1 : Operation 28 [1/1] (0.00ns)   --->   "%br_ln0 = br void %.exit1250"   --->   Operation 28 'br' 'br_ln0' <Predicate = (!exitcond111374 & empty_110 == 5)> <Delay = 0.00>
ST_1 : Operation 29 [1/1] (0.67ns)   --->   "%store_ln0 = store i32 0, i3 %localB_4_addr"   --->   Operation 29 'store' 'store_ln0' <Predicate = (!exitcond111374 & empty_110 == 4)> <Delay = 0.67> <CoreInst = "RAM">   --->   Core 83 'RAM' <Latency = 1> <II = 1> <Delay = 0.67> <Storage> <Opcode : 'load' 'store'> <Ports = 2> <Width = 32> <Depth = 8> <RAM>
ST_1 : Operation 30 [1/1] (0.00ns)   --->   "%br_ln0 = br void %.exit1250"   --->   Operation 30 'br' 'br_ln0' <Predicate = (!exitcond111374 & empty_110 == 4)> <Delay = 0.00>
ST_1 : Operation 31 [1/1] (0.67ns)   --->   "%store_ln0 = store i32 0, i3 %localB_3_addr"   --->   Operation 31 'store' 'store_ln0' <Predicate = (!exitcond111374 & empty_110 == 3)> <Delay = 0.67> <CoreInst = "RAM">   --->   Core 83 'RAM' <Latency = 1> <II = 1> <Delay = 0.67> <Storage> <Opcode : 'load' 'store'> <Ports = 2> <Width = 32> <Depth = 8> <RAM>
ST_1 : Operation 32 [1/1] (0.00ns)   --->   "%br_ln0 = br void %.exit1250"   --->   Operation 32 'br' 'br_ln0' <Predicate = (!exitcond111374 & empty_110 == 3)> <Delay = 0.00>
ST_1 : Operation 33 [1/1] (0.67ns)   --->   "%store_ln0 = store i32 0, i3 %localB_2_addr"   --->   Operation 33 'store' 'store_ln0' <Predicate = (!exitcond111374 & empty_110 == 2)> <Delay = 0.67> <CoreInst = "RAM">   --->   Core 83 'RAM' <Latency = 1> <II = 1> <Delay = 0.67> <Storage> <Opcode : 'load' 'store'> <Ports = 2> <Width = 32> <Depth = 8> <RAM>
ST_1 : Operation 34 [1/1] (0.00ns)   --->   "%br_ln0 = br void %.exit1250"   --->   Operation 34 'br' 'br_ln0' <Predicate = (!exitcond111374 & empty_110 == 2)> <Delay = 0.00>
ST_1 : Operation 35 [1/1] (0.67ns)   --->   "%store_ln0 = store i32 0, i3 %localB_1_addr"   --->   Operation 35 'store' 'store_ln0' <Predicate = (!exitcond111374 & empty_110 == 1)> <Delay = 0.67> <CoreInst = "RAM">   --->   Core 83 'RAM' <Latency = 1> <II = 1> <Delay = 0.67> <Storage> <Opcode : 'load' 'store'> <Ports = 2> <Width = 32> <Depth = 8> <RAM>
ST_1 : Operation 36 [1/1] (0.00ns)   --->   "%br_ln0 = br void %.exit1250"   --->   Operation 36 'br' 'br_ln0' <Predicate = (!exitcond111374 & empty_110 == 1)> <Delay = 0.00>
ST_1 : Operation 37 [1/1] (0.67ns)   --->   "%store_ln0 = store i32 0, i3 %localB_addr"   --->   Operation 37 'store' 'store_ln0' <Predicate = (!exitcond111374 & empty_110 == 0)> <Delay = 0.67> <CoreInst = "RAM">   --->   Core 83 'RAM' <Latency = 1> <II = 1> <Delay = 0.67> <Storage> <Opcode : 'load' 'store'> <Ports = 2> <Width = 32> <Depth = 8> <RAM>
ST_1 : Operation 38 [1/1] (0.00ns)   --->   "%br_ln0 = br void %.exit1250"   --->   Operation 38 'br' 'br_ln0' <Predicate = (!exitcond111374 & empty_110 == 0)> <Delay = 0.00>
ST_1 : Operation 39 [1/1] (0.67ns)   --->   "%store_ln0 = store i32 0, i3 %localB_7_addr"   --->   Operation 39 'store' 'store_ln0' <Predicate = (!exitcond111374 & empty_110 == 7)> <Delay = 0.67> <CoreInst = "RAM">   --->   Core 83 'RAM' <Latency = 1> <II = 1> <Delay = 0.67> <Storage> <Opcode : 'load' 'store'> <Ports = 2> <Width = 32> <Depth = 8> <RAM>
ST_1 : Operation 40 [1/1] (0.00ns)   --->   "%br_ln0 = br void %.exit1250"   --->   Operation 40 'br' 'br_ln0' <Predicate = (!exitcond111374 & empty_110 == 7)> <Delay = 0.00>
ST_1 : Operation 41 [1/1] (0.42ns)   --->   "%store_ln0 = store i7 %empty_109, i7 %empty"   --->   Operation 41 'store' 'store_ln0' <Predicate = (!exitcond111374)> <Delay = 0.42>
ST_1 : Operation 42 [1/1] (0.00ns)   --->   "%br_ln0 = br void %memset.loop33"   --->   Operation 42 'br' 'br_ln0' <Predicate = (!exitcond111374)> <Delay = 0.00>
ST_1 : Operation 43 [1/1] (0.00ns)   --->   "%ret_ln0 = ret"   --->   Operation 43 'ret' 'ret_ln0' <Predicate = (exitcond111374)> <Delay = 0.00>


============================================================
+ Verbose Summary: Binding
============================================================
STG Binding: 
---------------- STG Properties BEGIN ----------------
- Is combinational: 0
- Is one-state seq: 0
- Is datapath-only: 0
- Is pipelined: 0
- Is top level: 0
Port [ Return ] is wired: 1; IO mode=ap_ctrl_hs:ce=0
Port [ localB]:  wired=1; compound=1; hidden=0; nouse=0; global=0; static=0; extern=0; dir=1; type=1; pingpong=0; private_global=0; MemPort=[03]; IO mode=ap_memory:ce=0
Port [ localB_1]:  wired=1; compound=1; hidden=0; nouse=0; global=0; static=0; extern=0; dir=1; type=1; pingpong=0; private_global=0; MemPort=[03]; IO mode=ap_memory:ce=0
Port [ localB_2]:  wired=1; compound=1; hidden=0; nouse=0; global=0; static=0; extern=0; dir=1; type=1; pingpong=0; private_global=0; MemPort=[03]; IO mode=ap_memory:ce=0
Port [ localB_3]:  wired=1; compound=1; hidden=0; nouse=0; global=0; static=0; extern=0; dir=1; type=1; pingpong=0; private_global=0; MemPort=[03]; IO mode=ap_memory:ce=0
Port [ localB_4]:  wired=1; compound=1; hidden=0; nouse=0; global=0; static=0; extern=0; dir=1; type=1; pingpong=0; private_global=0; MemPort=[03]; IO mode=ap_memory:ce=0
Port [ localB_5]:  wired=1; compound=1; hidden=0; nouse=0; global=0; static=0; extern=0; dir=1; type=1; pingpong=0; private_global=0; MemPort=[03]; IO mode=ap_memory:ce=0
Port [ localB_6]:  wired=1; compound=1; hidden=0; nouse=0; global=0; static=0; extern=0; dir=1; type=1; pingpong=0; private_global=0; MemPort=[03]; IO mode=ap_memory:ce=0
Port [ localB_7]:  wired=1; compound=1; hidden=0; nouse=0; global=0; static=0; extern=0; dir=1; type=1; pingpong=0; private_global=0; MemPort=[03]; IO mode=ap_memory:ce=0
---------------- STG Properties END ------------------

---------------- Datapath Model BEGIN ----------------

<LifeTime>
<method=bitvector/>
empty            (alloca           ) [ 01]
store_ln0        (store            ) [ 00]
br_ln0           (br               ) [ 00]
p_load           (load             ) [ 00]
specpipeline_ln0 (specpipeline     ) [ 00]
exitcond111374   (icmp             ) [ 01]
empty_108        (speclooptripcount) [ 00]
empty_109        (add              ) [ 00]
br_ln0           (br               ) [ 00]
tmp_8            (partselect       ) [ 00]
p_cast294        (zext             ) [ 00]
localB_addr      (getelementptr    ) [ 00]
localB_1_addr    (getelementptr    ) [ 00]
localB_2_addr    (getelementptr    ) [ 00]
localB_3_addr    (getelementptr    ) [ 00]
localB_4_addr    (getelementptr    ) [ 00]
localB_5_addr    (getelementptr    ) [ 00]
localB_6_addr    (getelementptr    ) [ 00]
localB_7_addr    (getelementptr    ) [ 00]
empty_110        (trunc            ) [ 01]
switch_ln0       (switch           ) [ 00]
store_ln0        (store            ) [ 00]
br_ln0           (br               ) [ 00]
store_ln0        (store            ) [ 00]
br_ln0           (br               ) [ 00]
store_ln0        (store            ) [ 00]
br_ln0           (br               ) [ 00]
store_ln0        (store            ) [ 00]
br_ln0           (br               ) [ 00]
store_ln0        (store            ) [ 00]
br_ln0           (br               ) [ 00]
store_ln0        (store            ) [ 00]
br_ln0           (br               ) [ 00]
store_ln0        (store            ) [ 00]
br_ln0           (br               ) [ 00]
store_ln0        (store            ) [ 00]
br_ln0           (br               ) [ 00]
store_ln0        (store            ) [ 00]
br_ln0           (br               ) [ 00]
ret_ln0          (ret              ) [ 00]
</LifeTime>

<model>

<comp_list>
<comp id="0" class="1000" name="localB">
<pin_list>
<pin id="1" dir="1" index="0" bw="1" slack="0"/>
</pin_list>
<bind>
<StgValue><ssdm name="localB"/><MemPortTyVec>0 3 </MemPortTyVec>
</StgValue>
</bind>
</comp>

<comp id="2" class="1000" name="localB_1">
<pin_list>
<pin id="3" dir="1" index="0" bw="1" slack="0"/>
</pin_list>
<bind>
<StgValue><ssdm name="localB_1"/><MemPortTyVec>0 3 </MemPortTyVec>
</StgValue>
</bind>
</comp>

<comp id="4" class="1000" name="localB_2">
<pin_list>
<pin id="5" dir="1" index="0" bw="1" slack="0"/>
</pin_list>
<bind>
<StgValue><ssdm name="localB_2"/><MemPortTyVec>0 3 </MemPortTyVec>
</StgValue>
</bind>
</comp>

<comp id="6" class="1000" name="localB_3">
<pin_list>
<pin id="7" dir="1" index="0" bw="1" slack="0"/>
</pin_list>
<bind>
<StgValue><ssdm name="localB_3"/><MemPortTyVec>0 3 </MemPortTyVec>
</StgValue>
</bind>
</comp>

<comp id="8" class="1000" name="localB_4">
<pin_list>
<pin id="9" dir="1" index="0" bw="1" slack="0"/>
</pin_list>
<bind>
<StgValue><ssdm name="localB_4"/><MemPortTyVec>0 3 </MemPortTyVec>
</StgValue>
</bind>
</comp>

<comp id="10" class="1000" name="localB_5">
<pin_list>
<pin id="11" dir="1" index="0" bw="1" slack="0"/>
</pin_list>
<bind>
<StgValue><ssdm name="localB_5"/><MemPortTyVec>0 3 </MemPortTyVec>
</StgValue>
</bind>
</comp>

<comp id="12" class="1000" name="localB_6">
<pin_list>
<pin id="13" dir="1" index="0" bw="1" slack="0"/>
</pin_list>
<bind>
<StgValue><ssdm name="localB_6"/><MemPortTyVec>0 3 </MemPortTyVec>
</StgValue>
</bind>
</comp>

<comp id="14" class="1000" name="localB_7">
<pin_list>
<pin id="15" dir="1" index="0" bw="1" slack="0"/>
</pin_list>
<bind>
<StgValue><ssdm name="localB_7"/><MemPortTyVec>0 3 </MemPortTyVec>
</StgValue>
</bind>
</comp>

<comp id="16" class="1001" name="const_16">
<pin_list>
<pin id="17" dir="1" index="0" bw="1" slack="0"/>
</pin_list>
<bind>
<StgValue><ssdm name=""/></StgValue>
</bind>
</comp>

<comp id="18" class="1001" name="const_18">
<pin_list>
<pin id="19" dir="1" index="0" bw="1" slack="0"/>
</pin_list>
<bind>
<StgValue><ssdm name=""/></StgValue>
</bind>
</comp>

<comp id="20" class="1001" name="const_20">
<pin_list>
<pin id="21" dir="1" index="0" bw="1" slack="2147483647"/>
</pin_list>
<bind>
<StgValue><ssdm name="_ssdm_op_SpecPipeline"/></StgValue>
</bind>
</comp>

<comp id="22" class="1001" name="const_22">
<pin_list>
<pin id="23" dir="1" index="0" bw="1" slack="2147483647"/>
</pin_list>
<bind>
<StgValue><ssdm name=""/></StgValue>
</bind>
</comp>

<comp id="24" class="1001" name="const_24">
<pin_list>
<pin id="25" dir="1" index="0" bw="1" slack="0"/>
</pin_list>
<bind>
<StgValue><ssdm name=""/></StgValue>
</bind>
</comp>

<comp id="26" class="1001" name="const_26">
<pin_list>
<pin id="27" dir="1" index="0" bw="1" slack="2147483647"/>
</pin_list>
<bind>
<StgValue><ssdm name="p_str"/></StgValue>
</bind>
</comp>

<comp id="28" class="1001" name="const_28">
<pin_list>
<pin id="29" dir="1" index="0" bw="1" slack="0"/>
</pin_list>
<bind>
<StgValue><ssdm name=""/></StgValue>
</bind>
</comp>

<comp id="30" class="1001" name="const_30">
<pin_list>
<pin id="31" dir="1" index="0" bw="1" slack="2147483647"/>
</pin_list>
<bind>
<StgValue><ssdm name="_ssdm_op_SpecLoopTripCount"/></StgValue>
</bind>
</comp>

<comp id="32" class="1001" name="const_32">
<pin_list>
<pin id="33" dir="1" index="0" bw="1" slack="2147483647"/>
</pin_list>
<bind>
<StgValue><ssdm name=""/></StgValue>
</bind>
</comp>

<comp id="34" class="1001" name="const_34">
<pin_list>
<pin id="35" dir="1" index="0" bw="1" slack="0"/>
</pin_list>
<bind>
<StgValue><ssdm name=""/></StgValue>
</bind>
</comp>

<comp id="36" class="1001" name="const_36">
<pin_list>
<pin id="37" dir="1" index="0" bw="1" slack="0"/>
</pin_list>
<bind>
<StgValue><ssdm name="_ssdm_op_PartSelect.i3.i7.i32.i32"/></StgValue>
</bind>
</comp>

<comp id="38" class="1001" name="const_38">
<pin_list>
<pin id="39" dir="1" index="0" bw="1" slack="0"/>
</pin_list>
<bind>
<StgValue><ssdm name=""/></StgValue>
</bind>
</comp>

<comp id="40" class="1001" name="const_40">
<pin_list>
<pin id="41" dir="1" index="0" bw="1" slack="0"/>
</pin_list>
<bind>
<StgValue><ssdm name=""/></StgValue>
</bind>
</comp>

<comp id="42" class="1001" name="const_42">
<pin_list>
<pin id="43" dir="1" index="0" bw="1" slack="0"/>
</pin_list>
<bind>
<StgValue><ssdm name=""/></StgValue>
</bind>
</comp>

<comp id="44" class="1001" name="const_44">
<pin_list>
<pin id="45" dir="1" index="0" bw="1" slack="2147483647"/>
</pin_list>
<bind>
<StgValue><ssdm name=""/></StgValue>
</bind>
</comp>

<comp id="46" class="1001" name="const_46">
<pin_list>
<pin id="47" dir="1" index="0" bw="1" slack="2147483647"/>
</pin_list>
<bind>
<StgValue><ssdm name=""/></StgValue>
</bind>
</comp>

<comp id="48" class="1001" name="const_48">
<pin_list>
<pin id="49" dir="1" index="0" bw="1" slack="2147483647"/>
</pin_list>
<bind>
<StgValue><ssdm name=""/></StgValue>
</bind>
</comp>

<comp id="50" class="1001" name="const_50">
<pin_list>
<pin id="51" dir="1" index="0" bw="1" slack="2147483647"/>
</pin_list>
<bind>
<StgValue><ssdm name=""/></StgValue>
</bind>
</comp>

<comp id="52" class="1001" name="const_52">
<pin_list>
<pin id="53" dir="1" index="0" bw="1" slack="2147483647"/>
</pin_list>
<bind>
<StgValue><ssdm name=""/></StgValue>
</bind>
</comp>

<comp id="54" class="1001" name="const_54">
<pin_list>
<pin id="55" dir="1" index="0" bw="1" slack="2147483647"/>
</pin_list>
<bind>
<StgValue><ssdm name=""/></StgValue>
</bind>
</comp>

<comp id="56" class="1001" name="const_56">
<pin_list>
<pin id="57" dir="1" index="0" bw="1" slack="2147483647"/>
</pin_list>
<bind>
<StgValue><ssdm name=""/></StgValue>
</bind>
</comp>

<comp id="58" class="1004" name="empty_fu_58">
<pin_list>
<pin id="59" dir="0" index="0" bw="1" slack="0"/>
<pin id="60" dir="1" index="1" bw="7" slack="0"/>
</pin_list>
<bind>
<opcode="alloca(26) " fcode="alloca"/>
<opset="empty/1 "/>
</bind>
</comp>

<comp id="62" class="1004" name="localB_addr_gep_fu_62">
<pin_list>
<pin id="63" dir="0" index="0" bw="32" slack="0"/>
<pin id="64" dir="0" index="1" bw="1" slack="0"/>
<pin id="65" dir="0" index="2" bw="3" slack="0"/>
<pin id="66" dir="1" index="3" bw="3" slack="0"/>
</pin_list>
<bind>
<opcode="getelementptr(29) " fcode="getelementptr"/>
<opset="localB_addr/1 "/>
</bind>
</comp>

<comp id="69" class="1004" name="localB_1_addr_gep_fu_69">
<pin_list>
<pin id="70" dir="0" index="0" bw="32" slack="0"/>
<pin id="71" dir="0" index="1" bw="1" slack="0"/>
<pin id="72" dir="0" index="2" bw="3" slack="0"/>
<pin id="73" dir="1" index="3" bw="3" slack="0"/>
</pin_list>
<bind>
<opcode="getelementptr(29) " fcode="getelementptr"/>
<opset="localB_1_addr/1 "/>
</bind>
</comp>

<comp id="76" class="1004" name="localB_2_addr_gep_fu_76">
<pin_list>
<pin id="77" dir="0" index="0" bw="32" slack="0"/>
<pin id="78" dir="0" index="1" bw="1" slack="0"/>
<pin id="79" dir="0" index="2" bw="3" slack="0"/>
<pin id="80" dir="1" index="3" bw="3" slack="0"/>
</pin_list>
<bind>
<opcode="getelementptr(29) " fcode="getelementptr"/>
<opset="localB_2_addr/1 "/>
</bind>
</comp>

<comp id="83" class="1004" name="localB_3_addr_gep_fu_83">
<pin_list>
<pin id="84" dir="0" index="0" bw="32" slack="0"/>
<pin id="85" dir="0" index="1" bw="1" slack="0"/>
<pin id="86" dir="0" index="2" bw="3" slack="0"/>
<pin id="87" dir="1" index="3" bw="3" slack="0"/>
</pin_list>
<bind>
<opcode="getelementptr(29) " fcode="getelementptr"/>
<opset="localB_3_addr/1 "/>
</bind>
</comp>

<comp id="90" class="1004" name="localB_4_addr_gep_fu_90">
<pin_list>
<pin id="91" dir="0" index="0" bw="32" slack="0"/>
<pin id="92" dir="0" index="1" bw="1" slack="0"/>
<pin id="93" dir="0" index="2" bw="3" slack="0"/>
<pin id="94" dir="1" index="3" bw="3" slack="0"/>
</pin_list>
<bind>
<opcode="getelementptr(29) " fcode="getelementptr"/>
<opset="localB_4_addr/1 "/>
</bind>
</comp>

<comp id="97" class="1004" name="localB_5_addr_gep_fu_97">
<pin_list>
<pin id="98" dir="0" index="0" bw="32" slack="0"/>
<pin id="99" dir="0" index="1" bw="1" slack="0"/>
<pin id="100" dir="0" index="2" bw="3" slack="0"/>
<pin id="101" dir="1" index="3" bw="3" slack="0"/>
</pin_list>
<bind>
<opcode="getelementptr(29) " fcode="getelementptr"/>
<opset="localB_5_addr/1 "/>
</bind>
</comp>

<comp id="104" class="1004" name="localB_6_addr_gep_fu_104">
<pin_list>
<pin id="105" dir="0" index="0" bw="32" slack="0"/>
<pin id="106" dir="0" index="1" bw="1" slack="0"/>
<pin id="107" dir="0" index="2" bw="3" slack="0"/>
<pin id="108" dir="1" index="3" bw="3" slack="0"/>
</pin_list>
<bind>
<opcode="getelementptr(29) " fcode="getelementptr"/>
<opset="localB_6_addr/1 "/>
</bind>
</comp>

<comp id="111" class="1004" name="localB_7_addr_gep_fu_111">
<pin_list>
<pin id="112" dir="0" index="0" bw="32" slack="0"/>
<pin id="113" dir="0" index="1" bw="1" slack="0"/>
<pin id="114" dir="0" index="2" bw="3" slack="0"/>
<pin id="115" dir="1" index="3" bw="3" slack="0"/>
</pin_list>
<bind>
<opcode="getelementptr(29) " fcode="getelementptr"/>
<opset="localB_7_addr/1 "/>
</bind>
</comp>

<comp id="118" class="1004" name="store_ln0_access_fu_118">
<pin_list>
<pin id="119" dir="0" index="0" bw="3" slack="0"/>
<pin id="120" dir="0" index="1" bw="32" slack="0"/>
<pin id="121" dir="0" index="2" bw="0" slack="2147483647"/>
<pin id="122" dir="1" index="3" bw="32" slack="2147483647"/>
</pin_list>
<bind>
<opcode="store(28) " fcode="store"/>
<opset="store_ln0/1 "/>
</bind>
</comp>

<comp id="125" class="1004" name="store_ln0_access_fu_125">
<pin_list>
<pin id="126" dir="0" index="0" bw="3" slack="0"/>
<pin id="127" dir="0" index="1" bw="32" slack="0"/>
<pin id="128" dir="0" index="2" bw="0" slack="2147483647"/>
<pin id="129" dir="1" index="3" bw="32" slack="2147483647"/>
</pin_list>
<bind>
<opcode="store(28) " fcode="store"/>
<opset="store_ln0/1 "/>
</bind>
</comp>

<comp id="132" class="1004" name="store_ln0_access_fu_132">
<pin_list>
<pin id="133" dir="0" index="0" bw="3" slack="0"/>
<pin id="134" dir="0" index="1" bw="32" slack="0"/>
<pin id="135" dir="0" index="2" bw="0" slack="2147483647"/>
<pin id="136" dir="1" index="3" bw="32" slack="2147483647"/>
</pin_list>
<bind>
<opcode="store(28) " fcode="store"/>
<opset="store_ln0/1 "/>
</bind>
</comp>

<comp id="139" class="1004" name="store_ln0_access_fu_139">
<pin_list>
<pin id="140" dir="0" index="0" bw="3" slack="0"/>
<pin id="141" dir="0" index="1" bw="32" slack="0"/>
<pin id="142" dir="0" index="2" bw="0" slack="2147483647"/>
<pin id="143" dir="1" index="3" bw="32" slack="2147483647"/>
</pin_list>
<bind>
<opcode="store(28) " fcode="store"/>
<opset="store_ln0/1 "/>
</bind>
</comp>

<comp id="146" class="1004" name="store_ln0_access_fu_146">
<pin_list>
<pin id="147" dir="0" index="0" bw="3" slack="0"/>
<pin id="148" dir="0" index="1" bw="32" slack="0"/>
<pin id="149" dir="0" index="2" bw="0" slack="2147483647"/>
<pin id="150" dir="1" index="3" bw="32" slack="2147483647"/>
</pin_list>
<bind>
<opcode="store(28) " fcode="store"/>
<opset="store_ln0/1 "/>
</bind>
</comp>

<comp id="153" class="1004" name="store_ln0_access_fu_153">
<pin_list>
<pin id="154" dir="0" index="0" bw="3" slack="0"/>
<pin id="155" dir="0" index="1" bw="32" slack="0"/>
<pin id="156" dir="0" index="2" bw="0" slack="2147483647"/>
<pin id="157" dir="1" index="3" bw="32" slack="2147483647"/>
</pin_list>
<bind>
<opcode="store(28) " fcode="store"/>
<opset="store_ln0/1 "/>
</bind>
</comp>

<comp id="160" class="1004" name="store_ln0_access_fu_160">
<pin_list>
<pin id="161" dir="0" index="0" bw="3" slack="0"/>
<pin id="162" dir="0" index="1" bw="32" slack="0"/>
<pin id="163" dir="0" index="2" bw="0" slack="2147483647"/>
<pin id="164" dir="1" index="3" bw="32" slack="2147483647"/>
</pin_list>
<bind>
<opcode="store(28) " fcode="store"/>
<opset="store_ln0/1 "/>
</bind>
</comp>

<comp id="167" class="1004" name="store_ln0_access_fu_167">
<pin_list>
<pin id="168" dir="0" index="0" bw="3" slack="0"/>
<pin id="169" dir="0" index="1" bw="32" slack="0"/>
<pin id="170" dir="0" index="2" bw="0" slack="2147483647"/>
<pin id="171" dir="1" index="3" bw="32" slack="2147483647"/>
</pin_list>
<bind>
<opcode="store(28) " fcode="store"/>
<opset="store_ln0/1 "/>
</bind>
</comp>

<comp id="174" class="1004" name="store_ln0_store_fu_174">
<pin_list>
<pin id="175" dir="0" index="0" bw="1" slack="0"/>
<pin id="176" dir="0" index="1" bw="7" slack="0"/>
<pin id="177" dir="1" index="2" bw="0" slack="2147483647"/>
</pin_list>
<bind>
<opcode="store(28) " fcode="store"/>
<opset="store_ln0/1 "/>
</bind>
</comp>

<comp id="179" class="1004" name="p_load_load_fu_179">
<pin_list>
<pin id="180" dir="0" index="0" bw="7" slack="0"/>
<pin id="181" dir="1" index="1" bw="7" slack="0"/>
</pin_list>
<bind>
<opcode="load(27) " fcode="load"/>
<opset="p_load/1 "/>
</bind>
</comp>

<comp id="182" class="1004" name="exitcond111374_fu_182">
<pin_list>
<pin id="183" dir="0" index="0" bw="7" slack="0"/>
<pin id="184" dir="0" index="1" bw="7" slack="0"/>
<pin id="185" dir="1" index="2" bw="1" slack="2147483647"/>
</pin_list>
<bind>
<opcode="icmp(45) " fcode="icmp"/>
<opset="exitcond111374/1 "/>
</bind>
</comp>

<comp id="188" class="1004" name="empty_109_fu_188">
<pin_list>
<pin id="189" dir="0" index="0" bw="7" slack="0"/>
<pin id="190" dir="0" index="1" bw="1" slack="0"/>
<pin id="191" dir="1" index="2" bw="7" slack="0"/>
</pin_list>
<bind>
<opcode="add(8) " fcode="add"/>
<opset="empty_109/1 "/>
</bind>
</comp>

<comp id="194" class="1004" name="tmp_8_fu_194">
<pin_list>
<pin id="195" dir="0" index="0" bw="3" slack="0"/>
<pin id="196" dir="0" index="1" bw="7" slack="0"/>
<pin id="197" dir="0" index="2" bw="3" slack="0"/>
<pin id="198" dir="0" index="3" bw="4" slack="0"/>
<pin id="199" dir="1" index="4" bw="3" slack="0"/>
</pin_list>
<bind>
<opcode="partselect(1002) " fcode="partselect"/>
<opset="tmp_8/1 "/>
</bind>
</comp>

<comp id="204" class="1004" name="p_cast294_fu_204">
<pin_list>
<pin id="205" dir="0" index="0" bw="3" slack="0"/>
<pin id="206" dir="1" index="1" bw="64" slack="0"/>
</pin_list>
<bind>
<opcode="zext(34) " fcode="zext"/>
<opset="p_cast294/1 "/>
</bind>
</comp>

<comp id="216" class="1004" name="empty_110_fu_216">
<pin_list>
<pin id="217" dir="0" index="0" bw="7" slack="0"/>
<pin id="218" dir="1" index="1" bw="3" slack="2147483647"/>
</pin_list>
<bind>
<opcode="trunc(33) " fcode="trunc"/>
<opset="empty_110/1 "/>
</bind>
</comp>

<comp id="220" class="1004" name="store_ln0_store_fu_220">
<pin_list>
<pin id="221" dir="0" index="0" bw="7" slack="0"/>
<pin id="222" dir="0" index="1" bw="7" slack="0"/>
<pin id="223" dir="1" index="2" bw="0" slack="2147483647"/>
</pin_list>
<bind>
<opcode="store(28) " fcode="store"/>
<opset="store_ln0/1 "/>
</bind>
</comp>

<comp id="225" class="1005" name="empty_reg_225">
<pin_list>
<pin id="226" dir="0" index="0" bw="7" slack="0"/>
<pin id="227" dir="1" index="1" bw="7" slack="0"/>
</pin_list>
<bind>
<opset="empty "/>
</bind>
</comp>

</comp_list>

<net_list>
<net id="61"><net_src comp="16" pin="0"/><net_sink comp="58" pin=0"/></net>

<net id="67"><net_src comp="0" pin="0"/><net_sink comp="62" pin=0"/></net>

<net id="68"><net_src comp="42" pin="0"/><net_sink comp="62" pin=1"/></net>

<net id="74"><net_src comp="2" pin="0"/><net_sink comp="69" pin=0"/></net>

<net id="75"><net_src comp="42" pin="0"/><net_sink comp="69" pin=1"/></net>

<net id="81"><net_src comp="4" pin="0"/><net_sink comp="76" pin=0"/></net>

<net id="82"><net_src comp="42" pin="0"/><net_sink comp="76" pin=1"/></net>

<net id="88"><net_src comp="6" pin="0"/><net_sink comp="83" pin=0"/></net>

<net id="89"><net_src comp="42" pin="0"/><net_sink comp="83" pin=1"/></net>

<net id="95"><net_src comp="8" pin="0"/><net_sink comp="90" pin=0"/></net>

<net id="96"><net_src comp="42" pin="0"/><net_sink comp="90" pin=1"/></net>

<net id="102"><net_src comp="10" pin="0"/><net_sink comp="97" pin=0"/></net>

<net id="103"><net_src comp="42" pin="0"/><net_sink comp="97" pin=1"/></net>

<net id="109"><net_src comp="12" pin="0"/><net_sink comp="104" pin=0"/></net>

<net id="110"><net_src comp="42" pin="0"/><net_sink comp="104" pin=1"/></net>

<net id="116"><net_src comp="14" pin="0"/><net_sink comp="111" pin=0"/></net>

<net id="117"><net_src comp="42" pin="0"/><net_sink comp="111" pin=1"/></net>

<net id="123"><net_src comp="24" pin="0"/><net_sink comp="118" pin=1"/></net>

<net id="124"><net_src comp="104" pin="3"/><net_sink comp="118" pin=0"/></net>

<net id="130"><net_src comp="24" pin="0"/><net_sink comp="125" pin=1"/></net>

<net id="131"><net_src comp="97" pin="3"/><net_sink comp="125" pin=0"/></net>

<net id="137"><net_src comp="24" pin="0"/><net_sink comp="132" pin=1"/></net>

<net id="138"><net_src comp="90" pin="3"/><net_sink comp="132" pin=0"/></net>

<net id="144"><net_src comp="24" pin="0"/><net_sink comp="139" pin=1"/></net>

<net id="145"><net_src comp="83" pin="3"/><net_sink comp="139" pin=0"/></net>

<net id="151"><net_src comp="24" pin="0"/><net_sink comp="146" pin=1"/></net>

<net id="152"><net_src comp="76" pin="3"/><net_sink comp="146" pin=0"/></net>

<net id="158"><net_src comp="24" pin="0"/><net_sink comp="153" pin=1"/></net>

<net id="159"><net_src comp="69" pin="3"/><net_sink comp="153" pin=0"/></net>

<net id="165"><net_src comp="24" pin="0"/><net_sink comp="160" pin=1"/></net>

<net id="166"><net_src comp="62" pin="3"/><net_sink comp="160" pin=0"/></net>

<net id="172"><net_src comp="24" pin="0"/><net_sink comp="167" pin=1"/></net>

<net id="173"><net_src comp="111" pin="3"/><net_sink comp="167" pin=0"/></net>

<net id="178"><net_src comp="18" pin="0"/><net_sink comp="174" pin=0"/></net>

<net id="186"><net_src comp="179" pin="1"/><net_sink comp="182" pin=0"/></net>

<net id="187"><net_src comp="28" pin="0"/><net_sink comp="182" pin=1"/></net>

<net id="192"><net_src comp="179" pin="1"/><net_sink comp="188" pin=0"/></net>

<net id="193"><net_src comp="34" pin="0"/><net_sink comp="188" pin=1"/></net>

<net id="200"><net_src comp="36" pin="0"/><net_sink comp="194" pin=0"/></net>

<net id="201"><net_src comp="179" pin="1"/><net_sink comp="194" pin=1"/></net>

<net id="202"><net_src comp="38" pin="0"/><net_sink comp="194" pin=2"/></net>

<net id="203"><net_src comp="40" pin="0"/><net_sink comp="194" pin=3"/></net>

<net id="207"><net_src comp="194" pin="4"/><net_sink comp="204" pin=0"/></net>

<net id="208"><net_src comp="204" pin="1"/><net_sink comp="62" pin=2"/></net>

<net id="209"><net_src comp="204" pin="1"/><net_sink comp="69" pin=2"/></net>

<net id="210"><net_src comp="204" pin="1"/><net_sink comp="76" pin=2"/></net>

<net id="211"><net_src comp="204" pin="1"/><net_sink comp="83" pin=2"/></net>

<net id="212"><net_src comp="204" pin="1"/><net_sink comp="90" pin=2"/></net>

<net id="213"><net_src comp="204" pin="1"/><net_sink comp="97" pin=2"/></net>

<net id="214"><net_src comp="204" pin="1"/><net_sink comp="104" pin=2"/></net>

<net id="215"><net_src comp="204" pin="1"/><net_sink comp="111" pin=2"/></net>

<net id="219"><net_src comp="179" pin="1"/><net_sink comp="216" pin=0"/></net>

<net id="224"><net_src comp="188" pin="2"/><net_sink comp="220" pin=0"/></net>

<net id="228"><net_src comp="58" pin="1"/><net_sink comp="225" pin=0"/></net>

<net id="229"><net_src comp="225" pin="1"/><net_sink comp="174" pin=1"/></net>

<net id="230"><net_src comp="225" pin="1"/><net_sink comp="179" pin=0"/></net>

<net id="231"><net_src comp="225" pin="1"/><net_sink comp="220" pin=1"/></net>

</net_list>

</model> 
---------------- Datapath Model END ------------------

* FSMD analyzer results:
  - Output states:
	Port: localB | {1 }
	Port: localB_1 | {1 }
	Port: localB_2 | {1 }
	Port: localB_3 | {1 }
	Port: localB_4 | {1 }
	Port: localB_5 | {1 }
	Port: localB_6 | {1 }
	Port: localB_7 | {1 }
 - Input state : 
  - Chain level:
	State 1
		store_ln0 : 1
		p_load : 1
		exitcond111374 : 2
		empty_109 : 2
		br_ln0 : 3
		tmp_8 : 2
		p_cast294 : 3
		localB_addr : 4
		localB_1_addr : 4
		localB_2_addr : 4
		localB_3_addr : 4
		localB_4_addr : 4
		localB_5_addr : 4
		localB_6_addr : 4
		localB_7_addr : 4
		empty_110 : 2
		switch_ln0 : 3
		store_ln0 : 5
		store_ln0 : 5
		store_ln0 : 5
		store_ln0 : 5
		store_ln0 : 5
		store_ln0 : 5
		store_ln0 : 5
		store_ln0 : 5
		store_ln0 : 3


============================================================
+ Verbose Summary: Datapath Resource usage 
============================================================

* Functional unit list:
|----------|-----------------------|---------|---------|
| Operation|    Functional Unit    |    FF   |   LUT   |
|----------|-----------------------|---------|---------|
|    add   |    empty_109_fu_188   |    0    |    14   |
|----------|-----------------------|---------|---------|
|   icmp   | exitcond111374_fu_182 |    0    |    10   |
|----------|-----------------------|---------|---------|
|partselect|      tmp_8_fu_194     |    0    |    0    |
|----------|-----------------------|---------|---------|
|   zext   |    p_cast294_fu_204   |    0    |    0    |
|----------|-----------------------|---------|---------|
|   trunc  |    empty_110_fu_216   |    0    |    0    |
|----------|-----------------------|---------|---------|
|   Total  |                       |    0    |    24   |
|----------|-----------------------|---------|---------|

Memories:
N/A

* Register list:
+-------------+--------+
|             |   FF   |
+-------------+--------+
|empty_reg_225|    7   |
+-------------+--------+
|    Total    |    7   |
+-------------+--------+

* Multiplexer (MUX) list: 
|--------|------|------|------|--------|
|  Comp  |  Pin | Size |  BW  | S x BW |
|--------|------|------|------|--------|
|  Total |      |      |      |    0   |
|--------|------|------|------|--------|



* Summary:
+-----------+--------+--------+
|           |   FF   |   LUT  |
+-----------+--------+--------+
|  Function |    0   |   24   |
|   Memory  |    -   |    -   |
|Multiplexer|    -   |    -   |
|  Register |    7   |    -   |
+-----------+--------+--------+
|   Total   |    7   |   24   |
+-----------+--------+--------+
