

================================================================
== Vitis HLS Report for 'multiplier_Pipeline_5'
================================================================
* Date:           Sun Jan 29 23:46:51 2023

* Version:        2022.2 (Build 3670227 on Oct 13 2022)
* Project:        Systolic-Matrix-Multiplier
* Solution:       solution (Vitis Kernel Flow Target)
* Product family: zynquplus
* Target device:  xck26-sfvc784-2LV-c


================================================================
== Performance Estimates
================================================================
+ Timing: 
    * Summary: 
    +--------+----------+----------+------------+
    |  Clock |  Target  | Estimated| Uncertainty|
    +--------+----------+----------+------------+
    |ap_clk  |  10.00 ns|  1.244 ns|     2.70 ns|
    +--------+----------+----------+------------+

+ Latency: 
    * Summary: 
    +---------+---------+----------+----------+-----+-----+---------+
    |  Latency (cycles) |  Latency (absolute) |  Interval | Pipeline|
    |   min   |   max   |    min   |    max   | min | max |   Type  |
    +---------+---------+----------+----------+-----+-----+---------+
    |       66|       66|  0.660 us|  0.660 us|   66|   66|       no|
    +---------+---------+----------+----------+-----+-----+---------+

    + Detail: 
        * Instance: 
        N/A

        * Loop: 
        +----------+---------+---------+----------+-----------+-----------+------+----------+
        |          |  Latency (cycles) | Iteration|  Initiation Interval  | Trip |          |
        | Loop Name|   min   |   max   |  Latency |  achieved |   target  | Count| Pipelined|
        +----------+---------+---------+----------+-----------+-----------+------+----------+
        |- Loop 1  |       64|       64|         1|          1|          1|    64|       yes|
        +----------+---------+---------+----------+-----------+-----------+------+----------+



================================================================
== Utilization Estimates
================================================================
* Summary: 
+-----------------+---------+------+--------+--------+-----+
|       Name      | BRAM_18K|  DSP |   FF   |   LUT  | URAM|
+-----------------+---------+------+--------+--------+-----+
|DSP              |        -|     -|       -|       -|    -|
|Expression       |        -|     -|       0|      25|    -|
|FIFO             |        -|     -|       -|       -|    -|
|Instance         |        -|     -|       -|       -|    -|
|Memory           |        -|     -|       -|       -|    -|
|Multiplexer      |        -|     -|       -|      27|    -|
|Register         |        -|     -|       9|       -|    -|
+-----------------+---------+------+--------+--------+-----+
|Total            |        0|     0|       9|      52|    0|
+-----------------+---------+------+--------+--------+-----+
|Available        |      288|  1248|  234240|  117120|   64|
+-----------------+---------+------+--------+--------+-----+
|Utilization (%)  |        0|     0|      ~0|      ~0|    0|
+-----------------+---------+------+--------+--------+-----+

+ Detail: 
    * Instance: 
    N/A

    * DSP: 
    N/A

    * Memory: 
    N/A

    * FIFO: 
    N/A

    * Expression: 
    +--------------------------+----------+----+---+----+------------+------------+
    |       Variable Name      | Operation| DSP| FF| LUT| Bitwidth P0| Bitwidth P1|
    +--------------------------+----------+----+---+----+------------+------------+
    |empty_103_fu_892_p2       |         +|   0|  0|  14|           7|           1|
    |exitcond110671_fu_886_p2  |      icmp|   0|  0|  11|           7|           8|
    +--------------------------+----------+----+---+----+------------+------------+
    |Total                     |          |   0|  0|  25|          14|           9|
    +--------------------------+----------+----+---+----+------------+------------+

    * Multiplexer: 
    +-------------------------+----+-----------+-----+-----------+
    |           Name          | LUT| Input Size| Bits| Total Bits|
    +-------------------------+----+-----------+-----+-----------+
    |ap_done_int              |   9|          2|    1|          2|
    |ap_sig_allocacmp_p_load  |   9|          2|    7|         14|
    |empty_fu_170             |   9|          2|    7|         14|
    +-------------------------+----+-----------+-----+-----------+
    |Total                    |  27|          6|   15|         30|
    +-------------------------+----+-----------+-----+-----------+

    * Register: 
    +--------------+---+----+-----+-----------+
    |     Name     | FF| LUT| Bits| Const Bits|
    +--------------+---+----+-----+-----------+
    |ap_CS_fsm     |  1|   0|    1|          0|
    |ap_done_reg   |  1|   0|    1|          0|
    |empty_fu_170  |  7|   0|    7|          0|
    +--------------+---+----+-----+-----------+
    |Total         |  9|   0|    9|          0|
    +--------------+---+----+-----+-----------+



================================================================
== Interface
================================================================
* Summary: 
+----------------------------+-----+-----+------------+-----------------------+--------------+
|          RTL Ports         | Dir | Bits|  Protocol  |     Source Object     |    C Type    |
+----------------------------+-----+-----+------------+-----------------------+--------------+
|ap_clk                      |   in|    1|  ap_ctrl_hs|  multiplier_Pipeline_5|  return value|
|ap_rst                      |   in|    1|  ap_ctrl_hs|  multiplier_Pipeline_5|  return value|
|ap_start                    |   in|    1|  ap_ctrl_hs|  multiplier_Pipeline_5|  return value|
|ap_done                     |  out|    1|  ap_ctrl_hs|  multiplier_Pipeline_5|  return value|
|ap_idle                     |  out|    1|  ap_ctrl_hs|  multiplier_Pipeline_5|  return value|
|ap_ready                    |  out|    1|  ap_ctrl_hs|  multiplier_Pipeline_5|  return value|
|sysarrayB_rb_63_out         |  out|   32|      ap_vld|    sysarrayB_rb_63_out|       pointer|
|sysarrayB_rb_63_out_ap_vld  |  out|    1|      ap_vld|    sysarrayB_rb_63_out|       pointer|
|sysarrayB_rb_62_out         |  out|   32|      ap_vld|    sysarrayB_rb_62_out|       pointer|
|sysarrayB_rb_62_out_ap_vld  |  out|    1|      ap_vld|    sysarrayB_rb_62_out|       pointer|
|sysarrayB_rb_61_out         |  out|   32|      ap_vld|    sysarrayB_rb_61_out|       pointer|
|sysarrayB_rb_61_out_ap_vld  |  out|    1|      ap_vld|    sysarrayB_rb_61_out|       pointer|
|sysarrayB_rb_60_out         |  out|   32|      ap_vld|    sysarrayB_rb_60_out|       pointer|
|sysarrayB_rb_60_out_ap_vld  |  out|    1|      ap_vld|    sysarrayB_rb_60_out|       pointer|
|sysarrayB_rb_59_out         |  out|   32|      ap_vld|    sysarrayB_rb_59_out|       pointer|
|sysarrayB_rb_59_out_ap_vld  |  out|    1|      ap_vld|    sysarrayB_rb_59_out|       pointer|
|sysarrayB_rb_58_out         |  out|   32|      ap_vld|    sysarrayB_rb_58_out|       pointer|
|sysarrayB_rb_58_out_ap_vld  |  out|    1|      ap_vld|    sysarrayB_rb_58_out|       pointer|
|sysarrayB_rb_57_out         |  out|   32|      ap_vld|    sysarrayB_rb_57_out|       pointer|
|sysarrayB_rb_57_out_ap_vld  |  out|    1|      ap_vld|    sysarrayB_rb_57_out|       pointer|
|sysarrayB_rb_56_out         |  out|   32|      ap_vld|    sysarrayB_rb_56_out|       pointer|
|sysarrayB_rb_56_out_ap_vld  |  out|    1|      ap_vld|    sysarrayB_rb_56_out|       pointer|
|sysarrayB_rb_55_out         |  out|   32|      ap_vld|    sysarrayB_rb_55_out|       pointer|
|sysarrayB_rb_55_out_ap_vld  |  out|    1|      ap_vld|    sysarrayB_rb_55_out|       pointer|
|sysarrayB_rb_54_out         |  out|   32|      ap_vld|    sysarrayB_rb_54_out|       pointer|
|sysarrayB_rb_54_out_ap_vld  |  out|    1|      ap_vld|    sysarrayB_rb_54_out|       pointer|
|sysarrayB_rb_53_out         |  out|   32|      ap_vld|    sysarrayB_rb_53_out|       pointer|
|sysarrayB_rb_53_out_ap_vld  |  out|    1|      ap_vld|    sysarrayB_rb_53_out|       pointer|
|sysarrayB_rb_52_out         |  out|   32|      ap_vld|    sysarrayB_rb_52_out|       pointer|
|sysarrayB_rb_52_out_ap_vld  |  out|    1|      ap_vld|    sysarrayB_rb_52_out|       pointer|
|sysarrayB_rb_51_out         |  out|   32|      ap_vld|    sysarrayB_rb_51_out|       pointer|
|sysarrayB_rb_51_out_ap_vld  |  out|    1|      ap_vld|    sysarrayB_rb_51_out|       pointer|
|sysarrayB_rb_50_out         |  out|   32|      ap_vld|    sysarrayB_rb_50_out|       pointer|
|sysarrayB_rb_50_out_ap_vld  |  out|    1|      ap_vld|    sysarrayB_rb_50_out|       pointer|
|sysarrayB_rb_49_out         |  out|   32|      ap_vld|    sysarrayB_rb_49_out|       pointer|
|sysarrayB_rb_49_out_ap_vld  |  out|    1|      ap_vld|    sysarrayB_rb_49_out|       pointer|
|sysarrayB_rb_48_out         |  out|   32|      ap_vld|    sysarrayB_rb_48_out|       pointer|
|sysarrayB_rb_48_out_ap_vld  |  out|    1|      ap_vld|    sysarrayB_rb_48_out|       pointer|
|sysarrayB_rb_47_out         |  out|   32|      ap_vld|    sysarrayB_rb_47_out|       pointer|
|sysarrayB_rb_47_out_ap_vld  |  out|    1|      ap_vld|    sysarrayB_rb_47_out|       pointer|
|sysarrayB_rb_46_out         |  out|   32|      ap_vld|    sysarrayB_rb_46_out|       pointer|
|sysarrayB_rb_46_out_ap_vld  |  out|    1|      ap_vld|    sysarrayB_rb_46_out|       pointer|
|sysarrayB_rb_45_out         |  out|   32|      ap_vld|    sysarrayB_rb_45_out|       pointer|
|sysarrayB_rb_45_out_ap_vld  |  out|    1|      ap_vld|    sysarrayB_rb_45_out|       pointer|
|sysarrayB_rb_44_out         |  out|   32|      ap_vld|    sysarrayB_rb_44_out|       pointer|
|sysarrayB_rb_44_out_ap_vld  |  out|    1|      ap_vld|    sysarrayB_rb_44_out|       pointer|
|sysarrayB_rb_43_out         |  out|   32|      ap_vld|    sysarrayB_rb_43_out|       pointer|
|sysarrayB_rb_43_out_ap_vld  |  out|    1|      ap_vld|    sysarrayB_rb_43_out|       pointer|
|sysarrayB_rb_42_out         |  out|   32|      ap_vld|    sysarrayB_rb_42_out|       pointer|
|sysarrayB_rb_42_out_ap_vld  |  out|    1|      ap_vld|    sysarrayB_rb_42_out|       pointer|
|sysarrayB_rb_41_out         |  out|   32|      ap_vld|    sysarrayB_rb_41_out|       pointer|
|sysarrayB_rb_41_out_ap_vld  |  out|    1|      ap_vld|    sysarrayB_rb_41_out|       pointer|
|sysarrayB_rb_40_out         |  out|   32|      ap_vld|    sysarrayB_rb_40_out|       pointer|
|sysarrayB_rb_40_out_ap_vld  |  out|    1|      ap_vld|    sysarrayB_rb_40_out|       pointer|
|sysarrayB_rb_39_out         |  out|   32|      ap_vld|    sysarrayB_rb_39_out|       pointer|
|sysarrayB_rb_39_out_ap_vld  |  out|    1|      ap_vld|    sysarrayB_rb_39_out|       pointer|
|sysarrayB_rb_38_out         |  out|   32|      ap_vld|    sysarrayB_rb_38_out|       pointer|
|sysarrayB_rb_38_out_ap_vld  |  out|    1|      ap_vld|    sysarrayB_rb_38_out|       pointer|
|sysarrayB_rb_37_out         |  out|   32|      ap_vld|    sysarrayB_rb_37_out|       pointer|
|sysarrayB_rb_37_out_ap_vld  |  out|    1|      ap_vld|    sysarrayB_rb_37_out|       pointer|
|sysarrayB_rb_36_out         |  out|   32|      ap_vld|    sysarrayB_rb_36_out|       pointer|
|sysarrayB_rb_36_out_ap_vld  |  out|    1|      ap_vld|    sysarrayB_rb_36_out|       pointer|
|sysarrayB_rb_35_out         |  out|   32|      ap_vld|    sysarrayB_rb_35_out|       pointer|
|sysarrayB_rb_35_out_ap_vld  |  out|    1|      ap_vld|    sysarrayB_rb_35_out|       pointer|
|sysarrayB_rb_34_out         |  out|   32|      ap_vld|    sysarrayB_rb_34_out|       pointer|
|sysarrayB_rb_34_out_ap_vld  |  out|    1|      ap_vld|    sysarrayB_rb_34_out|       pointer|
|sysarrayB_rb_33_out         |  out|   32|      ap_vld|    sysarrayB_rb_33_out|       pointer|
|sysarrayB_rb_33_out_ap_vld  |  out|    1|      ap_vld|    sysarrayB_rb_33_out|       pointer|
|sysarrayB_rb_32_out         |  out|   32|      ap_vld|    sysarrayB_rb_32_out|       pointer|
|sysarrayB_rb_32_out_ap_vld  |  out|    1|      ap_vld|    sysarrayB_rb_32_out|       pointer|
|sysarrayB_rb_31_out         |  out|   32|      ap_vld|    sysarrayB_rb_31_out|       pointer|
|sysarrayB_rb_31_out_ap_vld  |  out|    1|      ap_vld|    sysarrayB_rb_31_out|       pointer|
|sysarrayB_rb_30_out         |  out|   32|      ap_vld|    sysarrayB_rb_30_out|       pointer|
|sysarrayB_rb_30_out_ap_vld  |  out|    1|      ap_vld|    sysarrayB_rb_30_out|       pointer|
|sysarrayB_rb_29_out         |  out|   32|      ap_vld|    sysarrayB_rb_29_out|       pointer|
|sysarrayB_rb_29_out_ap_vld  |  out|    1|      ap_vld|    sysarrayB_rb_29_out|       pointer|
|sysarrayB_rb_28_out         |  out|   32|      ap_vld|    sysarrayB_rb_28_out|       pointer|
|sysarrayB_rb_28_out_ap_vld  |  out|    1|      ap_vld|    sysarrayB_rb_28_out|       pointer|
|sysarrayB_rb_27_out         |  out|   32|      ap_vld|    sysarrayB_rb_27_out|       pointer|
|sysarrayB_rb_27_out_ap_vld  |  out|    1|      ap_vld|    sysarrayB_rb_27_out|       pointer|
|sysarrayB_rb_26_out         |  out|   32|      ap_vld|    sysarrayB_rb_26_out|       pointer|
|sysarrayB_rb_26_out_ap_vld  |  out|    1|      ap_vld|    sysarrayB_rb_26_out|       pointer|
|sysarrayB_rb_25_out         |  out|   32|      ap_vld|    sysarrayB_rb_25_out|       pointer|
|sysarrayB_rb_25_out_ap_vld  |  out|    1|      ap_vld|    sysarrayB_rb_25_out|       pointer|
|sysarrayB_rb_24_out         |  out|   32|      ap_vld|    sysarrayB_rb_24_out|       pointer|
|sysarrayB_rb_24_out_ap_vld  |  out|    1|      ap_vld|    sysarrayB_rb_24_out|       pointer|
|sysarrayB_rb_23_out         |  out|   32|      ap_vld|    sysarrayB_rb_23_out|       pointer|
|sysarrayB_rb_23_out_ap_vld  |  out|    1|      ap_vld|    sysarrayB_rb_23_out|       pointer|
|sysarrayB_rb_22_out         |  out|   32|      ap_vld|    sysarrayB_rb_22_out|       pointer|
|sysarrayB_rb_22_out_ap_vld  |  out|    1|      ap_vld|    sysarrayB_rb_22_out|       pointer|
|sysarrayB_rb_21_out         |  out|   32|      ap_vld|    sysarrayB_rb_21_out|       pointer|
|sysarrayB_rb_21_out_ap_vld  |  out|    1|      ap_vld|    sysarrayB_rb_21_out|       pointer|
|sysarrayB_rb_20_out         |  out|   32|      ap_vld|    sysarrayB_rb_20_out|       pointer|
|sysarrayB_rb_20_out_ap_vld  |  out|    1|      ap_vld|    sysarrayB_rb_20_out|       pointer|
|sysarrayB_rb_19_out         |  out|   32|      ap_vld|    sysarrayB_rb_19_out|       pointer|
|sysarrayB_rb_19_out_ap_vld  |  out|    1|      ap_vld|    sysarrayB_rb_19_out|       pointer|
|sysarrayB_rb_18_out         |  out|   32|      ap_vld|    sysarrayB_rb_18_out|       pointer|
|sysarrayB_rb_18_out_ap_vld  |  out|    1|      ap_vld|    sysarrayB_rb_18_out|       pointer|
|sysarrayB_rb_17_out         |  out|   32|      ap_vld|    sysarrayB_rb_17_out|       pointer|
|sysarrayB_rb_17_out_ap_vld  |  out|    1|      ap_vld|    sysarrayB_rb_17_out|       pointer|
|sysarrayB_rb_16_out         |  out|   32|      ap_vld|    sysarrayB_rb_16_out|       pointer|
|sysarrayB_rb_16_out_ap_vld  |  out|    1|      ap_vld|    sysarrayB_rb_16_out|       pointer|
|sysarrayB_rb_15_out         |  out|   32|      ap_vld|    sysarrayB_rb_15_out|       pointer|
|sysarrayB_rb_15_out_ap_vld  |  out|    1|      ap_vld|    sysarrayB_rb_15_out|       pointer|
|sysarrayB_rb_14_out         |  out|   32|      ap_vld|    sysarrayB_rb_14_out|       pointer|
|sysarrayB_rb_14_out_ap_vld  |  out|    1|      ap_vld|    sysarrayB_rb_14_out|       pointer|
|sysarrayB_rb_13_out         |  out|   32|      ap_vld|    sysarrayB_rb_13_out|       pointer|
|sysarrayB_rb_13_out_ap_vld  |  out|    1|      ap_vld|    sysarrayB_rb_13_out|       pointer|
|sysarrayB_rb_12_out         |  out|   32|      ap_vld|    sysarrayB_rb_12_out|       pointer|
|sysarrayB_rb_12_out_ap_vld  |  out|    1|      ap_vld|    sysarrayB_rb_12_out|       pointer|
|sysarrayB_rb_11_out         |  out|   32|      ap_vld|    sysarrayB_rb_11_out|       pointer|
|sysarrayB_rb_11_out_ap_vld  |  out|    1|      ap_vld|    sysarrayB_rb_11_out|       pointer|
|sysarrayB_rb_10_out         |  out|   32|      ap_vld|    sysarrayB_rb_10_out|       pointer|
|sysarrayB_rb_10_out_ap_vld  |  out|    1|      ap_vld|    sysarrayB_rb_10_out|       pointer|
|sysarrayB_rb_9_out          |  out|   32|      ap_vld|     sysarrayB_rb_9_out|       pointer|
|sysarrayB_rb_9_out_ap_vld   |  out|    1|      ap_vld|     sysarrayB_rb_9_out|       pointer|
|sysarrayB_rb_8_out          |  out|   32|      ap_vld|     sysarrayB_rb_8_out|       pointer|
|sysarrayB_rb_8_out_ap_vld   |  out|    1|      ap_vld|     sysarrayB_rb_8_out|       pointer|
|sysarrayB_rb_7_out          |  out|   32|      ap_vld|     sysarrayB_rb_7_out|       pointer|
|sysarrayB_rb_7_out_ap_vld   |  out|    1|      ap_vld|     sysarrayB_rb_7_out|       pointer|
|sysarrayB_rb_6_out          |  out|   32|      ap_vld|     sysarrayB_rb_6_out|       pointer|
|sysarrayB_rb_6_out_ap_vld   |  out|    1|      ap_vld|     sysarrayB_rb_6_out|       pointer|
|sysarrayB_rb_5_out          |  out|   32|      ap_vld|     sysarrayB_rb_5_out|       pointer|
|sysarrayB_rb_5_out_ap_vld   |  out|    1|      ap_vld|     sysarrayB_rb_5_out|       pointer|
|sysarrayB_rb_4_out          |  out|   32|      ap_vld|     sysarrayB_rb_4_out|       pointer|
|sysarrayB_rb_4_out_ap_vld   |  out|    1|      ap_vld|     sysarrayB_rb_4_out|       pointer|
|sysarrayB_rb_3_out          |  out|   32|      ap_vld|     sysarrayB_rb_3_out|       pointer|
|sysarrayB_rb_3_out_ap_vld   |  out|    1|      ap_vld|     sysarrayB_rb_3_out|       pointer|
|sysarrayB_rb_2_out          |  out|   32|      ap_vld|     sysarrayB_rb_2_out|       pointer|
|sysarrayB_rb_2_out_ap_vld   |  out|    1|      ap_vld|     sysarrayB_rb_2_out|       pointer|
|sysarrayB_rb_1_out          |  out|   32|      ap_vld|     sysarrayB_rb_1_out|       pointer|
|sysarrayB_rb_1_out_ap_vld   |  out|    1|      ap_vld|     sysarrayB_rb_1_out|       pointer|
|sysarrayB_rb_out            |  out|   32|      ap_vld|       sysarrayB_rb_out|       pointer|
|sysarrayB_rb_out_ap_vld     |  out|    1|      ap_vld|       sysarrayB_rb_out|       pointer|
+----------------------------+-----+-----+------------+-----------------------+--------------+

