

================================================================
== Vitis HLS Report for 'multiplier_Pipeline_6'
================================================================
* Date:           Sun Jan 29 23:46:52 2023

* Version:        2022.2 (Build 3670227 on Oct 13 2022)
* Project:        Systolic-Matrix-Multiplier
* Solution:       solution (Vitis Kernel Flow Target)
* Product family: zynquplus
* Target device:  xck26-sfvc784-2LV-c


================================================================
== Performance Estimates
================================================================
+ Timing: 
    * Summary: 
    +--------+----------+----------+------------+
    |  Clock |  Target  | Estimated| Uncertainty|
    +--------+----------+----------+------------+
    |ap_clk  |  10.00 ns|  1.244 ns|     2.70 ns|
    +--------+----------+----------+------------+

+ Latency: 
    * Summary: 
    +---------+---------+----------+----------+-----+-----+---------+
    |  Latency (cycles) |  Latency (absolute) |  Interval | Pipeline|
    |   min   |   max   |    min   |    max   | min | max |   Type  |
    +---------+---------+----------+----------+-----+-----+---------+
    |       66|       66|  0.660 us|  0.660 us|   66|   66|       no|
    +---------+---------+----------+----------+-----+-----+---------+

    + Detail: 
        * Instance: 
        N/A

        * Loop: 
        +----------+---------+---------+----------+-----------+-----------+------+----------+
        |          |  Latency (cycles) | Iteration|  Initiation Interval  | Trip |          |
        | Loop Name|   min   |   max   |  Latency |  achieved |   target  | Count| Pipelined|
        +----------+---------+---------+----------+-----------+-----------+------+----------+
        |- Loop 1  |       64|       64|         1|          1|          1|    64|       yes|
        +----------+---------+---------+----------+-----------+-----------+------+----------+



================================================================
== Utilization Estimates
================================================================
* Summary: 
+-----------------+---------+------+--------+--------+-----+
|       Name      | BRAM_18K|  DSP |   FF   |   LUT  | URAM|
+-----------------+---------+------+--------+--------+-----+
|DSP              |        -|     -|       -|       -|    -|
|Expression       |        -|     -|       0|      25|    -|
|FIFO             |        -|     -|       -|       -|    -|
|Instance         |        -|     -|       -|       -|    -|
|Memory           |        -|     -|       -|       -|    -|
|Multiplexer      |        -|     -|       -|      27|    -|
|Register         |        -|     -|       9|       -|    -|
+-----------------+---------+------+--------+--------+-----+
|Total            |        0|     0|       9|      52|    0|
+-----------------+---------+------+--------+--------+-----+
|Available        |      288|  1248|  234240|  117120|   64|
+-----------------+---------+------+--------+--------+-----+
|Utilization (%)  |        0|     0|      ~0|      ~0|    0|
+-----------------+---------+------+--------+--------+-----+

+ Detail: 
    * Instance: 
    N/A

    * DSP: 
    N/A

    * Memory: 
    N/A

    * FIFO: 
    N/A

    * Expression: 
    +--------------------------+----------+----+---+----+------------+------------+
    |       Variable Name      | Operation| DSP| FF| LUT| Bitwidth P0| Bitwidth P1|
    +--------------------------+----------+----+---+----+------------+------------+
    |empty_100_fu_892_p2       |         +|   0|  0|  14|           7|           1|
    |exitcond110570_fu_886_p2  |      icmp|   0|  0|  11|           7|           8|
    +--------------------------+----------+----+---+----+------------+------------+
    |Total                     |          |   0|  0|  25|          14|           9|
    +--------------------------+----------+----+---+----+------------+------------+

    * Multiplexer: 
    +-------------------------+----+-----------+-----+-----------+
    |           Name          | LUT| Input Size| Bits| Total Bits|
    +-------------------------+----+-----------+-----+-----------+
    |ap_done_int              |   9|          2|    1|          2|
    |ap_sig_allocacmp_p_load  |   9|          2|    7|         14|
    |empty_fu_170             |   9|          2|    7|         14|
    +-------------------------+----+-----------+-----+-----------+
    |Total                    |  27|          6|   15|         30|
    +-------------------------+----+-----------+-----+-----------+

    * Register: 
    +--------------+---+----+-----+-----------+
    |     Name     | FF| LUT| Bits| Const Bits|
    +--------------+---+----+-----+-----------+
    |ap_CS_fsm     |  1|   0|    1|          0|
    |ap_done_reg   |  1|   0|    1|          0|
    |empty_fu_170  |  7|   0|    7|          0|
    +--------------+---+----+-----+-----------+
    |Total         |  9|   0|    9|          0|
    +--------------+---+----+-----+-----------+



================================================================
== Interface
================================================================
* Summary: 
+-------------------------+-----+-----+------------+-----------------------+--------------+
|        RTL Ports        | Dir | Bits|  Protocol  |     Source Object     |    C Type    |
+-------------------------+-----+-----+------------+-----------------------+--------------+
|ap_clk                   |   in|    1|  ap_ctrl_hs|  multiplier_Pipeline_6|  return value|
|ap_rst                   |   in|    1|  ap_ctrl_hs|  multiplier_Pipeline_6|  return value|
|ap_start                 |   in|    1|  ap_ctrl_hs|  multiplier_Pipeline_6|  return value|
|ap_done                  |  out|    1|  ap_ctrl_hs|  multiplier_Pipeline_6|  return value|
|ap_idle                  |  out|    1|  ap_ctrl_hs|  multiplier_Pipeline_6|  return value|
|ap_ready                 |  out|    1|  ap_ctrl_hs|  multiplier_Pipeline_6|  return value|
|sysarrayC_63_out         |  out|   32|      ap_vld|       sysarrayC_63_out|       pointer|
|sysarrayC_63_out_ap_vld  |  out|    1|      ap_vld|       sysarrayC_63_out|       pointer|
|sysarrayC_62_out         |  out|   32|      ap_vld|       sysarrayC_62_out|       pointer|
|sysarrayC_62_out_ap_vld  |  out|    1|      ap_vld|       sysarrayC_62_out|       pointer|
|sysarrayC_61_out         |  out|   32|      ap_vld|       sysarrayC_61_out|       pointer|
|sysarrayC_61_out_ap_vld  |  out|    1|      ap_vld|       sysarrayC_61_out|       pointer|
|sysarrayC_60_out         |  out|   32|      ap_vld|       sysarrayC_60_out|       pointer|
|sysarrayC_60_out_ap_vld  |  out|    1|      ap_vld|       sysarrayC_60_out|       pointer|
|sysarrayC_59_out         |  out|   32|      ap_vld|       sysarrayC_59_out|       pointer|
|sysarrayC_59_out_ap_vld  |  out|    1|      ap_vld|       sysarrayC_59_out|       pointer|
|sysarrayC_58_out         |  out|   32|      ap_vld|       sysarrayC_58_out|       pointer|
|sysarrayC_58_out_ap_vld  |  out|    1|      ap_vld|       sysarrayC_58_out|       pointer|
|sysarrayC_57_out         |  out|   32|      ap_vld|       sysarrayC_57_out|       pointer|
|sysarrayC_57_out_ap_vld  |  out|    1|      ap_vld|       sysarrayC_57_out|       pointer|
|sysarrayC_56_out         |  out|   32|      ap_vld|       sysarrayC_56_out|       pointer|
|sysarrayC_56_out_ap_vld  |  out|    1|      ap_vld|       sysarrayC_56_out|       pointer|
|sysarrayC_55_out         |  out|   32|      ap_vld|       sysarrayC_55_out|       pointer|
|sysarrayC_55_out_ap_vld  |  out|    1|      ap_vld|       sysarrayC_55_out|       pointer|
|sysarrayC_54_out         |  out|   32|      ap_vld|       sysarrayC_54_out|       pointer|
|sysarrayC_54_out_ap_vld  |  out|    1|      ap_vld|       sysarrayC_54_out|       pointer|
|sysarrayC_53_out         |  out|   32|      ap_vld|       sysarrayC_53_out|       pointer|
|sysarrayC_53_out_ap_vld  |  out|    1|      ap_vld|       sysarrayC_53_out|       pointer|
|sysarrayC_52_out         |  out|   32|      ap_vld|       sysarrayC_52_out|       pointer|
|sysarrayC_52_out_ap_vld  |  out|    1|      ap_vld|       sysarrayC_52_out|       pointer|
|sysarrayC_51_out         |  out|   32|      ap_vld|       sysarrayC_51_out|       pointer|
|sysarrayC_51_out_ap_vld  |  out|    1|      ap_vld|       sysarrayC_51_out|       pointer|
|sysarrayC_50_out         |  out|   32|      ap_vld|       sysarrayC_50_out|       pointer|
|sysarrayC_50_out_ap_vld  |  out|    1|      ap_vld|       sysarrayC_50_out|       pointer|
|sysarrayC_49_out         |  out|   32|      ap_vld|       sysarrayC_49_out|       pointer|
|sysarrayC_49_out_ap_vld  |  out|    1|      ap_vld|       sysarrayC_49_out|       pointer|
|sysarrayC_48_out         |  out|   32|      ap_vld|       sysarrayC_48_out|       pointer|
|sysarrayC_48_out_ap_vld  |  out|    1|      ap_vld|       sysarrayC_48_out|       pointer|
|sysarrayC_47_out         |  out|   32|      ap_vld|       sysarrayC_47_out|       pointer|
|sysarrayC_47_out_ap_vld  |  out|    1|      ap_vld|       sysarrayC_47_out|       pointer|
|sysarrayC_46_out         |  out|   32|      ap_vld|       sysarrayC_46_out|       pointer|
|sysarrayC_46_out_ap_vld  |  out|    1|      ap_vld|       sysarrayC_46_out|       pointer|
|sysarrayC_45_out         |  out|   32|      ap_vld|       sysarrayC_45_out|       pointer|
|sysarrayC_45_out_ap_vld  |  out|    1|      ap_vld|       sysarrayC_45_out|       pointer|
|sysarrayC_44_out         |  out|   32|      ap_vld|       sysarrayC_44_out|       pointer|
|sysarrayC_44_out_ap_vld  |  out|    1|      ap_vld|       sysarrayC_44_out|       pointer|
|sysarrayC_43_out         |  out|   32|      ap_vld|       sysarrayC_43_out|       pointer|
|sysarrayC_43_out_ap_vld  |  out|    1|      ap_vld|       sysarrayC_43_out|       pointer|
|sysarrayC_42_out         |  out|   32|      ap_vld|       sysarrayC_42_out|       pointer|
|sysarrayC_42_out_ap_vld  |  out|    1|      ap_vld|       sysarrayC_42_out|       pointer|
|sysarrayC_41_out         |  out|   32|      ap_vld|       sysarrayC_41_out|       pointer|
|sysarrayC_41_out_ap_vld  |  out|    1|      ap_vld|       sysarrayC_41_out|       pointer|
|sysarrayC_40_out         |  out|   32|      ap_vld|       sysarrayC_40_out|       pointer|
|sysarrayC_40_out_ap_vld  |  out|    1|      ap_vld|       sysarrayC_40_out|       pointer|
|sysarrayC_39_out         |  out|   32|      ap_vld|       sysarrayC_39_out|       pointer|
|sysarrayC_39_out_ap_vld  |  out|    1|      ap_vld|       sysarrayC_39_out|       pointer|
|sysarrayC_38_out         |  out|   32|      ap_vld|       sysarrayC_38_out|       pointer|
|sysarrayC_38_out_ap_vld  |  out|    1|      ap_vld|       sysarrayC_38_out|       pointer|
|sysarrayC_37_out         |  out|   32|      ap_vld|       sysarrayC_37_out|       pointer|
|sysarrayC_37_out_ap_vld  |  out|    1|      ap_vld|       sysarrayC_37_out|       pointer|
|sysarrayC_36_out         |  out|   32|      ap_vld|       sysarrayC_36_out|       pointer|
|sysarrayC_36_out_ap_vld  |  out|    1|      ap_vld|       sysarrayC_36_out|       pointer|
|sysarrayC_35_out         |  out|   32|      ap_vld|       sysarrayC_35_out|       pointer|
|sysarrayC_35_out_ap_vld  |  out|    1|      ap_vld|       sysarrayC_35_out|       pointer|
|sysarrayC_34_out         |  out|   32|      ap_vld|       sysarrayC_34_out|       pointer|
|sysarrayC_34_out_ap_vld  |  out|    1|      ap_vld|       sysarrayC_34_out|       pointer|
|sysarrayC_33_out         |  out|   32|      ap_vld|       sysarrayC_33_out|       pointer|
|sysarrayC_33_out_ap_vld  |  out|    1|      ap_vld|       sysarrayC_33_out|       pointer|
|sysarrayC_32_out         |  out|   32|      ap_vld|       sysarrayC_32_out|       pointer|
|sysarrayC_32_out_ap_vld  |  out|    1|      ap_vld|       sysarrayC_32_out|       pointer|
|sysarrayC_31_out         |  out|   32|      ap_vld|       sysarrayC_31_out|       pointer|
|sysarrayC_31_out_ap_vld  |  out|    1|      ap_vld|       sysarrayC_31_out|       pointer|
|sysarrayC_30_out         |  out|   32|      ap_vld|       sysarrayC_30_out|       pointer|
|sysarrayC_30_out_ap_vld  |  out|    1|      ap_vld|       sysarrayC_30_out|       pointer|
|sysarrayC_29_out         |  out|   32|      ap_vld|       sysarrayC_29_out|       pointer|
|sysarrayC_29_out_ap_vld  |  out|    1|      ap_vld|       sysarrayC_29_out|       pointer|
|sysarrayC_28_out         |  out|   32|      ap_vld|       sysarrayC_28_out|       pointer|
|sysarrayC_28_out_ap_vld  |  out|    1|      ap_vld|       sysarrayC_28_out|       pointer|
|sysarrayC_27_out         |  out|   32|      ap_vld|       sysarrayC_27_out|       pointer|
|sysarrayC_27_out_ap_vld  |  out|    1|      ap_vld|       sysarrayC_27_out|       pointer|
|sysarrayC_26_out         |  out|   32|      ap_vld|       sysarrayC_26_out|       pointer|
|sysarrayC_26_out_ap_vld  |  out|    1|      ap_vld|       sysarrayC_26_out|       pointer|
|sysarrayC_25_out         |  out|   32|      ap_vld|       sysarrayC_25_out|       pointer|
|sysarrayC_25_out_ap_vld  |  out|    1|      ap_vld|       sysarrayC_25_out|       pointer|
|sysarrayC_24_out         |  out|   32|      ap_vld|       sysarrayC_24_out|       pointer|
|sysarrayC_24_out_ap_vld  |  out|    1|      ap_vld|       sysarrayC_24_out|       pointer|
|sysarrayC_23_out         |  out|   32|      ap_vld|       sysarrayC_23_out|       pointer|
|sysarrayC_23_out_ap_vld  |  out|    1|      ap_vld|       sysarrayC_23_out|       pointer|
|sysarrayC_22_out         |  out|   32|      ap_vld|       sysarrayC_22_out|       pointer|
|sysarrayC_22_out_ap_vld  |  out|    1|      ap_vld|       sysarrayC_22_out|       pointer|
|sysarrayC_21_out         |  out|   32|      ap_vld|       sysarrayC_21_out|       pointer|
|sysarrayC_21_out_ap_vld  |  out|    1|      ap_vld|       sysarrayC_21_out|       pointer|
|sysarrayC_20_out         |  out|   32|      ap_vld|       sysarrayC_20_out|       pointer|
|sysarrayC_20_out_ap_vld  |  out|    1|      ap_vld|       sysarrayC_20_out|       pointer|
|sysarrayC_19_out         |  out|   32|      ap_vld|       sysarrayC_19_out|       pointer|
|sysarrayC_19_out_ap_vld  |  out|    1|      ap_vld|       sysarrayC_19_out|       pointer|
|sysarrayC_18_out         |  out|   32|      ap_vld|       sysarrayC_18_out|       pointer|
|sysarrayC_18_out_ap_vld  |  out|    1|      ap_vld|       sysarrayC_18_out|       pointer|
|sysarrayC_17_out         |  out|   32|      ap_vld|       sysarrayC_17_out|       pointer|
|sysarrayC_17_out_ap_vld  |  out|    1|      ap_vld|       sysarrayC_17_out|       pointer|
|sysarrayC_16_out         |  out|   32|      ap_vld|       sysarrayC_16_out|       pointer|
|sysarrayC_16_out_ap_vld  |  out|    1|      ap_vld|       sysarrayC_16_out|       pointer|
|sysarrayC_15_out         |  out|   32|      ap_vld|       sysarrayC_15_out|       pointer|
|sysarrayC_15_out_ap_vld  |  out|    1|      ap_vld|       sysarrayC_15_out|       pointer|
|sysarrayC_14_out         |  out|   32|      ap_vld|       sysarrayC_14_out|       pointer|
|sysarrayC_14_out_ap_vld  |  out|    1|      ap_vld|       sysarrayC_14_out|       pointer|
|sysarrayC_13_out         |  out|   32|      ap_vld|       sysarrayC_13_out|       pointer|
|sysarrayC_13_out_ap_vld  |  out|    1|      ap_vld|       sysarrayC_13_out|       pointer|
|sysarrayC_12_out         |  out|   32|      ap_vld|       sysarrayC_12_out|       pointer|
|sysarrayC_12_out_ap_vld  |  out|    1|      ap_vld|       sysarrayC_12_out|       pointer|
|sysarrayC_11_out         |  out|   32|      ap_vld|       sysarrayC_11_out|       pointer|
|sysarrayC_11_out_ap_vld  |  out|    1|      ap_vld|       sysarrayC_11_out|       pointer|
|sysarrayC_10_out         |  out|   32|      ap_vld|       sysarrayC_10_out|       pointer|
|sysarrayC_10_out_ap_vld  |  out|    1|      ap_vld|       sysarrayC_10_out|       pointer|
|sysarrayC_9_out          |  out|   32|      ap_vld|        sysarrayC_9_out|       pointer|
|sysarrayC_9_out_ap_vld   |  out|    1|      ap_vld|        sysarrayC_9_out|       pointer|
|sysarrayC_8_out          |  out|   32|      ap_vld|        sysarrayC_8_out|       pointer|
|sysarrayC_8_out_ap_vld   |  out|    1|      ap_vld|        sysarrayC_8_out|       pointer|
|sysarrayC_7_out          |  out|   32|      ap_vld|        sysarrayC_7_out|       pointer|
|sysarrayC_7_out_ap_vld   |  out|    1|      ap_vld|        sysarrayC_7_out|       pointer|
|sysarrayC_6_out          |  out|   32|      ap_vld|        sysarrayC_6_out|       pointer|
|sysarrayC_6_out_ap_vld   |  out|    1|      ap_vld|        sysarrayC_6_out|       pointer|
|sysarrayC_5_out          |  out|   32|      ap_vld|        sysarrayC_5_out|       pointer|
|sysarrayC_5_out_ap_vld   |  out|    1|      ap_vld|        sysarrayC_5_out|       pointer|
|sysarrayC_4_out          |  out|   32|      ap_vld|        sysarrayC_4_out|       pointer|
|sysarrayC_4_out_ap_vld   |  out|    1|      ap_vld|        sysarrayC_4_out|       pointer|
|sysarrayC_3_out          |  out|   32|      ap_vld|        sysarrayC_3_out|       pointer|
|sysarrayC_3_out_ap_vld   |  out|    1|      ap_vld|        sysarrayC_3_out|       pointer|
|sysarrayC_2_out          |  out|   32|      ap_vld|        sysarrayC_2_out|       pointer|
|sysarrayC_2_out_ap_vld   |  out|    1|      ap_vld|        sysarrayC_2_out|       pointer|
|sysarrayC_1_out          |  out|   32|      ap_vld|        sysarrayC_1_out|       pointer|
|sysarrayC_1_out_ap_vld   |  out|    1|      ap_vld|        sysarrayC_1_out|       pointer|
|sysarrayC_out            |  out|   32|      ap_vld|          sysarrayC_out|       pointer|
|sysarrayC_out_ap_vld     |  out|    1|      ap_vld|          sysarrayC_out|       pointer|
+-------------------------+-----+-----+------------+-----------------------+--------------+

