

================================================================
== Vitis HLS Report for 'multiplier_Pipeline_VITIS_LOOP_142_3'
================================================================
* Date:           Sun Jan 29 23:46:57 2023

* Version:        2022.2 (Build 3670227 on Oct 13 2022)
* Project:        Systolic-Matrix-Multiplier
* Solution:       solution (Vitis Kernel Flow Target)
* Product family: zynquplus
* Target device:  xck26-sfvc784-2LV-c


================================================================
== Performance Estimates
================================================================
+ Timing: 
    * Summary: 
    +--------+----------+----------+------------+
    |  Clock |  Target  | Estimated| Uncertainty|
    +--------+----------+----------+------------+
    |ap_clk  |  10.00 ns|  7.300 ns|     2.70 ns|
    +--------+----------+----------+------------+

+ Latency: 
    * Summary: 
    +---------+---------+----------+----------+-----+-----+---------+
    |  Latency (cycles) |  Latency (absolute) |  Interval | Pipeline|
    |   min   |   max   |    min   |    max   | min | max |   Type  |
    +---------+---------+----------+----------+-----+-----+---------+
    |       10|       10|  0.100 us|  0.100 us|   10|   10|       no|
    +---------+---------+----------+----------+-----+-----+---------+

    + Detail: 
        * Instance: 
        N/A

        * Loop: 
        +--------------------+---------+---------+----------+-----------+-----------+------+----------+
        |                    |  Latency (cycles) | Iteration|  Initiation Interval  | Trip |          |
        |      Loop Name     |   min   |   max   |  Latency |  achieved |   target  | Count| Pipelined|
        +--------------------+---------+---------+----------+-----------+-----------+------+----------+
        |- VITIS_LOOP_142_3  |        8|        8|         2|          1|          1|     8|       yes|
        +--------------------+---------+---------+----------+-----------+-----------+------+----------+



================================================================
== Utilization Estimates
================================================================
* Summary: 
+-----------------+---------+------+--------+--------+-----+
|       Name      | BRAM_18K|  DSP |   FF   |   LUT  | URAM|
+-----------------+---------+------+--------+--------+-----+
|DSP              |        -|     -|       -|       -|    -|
|Expression       |        -|     -|       0|     235|    -|
|FIFO             |        -|     -|       -|       -|    -|
|Instance         |        -|     -|       0|     344|    -|
|Memory           |        -|     -|       -|       -|    -|
|Multiplexer      |        -|     -|       -|      54|    -|
|Register         |        -|     -|     520|       -|    -|
+-----------------+---------+------+--------+--------+-----+
|Total            |        0|     0|     520|     633|    0|
+-----------------+---------+------+--------+--------+-----+
|Available        |      288|  1248|  234240|  117120|   64|
+-----------------+---------+------+--------+--------+-----+
|Utilization (%)  |        0|     0|      ~0|      ~0|    0|
+-----------------+---------+------+--------+--------+-----+

+ Detail: 
    * Instance: 
    +--------------------+---------------+---------+----+---+----+-----+
    |      Instance      |     Module    | BRAM_18K| DSP| FF| LUT| URAM|
    +--------------------+---------------+---------+----+---+----+-----+
    |mux_83_32_1_1_U686  |mux_83_32_1_1  |        0|   0|  0|  43|    0|
    |mux_83_32_1_1_U687  |mux_83_32_1_1  |        0|   0|  0|  43|    0|
    |mux_83_32_1_1_U688  |mux_83_32_1_1  |        0|   0|  0|  43|    0|
    |mux_83_32_1_1_U689  |mux_83_32_1_1  |        0|   0|  0|  43|    0|
    |mux_83_32_1_1_U690  |mux_83_32_1_1  |        0|   0|  0|  43|    0|
    |mux_83_32_1_1_U691  |mux_83_32_1_1  |        0|   0|  0|  43|    0|
    |mux_83_32_1_1_U692  |mux_83_32_1_1  |        0|   0|  0|  43|    0|
    |mux_83_32_1_1_U693  |mux_83_32_1_1  |        0|   0|  0|  43|    0|
    +--------------------+---------------+---------+----+---+----+-----+
    |Total               |               |        0|   0|  0| 344|    0|
    +--------------------+---------------+---------+----+---+----+-----+

    * DSP: 
    N/A

    * Memory: 
    N/A

    * FIFO: 
    N/A

    * Expression: 
    +---------------------------+----------+----+---+-----+------------+------------+
    |       Variable Name       | Operation| DSP| FF| LUT | Bitwidth P0| Bitwidth P1|
    +---------------------------+----------+----+---+-----+------------+------------+
    |add_ln142_fu_623_p2        |         +|   0|  0|   12|           4|           1|
    |ap_block_pp0_stage0_11001  |       and|   0|  0|    2|           1|           1|
    |ap_block_state2_io         |       and|   0|  0|    2|           1|           1|
    |icmp_ln142_fu_617_p2       |      icmp|   0|  0|    9|           4|           5|
    |select_ln142_fu_848_p3     |    select|   0|  0|  208|           1|           1|
    |ap_enable_pp0              |       xor|   0|  0|    2|           1|           2|
    +---------------------------+----------+----+---+-----+------------+------------+
    |Total                      |          |   0|  0|  235|          12|          11|
    +---------------------------+----------+----+---+-----+------------+------------+

    * Multiplexer: 
    +-------------------------+----+-----------+-----+-----------+
    |           Name          | LUT| Input Size| Bits| Total Bits|
    +-------------------------+----+-----------+-----+-----------+
    |ap_done_int              |   9|          2|    1|          2|
    |ap_enable_reg_pp0_iter1  |   9|          2|    1|          2|
    |ap_sig_allocacmp_i       |   9|          2|    4|          8|
    |gmem3_blk_n_W            |   9|          2|    1|          2|
    |i_1_fu_192               |   9|          2|    4|          8|
    |phi_ln144_fu_188         |   9|          2|  256|        512|
    +-------------------------+----+-----------+-----+-----------+
    |Total                    |  54|         12|  267|        534|
    +-------------------------+----+-----------+-----+-----------+

    * Register: 
    +-------------------------+-----+----+-----+-----------+
    |           Name          |  FF | LUT| Bits| Const Bits|
    +-------------------------+-----+----+-----+-----------+
    |ap_CS_fsm                |    1|   0|    1|          0|
    |ap_done_reg              |    1|   0|    1|          0|
    |ap_enable_reg_pp0_iter1  |    1|   0|    1|          0|
    |empty_98_reg_882         |    1|   0|    1|          0|
    |i_1_fu_192               |    4|   0|    4|          0|
    |phi_ln144_fu_188         |  256|   0|  256|          0|
    |tmp_1_reg_893            |   32|   0|   32|          0|
    |tmp_2_reg_899            |   32|   0|   32|          0|
    |tmp_3_reg_905            |   32|   0|   32|          0|
    |tmp_4_reg_911            |   32|   0|   32|          0|
    |tmp_5_reg_917            |   32|   0|   32|          0|
    |tmp_6_reg_923            |   32|   0|   32|          0|
    |tmp_7_reg_929            |   32|   0|   32|          0|
    |tmp_reg_887              |   32|   0|   32|          0|
    +-------------------------+-----+----+-----+-----------+
    |Total                    |  520|   0|  520|          0|
    +-------------------------+-----+----+-----+-----------+



================================================================
== Interface
================================================================
* Summary: 
+----------------------+-----+-----+------------+--------------------------------------+--------------+
|       RTL Ports      | Dir | Bits|  Protocol  |             Source Object            |    C Type    |
+----------------------+-----+-----+------------+--------------------------------------+--------------+
|ap_clk                |   in|    1|  ap_ctrl_hs|  multiplier_Pipeline_VITIS_LOOP_142_3|  return value|
|ap_rst                |   in|    1|  ap_ctrl_hs|  multiplier_Pipeline_VITIS_LOOP_142_3|  return value|
|ap_start              |   in|    1|  ap_ctrl_hs|  multiplier_Pipeline_VITIS_LOOP_142_3|  return value|
|ap_done               |  out|    1|  ap_ctrl_hs|  multiplier_Pipeline_VITIS_LOOP_142_3|  return value|
|ap_idle               |  out|    1|  ap_ctrl_hs|  multiplier_Pipeline_VITIS_LOOP_142_3|  return value|
|ap_ready              |  out|    1|  ap_ctrl_hs|  multiplier_Pipeline_VITIS_LOOP_142_3|  return value|
|m_axi_gmem3_AWVALID   |  out|    1|       m_axi|                                 gmem3|       pointer|
|m_axi_gmem3_AWREADY   |   in|    1|       m_axi|                                 gmem3|       pointer|
|m_axi_gmem3_AWADDR    |  out|   64|       m_axi|                                 gmem3|       pointer|
|m_axi_gmem3_AWID      |  out|    1|       m_axi|                                 gmem3|       pointer|
|m_axi_gmem3_AWLEN     |  out|   32|       m_axi|                                 gmem3|       pointer|
|m_axi_gmem3_AWSIZE    |  out|    3|       m_axi|                                 gmem3|       pointer|
|m_axi_gmem3_AWBURST   |  out|    2|       m_axi|                                 gmem3|       pointer|
|m_axi_gmem3_AWLOCK    |  out|    2|       m_axi|                                 gmem3|       pointer|
|m_axi_gmem3_AWCACHE   |  out|    4|       m_axi|                                 gmem3|       pointer|
|m_axi_gmem3_AWPROT    |  out|    3|       m_axi|                                 gmem3|       pointer|
|m_axi_gmem3_AWQOS     |  out|    4|       m_axi|                                 gmem3|       pointer|
|m_axi_gmem3_AWREGION  |  out|    4|       m_axi|                                 gmem3|       pointer|
|m_axi_gmem3_AWUSER    |  out|    1|       m_axi|                                 gmem3|       pointer|
|m_axi_gmem3_WVALID    |  out|    1|       m_axi|                                 gmem3|       pointer|
|m_axi_gmem3_WREADY    |   in|    1|       m_axi|                                 gmem3|       pointer|
|m_axi_gmem3_WDATA     |  out|  512|       m_axi|                                 gmem3|       pointer|
|m_axi_gmem3_WSTRB     |  out|   64|       m_axi|                                 gmem3|       pointer|
|m_axi_gmem3_WLAST     |  out|    1|       m_axi|                                 gmem3|       pointer|
|m_axi_gmem3_WID       |  out|    1|       m_axi|                                 gmem3|       pointer|
|m_axi_gmem3_WUSER     |  out|    1|       m_axi|                                 gmem3|       pointer|
|m_axi_gmem3_ARVALID   |  out|    1|       m_axi|                                 gmem3|       pointer|
|m_axi_gmem3_ARREADY   |   in|    1|       m_axi|                                 gmem3|       pointer|
|m_axi_gmem3_ARADDR    |  out|   64|       m_axi|                                 gmem3|       pointer|
|m_axi_gmem3_ARID      |  out|    1|       m_axi|                                 gmem3|       pointer|
|m_axi_gmem3_ARLEN     |  out|   32|       m_axi|                                 gmem3|       pointer|
|m_axi_gmem3_ARSIZE    |  out|    3|       m_axi|                                 gmem3|       pointer|
|m_axi_gmem3_ARBURST   |  out|    2|       m_axi|                                 gmem3|       pointer|
|m_axi_gmem3_ARLOCK    |  out|    2|       m_axi|                                 gmem3|       pointer|
|m_axi_gmem3_ARCACHE   |  out|    4|       m_axi|                                 gmem3|       pointer|
|m_axi_gmem3_ARPROT    |  out|    3|       m_axi|                                 gmem3|       pointer|
|m_axi_gmem3_ARQOS     |  out|    4|       m_axi|                                 gmem3|       pointer|
|m_axi_gmem3_ARREGION  |  out|    4|       m_axi|                                 gmem3|       pointer|
|m_axi_gmem3_ARUSER    |  out|    1|       m_axi|                                 gmem3|       pointer|
|m_axi_gmem3_RVALID    |   in|    1|       m_axi|                                 gmem3|       pointer|
|m_axi_gmem3_RREADY    |  out|    1|       m_axi|                                 gmem3|       pointer|
|m_axi_gmem3_RDATA     |   in|  512|       m_axi|                                 gmem3|       pointer|
|m_axi_gmem3_RLAST     |   in|    1|       m_axi|                                 gmem3|       pointer|
|m_axi_gmem3_RID       |   in|    1|       m_axi|                                 gmem3|       pointer|
|m_axi_gmem3_RFIFONUM  |   in|    9|       m_axi|                                 gmem3|       pointer|
|m_axi_gmem3_RUSER     |   in|    1|       m_axi|                                 gmem3|       pointer|
|m_axi_gmem3_RRESP     |   in|    2|       m_axi|                                 gmem3|       pointer|
|m_axi_gmem3_BVALID    |   in|    1|       m_axi|                                 gmem3|       pointer|
|m_axi_gmem3_BREADY    |  out|    1|       m_axi|                                 gmem3|       pointer|
|m_axi_gmem3_BRESP     |   in|    2|       m_axi|                                 gmem3|       pointer|
|m_axi_gmem3_BID       |   in|    1|       m_axi|                                 gmem3|       pointer|
|m_axi_gmem3_BUSER     |   in|    1|       m_axi|                                 gmem3|       pointer|
|sext_ln142            |   in|   58|     ap_none|                            sext_ln142|        scalar|
|sysarrayC_320_reload  |   in|   32|     ap_none|                  sysarrayC_320_reload|        scalar|
|sysarrayC_328_reload  |   in|   32|     ap_none|                  sysarrayC_328_reload|        scalar|
|sysarrayC_336_reload  |   in|   32|     ap_none|                  sysarrayC_336_reload|        scalar|
|sysarrayC_344_reload  |   in|   32|     ap_none|                  sysarrayC_344_reload|        scalar|
|sysarrayC_352_reload  |   in|   32|     ap_none|                  sysarrayC_352_reload|        scalar|
|sysarrayC_360_reload  |   in|   32|     ap_none|                  sysarrayC_360_reload|        scalar|
|sysarrayC_368_reload  |   in|   32|     ap_none|                  sysarrayC_368_reload|        scalar|
|sysarrayC_376_reload  |   in|   32|     ap_none|                  sysarrayC_376_reload|        scalar|
|sysarrayC_321_reload  |   in|   32|     ap_none|                  sysarrayC_321_reload|        scalar|
|sysarrayC_329_reload  |   in|   32|     ap_none|                  sysarrayC_329_reload|        scalar|
|sysarrayC_337_reload  |   in|   32|     ap_none|                  sysarrayC_337_reload|        scalar|
|sysarrayC_345_reload  |   in|   32|     ap_none|                  sysarrayC_345_reload|        scalar|
|sysarrayC_353_reload  |   in|   32|     ap_none|                  sysarrayC_353_reload|        scalar|
|sysarrayC_361_reload  |   in|   32|     ap_none|                  sysarrayC_361_reload|        scalar|
|sysarrayC_369_reload  |   in|   32|     ap_none|                  sysarrayC_369_reload|        scalar|
|sysarrayC_377_reload  |   in|   32|     ap_none|                  sysarrayC_377_reload|        scalar|
|sysarrayC_322_reload  |   in|   32|     ap_none|                  sysarrayC_322_reload|        scalar|
|sysarrayC_330_reload  |   in|   32|     ap_none|                  sysarrayC_330_reload|        scalar|
|sysarrayC_338_reload  |   in|   32|     ap_none|                  sysarrayC_338_reload|        scalar|
|sysarrayC_346_reload  |   in|   32|     ap_none|                  sysarrayC_346_reload|        scalar|
|sysarrayC_354_reload  |   in|   32|     ap_none|                  sysarrayC_354_reload|        scalar|
|sysarrayC_362_reload  |   in|   32|     ap_none|                  sysarrayC_362_reload|        scalar|
|sysarrayC_370_reload  |   in|   32|     ap_none|                  sysarrayC_370_reload|        scalar|
|sysarrayC_378_reload  |   in|   32|     ap_none|                  sysarrayC_378_reload|        scalar|
|sysarrayC_323_reload  |   in|   32|     ap_none|                  sysarrayC_323_reload|        scalar|
|sysarrayC_331_reload  |   in|   32|     ap_none|                  sysarrayC_331_reload|        scalar|
|sysarrayC_339_reload  |   in|   32|     ap_none|                  sysarrayC_339_reload|        scalar|
|sysarrayC_347_reload  |   in|   32|     ap_none|                  sysarrayC_347_reload|        scalar|
|sysarrayC_355_reload  |   in|   32|     ap_none|                  sysarrayC_355_reload|        scalar|
|sysarrayC_363_reload  |   in|   32|     ap_none|                  sysarrayC_363_reload|        scalar|
|sysarrayC_371_reload  |   in|   32|     ap_none|                  sysarrayC_371_reload|        scalar|
|sysarrayC_379_reload  |   in|   32|     ap_none|                  sysarrayC_379_reload|        scalar|
|sysarrayC_324_reload  |   in|   32|     ap_none|                  sysarrayC_324_reload|        scalar|
|sysarrayC_332_reload  |   in|   32|     ap_none|                  sysarrayC_332_reload|        scalar|
|sysarrayC_340_reload  |   in|   32|     ap_none|                  sysarrayC_340_reload|        scalar|
|sysarrayC_348_reload  |   in|   32|     ap_none|                  sysarrayC_348_reload|        scalar|
|sysarrayC_356_reload  |   in|   32|     ap_none|                  sysarrayC_356_reload|        scalar|
|sysarrayC_364_reload  |   in|   32|     ap_none|                  sysarrayC_364_reload|        scalar|
|sysarrayC_372_reload  |   in|   32|     ap_none|                  sysarrayC_372_reload|        scalar|
|sysarrayC_380_reload  |   in|   32|     ap_none|                  sysarrayC_380_reload|        scalar|
|sysarrayC_325_reload  |   in|   32|     ap_none|                  sysarrayC_325_reload|        scalar|
|sysarrayC_333_reload  |   in|   32|     ap_none|                  sysarrayC_333_reload|        scalar|
|sysarrayC_341_reload  |   in|   32|     ap_none|                  sysarrayC_341_reload|        scalar|
|sysarrayC_349_reload  |   in|   32|     ap_none|                  sysarrayC_349_reload|        scalar|
|sysarrayC_357_reload  |   in|   32|     ap_none|                  sysarrayC_357_reload|        scalar|
|sysarrayC_365_reload  |   in|   32|     ap_none|                  sysarrayC_365_reload|        scalar|
|sysarrayC_373_reload  |   in|   32|     ap_none|                  sysarrayC_373_reload|        scalar|
|sysarrayC_381_reload  |   in|   32|     ap_none|                  sysarrayC_381_reload|        scalar|
|sysarrayC_326_reload  |   in|   32|     ap_none|                  sysarrayC_326_reload|        scalar|
|sysarrayC_334_reload  |   in|   32|     ap_none|                  sysarrayC_334_reload|        scalar|
|sysarrayC_342_reload  |   in|   32|     ap_none|                  sysarrayC_342_reload|        scalar|
|sysarrayC_350_reload  |   in|   32|     ap_none|                  sysarrayC_350_reload|        scalar|
|sysarrayC_358_reload  |   in|   32|     ap_none|                  sysarrayC_358_reload|        scalar|
|sysarrayC_366_reload  |   in|   32|     ap_none|                  sysarrayC_366_reload|        scalar|
|sysarrayC_374_reload  |   in|   32|     ap_none|                  sysarrayC_374_reload|        scalar|
|sysarrayC_382_reload  |   in|   32|     ap_none|                  sysarrayC_382_reload|        scalar|
|sysarrayC_327_reload  |   in|   32|     ap_none|                  sysarrayC_327_reload|        scalar|
|sysarrayC_335_reload  |   in|   32|     ap_none|                  sysarrayC_335_reload|        scalar|
|sysarrayC_343_reload  |   in|   32|     ap_none|                  sysarrayC_343_reload|        scalar|
|sysarrayC_351_reload  |   in|   32|     ap_none|                  sysarrayC_351_reload|        scalar|
|sysarrayC_359_reload  |   in|   32|     ap_none|                  sysarrayC_359_reload|        scalar|
|sysarrayC_367_reload  |   in|   32|     ap_none|                  sysarrayC_367_reload|        scalar|
|sysarrayC_375_reload  |   in|   32|     ap_none|                  sysarrayC_375_reload|        scalar|
|sysarrayC_383_reload  |   in|   32|     ap_none|                  sysarrayC_383_reload|        scalar|
+----------------------+-----+-----+------------+--------------------------------------+--------------+

