

================================================================
== Vitis HLS Report for 'multiplier_Pipeline_VITIS_LOOP_31_1'
================================================================
* Date:           Sun Jan 29 23:46:50 2023

* Version:        2022.2 (Build 3670227 on Oct 13 2022)
* Project:        Systolic-Matrix-Multiplier
* Solution:       solution (Vitis Kernel Flow Target)
* Product family: zynquplus
* Target device:  xck26-sfvc784-2LV-c


================================================================
== Performance Estimates
================================================================
+ Timing: 
    * Summary: 
    +--------+----------+----------+------------+
    |  Clock |  Target  | Estimated| Uncertainty|
    +--------+----------+----------+------------+
    |ap_clk  |  10.00 ns|  7.300 ns|     2.70 ns|
    +--------+----------+----------+------------+

+ Latency: 
    * Summary: 
    +---------+---------+----------+----------+-----+-----+---------+
    |  Latency (cycles) |  Latency (absolute) |  Interval | Pipeline|
    |   min   |   max   |    min   |    max   | min | max |   Type  |
    +---------+---------+----------+----------+-----+-----+---------+
    |       11|       11|  0.110 us|  0.110 us|   11|   11|       no|
    +---------+---------+----------+----------+-----+-----+---------+

    + Detail: 
        * Instance: 
        N/A

        * Loop: 
        +-------------------+---------+---------+----------+-----------+-----------+------+----------+
        |                   |  Latency (cycles) | Iteration|  Initiation Interval  | Trip |          |
        |     Loop Name     |   min   |   max   |  Latency |  achieved |   target  | Count| Pipelined|
        +-------------------+---------+---------+----------+-----------+-----------+------+----------+
        |- VITIS_LOOP_31_1  |        9|        9|         3|          1|          1|     8|       yes|
        +-------------------+---------+---------+----------+-----------+-----------+------+----------+



================================================================
== Utilization Estimates
================================================================
* Summary: 
+-----------------+---------+------+--------+--------+-----+
|       Name      | BRAM_18K|  DSP |   FF   |   LUT  | URAM|
+-----------------+---------+------+--------+--------+-----+
|DSP              |        -|     -|       -|       -|    -|
|Expression       |        -|     -|       0|    2146|    -|
|FIFO             |        -|     -|       -|       -|    -|
|Instance         |        -|     -|       -|       -|    -|
|Memory           |        -|     -|       -|       -|    -|
|Multiplexer      |        -|     -|       -|     676|    -|
|Register         |        -|     -|    3605|       -|    -|
+-----------------+---------+------+--------+--------+-----+
|Total            |        0|     0|    3605|    2822|    0|
+-----------------+---------+------+--------+--------+-----+
|Available        |      288|  1248|  234240|  117120|   64|
+-----------------+---------+------+--------+--------+-----+
|Utilization (%)  |        0|     0|       1|       2|    0|
+-----------------+---------+------+--------+--------+-----+

+ Detail: 
    * Instance: 
    N/A

    * DSP: 
    N/A

    * Memory: 
    N/A

    * FIFO: 
    N/A

    * Expression: 
    +----------------------------------+----------+----+---+----+------------+------------+
    |           Variable Name          | Operation| DSP| FF| LUT| Bitwidth P0| Bitwidth P1|
    +----------------------------------+----------+----+---+----+------------+------------+
    |add_ln31_fu_1978_p2               |         +|   0|  0|  12|           4|           1|
    |ap_block_pp0_stage0_01001         |       and|   0|  0|   2|           1|           1|
    |ap_predicate_op223_read_state2    |       and|   0|  0|   2|           1|           1|
    |icmp_ln31_fu_1972_p2              |      icmp|   0|  0|   9|           4|           5|
    |icmp_ln36_1_fu_2409_p2            |      icmp|   0|  0|   8|           3|           1|
    |icmp_ln36_2_fu_2415_p2            |      icmp|   0|  0|   8|           3|           2|
    |icmp_ln36_3_fu_2421_p2            |      icmp|   0|  0|   8|           3|           2|
    |icmp_ln36_4_fu_2427_p2            |      icmp|   0|  0|   9|           3|           4|
    |icmp_ln36_5_fu_2433_p2            |      icmp|   0|  0|   8|           3|           3|
    |icmp_ln36_6_fu_2439_p2            |      icmp|   0|  0|   8|           3|           3|
    |icmp_ln36_fu_2403_p2              |      icmp|   0|  0|   8|           3|           1|
    |ap_block_state2_pp0_stage0_iter1  |        or|   0|  0|   2|           1|           1|
    |or_ln36_1_fu_2463_p2              |        or|   0|  0|   2|           1|           1|
    |or_ln36_2_fu_2457_p2              |        or|   0|  0|   2|           1|           1|
    |or_ln36_3_fu_2451_p2              |        or|   0|  0|   2|           1|           1|
    |or_ln36_4_fu_2469_p2              |        or|   0|  0|   2|           1|           1|
    |or_ln36_5_fu_2475_p2              |        or|   0|  0|   2|           1|           1|
    |or_ln36_fu_2445_p2                |        or|   0|  0|   2|           1|           1|
    |select_ln36_10_fu_2561_p3         |    select|   0|  0|  32|           1|          32|
    |select_ln36_11_fu_2569_p3         |    select|   0|  0|  32|           1|          32|
    |select_ln36_12_fu_2577_p3         |    select|   0|  0|  32|           1|          32|
    |select_ln36_13_fu_2585_p3         |    select|   0|  0|  32|           1|          32|
    |select_ln36_14_fu_2593_p3         |    select|   0|  0|  32|           1|          32|
    |select_ln36_15_fu_2601_p3         |    select|   0|  0|  32|           1|          32|
    |select_ln36_16_fu_2609_p3         |    select|   0|  0|  32|           1|          32|
    |select_ln36_17_fu_2617_p3         |    select|   0|  0|  32|           1|          32|
    |select_ln36_18_fu_2625_p3         |    select|   0|  0|  32|           1|          32|
    |select_ln36_19_fu_2633_p3         |    select|   0|  0|  32|           1|          32|
    |select_ln36_1_fu_2489_p3          |    select|   0|  0|  32|           1|          32|
    |select_ln36_20_fu_2641_p3         |    select|   0|  0|  32|           1|          32|
    |select_ln36_21_fu_2649_p3         |    select|   0|  0|  32|           1|          32|
    |select_ln36_22_fu_2657_p3         |    select|   0|  0|  32|           1|          32|
    |select_ln36_23_fu_2665_p3         |    select|   0|  0|  32|           1|          32|
    |select_ln36_24_fu_2673_p3         |    select|   0|  0|  32|           1|          32|
    |select_ln36_25_fu_2681_p3         |    select|   0|  0|  32|           1|          32|
    |select_ln36_26_fu_2689_p3         |    select|   0|  0|  32|           1|          32|
    |select_ln36_27_fu_2697_p3         |    select|   0|  0|  32|           1|          32|
    |select_ln36_28_fu_2705_p3         |    select|   0|  0|  32|           1|          32|
    |select_ln36_29_fu_2713_p3         |    select|   0|  0|  32|           1|          32|
    |select_ln36_2_fu_2497_p3          |    select|   0|  0|  32|           1|          32|
    |select_ln36_30_fu_2721_p3         |    select|   0|  0|  32|           1|          32|
    |select_ln36_31_fu_2729_p3         |    select|   0|  0|  32|           1|          32|
    |select_ln36_32_fu_2737_p3         |    select|   0|  0|  32|           1|          32|
    |select_ln36_33_fu_2745_p3         |    select|   0|  0|  32|           1|          32|
    |select_ln36_34_fu_2753_p3         |    select|   0|  0|  32|           1|          32|
    |select_ln36_35_fu_2761_p3         |    select|   0|  0|  32|           1|          32|
    |select_ln36_36_fu_2769_p3         |    select|   0|  0|  32|           1|          32|
    |select_ln36_37_fu_2777_p3         |    select|   0|  0|  32|           1|          32|
    |select_ln36_38_fu_2785_p3         |    select|   0|  0|  32|           1|          32|
    |select_ln36_39_fu_2793_p3         |    select|   0|  0|  32|           1|          32|
    |select_ln36_3_fu_2505_p3          |    select|   0|  0|  32|           1|          32|
    |select_ln36_40_fu_2801_p3         |    select|   0|  0|  32|           1|          32|
    |select_ln36_41_fu_2809_p3         |    select|   0|  0|  32|           1|          32|
    |select_ln36_42_fu_2817_p3         |    select|   0|  0|  32|           1|          32|
    |select_ln36_43_fu_2825_p3         |    select|   0|  0|  32|           1|          32|
    |select_ln36_44_fu_2833_p3         |    select|   0|  0|  32|           1|          32|
    |select_ln36_45_fu_2841_p3         |    select|   0|  0|  32|           1|          32|
    |select_ln36_46_fu_2849_p3         |    select|   0|  0|  32|           1|          32|
    |select_ln36_47_fu_2857_p3         |    select|   0|  0|  32|           1|          32|
    |select_ln36_48_fu_2865_p3         |    select|   0|  0|  32|           1|          32|
    |select_ln36_49_fu_2873_p3         |    select|   0|  0|  32|           1|          32|
    |select_ln36_4_fu_2513_p3          |    select|   0|  0|  32|           1|          32|
    |select_ln36_50_fu_2881_p3         |    select|   0|  0|  32|           1|          32|
    |select_ln36_51_fu_2889_p3         |    select|   0|  0|  32|           1|          32|
    |select_ln36_52_fu_2897_p3         |    select|   0|  0|  32|           1|          32|
    |select_ln36_53_fu_2905_p3         |    select|   0|  0|  32|           1|          32|
    |select_ln36_54_fu_2913_p3         |    select|   0|  0|  32|           1|          32|
    |select_ln36_55_fu_2921_p3         |    select|   0|  0|  32|           1|          32|
    |select_ln36_56_fu_2929_p3         |    select|   0|  0|  32|           1|          32|
    |select_ln36_57_fu_2937_p3         |    select|   0|  0|  32|           1|          32|
    |select_ln36_58_fu_2945_p3         |    select|   0|  0|  32|           1|          32|
    |select_ln36_59_fu_2953_p3         |    select|   0|  0|  32|           1|          32|
    |select_ln36_5_fu_2521_p3          |    select|   0|  0|  32|           1|          32|
    |select_ln36_60_fu_2961_p3         |    select|   0|  0|  32|           1|          32|
    |select_ln36_61_fu_2969_p3         |    select|   0|  0|  32|           1|          32|
    |select_ln36_62_fu_2977_p3         |    select|   0|  0|  32|           1|          32|
    |select_ln36_63_fu_2985_p3         |    select|   0|  0|  32|           1|          32|
    |select_ln36_6_fu_2529_p3          |    select|   0|  0|  32|           1|          32|
    |select_ln36_7_fu_2537_p3          |    select|   0|  0|  32|           1|          32|
    |select_ln36_8_fu_2545_p3          |    select|   0|  0|  32|           1|          32|
    |select_ln36_9_fu_2553_p3          |    select|   0|  0|  32|           1|          32|
    |select_ln36_fu_2481_p3            |    select|   0|  0|  32|           1|          32|
    |ap_enable_pp0                     |       xor|   0|  0|   2|           1|           2|
    +----------------------------------+----------+----+---+----+------------+------------+
    |Total                             |          |   0|  0|2146|         103|        2081|
    +----------------------------------+----------+----+---+----+------------+------------+

    * Multiplexer: 
    +------------------------------------+----+-----------+-----+-----------+
    |                Name                | LUT| Input Size| Bits| Total Bits|
    +------------------------------------+----+-----------+-----+-----------+
    |ap_done_int                         |   9|          2|    1|          2|
    |ap_enable_reg_pp0_iter2             |   9|          2|    1|          2|
    |ap_phi_mux_empty_95_phi_fu_1620_p4  |  14|          3|  512|       1536|
    |ap_phi_mux_empty_96_phi_fu_1611_p4  |  14|          3|  512|       1536|
    |ap_sig_allocacmp_i_1                |   9|          2|    4|          8|
    |empty_31_fu_398                     |   9|          2|   32|         64|
    |empty_32_fu_402                     |   9|          2|   32|         64|
    |empty_33_fu_406                     |   9|          2|   32|         64|
    |empty_34_fu_410                     |   9|          2|   32|         64|
    |empty_35_fu_414                     |   9|          2|   32|         64|
    |empty_36_fu_418                     |   9|          2|   32|         64|
    |empty_37_fu_422                     |   9|          2|   32|         64|
    |empty_38_fu_426                     |   9|          2|   32|         64|
    |empty_39_fu_430                     |   9|          2|   32|         64|
    |empty_40_fu_434                     |   9|          2|   32|         64|
    |empty_41_fu_438                     |   9|          2|   32|         64|
    |empty_42_fu_442                     |   9|          2|   32|         64|
    |empty_43_fu_446                     |   9|          2|   32|         64|
    |empty_44_fu_450                     |   9|          2|   32|         64|
    |empty_45_fu_454                     |   9|          2|   32|         64|
    |empty_46_fu_458                     |   9|          2|   32|         64|
    |empty_47_fu_462                     |   9|          2|   32|         64|
    |empty_48_fu_466                     |   9|          2|   32|         64|
    |empty_49_fu_470                     |   9|          2|   32|         64|
    |empty_50_fu_474                     |   9|          2|   32|         64|
    |empty_51_fu_478                     |   9|          2|   32|         64|
    |empty_52_fu_482                     |   9|          2|   32|         64|
    |empty_53_fu_486                     |   9|          2|   32|         64|
    |empty_54_fu_490                     |   9|          2|   32|         64|
    |empty_55_fu_494                     |   9|          2|   32|         64|
    |empty_56_fu_498                     |   9|          2|   32|         64|
    |empty_57_fu_502                     |   9|          2|   32|         64|
    |empty_58_fu_506                     |   9|          2|   32|         64|
    |empty_59_fu_510                     |   9|          2|   32|         64|
    |empty_60_fu_514                     |   9|          2|   32|         64|
    |empty_61_fu_518                     |   9|          2|   32|         64|
    |empty_62_fu_522                     |   9|          2|   32|         64|
    |empty_63_fu_526                     |   9|          2|   32|         64|
    |empty_64_fu_530                     |   9|          2|   32|         64|
    |empty_65_fu_534                     |   9|          2|   32|         64|
    |empty_66_fu_538                     |   9|          2|   32|         64|
    |empty_67_fu_542                     |   9|          2|   32|         64|
    |empty_68_fu_546                     |   9|          2|   32|         64|
    |empty_69_fu_550                     |   9|          2|   32|         64|
    |empty_70_fu_554                     |   9|          2|   32|         64|
    |empty_71_fu_558                     |   9|          2|   32|         64|
    |empty_72_fu_562                     |   9|          2|   32|         64|
    |empty_73_fu_566                     |   9|          2|   32|         64|
    |empty_74_fu_570                     |   9|          2|   32|         64|
    |empty_75_fu_574                     |   9|          2|   32|         64|
    |empty_76_fu_578                     |   9|          2|   32|         64|
    |empty_77_fu_582                     |   9|          2|   32|         64|
    |empty_78_fu_586                     |   9|          2|   32|         64|
    |empty_79_fu_590                     |   9|          2|   32|         64|
    |empty_80_fu_594                     |   9|          2|   32|         64|
    |empty_81_fu_598                     |   9|          2|   32|         64|
    |empty_82_fu_602                     |   9|          2|   32|         64|
    |empty_83_fu_606                     |   9|          2|   32|         64|
    |empty_84_fu_610                     |   9|          2|   32|         64|
    |empty_85_fu_614                     |   9|          2|   32|         64|
    |empty_86_fu_618                     |   9|          2|   32|         64|
    |empty_87_fu_622                     |   9|          2|   32|         64|
    |empty_88_fu_626                     |   9|          2|   32|         64|
    |empty_89_fu_630                     |   9|          2|   32|         64|
    |empty_90_fu_634                     |   9|          2|   32|         64|
    |empty_91_fu_638                     |   9|          2|   32|         64|
    |empty_92_fu_642                     |   9|          2|   32|         64|
    |empty_93_fu_646                     |   9|          2|   32|         64|
    |empty_fu_394                        |   9|          2|   32|         64|
    |gmem1_blk_n_R                       |   9|          2|    1|          2|
    |gmem2_blk_n_R                       |   9|          2|    1|          2|
    |i_fu_390                            |   9|          2|    4|          8|
    |shiftreg2940_fu_386                 |   9|          2|  256|        512|
    |shiftreg2942_fu_382                 |   9|          2|  256|        512|
    +------------------------------------+----+-----------+-----+-----------+
    |Total                               | 676|        150| 3596|       8216|
    +------------------------------------+----+-----------+-----+-----------+

    * Register: 
    +----------------------------------+-----+----+-----+-----------+
    |               Name               |  FF | LUT| Bits| Const Bits|
    +----------------------------------+-----+----+-----+-----------+
    |ap_CS_fsm                         |    1|   0|    1|          0|
    |ap_done_reg                       |    1|   0|    1|          0|
    |ap_enable_reg_pp0_iter1           |    1|   0|    1|          0|
    |ap_enable_reg_pp0_iter2           |    1|   0|    1|          0|
    |ap_loop_exit_ready_pp0_iter1_reg  |    1|   0|    1|          0|
    |empty_31_fu_398                   |   32|   0|   32|          0|
    |empty_32_fu_402                   |   32|   0|   32|          0|
    |empty_33_fu_406                   |   32|   0|   32|          0|
    |empty_34_fu_410                   |   32|   0|   32|          0|
    |empty_35_fu_414                   |   32|   0|   32|          0|
    |empty_36_fu_418                   |   32|   0|   32|          0|
    |empty_37_fu_422                   |   32|   0|   32|          0|
    |empty_38_fu_426                   |   32|   0|   32|          0|
    |empty_39_fu_430                   |   32|   0|   32|          0|
    |empty_40_fu_434                   |   32|   0|   32|          0|
    |empty_41_fu_438                   |   32|   0|   32|          0|
    |empty_42_fu_442                   |   32|   0|   32|          0|
    |empty_43_fu_446                   |   32|   0|   32|          0|
    |empty_44_fu_450                   |   32|   0|   32|          0|
    |empty_45_fu_454                   |   32|   0|   32|          0|
    |empty_46_fu_458                   |   32|   0|   32|          0|
    |empty_47_fu_462                   |   32|   0|   32|          0|
    |empty_48_fu_466                   |   32|   0|   32|          0|
    |empty_49_fu_470                   |   32|   0|   32|          0|
    |empty_50_fu_474                   |   32|   0|   32|          0|
    |empty_51_fu_478                   |   32|   0|   32|          0|
    |empty_52_fu_482                   |   32|   0|   32|          0|
    |empty_53_fu_486                   |   32|   0|   32|          0|
    |empty_54_fu_490                   |   32|   0|   32|          0|
    |empty_55_fu_494                   |   32|   0|   32|          0|
    |empty_56_fu_498                   |   32|   0|   32|          0|
    |empty_57_fu_502                   |   32|   0|   32|          0|
    |empty_58_fu_506                   |   32|   0|   32|          0|
    |empty_59_fu_510                   |   32|   0|   32|          0|
    |empty_60_fu_514                   |   32|   0|   32|          0|
    |empty_61_fu_518                   |   32|   0|   32|          0|
    |empty_62_fu_522                   |   32|   0|   32|          0|
    |empty_63_fu_526                   |   32|   0|   32|          0|
    |empty_64_fu_530                   |   32|   0|   32|          0|
    |empty_65_fu_534                   |   32|   0|   32|          0|
    |empty_66_fu_538                   |   32|   0|   32|          0|
    |empty_67_fu_542                   |   32|   0|   32|          0|
    |empty_68_fu_546                   |   32|   0|   32|          0|
    |empty_69_fu_550                   |   32|   0|   32|          0|
    |empty_70_fu_554                   |   32|   0|   32|          0|
    |empty_71_fu_558                   |   32|   0|   32|          0|
    |empty_72_fu_562                   |   32|   0|   32|          0|
    |empty_73_fu_566                   |   32|   0|   32|          0|
    |empty_74_fu_570                   |   32|   0|   32|          0|
    |empty_75_fu_574                   |   32|   0|   32|          0|
    |empty_76_fu_578                   |   32|   0|   32|          0|
    |empty_77_fu_582                   |   32|   0|   32|          0|
    |empty_78_fu_586                   |   32|   0|   32|          0|
    |empty_79_fu_590                   |   32|   0|   32|          0|
    |empty_80_fu_594                   |   32|   0|   32|          0|
    |empty_81_fu_598                   |   32|   0|   32|          0|
    |empty_82_fu_602                   |   32|   0|   32|          0|
    |empty_83_fu_606                   |   32|   0|   32|          0|
    |empty_84_fu_610                   |   32|   0|   32|          0|
    |empty_85_fu_614                   |   32|   0|   32|          0|
    |empty_86_fu_618                   |   32|   0|   32|          0|
    |empty_87_fu_622                   |   32|   0|   32|          0|
    |empty_88_fu_626                   |   32|   0|   32|          0|
    |empty_89_fu_630                   |   32|   0|   32|          0|
    |empty_90_fu_634                   |   32|   0|   32|          0|
    |empty_91_fu_638                   |   32|   0|   32|          0|
    |empty_92_fu_642                   |   32|   0|   32|          0|
    |empty_93_fu_646                   |   32|   0|   32|          0|
    |empty_97_reg_4132                 |    1|   0|    1|          0|
    |empty_97_reg_4132_pp0_iter1_reg   |    1|   0|    1|          0|
    |empty_fu_394                      |   32|   0|   32|          0|
    |gmem1_addr_read_reg_4136          |  512|   0|  512|          0|
    |gmem2_addr_read_reg_4141          |  512|   0|  512|          0|
    |i_1_reg_4122                      |    4|   0|    4|          0|
    |i_1_reg_4122_pp0_iter1_reg        |    4|   0|    4|          0|
    |i_fu_390                          |    4|   0|    4|          0|
    |icmp_ln31_reg_4128                |    1|   0|    1|          0|
    |icmp_ln31_reg_4128_pp0_iter1_reg  |    1|   0|    1|          0|
    |shiftreg2940_fu_386               |  256|   0|  256|          0|
    |shiftreg2942_fu_382               |  256|   0|  256|          0|
    +----------------------------------+-----+----+-----+-----------+
    |Total                             | 3605|   0| 3605|          0|
    +----------------------------------+-----+----+-----+-----------+



================================================================
== Interface
================================================================
* Summary: 
+----------------------+-----+-----+------------+-------------------------------------+--------------+
|       RTL Ports      | Dir | Bits|  Protocol  |            Source Object            |    C Type    |
+----------------------+-----+-----+------------+-------------------------------------+--------------+
|ap_clk                |   in|    1|  ap_ctrl_hs|  multiplier_Pipeline_VITIS_LOOP_31_1|  return value|
|ap_rst                |   in|    1|  ap_ctrl_hs|  multiplier_Pipeline_VITIS_LOOP_31_1|  return value|
|ap_start              |   in|    1|  ap_ctrl_hs|  multiplier_Pipeline_VITIS_LOOP_31_1|  return value|
|ap_done               |  out|    1|  ap_ctrl_hs|  multiplier_Pipeline_VITIS_LOOP_31_1|  return value|
|ap_idle               |  out|    1|  ap_ctrl_hs|  multiplier_Pipeline_VITIS_LOOP_31_1|  return value|
|ap_ready              |  out|    1|  ap_ctrl_hs|  multiplier_Pipeline_VITIS_LOOP_31_1|  return value|
|m_axi_gmem1_AWVALID   |  out|    1|       m_axi|                                gmem1|       pointer|
|m_axi_gmem1_AWREADY   |   in|    1|       m_axi|                                gmem1|       pointer|
|m_axi_gmem1_AWADDR    |  out|   64|       m_axi|                                gmem1|       pointer|
|m_axi_gmem1_AWID      |  out|    1|       m_axi|                                gmem1|       pointer|
|m_axi_gmem1_AWLEN     |  out|   32|       m_axi|                                gmem1|       pointer|
|m_axi_gmem1_AWSIZE    |  out|    3|       m_axi|                                gmem1|       pointer|
|m_axi_gmem1_AWBURST   |  out|    2|       m_axi|                                gmem1|       pointer|
|m_axi_gmem1_AWLOCK    |  out|    2|       m_axi|                                gmem1|       pointer|
|m_axi_gmem1_AWCACHE   |  out|    4|       m_axi|                                gmem1|       pointer|
|m_axi_gmem1_AWPROT    |  out|    3|       m_axi|                                gmem1|       pointer|
|m_axi_gmem1_AWQOS     |  out|    4|       m_axi|                                gmem1|       pointer|
|m_axi_gmem1_AWREGION  |  out|    4|       m_axi|                                gmem1|       pointer|
|m_axi_gmem1_AWUSER    |  out|    1|       m_axi|                                gmem1|       pointer|
|m_axi_gmem1_WVALID    |  out|    1|       m_axi|                                gmem1|       pointer|
|m_axi_gmem1_WREADY    |   in|    1|       m_axi|                                gmem1|       pointer|
|m_axi_gmem1_WDATA     |  out|  512|       m_axi|                                gmem1|       pointer|
|m_axi_gmem1_WSTRB     |  out|   64|       m_axi|                                gmem1|       pointer|
|m_axi_gmem1_WLAST     |  out|    1|       m_axi|                                gmem1|       pointer|
|m_axi_gmem1_WID       |  out|    1|       m_axi|                                gmem1|       pointer|
|m_axi_gmem1_WUSER     |  out|    1|       m_axi|                                gmem1|       pointer|
|m_axi_gmem1_ARVALID   |  out|    1|       m_axi|                                gmem1|       pointer|
|m_axi_gmem1_ARREADY   |   in|    1|       m_axi|                                gmem1|       pointer|
|m_axi_gmem1_ARADDR    |  out|   64|       m_axi|                                gmem1|       pointer|
|m_axi_gmem1_ARID      |  out|    1|       m_axi|                                gmem1|       pointer|
|m_axi_gmem1_ARLEN     |  out|   32|       m_axi|                                gmem1|       pointer|
|m_axi_gmem1_ARSIZE    |  out|    3|       m_axi|                                gmem1|       pointer|
|m_axi_gmem1_ARBURST   |  out|    2|       m_axi|                                gmem1|       pointer|
|m_axi_gmem1_ARLOCK    |  out|    2|       m_axi|                                gmem1|       pointer|
|m_axi_gmem1_ARCACHE   |  out|    4|       m_axi|                                gmem1|       pointer|
|m_axi_gmem1_ARPROT    |  out|    3|       m_axi|                                gmem1|       pointer|
|m_axi_gmem1_ARQOS     |  out|    4|       m_axi|                                gmem1|       pointer|
|m_axi_gmem1_ARREGION  |  out|    4|       m_axi|                                gmem1|       pointer|
|m_axi_gmem1_ARUSER    |  out|    1|       m_axi|                                gmem1|       pointer|
|m_axi_gmem1_RVALID    |   in|    1|       m_axi|                                gmem1|       pointer|
|m_axi_gmem1_RREADY    |  out|    1|       m_axi|                                gmem1|       pointer|
|m_axi_gmem1_RDATA     |   in|  512|       m_axi|                                gmem1|       pointer|
|m_axi_gmem1_RLAST     |   in|    1|       m_axi|                                gmem1|       pointer|
|m_axi_gmem1_RID       |   in|    1|       m_axi|                                gmem1|       pointer|
|m_axi_gmem1_RFIFONUM  |   in|    9|       m_axi|                                gmem1|       pointer|
|m_axi_gmem1_RUSER     |   in|    1|       m_axi|                                gmem1|       pointer|
|m_axi_gmem1_RRESP     |   in|    2|       m_axi|                                gmem1|       pointer|
|m_axi_gmem1_BVALID    |   in|    1|       m_axi|                                gmem1|       pointer|
|m_axi_gmem1_BREADY    |  out|    1|       m_axi|                                gmem1|       pointer|
|m_axi_gmem1_BRESP     |   in|    2|       m_axi|                                gmem1|       pointer|
|m_axi_gmem1_BID       |   in|    1|       m_axi|                                gmem1|       pointer|
|m_axi_gmem1_BUSER     |   in|    1|       m_axi|                                gmem1|       pointer|
|m_axi_gmem2_AWVALID   |  out|    1|       m_axi|                                gmem2|       pointer|
|m_axi_gmem2_AWREADY   |   in|    1|       m_axi|                                gmem2|       pointer|
|m_axi_gmem2_AWADDR    |  out|   64|       m_axi|                                gmem2|       pointer|
|m_axi_gmem2_AWID      |  out|    1|       m_axi|                                gmem2|       pointer|
|m_axi_gmem2_AWLEN     |  out|   32|       m_axi|                                gmem2|       pointer|
|m_axi_gmem2_AWSIZE    |  out|    3|       m_axi|                                gmem2|       pointer|
|m_axi_gmem2_AWBURST   |  out|    2|       m_axi|                                gmem2|       pointer|
|m_axi_gmem2_AWLOCK    |  out|    2|       m_axi|                                gmem2|       pointer|
|m_axi_gmem2_AWCACHE   |  out|    4|       m_axi|                                gmem2|       pointer|
|m_axi_gmem2_AWPROT    |  out|    3|       m_axi|                                gmem2|       pointer|
|m_axi_gmem2_AWQOS     |  out|    4|       m_axi|                                gmem2|       pointer|
|m_axi_gmem2_AWREGION  |  out|    4|       m_axi|                                gmem2|       pointer|
|m_axi_gmem2_AWUSER    |  out|    1|       m_axi|                                gmem2|       pointer|
|m_axi_gmem2_WVALID    |  out|    1|       m_axi|                                gmem2|       pointer|
|m_axi_gmem2_WREADY    |   in|    1|       m_axi|                                gmem2|       pointer|
|m_axi_gmem2_WDATA     |  out|  512|       m_axi|                                gmem2|       pointer|
|m_axi_gmem2_WSTRB     |  out|   64|       m_axi|                                gmem2|       pointer|
|m_axi_gmem2_WLAST     |  out|    1|       m_axi|                                gmem2|       pointer|
|m_axi_gmem2_WID       |  out|    1|       m_axi|                                gmem2|       pointer|
|m_axi_gmem2_WUSER     |  out|    1|       m_axi|                                gmem2|       pointer|
|m_axi_gmem2_ARVALID   |  out|    1|       m_axi|                                gmem2|       pointer|
|m_axi_gmem2_ARREADY   |   in|    1|       m_axi|                                gmem2|       pointer|
|m_axi_gmem2_ARADDR    |  out|   64|       m_axi|                                gmem2|       pointer|
|m_axi_gmem2_ARID      |  out|    1|       m_axi|                                gmem2|       pointer|
|m_axi_gmem2_ARLEN     |  out|   32|       m_axi|                                gmem2|       pointer|
|m_axi_gmem2_ARSIZE    |  out|    3|       m_axi|                                gmem2|       pointer|
|m_axi_gmem2_ARBURST   |  out|    2|       m_axi|                                gmem2|       pointer|
|m_axi_gmem2_ARLOCK    |  out|    2|       m_axi|                                gmem2|       pointer|
|m_axi_gmem2_ARCACHE   |  out|    4|       m_axi|                                gmem2|       pointer|
|m_axi_gmem2_ARPROT    |  out|    3|       m_axi|                                gmem2|       pointer|
|m_axi_gmem2_ARQOS     |  out|    4|       m_axi|                                gmem2|       pointer|
|m_axi_gmem2_ARREGION  |  out|    4|       m_axi|                                gmem2|       pointer|
|m_axi_gmem2_ARUSER    |  out|    1|       m_axi|                                gmem2|       pointer|
|m_axi_gmem2_RVALID    |   in|    1|       m_axi|                                gmem2|       pointer|
|m_axi_gmem2_RREADY    |  out|    1|       m_axi|                                gmem2|       pointer|
|m_axi_gmem2_RDATA     |   in|  512|       m_axi|                                gmem2|       pointer|
|m_axi_gmem2_RLAST     |   in|    1|       m_axi|                                gmem2|       pointer|
|m_axi_gmem2_RID       |   in|    1|       m_axi|                                gmem2|       pointer|
|m_axi_gmem2_RFIFONUM  |   in|    9|       m_axi|                                gmem2|       pointer|
|m_axi_gmem2_RUSER     |   in|    1|       m_axi|                                gmem2|       pointer|
|m_axi_gmem2_RRESP     |   in|    2|       m_axi|                                gmem2|       pointer|
|m_axi_gmem2_BVALID    |   in|    1|       m_axi|                                gmem2|       pointer|
|m_axi_gmem2_BREADY    |  out|    1|       m_axi|                                gmem2|       pointer|
|m_axi_gmem2_BRESP     |   in|    2|       m_axi|                                gmem2|       pointer|
|m_axi_gmem2_BID       |   in|    1|       m_axi|                                gmem2|       pointer|
|m_axi_gmem2_BUSER     |   in|    1|       m_axi|                                gmem2|       pointer|
|localA_7_load_7       |   in|   32|     ap_none|                      localA_7_load_7|        scalar|
|localA_7_load_6       |   in|   32|     ap_none|                      localA_7_load_6|        scalar|
|localA_7_load_5       |   in|   32|     ap_none|                      localA_7_load_5|        scalar|
|localA_7_load_4       |   in|   32|     ap_none|                      localA_7_load_4|        scalar|
|localA_7_load_3       |   in|   32|     ap_none|                      localA_7_load_3|        scalar|
|localA_7_load_2       |   in|   32|     ap_none|                      localA_7_load_2|        scalar|
|localA_7_load_1       |   in|   32|     ap_none|                      localA_7_load_1|        scalar|
|localA_7_load         |   in|   32|     ap_none|                        localA_7_load|        scalar|
|localA_load_7         |   in|   32|     ap_none|                        localA_load_7|        scalar|
|localA_load_6         |   in|   32|     ap_none|                        localA_load_6|        scalar|
|localA_load_5         |   in|   32|     ap_none|                        localA_load_5|        scalar|
|localA_load_4         |   in|   32|     ap_none|                        localA_load_4|        scalar|
|localA_load_3         |   in|   32|     ap_none|                        localA_load_3|        scalar|
|localA_load_2         |   in|   32|     ap_none|                        localA_load_2|        scalar|
|localA_load_1         |   in|   32|     ap_none|                        localA_load_1|        scalar|
|localA_load           |   in|   32|     ap_none|                          localA_load|        scalar|
|localA_1_load_7       |   in|   32|     ap_none|                      localA_1_load_7|        scalar|
|localA_1_load_6       |   in|   32|     ap_none|                      localA_1_load_6|        scalar|
|localA_1_load_5       |   in|   32|     ap_none|                      localA_1_load_5|        scalar|
|localA_1_load_4       |   in|   32|     ap_none|                      localA_1_load_4|        scalar|
|localA_1_load_3       |   in|   32|     ap_none|                      localA_1_load_3|        scalar|
|localA_1_load_2       |   in|   32|     ap_none|                      localA_1_load_2|        scalar|
|localA_1_load_1       |   in|   32|     ap_none|                      localA_1_load_1|        scalar|
|localA_1_load         |   in|   32|     ap_none|                        localA_1_load|        scalar|
|localA_2_load_7       |   in|   32|     ap_none|                      localA_2_load_7|        scalar|
|localA_2_load_6       |   in|   32|     ap_none|                      localA_2_load_6|        scalar|
|localA_2_load_5       |   in|   32|     ap_none|                      localA_2_load_5|        scalar|
|localA_2_load_4       |   in|   32|     ap_none|                      localA_2_load_4|        scalar|
|localA_2_load_3       |   in|   32|     ap_none|                      localA_2_load_3|        scalar|
|localA_2_load_2       |   in|   32|     ap_none|                      localA_2_load_2|        scalar|
|localA_2_load_1       |   in|   32|     ap_none|                      localA_2_load_1|        scalar|
|localA_2_load         |   in|   32|     ap_none|                        localA_2_load|        scalar|
|localA_3_load_7       |   in|   32|     ap_none|                      localA_3_load_7|        scalar|
|localA_3_load_6       |   in|   32|     ap_none|                      localA_3_load_6|        scalar|
|localA_3_load_5       |   in|   32|     ap_none|                      localA_3_load_5|        scalar|
|localA_3_load_4       |   in|   32|     ap_none|                      localA_3_load_4|        scalar|
|localA_3_load_3       |   in|   32|     ap_none|                      localA_3_load_3|        scalar|
|localA_3_load_2       |   in|   32|     ap_none|                      localA_3_load_2|        scalar|
|localA_3_load_1       |   in|   32|     ap_none|                      localA_3_load_1|        scalar|
|localA_3_load         |   in|   32|     ap_none|                        localA_3_load|        scalar|
|localA_4_load_7       |   in|   32|     ap_none|                      localA_4_load_7|        scalar|
|localA_4_load_6       |   in|   32|     ap_none|                      localA_4_load_6|        scalar|
|localA_4_load_5       |   in|   32|     ap_none|                      localA_4_load_5|        scalar|
|localA_4_load_4       |   in|   32|     ap_none|                      localA_4_load_4|        scalar|
|localA_4_load_3       |   in|   32|     ap_none|                      localA_4_load_3|        scalar|
|localA_4_load_2       |   in|   32|     ap_none|                      localA_4_load_2|        scalar|
|localA_4_load_1       |   in|   32|     ap_none|                      localA_4_load_1|        scalar|
|localA_4_load         |   in|   32|     ap_none|                        localA_4_load|        scalar|
|localA_5_load_7       |   in|   32|     ap_none|                      localA_5_load_7|        scalar|
|localA_5_load_6       |   in|   32|     ap_none|                      localA_5_load_6|        scalar|
|localA_5_load_5       |   in|   32|     ap_none|                      localA_5_load_5|        scalar|
|localA_5_load_4       |   in|   32|     ap_none|                      localA_5_load_4|        scalar|
|localA_5_load_3       |   in|   32|     ap_none|                      localA_5_load_3|        scalar|
|localA_5_load_2       |   in|   32|     ap_none|                      localA_5_load_2|        scalar|
|localA_5_load_1       |   in|   32|     ap_none|                      localA_5_load_1|        scalar|
|localA_5_load         |   in|   32|     ap_none|                        localA_5_load|        scalar|
|localA_6_load_7       |   in|   32|     ap_none|                      localA_6_load_7|        scalar|
|localA_6_load_6       |   in|   32|     ap_none|                      localA_6_load_6|        scalar|
|localA_6_load_5       |   in|   32|     ap_none|                      localA_6_load_5|        scalar|
|localA_6_load_4       |   in|   32|     ap_none|                      localA_6_load_4|        scalar|
|localA_6_load_3       |   in|   32|     ap_none|                      localA_6_load_3|        scalar|
|localA_6_load_2       |   in|   32|     ap_none|                      localA_6_load_2|        scalar|
|localA_6_load_1       |   in|   32|     ap_none|                      localA_6_load_1|        scalar|
|localA_6_load         |   in|   32|     ap_none|                        localA_6_load|        scalar|
|sext_ln31_1           |   in|   58|     ap_none|                          sext_ln31_1|        scalar|
|sext_ln31             |   in|   58|     ap_none|                            sext_ln31|        scalar|
|localB_7_address0     |  out|    3|   ap_memory|                             localB_7|         array|
|localB_7_ce0          |  out|    1|   ap_memory|                             localB_7|         array|
|localB_7_we0          |  out|    1|   ap_memory|                             localB_7|         array|
|localB_7_d0           |  out|   32|   ap_memory|                             localB_7|         array|
|localB_address0       |  out|    3|   ap_memory|                               localB|         array|
|localB_ce0            |  out|    1|   ap_memory|                               localB|         array|
|localB_we0            |  out|    1|   ap_memory|                               localB|         array|
|localB_d0             |  out|   32|   ap_memory|                               localB|         array|
|localB_1_address0     |  out|    3|   ap_memory|                             localB_1|         array|
|localB_1_ce0          |  out|    1|   ap_memory|                             localB_1|         array|
|localB_1_we0          |  out|    1|   ap_memory|                             localB_1|         array|
|localB_1_d0           |  out|   32|   ap_memory|                             localB_1|         array|
|localB_2_address0     |  out|    3|   ap_memory|                             localB_2|         array|
|localB_2_ce0          |  out|    1|   ap_memory|                             localB_2|         array|
|localB_2_we0          |  out|    1|   ap_memory|                             localB_2|         array|
|localB_2_d0           |  out|   32|   ap_memory|                             localB_2|         array|
|localB_3_address0     |  out|    3|   ap_memory|                             localB_3|         array|
|localB_3_ce0          |  out|    1|   ap_memory|                             localB_3|         array|
|localB_3_we0          |  out|    1|   ap_memory|                             localB_3|         array|
|localB_3_d0           |  out|   32|   ap_memory|                             localB_3|         array|
|localB_4_address0     |  out|    3|   ap_memory|                             localB_4|         array|
|localB_4_ce0          |  out|    1|   ap_memory|                             localB_4|         array|
|localB_4_we0          |  out|    1|   ap_memory|                             localB_4|         array|
|localB_4_d0           |  out|   32|   ap_memory|                             localB_4|         array|
|localB_5_address0     |  out|    3|   ap_memory|                             localB_5|         array|
|localB_5_ce0          |  out|    1|   ap_memory|                             localB_5|         array|
|localB_5_we0          |  out|    1|   ap_memory|                             localB_5|         array|
|localB_5_d0           |  out|   32|   ap_memory|                             localB_5|         array|
|localB_6_address0     |  out|    3|   ap_memory|                             localB_6|         array|
|localB_6_ce0          |  out|    1|   ap_memory|                             localB_6|         array|
|localB_6_we0          |  out|    1|   ap_memory|                             localB_6|         array|
|localB_6_d0           |  out|   32|   ap_memory|                             localB_6|         array|
|p_out                 |  out|   32|      ap_vld|                                p_out|       pointer|
|p_out_ap_vld          |  out|    1|      ap_vld|                                p_out|       pointer|
|p_out1                |  out|   32|      ap_vld|                               p_out1|       pointer|
|p_out1_ap_vld         |  out|    1|      ap_vld|                               p_out1|       pointer|
|p_out2                |  out|   32|      ap_vld|                               p_out2|       pointer|
|p_out2_ap_vld         |  out|    1|      ap_vld|                               p_out2|       pointer|
|p_out3                |  out|   32|      ap_vld|                               p_out3|       pointer|
|p_out3_ap_vld         |  out|    1|      ap_vld|                               p_out3|       pointer|
|p_out4                |  out|   32|      ap_vld|                               p_out4|       pointer|
|p_out4_ap_vld         |  out|    1|      ap_vld|                               p_out4|       pointer|
|p_out5                |  out|   32|      ap_vld|                               p_out5|       pointer|
|p_out5_ap_vld         |  out|    1|      ap_vld|                               p_out5|       pointer|
|p_out6                |  out|   32|      ap_vld|                               p_out6|       pointer|
|p_out6_ap_vld         |  out|    1|      ap_vld|                               p_out6|       pointer|
|p_out7                |  out|   32|      ap_vld|                               p_out7|       pointer|
|p_out7_ap_vld         |  out|    1|      ap_vld|                               p_out7|       pointer|
|p_out8                |  out|   32|      ap_vld|                               p_out8|       pointer|
|p_out8_ap_vld         |  out|    1|      ap_vld|                               p_out8|       pointer|
|p_out9                |  out|   32|      ap_vld|                               p_out9|       pointer|
|p_out9_ap_vld         |  out|    1|      ap_vld|                               p_out9|       pointer|
|p_out10               |  out|   32|      ap_vld|                              p_out10|       pointer|
|p_out10_ap_vld        |  out|    1|      ap_vld|                              p_out10|       pointer|
|p_out11               |  out|   32|      ap_vld|                              p_out11|       pointer|
|p_out11_ap_vld        |  out|    1|      ap_vld|                              p_out11|       pointer|
|p_out12               |  out|   32|      ap_vld|                              p_out12|       pointer|
|p_out12_ap_vld        |  out|    1|      ap_vld|                              p_out12|       pointer|
|p_out13               |  out|   32|      ap_vld|                              p_out13|       pointer|
|p_out13_ap_vld        |  out|    1|      ap_vld|                              p_out13|       pointer|
|p_out14               |  out|   32|      ap_vld|                              p_out14|       pointer|
|p_out14_ap_vld        |  out|    1|      ap_vld|                              p_out14|       pointer|
|p_out15               |  out|   32|      ap_vld|                              p_out15|       pointer|
|p_out15_ap_vld        |  out|    1|      ap_vld|                              p_out15|       pointer|
|p_out16               |  out|   32|      ap_vld|                              p_out16|       pointer|
|p_out16_ap_vld        |  out|    1|      ap_vld|                              p_out16|       pointer|
|p_out17               |  out|   32|      ap_vld|                              p_out17|       pointer|
|p_out17_ap_vld        |  out|    1|      ap_vld|                              p_out17|       pointer|
|p_out18               |  out|   32|      ap_vld|                              p_out18|       pointer|
|p_out18_ap_vld        |  out|    1|      ap_vld|                              p_out18|       pointer|
|p_out19               |  out|   32|      ap_vld|                              p_out19|       pointer|
|p_out19_ap_vld        |  out|    1|      ap_vld|                              p_out19|       pointer|
|p_out20               |  out|   32|      ap_vld|                              p_out20|       pointer|
|p_out20_ap_vld        |  out|    1|      ap_vld|                              p_out20|       pointer|
|p_out21               |  out|   32|      ap_vld|                              p_out21|       pointer|
|p_out21_ap_vld        |  out|    1|      ap_vld|                              p_out21|       pointer|
|p_out22               |  out|   32|      ap_vld|                              p_out22|       pointer|
|p_out22_ap_vld        |  out|    1|      ap_vld|                              p_out22|       pointer|
|p_out23               |  out|   32|      ap_vld|                              p_out23|       pointer|
|p_out23_ap_vld        |  out|    1|      ap_vld|                              p_out23|       pointer|
|p_out24               |  out|   32|      ap_vld|                              p_out24|       pointer|
|p_out24_ap_vld        |  out|    1|      ap_vld|                              p_out24|       pointer|
|p_out25               |  out|   32|      ap_vld|                              p_out25|       pointer|
|p_out25_ap_vld        |  out|    1|      ap_vld|                              p_out25|       pointer|
|p_out26               |  out|   32|      ap_vld|                              p_out26|       pointer|
|p_out26_ap_vld        |  out|    1|      ap_vld|                              p_out26|       pointer|
|p_out27               |  out|   32|      ap_vld|                              p_out27|       pointer|
|p_out27_ap_vld        |  out|    1|      ap_vld|                              p_out27|       pointer|
|p_out28               |  out|   32|      ap_vld|                              p_out28|       pointer|
|p_out28_ap_vld        |  out|    1|      ap_vld|                              p_out28|       pointer|
|p_out29               |  out|   32|      ap_vld|                              p_out29|       pointer|
|p_out29_ap_vld        |  out|    1|      ap_vld|                              p_out29|       pointer|
|p_out30               |  out|   32|      ap_vld|                              p_out30|       pointer|
|p_out30_ap_vld        |  out|    1|      ap_vld|                              p_out30|       pointer|
|p_out31               |  out|   32|      ap_vld|                              p_out31|       pointer|
|p_out31_ap_vld        |  out|    1|      ap_vld|                              p_out31|       pointer|
|p_out32               |  out|   32|      ap_vld|                              p_out32|       pointer|
|p_out32_ap_vld        |  out|    1|      ap_vld|                              p_out32|       pointer|
|p_out33               |  out|   32|      ap_vld|                              p_out33|       pointer|
|p_out33_ap_vld        |  out|    1|      ap_vld|                              p_out33|       pointer|
|p_out34               |  out|   32|      ap_vld|                              p_out34|       pointer|
|p_out34_ap_vld        |  out|    1|      ap_vld|                              p_out34|       pointer|
|p_out35               |  out|   32|      ap_vld|                              p_out35|       pointer|
|p_out35_ap_vld        |  out|    1|      ap_vld|                              p_out35|       pointer|
|p_out36               |  out|   32|      ap_vld|                              p_out36|       pointer|
|p_out36_ap_vld        |  out|    1|      ap_vld|                              p_out36|       pointer|
|p_out37               |  out|   32|      ap_vld|                              p_out37|       pointer|
|p_out37_ap_vld        |  out|    1|      ap_vld|                              p_out37|       pointer|
|p_out38               |  out|   32|      ap_vld|                              p_out38|       pointer|
|p_out38_ap_vld        |  out|    1|      ap_vld|                              p_out38|       pointer|
|p_out39               |  out|   32|      ap_vld|                              p_out39|       pointer|
|p_out39_ap_vld        |  out|    1|      ap_vld|                              p_out39|       pointer|
|p_out40               |  out|   32|      ap_vld|                              p_out40|       pointer|
|p_out40_ap_vld        |  out|    1|      ap_vld|                              p_out40|       pointer|
|p_out41               |  out|   32|      ap_vld|                              p_out41|       pointer|
|p_out41_ap_vld        |  out|    1|      ap_vld|                              p_out41|       pointer|
|p_out42               |  out|   32|      ap_vld|                              p_out42|       pointer|
|p_out42_ap_vld        |  out|    1|      ap_vld|                              p_out42|       pointer|
|p_out43               |  out|   32|      ap_vld|                              p_out43|       pointer|
|p_out43_ap_vld        |  out|    1|      ap_vld|                              p_out43|       pointer|
|p_out44               |  out|   32|      ap_vld|                              p_out44|       pointer|
|p_out44_ap_vld        |  out|    1|      ap_vld|                              p_out44|       pointer|
|p_out45               |  out|   32|      ap_vld|                              p_out45|       pointer|
|p_out45_ap_vld        |  out|    1|      ap_vld|                              p_out45|       pointer|
|p_out46               |  out|   32|      ap_vld|                              p_out46|       pointer|
|p_out46_ap_vld        |  out|    1|      ap_vld|                              p_out46|       pointer|
|p_out47               |  out|   32|      ap_vld|                              p_out47|       pointer|
|p_out47_ap_vld        |  out|    1|      ap_vld|                              p_out47|       pointer|
|p_out48               |  out|   32|      ap_vld|                              p_out48|       pointer|
|p_out48_ap_vld        |  out|    1|      ap_vld|                              p_out48|       pointer|
|p_out49               |  out|   32|      ap_vld|                              p_out49|       pointer|
|p_out49_ap_vld        |  out|    1|      ap_vld|                              p_out49|       pointer|
|p_out50               |  out|   32|      ap_vld|                              p_out50|       pointer|
|p_out50_ap_vld        |  out|    1|      ap_vld|                              p_out50|       pointer|
|p_out51               |  out|   32|      ap_vld|                              p_out51|       pointer|
|p_out51_ap_vld        |  out|    1|      ap_vld|                              p_out51|       pointer|
|p_out52               |  out|   32|      ap_vld|                              p_out52|       pointer|
|p_out52_ap_vld        |  out|    1|      ap_vld|                              p_out52|       pointer|
|p_out53               |  out|   32|      ap_vld|                              p_out53|       pointer|
|p_out53_ap_vld        |  out|    1|      ap_vld|                              p_out53|       pointer|
|p_out54               |  out|   32|      ap_vld|                              p_out54|       pointer|
|p_out54_ap_vld        |  out|    1|      ap_vld|                              p_out54|       pointer|
|p_out55               |  out|   32|      ap_vld|                              p_out55|       pointer|
|p_out55_ap_vld        |  out|    1|      ap_vld|                              p_out55|       pointer|
|p_out56               |  out|   32|      ap_vld|                              p_out56|       pointer|
|p_out56_ap_vld        |  out|    1|      ap_vld|                              p_out56|       pointer|
|p_out57               |  out|   32|      ap_vld|                              p_out57|       pointer|
|p_out57_ap_vld        |  out|    1|      ap_vld|                              p_out57|       pointer|
|p_out58               |  out|   32|      ap_vld|                              p_out58|       pointer|
|p_out58_ap_vld        |  out|    1|      ap_vld|                              p_out58|       pointer|
|p_out59               |  out|   32|      ap_vld|                              p_out59|       pointer|
|p_out59_ap_vld        |  out|    1|      ap_vld|                              p_out59|       pointer|
|p_out60               |  out|   32|      ap_vld|                              p_out60|       pointer|
|p_out60_ap_vld        |  out|    1|      ap_vld|                              p_out60|       pointer|
|p_out61               |  out|   32|      ap_vld|                              p_out61|       pointer|
|p_out61_ap_vld        |  out|    1|      ap_vld|                              p_out61|       pointer|
|p_out62               |  out|   32|      ap_vld|                              p_out62|       pointer|
|p_out62_ap_vld        |  out|    1|      ap_vld|                              p_out62|       pointer|
|p_out63               |  out|   32|      ap_vld|                              p_out63|       pointer|
|p_out63_ap_vld        |  out|    1|      ap_vld|                              p_out63|       pointer|
+----------------------+-----+-----+------------+-------------------------------------+--------------+

