

================================================================
== Vitis HLS Report for 'multiplier'
================================================================
* Date:           Sun Jan 29 23:46:58 2023

* Version:        2022.2 (Build 3670227 on Oct 13 2022)
* Project:        Systolic-Matrix-Multiplier
* Solution:       solution (Vitis Kernel Flow Target)
* Product family: zynquplus
* Target device:  xck26-sfvc784-2LV-c


================================================================
== Performance Estimates
================================================================
+ Timing: 
    * Summary: 
    +--------+----------+----------+------------+
    |  Clock |  Target  | Estimated| Uncertainty|
    +--------+----------+----------+------------+
    |ap_clk  |  10.00 ns|  7.300 ns|     2.70 ns|
    +--------+----------+----------+------------+

+ Latency: 
    * Summary: 
    +---------+---------+----------+----------+-----+-----+---------+
    |  Latency (cycles) |  Latency (absolute) |  Interval | Pipeline|
    |   min   |   max   |    min   |    max   | min | max |   Type  |
    +---------+---------+----------+----------+-----+-----+---------+
    |      260|      260|  2.600 us|  2.600 us|  261|  261|       no|
    +---------+---------+----------+----------+-----+-----+---------+

    + Detail: 
        * Instance: 
        +--------------------------------------------------+--------------------------------------+---------+---------+----------+----------+-----+-----+---------+
        |                                                  |                                      |  Latency (cycles) |  Latency (absolute) |  Interval | Pipeline|
        |                     Instance                     |                Module                |   min   |   max   |    min   |    max   | min | max |   Type  |
        +--------------------------------------------------+--------------------------------------+---------+---------+----------+----------+-----+-----+---------+
        |grp_multiplier_Pipeline_1_fu_2080                 |multiplier_Pipeline_1                 |       66|       66|  0.660 us|  0.660 us|   66|   66|       no|
        |grp_multiplier_Pipeline_2_fu_2100                 |multiplier_Pipeline_2                 |       66|       66|  0.660 us|  0.660 us|   66|   66|       no|
        |grp_multiplier_Pipeline_4_fu_2120                 |multiplier_Pipeline_4                 |       66|       66|  0.660 us|  0.660 us|   66|   66|       no|
        |grp_multiplier_Pipeline_5_fu_2188                 |multiplier_Pipeline_5                 |       66|       66|  0.660 us|  0.660 us|   66|   66|       no|
        |grp_multiplier_Pipeline_6_fu_2256                 |multiplier_Pipeline_6                 |       66|       66|  0.660 us|  0.660 us|   66|   66|       no|
        |grp_multiplier_Pipeline_VITIS_LOOP_31_1_fu_2324   |multiplier_Pipeline_VITIS_LOOP_31_1   |       11|       11|  0.110 us|  0.110 us|   11|   11|       no|
        |grp_multiplier_Pipeline_systolic1_fu_2486         |multiplier_Pipeline_systolic1         |       25|       25|  0.250 us|  0.250 us|   25|   25|       no|
        |grp_multiplier_Pipeline_VITIS_LOOP_142_3_fu_2762  |multiplier_Pipeline_VITIS_LOOP_142_3  |       10|       10|  0.100 us|  0.100 us|   10|   10|       no|
        +--------------------------------------------------+--------------------------------------+---------+---------+----------+----------+-----+-----+---------+

        * Loop: 
        N/A



================================================================
== Utilization Estimates
================================================================
* Summary: 
+-----------------+---------+------+--------+--------+-----+
|       Name      | BRAM_18K|  DSP |   FF   |   LUT  | URAM|
+-----------------+---------+------+--------+--------+-----+
|DSP              |        -|     -|       -|       -|    -|
|Expression       |        -|     -|       0|       6|    -|
|FIFO             |        -|     -|       -|       -|    -|
|Instance         |        0|   192|   15465|   23429|    0|
|Memory           |        0|     -|     768|      64|    0|
|Multiplexer      |        -|     -|       -|    3139|    -|
|Register         |        -|     -|    2383|       -|    -|
+-----------------+---------+------+--------+--------+-----+
|Total            |        0|   192|   18616|   26638|    0|
+-----------------+---------+------+--------+--------+-----+
|Available        |      288|  1248|  234240|  117120|   64|
+-----------------+---------+------+--------+--------+-----+
|Utilization (%)  |        0|    15|       7|      22|    0|
+-----------------+---------+------+--------+--------+-----+

+ Detail: 
    * Instance: 
    +--------------------------------------------------+--------------------------------------+---------+-----+------+-------+-----+
    |                     Instance                     |                Module                | BRAM_18K| DSP |  FF  |  LUT  | URAM|
    +--------------------------------------------------+--------------------------------------+---------+-----+------+-------+-----+
    |control_s_axi_U                                   |control_s_axi                         |        0|    0|   284|    488|    0|
    |gmem1_m_axi_U                                     |gmem1_m_axi                           |        0|    0|  1613|   2279|    0|
    |gmem2_m_axi_U                                     |gmem2_m_axi                           |        0|    0|  1613|   2279|    0|
    |gmem3_m_axi_U                                     |gmem3_m_axi                           |        0|    0|  1613|   2279|    0|
    |grp_multiplier_Pipeline_1_fu_2080                 |multiplier_Pipeline_1                 |        0|    0|     9|     52|    0|
    |grp_multiplier_Pipeline_2_fu_2100                 |multiplier_Pipeline_2                 |        0|    0|     9|     52|    0|
    |grp_multiplier_Pipeline_4_fu_2120                 |multiplier_Pipeline_4                 |        0|    0|     9|     52|    0|
    |grp_multiplier_Pipeline_5_fu_2188                 |multiplier_Pipeline_5                 |        0|    0|     9|     52|    0|
    |grp_multiplier_Pipeline_6_fu_2256                 |multiplier_Pipeline_6                 |        0|    0|     9|     52|    0|
    |grp_multiplier_Pipeline_VITIS_LOOP_142_3_fu_2762  |multiplier_Pipeline_VITIS_LOOP_142_3  |        0|    0|   520|    633|    0|
    |grp_multiplier_Pipeline_VITIS_LOOP_31_1_fu_2324   |multiplier_Pipeline_VITIS_LOOP_31_1   |        0|    0|  3605|   2822|    0|
    |grp_multiplier_Pipeline_systolic1_fu_2486         |multiplier_Pipeline_systolic1         |        0|  192|  6172|  12389|    0|
    +--------------------------------------------------+--------------------------------------+---------+-----+------+-------+-----+
    |Total                                             |                                      |        0|  192| 15465|  23429|    0|
    +--------------------------------------------------+--------------------------------------+---------+-----+------+-------+-----+

    * DSP: 
    N/A

    * Memory: 
    +------------+----------------------+---------+----+----+-----+------+-----+------+-------------+
    |   Memory   |        Module        | BRAM_18K| FF | LUT| URAM| Words| Bits| Banks| W*Bits*Banks|
    +------------+----------------------+---------+----+----+-----+------+-----+------+-------------+
    |localA_U    |localA_RAM_AUTO_1R1W  |        0|  64|   4|    0|     8|   32|     1|          256|
    |localA_1_U  |localA_RAM_AUTO_1R1W  |        0|  64|   4|    0|     8|   32|     1|          256|
    |localA_2_U  |localA_RAM_AUTO_1R1W  |        0|  64|   4|    0|     8|   32|     1|          256|
    |localA_3_U  |localA_RAM_AUTO_1R1W  |        0|  64|   4|    0|     8|   32|     1|          256|
    |localA_4_U  |localA_RAM_AUTO_1R1W  |        0|  64|   4|    0|     8|   32|     1|          256|
    |localA_5_U  |localA_RAM_AUTO_1R1W  |        0|  64|   4|    0|     8|   32|     1|          256|
    |localA_6_U  |localA_RAM_AUTO_1R1W  |        0|  64|   4|    0|     8|   32|     1|          256|
    |localA_7_U  |localA_RAM_AUTO_1R1W  |        0|  64|   4|    0|     8|   32|     1|          256|
    |localB_U    |localB_RAM_AUTO_1R1W  |        0|  32|   4|    0|     8|   32|     1|          256|
    |localB_1_U  |localB_RAM_AUTO_1R1W  |        0|  32|   4|    0|     8|   32|     1|          256|
    |localB_2_U  |localB_RAM_AUTO_1R1W  |        0|  32|   4|    0|     8|   32|     1|          256|
    |localB_3_U  |localB_RAM_AUTO_1R1W  |        0|  32|   4|    0|     8|   32|     1|          256|
    |localB_4_U  |localB_RAM_AUTO_1R1W  |        0|  32|   4|    0|     8|   32|     1|          256|
    |localB_5_U  |localB_RAM_AUTO_1R1W  |        0|  32|   4|    0|     8|   32|     1|          256|
    |localB_6_U  |localB_RAM_AUTO_1R1W  |        0|  32|   4|    0|     8|   32|     1|          256|
    |localB_7_U  |localB_RAM_AUTO_1R1W  |        0|  32|   4|    0|     8|   32|     1|          256|
    +------------+----------------------+---------+----+----+-----+------+-----+------+-------------+
    |Total       |                      |        0| 768|  64|    0|   128|  512|    16|         4096|
    +------------+----------------------+---------+----+----+-----+------+-----+------+-------------+

    * FIFO: 
    N/A

    * Expression: 
    +---------------------------------+----------+----+---+----+------------+------------+
    |          Variable Name          | Operation| DSP| FF| LUT| Bitwidth P0| Bitwidth P1|
    +---------------------------------+----------+----+---+----+------------+------------+
    |ap_block_state1                  |        or|   0|  0|   2|           1|           1|
    |ap_block_state2_io               |        or|   0|  0|   2|           1|           1|
    |ap_block_state2_on_subcall_done  |        or|   0|  0|   2|           1|           1|
    +---------------------------------+----------+----+---+----+------------+------------+
    |Total                            |          |   0|  0|   6|           3|           3|
    +---------------------------------+----------+----+---+----+------------+------------+

    * Multiplexer: 
    +-------------------+-----+-----------+-----+-----------+
    |        Name       | LUT | Input Size| Bits| Total Bits|
    +-------------------+-----+-----------+-----+-----------+
    |ap_NS_fsm          |  791|        150|    1|        150|
    |ap_done            |    9|          2|    1|          2|
    |gmem1_ARADDR       |   14|          3|   64|        192|
    |gmem1_ARLEN        |   14|          3|   32|         96|
    |gmem1_ARVALID      |   14|          3|    1|          3|
    |gmem1_RREADY       |    9|          2|    1|          2|
    |gmem1_blk_n_AR     |    9|          2|    1|          2|
    |gmem2_ARADDR       |   14|          3|   64|        192|
    |gmem2_ARLEN        |   14|          3|   32|         96|
    |gmem2_ARVALID      |   14|          3|    1|          3|
    |gmem2_RREADY       |    9|          2|    1|          2|
    |gmem2_blk_n_AR     |    9|          2|    1|          2|
    |gmem3_AWADDR       |   14|          3|   64|        192|
    |gmem3_AWLEN        |   14|          3|   32|         96|
    |gmem3_AWVALID      |   14|          3|    1|          3|
    |gmem3_BREADY       |   14|          3|    1|          3|
    |gmem3_WVALID       |    9|          2|    1|          2|
    |gmem3_blk_n_AW     |    9|          2|    1|          2|
    |gmem3_blk_n_B      |    9|          2|    1|          2|
    |localA_1_address0  |   59|         11|    3|         33|
    |localA_1_address1  |   49|          9|    3|         27|
    |localA_1_ce0       |   20|          4|    1|          4|
    |localA_1_d0        |   31|          6|   32|        192|
    |localA_1_d1        |   26|          5|   32|        160|
    |localA_1_we0       |   14|          3|    1|          3|
    |localA_2_address0  |   59|         11|    3|         33|
    |localA_2_address1  |   49|          9|    3|         27|
    |localA_2_ce0       |   20|          4|    1|          4|
    |localA_2_d0        |   31|          6|   32|        192|
    |localA_2_d1        |   26|          5|   32|        160|
    |localA_2_we0       |   14|          3|    1|          3|
    |localA_3_address0  |   59|         11|    3|         33|
    |localA_3_address1  |   49|          9|    3|         27|
    |localA_3_ce0       |   20|          4|    1|          4|
    |localA_3_d0        |   31|          6|   32|        192|
    |localA_3_d1        |   26|          5|   32|        160|
    |localA_3_we0       |   14|          3|    1|          3|
    |localA_4_address0  |   59|         11|    3|         33|
    |localA_4_address1  |   49|          9|    3|         27|
    |localA_4_ce0       |   20|          4|    1|          4|
    |localA_4_d0        |   31|          6|   32|        192|
    |localA_4_d1        |   26|          5|   32|        160|
    |localA_4_we0       |   14|          3|    1|          3|
    |localA_5_address0  |   59|         11|    3|         33|
    |localA_5_address1  |   49|          9|    3|         27|
    |localA_5_ce0       |   20|          4|    1|          4|
    |localA_5_d0        |   31|          6|   32|        192|
    |localA_5_d1        |   26|          5|   32|        160|
    |localA_5_we0       |   14|          3|    1|          3|
    |localA_6_address0  |   59|         11|    3|         33|
    |localA_6_address1  |   49|          9|    3|         27|
    |localA_6_ce0       |   20|          4|    1|          4|
    |localA_6_d0        |   31|          6|   32|        192|
    |localA_6_d1        |   26|          5|   32|        160|
    |localA_6_we0       |   14|          3|    1|          3|
    |localA_7_address0  |   59|         11|    3|         33|
    |localA_7_address1  |   49|          9|    3|         27|
    |localA_7_ce0       |   20|          4|    1|          4|
    |localA_7_d0        |   31|          6|   32|        192|
    |localA_7_d1        |   26|          5|   32|        160|
    |localA_7_we0       |   14|          3|    1|          3|
    |localA_address0    |   59|         11|    3|         33|
    |localA_address1    |   49|          9|    3|         27|
    |localA_ce0         |   20|          4|    1|          4|
    |localA_d0          |   31|          6|   32|        192|
    |localA_d1          |   26|          5|   32|        160|
    |localA_we0         |   14|          3|    1|          3|
    |localB_1_address0  |   20|          4|    3|         12|
    |localB_1_ce0       |   20|          4|    1|          4|
    |localB_1_d0        |   14|          3|   32|         96|
    |localB_1_we0       |   14|          3|    1|          3|
    |localB_2_address0  |   20|          4|    3|         12|
    |localB_2_ce0       |   20|          4|    1|          4|
    |localB_2_d0        |   14|          3|   32|         96|
    |localB_2_we0       |   14|          3|    1|          3|
    |localB_3_address0  |   20|          4|    3|         12|
    |localB_3_ce0       |   20|          4|    1|          4|
    |localB_3_d0        |   14|          3|   32|         96|
    |localB_3_we0       |   14|          3|    1|          3|
    |localB_4_address0  |   20|          4|    3|         12|
    |localB_4_ce0       |   20|          4|    1|          4|
    |localB_4_d0        |   14|          3|   32|         96|
    |localB_4_we0       |   14|          3|    1|          3|
    |localB_5_address0  |   20|          4|    3|         12|
    |localB_5_ce0       |   20|          4|    1|          4|
    |localB_5_d0        |   14|          3|   32|         96|
    |localB_5_we0       |   14|          3|    1|          3|
    |localB_6_address0  |   20|          4|    3|         12|
    |localB_6_ce0       |   20|          4|    1|          4|
    |localB_6_d0        |   14|          3|   32|         96|
    |localB_6_we0       |   14|          3|    1|          3|
    |localB_7_address0  |   20|          4|    3|         12|
    |localB_7_ce0       |   20|          4|    1|          4|
    |localB_7_d0        |   14|          3|   32|         96|
    |localB_7_we0       |   14|          3|    1|          3|
    |localB_address0    |   20|          4|    3|         12|
    |localB_ce0         |   20|          4|    1|          4|
    |localB_d0          |   14|          3|   32|         96|
    |localB_we0         |   14|          3|    1|          3|
    +-------------------+-----+-----------+-----+-----------+
    |Total              | 3139|        612| 1173|       5314|
    +-------------------+-----+-----------+-----+-----------+

    * Register: 
    +---------------------------------------------------------------+-----+----+-----+-----------+
    |                              Name                             |  FF | LUT| Bits| Const Bits|
    +---------------------------------------------------------------+-----+----+-----+-----------+
    |ap_CS_fsm                                                      |  149|   0|  149|          0|
    |ap_done_reg                                                    |    1|   0|    1|          0|
    |ap_rst_n_inv                                                   |    1|   0|    1|          0|
    |ap_rst_reg_1                                                   |    1|   0|    1|          0|
    |ap_rst_reg_2                                                   |    1|   0|    1|          0|
    |grp_multiplier_Pipeline_1_fu_2080_ap_start_reg                 |    1|   0|    1|          0|
    |grp_multiplier_Pipeline_2_fu_2100_ap_start_reg                 |    1|   0|    1|          0|
    |grp_multiplier_Pipeline_4_fu_2120_ap_start_reg                 |    1|   0|    1|          0|
    |grp_multiplier_Pipeline_5_fu_2188_ap_start_reg                 |    1|   0|    1|          0|
    |grp_multiplier_Pipeline_6_fu_2256_ap_start_reg                 |    1|   0|    1|          0|
    |grp_multiplier_Pipeline_VITIS_LOOP_142_3_fu_2762_ap_start_reg  |    1|   0|    1|          0|
    |grp_multiplier_Pipeline_VITIS_LOOP_31_1_fu_2324_ap_start_reg   |    1|   0|    1|          0|
    |grp_multiplier_Pipeline_systolic1_fu_2486_ap_start_reg         |    1|   0|    1|          0|
    |localA_1_load_1_reg_6336                                       |   32|   0|   32|          0|
    |localA_1_load_2_reg_6491                                       |   32|   0|   32|          0|
    |localA_1_load_3_reg_6496                                       |   32|   0|   32|          0|
    |localA_1_load_4_reg_6651                                       |   32|   0|   32|          0|
    |localA_1_load_5_reg_6656                                       |   32|   0|   32|          0|
    |localA_1_load_6_reg_6731                                       |   32|   0|   32|          0|
    |localA_1_load_7_reg_6736                                       |   32|   0|   32|          0|
    |localA_1_load_reg_6331                                         |   32|   0|   32|          0|
    |localA_2_load_1_reg_6326                                       |   32|   0|   32|          0|
    |localA_2_load_2_reg_6481                                       |   32|   0|   32|          0|
    |localA_2_load_3_reg_6486                                       |   32|   0|   32|          0|
    |localA_2_load_4_reg_6641                                       |   32|   0|   32|          0|
    |localA_2_load_5_reg_6646                                       |   32|   0|   32|          0|
    |localA_2_load_6_reg_6721                                       |   32|   0|   32|          0|
    |localA_2_load_7_reg_6726                                       |   32|   0|   32|          0|
    |localA_2_load_reg_6321                                         |   32|   0|   32|          0|
    |localA_3_load_1_reg_6316                                       |   32|   0|   32|          0|
    |localA_3_load_2_reg_6471                                       |   32|   0|   32|          0|
    |localA_3_load_3_reg_6476                                       |   32|   0|   32|          0|
    |localA_3_load_4_reg_6631                                       |   32|   0|   32|          0|
    |localA_3_load_5_reg_6636                                       |   32|   0|   32|          0|
    |localA_3_load_6_reg_6711                                       |   32|   0|   32|          0|
    |localA_3_load_7_reg_6716                                       |   32|   0|   32|          0|
    |localA_3_load_reg_6311                                         |   32|   0|   32|          0|
    |localA_4_load_1_reg_6306                                       |   32|   0|   32|          0|
    |localA_4_load_2_reg_6461                                       |   32|   0|   32|          0|
    |localA_4_load_3_reg_6466                                       |   32|   0|   32|          0|
    |localA_4_load_4_reg_6621                                       |   32|   0|   32|          0|
    |localA_4_load_5_reg_6626                                       |   32|   0|   32|          0|
    |localA_4_load_6_reg_6701                                       |   32|   0|   32|          0|
    |localA_4_load_7_reg_6706                                       |   32|   0|   32|          0|
    |localA_4_load_reg_6301                                         |   32|   0|   32|          0|
    |localA_5_load_1_reg_6296                                       |   32|   0|   32|          0|
    |localA_5_load_2_reg_6451                                       |   32|   0|   32|          0|
    |localA_5_load_3_reg_6456                                       |   32|   0|   32|          0|
    |localA_5_load_4_reg_6611                                       |   32|   0|   32|          0|
    |localA_5_load_5_reg_6616                                       |   32|   0|   32|          0|
    |localA_5_load_6_reg_6691                                       |   32|   0|   32|          0|
    |localA_5_load_7_reg_6696                                       |   32|   0|   32|          0|
    |localA_5_load_reg_6291                                         |   32|   0|   32|          0|
    |localA_6_load_1_reg_6286                                       |   32|   0|   32|          0|
    |localA_6_load_2_reg_6441                                       |   32|   0|   32|          0|
    |localA_6_load_3_reg_6446                                       |   32|   0|   32|          0|
    |localA_6_load_4_reg_6601                                       |   32|   0|   32|          0|
    |localA_6_load_5_reg_6606                                       |   32|   0|   32|          0|
    |localA_6_load_6_reg_6681                                       |   32|   0|   32|          0|
    |localA_6_load_7_reg_6686                                       |   32|   0|   32|          0|
    |localA_6_load_reg_6281                                         |   32|   0|   32|          0|
    |localA_7_load_1_reg_6356                                       |   32|   0|   32|          0|
    |localA_7_load_2_reg_6511                                       |   32|   0|   32|          0|
    |localA_7_load_3_reg_6516                                       |   32|   0|   32|          0|
    |localA_7_load_4_reg_6671                                       |   32|   0|   32|          0|
    |localA_7_load_5_reg_6676                                       |   32|   0|   32|          0|
    |localA_7_load_6_reg_6751                                       |   32|   0|   32|          0|
    |localA_7_load_7_reg_6756                                       |   32|   0|   32|          0|
    |localA_7_load_reg_6351                                         |   32|   0|   32|          0|
    |localA_load_1_reg_6346                                         |   32|   0|   32|          0|
    |localA_load_2_reg_6501                                         |   32|   0|   32|          0|
    |localA_load_3_reg_6506                                         |   32|   0|   32|          0|
    |localA_load_4_reg_6661                                         |   32|   0|   32|          0|
    |localA_load_5_reg_6666                                         |   32|   0|   32|          0|
    |localA_load_6_reg_6741                                         |   32|   0|   32|          0|
    |localA_load_7_reg_6746                                         |   32|   0|   32|          0|
    |localA_load_reg_6341                                           |   32|   0|   32|          0|
    |trunc_ln1_reg_6105                                             |   58|   0|   58|          0|
    |trunc_ln31_1_reg_6099                                          |   58|   0|   58|          0|
    |trunc_ln_reg_6093                                              |   58|   0|   58|          0|
    +---------------------------------------------------------------+-----+----+-----+-----------+
    |Total                                                          | 2383|   0| 2383|          0|
    +---------------------------------------------------------------+-----+----+-----+-----------+



================================================================
== Interface
================================================================
* Summary: 
+-----------------------+-----+-----+---------------+--------------+--------------+
|       RTL Ports       | Dir | Bits|    Protocol   | Source Object|    C Type    |
+-----------------------+-----+-----+---------------+--------------+--------------+
|s_axi_control_AWVALID  |   in|    1|          s_axi|       control|        scalar|
|s_axi_control_AWREADY  |  out|    1|          s_axi|       control|        scalar|
|s_axi_control_AWADDR   |   in|    6|          s_axi|       control|        scalar|
|s_axi_control_WVALID   |   in|    1|          s_axi|       control|        scalar|
|s_axi_control_WREADY   |  out|    1|          s_axi|       control|        scalar|
|s_axi_control_WDATA    |   in|   32|          s_axi|       control|        scalar|
|s_axi_control_WSTRB    |   in|    4|          s_axi|       control|        scalar|
|s_axi_control_ARVALID  |   in|    1|          s_axi|       control|        scalar|
|s_axi_control_ARREADY  |  out|    1|          s_axi|       control|        scalar|
|s_axi_control_ARADDR   |   in|    6|          s_axi|       control|        scalar|
|s_axi_control_RVALID   |  out|    1|          s_axi|       control|        scalar|
|s_axi_control_RREADY   |   in|    1|          s_axi|       control|        scalar|
|s_axi_control_RDATA    |  out|   32|          s_axi|       control|        scalar|
|s_axi_control_RRESP    |  out|    2|          s_axi|       control|        scalar|
|s_axi_control_BVALID   |  out|    1|          s_axi|       control|        scalar|
|s_axi_control_BREADY   |   in|    1|          s_axi|       control|        scalar|
|s_axi_control_BRESP    |  out|    2|          s_axi|       control|        scalar|
|ap_clk                 |   in|    1|  ap_ctrl_chain|    multiplier|  return value|
|ap_rst_n               |   in|    1|  ap_ctrl_chain|    multiplier|  return value|
|interrupt              |  out|    1|  ap_ctrl_chain|    multiplier|  return value|
|m_axi_gmem1_AWVALID    |  out|    1|          m_axi|         gmem1|       pointer|
|m_axi_gmem1_AWREADY    |   in|    1|          m_axi|         gmem1|       pointer|
|m_axi_gmem1_AWADDR     |  out|   64|          m_axi|         gmem1|       pointer|
|m_axi_gmem1_AWID       |  out|    1|          m_axi|         gmem1|       pointer|
|m_axi_gmem1_AWLEN      |  out|    8|          m_axi|         gmem1|       pointer|
|m_axi_gmem1_AWSIZE     |  out|    3|          m_axi|         gmem1|       pointer|
|m_axi_gmem1_AWBURST    |  out|    2|          m_axi|         gmem1|       pointer|
|m_axi_gmem1_AWLOCK     |  out|    2|          m_axi|         gmem1|       pointer|
|m_axi_gmem1_AWCACHE    |  out|    4|          m_axi|         gmem1|       pointer|
|m_axi_gmem1_AWPROT     |  out|    3|          m_axi|         gmem1|       pointer|
|m_axi_gmem1_AWQOS      |  out|    4|          m_axi|         gmem1|       pointer|
|m_axi_gmem1_AWREGION   |  out|    4|          m_axi|         gmem1|       pointer|
|m_axi_gmem1_AWUSER     |  out|    1|          m_axi|         gmem1|       pointer|
|m_axi_gmem1_WVALID     |  out|    1|          m_axi|         gmem1|       pointer|
|m_axi_gmem1_WREADY     |   in|    1|          m_axi|         gmem1|       pointer|
|m_axi_gmem1_WDATA      |  out|  512|          m_axi|         gmem1|       pointer|
|m_axi_gmem1_WSTRB      |  out|   64|          m_axi|         gmem1|       pointer|
|m_axi_gmem1_WLAST      |  out|    1|          m_axi|         gmem1|       pointer|
|m_axi_gmem1_WID        |  out|    1|          m_axi|         gmem1|       pointer|
|m_axi_gmem1_WUSER      |  out|    1|          m_axi|         gmem1|       pointer|
|m_axi_gmem1_ARVALID    |  out|    1|          m_axi|         gmem1|       pointer|
|m_axi_gmem1_ARREADY    |   in|    1|          m_axi|         gmem1|       pointer|
|m_axi_gmem1_ARADDR     |  out|   64|          m_axi|         gmem1|       pointer|
|m_axi_gmem1_ARID       |  out|    1|          m_axi|         gmem1|       pointer|
|m_axi_gmem1_ARLEN      |  out|    8|          m_axi|         gmem1|       pointer|
|m_axi_gmem1_ARSIZE     |  out|    3|          m_axi|         gmem1|       pointer|
|m_axi_gmem1_ARBURST    |  out|    2|          m_axi|         gmem1|       pointer|
|m_axi_gmem1_ARLOCK     |  out|    2|          m_axi|         gmem1|       pointer|
|m_axi_gmem1_ARCACHE    |  out|    4|          m_axi|         gmem1|       pointer|
|m_axi_gmem1_ARPROT     |  out|    3|          m_axi|         gmem1|       pointer|
|m_axi_gmem1_ARQOS      |  out|    4|          m_axi|         gmem1|       pointer|
|m_axi_gmem1_ARREGION   |  out|    4|          m_axi|         gmem1|       pointer|
|m_axi_gmem1_ARUSER     |  out|    1|          m_axi|         gmem1|       pointer|
|m_axi_gmem1_RVALID     |   in|    1|          m_axi|         gmem1|       pointer|
|m_axi_gmem1_RREADY     |  out|    1|          m_axi|         gmem1|       pointer|
|m_axi_gmem1_RDATA      |   in|  512|          m_axi|         gmem1|       pointer|
|m_axi_gmem1_RLAST      |   in|    1|          m_axi|         gmem1|       pointer|
|m_axi_gmem1_RID        |   in|    1|          m_axi|         gmem1|       pointer|
|m_axi_gmem1_RUSER      |   in|    1|          m_axi|         gmem1|       pointer|
|m_axi_gmem1_RRESP      |   in|    2|          m_axi|         gmem1|       pointer|
|m_axi_gmem1_BVALID     |   in|    1|          m_axi|         gmem1|       pointer|
|m_axi_gmem1_BREADY     |  out|    1|          m_axi|         gmem1|       pointer|
|m_axi_gmem1_BRESP      |   in|    2|          m_axi|         gmem1|       pointer|
|m_axi_gmem1_BID        |   in|    1|          m_axi|         gmem1|       pointer|
|m_axi_gmem1_BUSER      |   in|    1|          m_axi|         gmem1|       pointer|
|m_axi_gmem2_AWVALID    |  out|    1|          m_axi|         gmem2|       pointer|
|m_axi_gmem2_AWREADY    |   in|    1|          m_axi|         gmem2|       pointer|
|m_axi_gmem2_AWADDR     |  out|   64|          m_axi|         gmem2|       pointer|
|m_axi_gmem2_AWID       |  out|    1|          m_axi|         gmem2|       pointer|
|m_axi_gmem2_AWLEN      |  out|    8|          m_axi|         gmem2|       pointer|
|m_axi_gmem2_AWSIZE     |  out|    3|          m_axi|         gmem2|       pointer|
|m_axi_gmem2_AWBURST    |  out|    2|          m_axi|         gmem2|       pointer|
|m_axi_gmem2_AWLOCK     |  out|    2|          m_axi|         gmem2|       pointer|
|m_axi_gmem2_AWCACHE    |  out|    4|          m_axi|         gmem2|       pointer|
|m_axi_gmem2_AWPROT     |  out|    3|          m_axi|         gmem2|       pointer|
|m_axi_gmem2_AWQOS      |  out|    4|          m_axi|         gmem2|       pointer|
|m_axi_gmem2_AWREGION   |  out|    4|          m_axi|         gmem2|       pointer|
|m_axi_gmem2_AWUSER     |  out|    1|          m_axi|         gmem2|       pointer|
|m_axi_gmem2_WVALID     |  out|    1|          m_axi|         gmem2|       pointer|
|m_axi_gmem2_WREADY     |   in|    1|          m_axi|         gmem2|       pointer|
|m_axi_gmem2_WDATA      |  out|  512|          m_axi|         gmem2|       pointer|
|m_axi_gmem2_WSTRB      |  out|   64|          m_axi|         gmem2|       pointer|
|m_axi_gmem2_WLAST      |  out|    1|          m_axi|         gmem2|       pointer|
|m_axi_gmem2_WID        |  out|    1|          m_axi|         gmem2|       pointer|
|m_axi_gmem2_WUSER      |  out|    1|          m_axi|         gmem2|       pointer|
|m_axi_gmem2_ARVALID    |  out|    1|          m_axi|         gmem2|       pointer|
|m_axi_gmem2_ARREADY    |   in|    1|          m_axi|         gmem2|       pointer|
|m_axi_gmem2_ARADDR     |  out|   64|          m_axi|         gmem2|       pointer|
|m_axi_gmem2_ARID       |  out|    1|          m_axi|         gmem2|       pointer|
|m_axi_gmem2_ARLEN      |  out|    8|          m_axi|         gmem2|       pointer|
|m_axi_gmem2_ARSIZE     |  out|    3|          m_axi|         gmem2|       pointer|
|m_axi_gmem2_ARBURST    |  out|    2|          m_axi|         gmem2|       pointer|
|m_axi_gmem2_ARLOCK     |  out|    2|          m_axi|         gmem2|       pointer|
|m_axi_gmem2_ARCACHE    |  out|    4|          m_axi|         gmem2|       pointer|
|m_axi_gmem2_ARPROT     |  out|    3|          m_axi|         gmem2|       pointer|
|m_axi_gmem2_ARQOS      |  out|    4|          m_axi|         gmem2|       pointer|
|m_axi_gmem2_ARREGION   |  out|    4|          m_axi|         gmem2|       pointer|
|m_axi_gmem2_ARUSER     |  out|    1|          m_axi|         gmem2|       pointer|
|m_axi_gmem2_RVALID     |   in|    1|          m_axi|         gmem2|       pointer|
|m_axi_gmem2_RREADY     |  out|    1|          m_axi|         gmem2|       pointer|
|m_axi_gmem2_RDATA      |   in|  512|          m_axi|         gmem2|       pointer|
|m_axi_gmem2_RLAST      |   in|    1|          m_axi|         gmem2|       pointer|
|m_axi_gmem2_RID        |   in|    1|          m_axi|         gmem2|       pointer|
|m_axi_gmem2_RUSER      |   in|    1|          m_axi|         gmem2|       pointer|
|m_axi_gmem2_RRESP      |   in|    2|          m_axi|         gmem2|       pointer|
|m_axi_gmem2_BVALID     |   in|    1|          m_axi|         gmem2|       pointer|
|m_axi_gmem2_BREADY     |  out|    1|          m_axi|         gmem2|       pointer|
|m_axi_gmem2_BRESP      |   in|    2|          m_axi|         gmem2|       pointer|
|m_axi_gmem2_BID        |   in|    1|          m_axi|         gmem2|       pointer|
|m_axi_gmem2_BUSER      |   in|    1|          m_axi|         gmem2|       pointer|
|m_axi_gmem3_AWVALID    |  out|    1|          m_axi|         gmem3|       pointer|
|m_axi_gmem3_AWREADY    |   in|    1|          m_axi|         gmem3|       pointer|
|m_axi_gmem3_AWADDR     |  out|   64|          m_axi|         gmem3|       pointer|
|m_axi_gmem3_AWID       |  out|    1|          m_axi|         gmem3|       pointer|
|m_axi_gmem3_AWLEN      |  out|    8|          m_axi|         gmem3|       pointer|
|m_axi_gmem3_AWSIZE     |  out|    3|          m_axi|         gmem3|       pointer|
|m_axi_gmem3_AWBURST    |  out|    2|          m_axi|         gmem3|       pointer|
|m_axi_gmem3_AWLOCK     |  out|    2|          m_axi|         gmem3|       pointer|
|m_axi_gmem3_AWCACHE    |  out|    4|          m_axi|         gmem3|       pointer|
|m_axi_gmem3_AWPROT     |  out|    3|          m_axi|         gmem3|       pointer|
|m_axi_gmem3_AWQOS      |  out|    4|          m_axi|         gmem3|       pointer|
|m_axi_gmem3_AWREGION   |  out|    4|          m_axi|         gmem3|       pointer|
|m_axi_gmem3_AWUSER     |  out|    1|          m_axi|         gmem3|       pointer|
|m_axi_gmem3_WVALID     |  out|    1|          m_axi|         gmem3|       pointer|
|m_axi_gmem3_WREADY     |   in|    1|          m_axi|         gmem3|       pointer|
|m_axi_gmem3_WDATA      |  out|  512|          m_axi|         gmem3|       pointer|
|m_axi_gmem3_WSTRB      |  out|   64|          m_axi|         gmem3|       pointer|
|m_axi_gmem3_WLAST      |  out|    1|          m_axi|         gmem3|       pointer|
|m_axi_gmem3_WID        |  out|    1|          m_axi|         gmem3|       pointer|
|m_axi_gmem3_WUSER      |  out|    1|          m_axi|         gmem3|       pointer|
|m_axi_gmem3_ARVALID    |  out|    1|          m_axi|         gmem3|       pointer|
|m_axi_gmem3_ARREADY    |   in|    1|          m_axi|         gmem3|       pointer|
|m_axi_gmem3_ARADDR     |  out|   64|          m_axi|         gmem3|       pointer|
|m_axi_gmem3_ARID       |  out|    1|          m_axi|         gmem3|       pointer|
|m_axi_gmem3_ARLEN      |  out|    8|          m_axi|         gmem3|       pointer|
|m_axi_gmem3_ARSIZE     |  out|    3|          m_axi|         gmem3|       pointer|
|m_axi_gmem3_ARBURST    |  out|    2|          m_axi|         gmem3|       pointer|
|m_axi_gmem3_ARLOCK     |  out|    2|          m_axi|         gmem3|       pointer|
|m_axi_gmem3_ARCACHE    |  out|    4|          m_axi|         gmem3|       pointer|
|m_axi_gmem3_ARPROT     |  out|    3|          m_axi|         gmem3|       pointer|
|m_axi_gmem3_ARQOS      |  out|    4|          m_axi|         gmem3|       pointer|
|m_axi_gmem3_ARREGION   |  out|    4|          m_axi|         gmem3|       pointer|
|m_axi_gmem3_ARUSER     |  out|    1|          m_axi|         gmem3|       pointer|
|m_axi_gmem3_RVALID     |   in|    1|          m_axi|         gmem3|       pointer|
|m_axi_gmem3_RREADY     |  out|    1|          m_axi|         gmem3|       pointer|
|m_axi_gmem3_RDATA      |   in|  512|          m_axi|         gmem3|       pointer|
|m_axi_gmem3_RLAST      |   in|    1|          m_axi|         gmem3|       pointer|
|m_axi_gmem3_RID        |   in|    1|          m_axi|         gmem3|       pointer|
|m_axi_gmem3_RUSER      |   in|    1|          m_axi|         gmem3|       pointer|
|m_axi_gmem3_RRESP      |   in|    2|          m_axi|         gmem3|       pointer|
|m_axi_gmem3_BVALID     |   in|    1|          m_axi|         gmem3|       pointer|
|m_axi_gmem3_BREADY     |  out|    1|          m_axi|         gmem3|       pointer|
|m_axi_gmem3_BRESP      |   in|    2|          m_axi|         gmem3|       pointer|
|m_axi_gmem3_BID        |   in|    1|          m_axi|         gmem3|       pointer|
|m_axi_gmem3_BUSER      |   in|    1|          m_axi|         gmem3|       pointer|
+-----------------------+-----+-----+---------------+--------------+--------------+

